[INFO] 2022-11-08 09:33:26,818 - Setting: ['enriched_code_outer']
[INFO] 2022-11-08 09:33:26,819 - Config: 
{
    "encoder_epoches": 4,
    "classifier_epoches": 3,
    "data_path": "data/database/codesearch-new",
    "saved_path": "data/codesearchmodel",
    "train_batch_size": 8,
    "eval_batch_size": 16,
    "use_cuda": true,
    "max_nl_len": 32,
    "max_pl_len": 480,
    "filter_K": 100,
    "final_K": 15,
    "test_path": "data/database/codesearch-new/origin_data/java_test_1.jsonl",
    "run_way": "test",
    "confidence": 0.5,
    "margin": 0.5
}
[INFO] 2022-11-08 09:33:26,819 - Loading train dataset...
[INFO] 2022-11-08 09:33:41,411 - Loading eval dataset...
[INFO] 2022-11-08 09:33:41,654 - Loading test dataset...
[INFO] 2022-11-08 09:33:43,650 - Loading encoder...
[INFO] 2022-11-08 09:33:50,315 - Start training...
[INFO] 2022-11-08 09:33:51,945 - Total step: 139188
[INFO] 2022-11-08 09:35:39,226 - Epoch:1, Batch:500, Average Loss:0.19309511831402779, Current Loss:0.0
[INFO] 2022-11-08 09:37:21,346 - Epoch:1, Batch:1000, Average Loss:0.1251043884307146, Current Loss:0.03216958045959473
[INFO] 2022-11-08 09:39:05,083 - Epoch:1, Batch:1500, Average Loss:0.09863717939456304, Current Loss:0.0
[INFO] 2022-11-08 09:40:48,362 - Epoch:1, Batch:2000, Average Loss:0.08516985627636313, Current Loss:0.11956460028886795
[INFO] 2022-11-08 09:42:30,692 - Epoch:1, Batch:2500, Average Loss:0.07561933229267598, Current Loss:0.041511647403240204
[INFO] 2022-11-08 09:44:23,169 - Epoch:1, Batch:3000, Average Loss:0.06822224845985572, Current Loss:0.09083964675664902
[INFO] 2022-11-08 09:46:46,400 - Epoch:1, Batch:3500, Average Loss:0.06296726995919431, Current Loss:0.03432914614677429
[INFO] 2022-11-08 09:49:10,088 - Epoch:1, Batch:4000, Average Loss:0.059028870236128565, Current Loss:0.012784548103809357
[INFO] 2022-11-08 09:51:34,477 - Epoch:1, Batch:4500, Average Loss:0.055932518362998965, Current Loss:0.10246842354536057
[INFO] 2022-11-08 09:53:58,220 - Epoch:1, Batch:5000, Average Loss:0.05320065563470125, Current Loss:0.16245585680007935
[INFO] 2022-11-08 09:56:21,786 - Epoch:1, Batch:5500, Average Loss:0.0509483971324834, Current Loss:0.05506167560815811
[INFO] 2022-11-08 09:58:45,964 - Epoch:1, Batch:6000, Average Loss:0.049019988859693206, Current Loss:0.0
[INFO] 2022-11-08 10:00:56,415 - Epoch:1, Batch:6500, Average Loss:0.04754489402816846, Current Loss:0.0027309954166412354
[INFO] 2022-11-08 10:03:19,205 - Epoch:1, Batch:7000, Average Loss:0.04614936396586043, Current Loss:0.00903753936290741
[INFO] 2022-11-08 10:05:35,571 - Epoch:1, Batch:7500, Average Loss:0.04476746625304222, Current Loss:0.009489491581916809
[INFO] 2022-11-08 10:08:00,564 - Epoch:1, Batch:8000, Average Loss:0.04349320129211992, Current Loss:0.033647626638412476
[INFO] 2022-11-08 10:10:22,413 - Epoch:1, Batch:8500, Average Loss:0.04238140900520718, Current Loss:0.0
[INFO] 2022-11-08 10:12:45,529 - Epoch:1, Batch:9000, Average Loss:0.04151113862295946, Current Loss:0.02146231383085251
[INFO] 2022-11-08 10:15:09,222 - Epoch:1, Batch:9500, Average Loss:0.04055340410141568, Current Loss:0.0016222447156906128
[INFO] 2022-11-08 10:17:19,188 - Epoch:1, Batch:10000, Average Loss:0.0398083412989974, Current Loss:0.0
[INFO] 2022-11-08 10:19:43,023 - Epoch:1, Batch:10500, Average Loss:0.039139767042937736, Current Loss:0.015254750847816467
[INFO] 2022-11-08 10:22:06,281 - Epoch:1, Batch:11000, Average Loss:0.03847992509806698, Current Loss:0.021212637424468994
[INFO] 2022-11-08 10:24:26,328 - Epoch:1, Batch:11500, Average Loss:0.0378380785577971, Current Loss:0.0
[INFO] 2022-11-08 10:26:46,541 - Epoch:1, Batch:12000, Average Loss:0.03723260249197483, Current Loss:0.0
[INFO] 2022-11-08 10:29:10,356 - Epoch:1, Batch:12500, Average Loss:0.036723480244278905, Current Loss:0.0
[INFO] 2022-11-08 10:31:33,310 - Epoch:1, Batch:13000, Average Loss:0.036244614862478694, Current Loss:0.0
[INFO] 2022-11-08 10:33:42,598 - Epoch:1, Batch:13500, Average Loss:0.03571981063650714, Current Loss:0.016813352704048157
[INFO] 2022-11-08 10:36:05,649 - Epoch:1, Batch:14000, Average Loss:0.035306712725332805, Current Loss:0.0
[INFO] 2022-11-08 10:38:29,493 - Epoch:1, Batch:14500, Average Loss:0.03474463794251968, Current Loss:0.0
[INFO] 2022-11-08 10:40:52,272 - Epoch:1, Batch:15000, Average Loss:0.0343320841550827, Current Loss:0.04905007779598236
[INFO] 2022-11-08 10:43:15,413 - Epoch:1, Batch:15500, Average Loss:0.03393476330224545, Current Loss:0.003859579563140869
[INFO] 2022-11-08 10:45:25,177 - Epoch:1, Batch:16000, Average Loss:0.0336291525112465, Current Loss:0.004069164395332336
[INFO] 2022-11-08 10:47:02,796 - Epoch:1, Batch:16500, Average Loss:0.03328045390772097, Current Loss:0.028278037905693054
[INFO] 2022-11-08 10:48:40,246 - Epoch:1, Batch:17000, Average Loss:0.03292266826945193, Current Loss:0.0
[INFO] 2022-11-08 10:50:18,103 - Epoch:1, Batch:17500, Average Loss:0.03252926481791905, Current Loss:0.02103704959154129
[INFO] 2022-11-08 10:51:55,440 - Epoch:1, Batch:18000, Average Loss:0.03220543766601218, Current Loss:0.014984264969825745
[INFO] 2022-11-08 10:53:33,005 - Epoch:1, Batch:18500, Average Loss:0.03192222257925047, Current Loss:0.0
[INFO] 2022-11-08 10:55:10,381 - Epoch:1, Batch:19000, Average Loss:0.03161578006454204, Current Loss:0.0
[INFO] 2022-11-08 10:56:48,833 - Epoch:1, Batch:19500, Average Loss:0.031316076569068124, Current Loss:0.022083736956119537
[INFO] 2022-11-08 10:58:25,984 - Epoch:1, Batch:20000, Average Loss:0.03102869006022811, Current Loss:0.01575174182653427
[INFO] 2022-11-08 10:59:19,141 - Evaluation --- MRR :{1: 0.47893020221787347, 2: 0.5414872798434442, 3: 0.5622309197651689, 5: 0.5771754729288975, 10: 0.5866850971743348, 15: 0.5890892249013574, 50: 0.5919438695737874, 100: 0.5923762979114423}, HIT:{1: 0.47893020221787347, 2: 0.604044357469015, 3: 0.6662752772341813, 5: 0.7313763861709067, 10: 0.8020874103065884, 15: 0.8324853228962819, 50: 0.9048923679060665, 100: 0.9347684279191129}
[INFO] 2022-11-08 10:59:19,180 - Evaluation --- Max MRR:0, Current MRR:{1: 0.47893020221787347, 2: 0.5414872798434442, 3: 0.5622309197651689, 5: 0.5771754729288975, 10: 0.5866850971743348, 15: 0.5890892249013574, 50: 0.5919438695737874, 100: 0.5923762979114423}, Current HIT:{1: 0.47893020221787347, 2: 0.604044357469015, 3: 0.6662752772341813, 5: 0.7313763861709067, 10: 0.8020874103065884, 15: 0.8324853228962819, 50: 0.9048923679060665, 100: 0.9347684279191129}
[INFO] 2022-11-08 11:01:03,123 - Epoch:1, Batch:20500, Average Loss:0.030655902930149217, Current Loss:0.0
[INFO] 2022-11-08 11:02:36,301 - Epoch:1, Batch:21000, Average Loss:0.030273871043253513, Current Loss:0.0
[INFO] 2022-11-08 11:04:09,700 - Epoch:1, Batch:21500, Average Loss:0.029942627293772475, Current Loss:0.0
[INFO] 2022-11-08 11:05:43,943 - Epoch:1, Batch:22000, Average Loss:0.029635335700755768, Current Loss:0.0
[INFO] 2022-11-08 11:07:18,396 - Epoch:1, Batch:22500, Average Loss:0.029322427666187287, Current Loss:0.0
[INFO] 2022-11-08 11:08:52,074 - Epoch:1, Batch:23000, Average Loss:0.02908368566016788, Current Loss:0.03168507665395737
[INFO] 2022-11-08 11:10:25,595 - Epoch:1, Batch:23500, Average Loss:0.028802192361430917, Current Loss:0.03152617812156677
[INFO] 2022-11-08 11:11:59,370 - Epoch:1, Batch:24000, Average Loss:0.028577095166469613, Current Loss:0.0
[INFO] 2022-11-08 11:13:33,545 - Epoch:1, Batch:24500, Average Loss:0.028353881559201648, Current Loss:0.0
[INFO] 2022-11-08 11:15:07,345 - Epoch:1, Batch:25000, Average Loss:0.028144383745193482, Current Loss:0.12051253765821457
[INFO] 2022-11-08 11:16:41,393 - Epoch:1, Batch:25500, Average Loss:0.02790648672364506, Current Loss:0.0
[INFO] 2022-11-08 11:18:15,615 - Epoch:1, Batch:26000, Average Loss:0.027635359464929656, Current Loss:0.03147289156913757
[INFO] 2022-11-08 11:19:50,424 - Epoch:1, Batch:26500, Average Loss:0.027412601675908522, Current Loss:0.016150876879692078
[INFO] 2022-11-08 11:21:25,365 - Epoch:1, Batch:27000, Average Loss:0.027208608818826852, Current Loss:0.0
[INFO] 2022-11-08 11:22:59,125 - Epoch:1, Batch:27500, Average Loss:0.02699138857017864, Current Loss:0.0
[INFO] 2022-11-08 11:24:32,703 - Epoch:1, Batch:28000, Average Loss:0.026797890727009093, Current Loss:0.023641623556613922
[INFO] 2022-11-08 11:26:05,868 - Epoch:1, Batch:28500, Average Loss:0.026599757595543276, Current Loss:0.0
[INFO] 2022-11-08 11:27:39,150 - Epoch:1, Batch:29000, Average Loss:0.0263859510236773, Current Loss:0.011717423796653748
[INFO] 2022-11-08 11:29:13,170 - Epoch:1, Batch:29500, Average Loss:0.026215819989978257, Current Loss:0.0
[INFO] 2022-11-08 11:30:46,716 - Epoch:1, Batch:30000, Average Loss:0.026058368448664746, Current Loss:0.007682695984840393
[INFO] 2022-11-08 11:32:20,045 - Epoch:1, Batch:30500, Average Loss:0.025880338802933694, Current Loss:0.0
[INFO] 2022-11-08 11:33:53,315 - Epoch:1, Batch:31000, Average Loss:0.02570332008768474, Current Loss:0.02507726103067398
[INFO] 2022-11-08 11:35:26,096 - Epoch:1, Batch:31500, Average Loss:0.025519108556565785, Current Loss:0.0
[INFO] 2022-11-08 11:37:00,435 - Epoch:1, Batch:32000, Average Loss:0.02535562916309573, Current Loss:0.03600636124610901
[INFO] 2022-11-08 11:38:33,723 - Epoch:1, Batch:32500, Average Loss:0.025204690743180422, Current Loss:0.0
[INFO] 2022-11-08 11:40:06,954 - Epoch:1, Batch:33000, Average Loss:0.0250422490060781, Current Loss:0.0
[INFO] 2022-11-08 11:41:41,240 - Epoch:1, Batch:33500, Average Loss:0.024863598037789116, Current Loss:0.04484376311302185
[INFO] 2022-11-08 11:43:15,050 - Epoch:1, Batch:34000, Average Loss:0.024711058720069772, Current Loss:0.0
[INFO] 2022-11-08 11:44:48,034 - Epoch:1, Batch:34500, Average Loss:0.024553612062464588, Current Loss:0.019389614462852478
[INFO] 2022-11-08 11:46:23,423 - Epoch:2, Batch:203, Average Loss:0.018434682760038987, Current Loss:0.0
[INFO] 2022-11-08 11:48:01,219 - Epoch:2, Batch:703, Average Loss:0.01637694223718996, Current Loss:0.0
[INFO] 2022-11-08 11:49:39,945 - Epoch:2, Batch:1203, Average Loss:0.0158916728467319, Current Loss:0.02347523719072342
[INFO] 2022-11-08 11:51:19,999 - Epoch:2, Batch:1703, Average Loss:0.016040275928838353, Current Loss:0.002580605447292328
[INFO] 2022-11-08 11:52:59,365 - Epoch:2, Batch:2203, Average Loss:0.015581161013744769, Current Loss:0.01473262906074524
[INFO] 2022-11-08 11:54:40,536 - Epoch:2, Batch:2703, Average Loss:0.015806075721659398, Current Loss:0.0
[INFO] 2022-11-08 11:56:23,200 - Epoch:2, Batch:3203, Average Loss:0.015745821278373637, Current Loss:0.0469907745718956
[INFO] 2022-11-08 11:58:05,666 - Epoch:2, Batch:3703, Average Loss:0.015773391730876152, Current Loss:0.010074533522129059
[INFO] 2022-11-08 11:59:48,198 - Epoch:2, Batch:4203, Average Loss:0.015867253011630996, Current Loss:0.0
[INFO] 2022-11-08 12:01:30,413 - Epoch:2, Batch:4703, Average Loss:0.015933037550366232, Current Loss:0.013990089297294617
[INFO] 2022-11-08 12:03:11,863 - Epoch:2, Batch:5203, Average Loss:0.01598051437249258, Current Loss:0.017178088426589966
[INFO] 2022-11-08 12:04:05,382 - Evaluation --- MRR :{1: 0.4949771689497717, 2: 0.5609262883235486, 3: 0.5833659491193758, 5: 0.597919112850619, 10: 0.607042835399, 15: 0.6094506298224482, 50: 0.6121301086854101, 100: 0.6123942842198755}, HIT:{1: 0.4949771689497717, 2: 0.6268754076973255, 3: 0.694194390084801, 5: 0.7575994781474233, 10: 0.8253098499673842, 15: 0.8558382257012394, 50: 0.9218525766470972, 100: 0.9401174168297456}
[INFO] 2022-11-08 12:04:05,383 - Evaluation --- Max MRR:0.5866850971743348, Current MRR:{1: 0.4949771689497717, 2: 0.5609262883235486, 3: 0.5833659491193758, 5: 0.597919112850619, 10: 0.607042835399, 15: 0.6094506298224482, 50: 0.6121301086854101, 100: 0.6123942842198755}, Current HIT:{1: 0.4949771689497717, 2: 0.6268754076973255, 3: 0.694194390084801, 5: 0.7575994781474233, 10: 0.8253098499673842, 15: 0.8558382257012394, 50: 0.9218525766470972, 100: 0.9401174168297456}
[INFO] 2022-11-08 12:05:54,752 - Epoch:2, Batch:5703, Average Loss:0.015567379169311103, Current Loss:0.0
[INFO] 2022-11-08 12:07:32,732 - Epoch:2, Batch:6203, Average Loss:0.0152412776673261, Current Loss:0.030069977045059204
[INFO] 2022-11-08 12:09:10,031 - Epoch:2, Batch:6703, Average Loss:0.014934263642147621, Current Loss:0.054560720920562744
[INFO] 2022-11-08 12:10:46,812 - Epoch:2, Batch:7203, Average Loss:0.014722018679918125, Current Loss:0.0
[INFO] 2022-11-08 12:12:23,580 - Epoch:2, Batch:7703, Average Loss:0.014631766199632293, Current Loss:0.0
[INFO] 2022-11-08 12:14:01,171 - Epoch:2, Batch:8203, Average Loss:0.014473153820244783, Current Loss:0.0
[INFO] 2022-11-08 12:15:37,496 - Epoch:2, Batch:8703, Average Loss:0.01418767728559535, Current Loss:0.010022729635238647
[INFO] 2022-11-08 12:17:14,700 - Epoch:2, Batch:9203, Average Loss:0.014045323923555623, Current Loss:0.0
[INFO] 2022-11-08 12:18:51,521 - Epoch:2, Batch:9703, Average Loss:0.013898708380080739, Current Loss:0.0
[INFO] 2022-11-08 12:20:27,485 - Epoch:2, Batch:10203, Average Loss:0.013768551589127535, Current Loss:0.0
[INFO] 2022-11-08 12:22:02,879 - Epoch:2, Batch:10703, Average Loss:0.013756201116713277, Current Loss:0.0
[INFO] 2022-11-08 12:23:40,608 - Epoch:2, Batch:11203, Average Loss:0.013672943357260197, Current Loss:0.0
[INFO] 2022-11-08 12:25:16,688 - Epoch:2, Batch:11703, Average Loss:0.013630277805630696, Current Loss:0.0
[INFO] 2022-11-08 12:26:52,946 - Epoch:2, Batch:12203, Average Loss:0.013577770205791744, Current Loss:0.011038973927497864
[INFO] 2022-11-08 12:28:29,349 - Epoch:2, Batch:12703, Average Loss:0.013502627536085547, Current Loss:0.011357948184013367
[INFO] 2022-11-08 12:30:05,982 - Epoch:2, Batch:13203, Average Loss:0.013415633974689829, Current Loss:0.0
[INFO] 2022-11-08 12:31:42,373 - Epoch:2, Batch:13703, Average Loss:0.013372969771030915, Current Loss:0.0
[INFO] 2022-11-08 12:33:18,550 - Epoch:2, Batch:14203, Average Loss:0.013235625919049821, Current Loss:0.0
[INFO] 2022-11-08 12:34:54,053 - Epoch:2, Batch:14703, Average Loss:0.01312114297228833, Current Loss:0.0
[INFO] 2022-11-08 12:36:30,644 - Epoch:2, Batch:15203, Average Loss:0.013065533610203545, Current Loss:0.0474284291267395
[INFO] 2022-11-08 12:38:06,559 - Epoch:2, Batch:15703, Average Loss:0.013019500015488416, Current Loss:0.0
[INFO] 2022-11-08 12:39:42,311 - Epoch:2, Batch:16203, Average Loss:0.012931774654028217, Current Loss:0.03827527165412903
[INFO] 2022-11-08 12:41:18,456 - Epoch:2, Batch:16703, Average Loss:0.01287811218225577, Current Loss:0.0
[INFO] 2022-11-08 12:42:55,321 - Epoch:2, Batch:17203, Average Loss:0.012849270951409732, Current Loss:0.0
[INFO] 2022-11-08 12:44:31,533 - Epoch:2, Batch:17703, Average Loss:0.012848710368018039, Current Loss:0.04222100228071213
[INFO] 2022-11-08 12:46:08,724 - Epoch:2, Batch:18203, Average Loss:0.012783610600727847, Current Loss:0.0
[INFO] 2022-11-08 12:47:45,903 - Epoch:2, Batch:18703, Average Loss:0.012694867205213163, Current Loss:0.0
[INFO] 2022-11-08 12:49:22,434 - Epoch:2, Batch:19203, Average Loss:0.01270087554236846, Current Loss:0.0
[INFO] 2022-11-08 12:50:59,194 - Epoch:2, Batch:19703, Average Loss:0.0126417852155038, Current Loss:0.0
[INFO] 2022-11-08 12:52:36,065 - Epoch:2, Batch:20203, Average Loss:0.012595828331054357, Current Loss:0.021854393184185028
[INFO] 2022-11-08 12:54:10,804 - Epoch:2, Batch:20703, Average Loss:0.012562297191034508, Current Loss:0.05415000766515732
[INFO] 2022-11-08 12:55:44,025 - Epoch:2, Batch:21203, Average Loss:0.012518206988407948, Current Loss:0.0
[INFO] 2022-11-08 12:57:18,469 - Epoch:2, Batch:21703, Average Loss:0.012525304446463508, Current Loss:0.03969385474920273
[INFO] 2022-11-08 12:58:53,009 - Epoch:2, Batch:22203, Average Loss:0.012540222635418102, Current Loss:0.0
[INFO] 2022-11-08 13:00:26,787 - Epoch:2, Batch:22703, Average Loss:0.012525303168771592, Current Loss:0.0
[INFO] 2022-11-08 13:02:01,630 - Epoch:2, Batch:23203, Average Loss:0.012490449582999191, Current Loss:0.0
[INFO] 2022-11-08 13:03:38,181 - Epoch:2, Batch:23703, Average Loss:0.012433678408715261, Current Loss:0.0022440478205680847
[INFO] 2022-11-08 13:05:14,073 - Epoch:2, Batch:24203, Average Loss:0.012408600082780361, Current Loss:0.0
[INFO] 2022-11-08 13:06:51,324 - Epoch:2, Batch:24703, Average Loss:0.012370513597152612, Current Loss:0.02238938957452774
[INFO] 2022-11-08 13:08:25,972 - Epoch:2, Batch:25203, Average Loss:0.012316257150294841, Current Loss:0.030453942716121674
[INFO] 2022-11-08 13:09:18,873 - Evaluation --- MRR :{1: 0.5078930202217874, 2: 0.575146771037182, 3: 0.5964122635355519, 5: 0.6109654272667955, 10: 0.6197361227596042, 15: 0.6223981704314346, 50: 0.625024195649611, 100: 0.6252921527271716}, HIT:{1: 0.5078930202217874, 2: 0.6424005218525767, 3: 0.7061969993476843, 5: 0.7694716242661448, 10: 0.833529028049576, 15: 0.8669275929549902, 50: 0.9328114807566862, 100: 0.9513372472276582}
[INFO] 2022-11-08 13:09:18,880 - Evaluation --- Max MRR:0.607042835399, Current MRR:{1: 0.5078930202217874, 2: 0.575146771037182, 3: 0.5964122635355519, 5: 0.6109654272667955, 10: 0.6197361227596042, 15: 0.6223981704314346, 50: 0.625024195649611, 100: 0.6252921527271716}, Current HIT:{1: 0.5078930202217874, 2: 0.6424005218525767, 3: 0.7061969993476843, 5: 0.7694716242661448, 10: 0.833529028049576, 15: 0.8669275929549902, 50: 0.9328114807566862, 100: 0.9513372472276582}
[INFO] 2022-11-08 13:11:03,847 - Epoch:2, Batch:25703, Average Loss:0.01229150856948384, Current Loss:0.0
[INFO] 2022-11-08 13:12:38,302 - Epoch:2, Batch:26203, Average Loss:0.012272101796292552, Current Loss:0.008516371250152588
[INFO] 2022-11-08 13:14:14,098 - Epoch:2, Batch:26703, Average Loss:0.012263415901608598, Current Loss:0.0013659298419952393
[INFO] 2022-11-08 13:16:03,577 - Epoch:2, Batch:27203, Average Loss:0.012228475725090303, Current Loss:0.014660410583019257
[INFO] 2022-11-08 13:18:05,730 - Epoch:2, Batch:27703, Average Loss:0.01221665896539055, Current Loss:0.022694095969200134
[INFO] 2022-11-08 13:20:09,317 - Epoch:2, Batch:28203, Average Loss:0.012198851975780326, Current Loss:0.03700795769691467
[INFO] 2022-11-08 13:22:11,576 - Epoch:2, Batch:28703, Average Loss:0.01218125626272978, Current Loss:0.0
[INFO] 2022-11-08 13:24:08,939 - Epoch:2, Batch:29203, Average Loss:0.012156568561760247, Current Loss:0.0
[INFO] 2022-11-08 13:26:00,880 - Epoch:2, Batch:29703, Average Loss:0.012130627370559338, Current Loss:0.0
[INFO] 2022-11-08 13:27:57,787 - Epoch:2, Batch:30203, Average Loss:0.01210226721286308, Current Loss:0.0
[INFO] 2022-11-08 13:29:57,769 - Epoch:2, Batch:30703, Average Loss:0.012077168503308635, Current Loss:0.0
[INFO] 2022-11-08 13:31:57,406 - Epoch:2, Batch:31203, Average Loss:0.012069120962081176, Current Loss:0.0
[INFO] 2022-11-08 13:33:50,294 - Epoch:2, Batch:31703, Average Loss:0.01203909064242243, Current Loss:0.08003101497888565
[INFO] 2022-11-08 13:35:36,179 - Epoch:2, Batch:32203, Average Loss:0.012013993455590519, Current Loss:0.0014110729098320007
[INFO] 2022-11-08 13:37:16,038 - Epoch:2, Batch:32703, Average Loss:0.01200329518873524, Current Loss:0.004656754434108734
[INFO] 2022-11-08 13:39:17,709 - Epoch:2, Batch:33203, Average Loss:0.011974976654898686, Current Loss:0.01562647521495819
[INFO] 2022-11-08 13:41:20,851 - Epoch:2, Batch:33703, Average Loss:0.011963763887958704, Current Loss:0.003536522388458252
[INFO] 2022-11-08 13:43:23,939 - Epoch:2, Batch:34203, Average Loss:0.01193891647250437, Current Loss:0.0
[INFO] 2022-11-08 13:45:28,727 - Epoch:2, Batch:34703, Average Loss:0.011917551395611622, Current Loss:0.0
[INFO] 2022-11-08 13:47:27,965 - Epoch:3, Batch:406, Average Loss:0.01292664662297136, Current Loss:0.002993188798427582
[INFO] 2022-11-08 13:49:36,657 - Epoch:3, Batch:906, Average Loss:0.012724370940302645, Current Loss:0.0
[INFO] 2022-11-08 13:51:31,332 - Epoch:3, Batch:1406, Average Loss:0.01241226277047845, Current Loss:7.43567943572998e-05
[INFO] 2022-11-08 13:53:13,337 - Epoch:3, Batch:1906, Average Loss:0.012179201548960126, Current Loss:0.030744321644306183
[INFO] 2022-11-08 13:54:52,004 - Epoch:3, Batch:2406, Average Loss:0.012067728775769398, Current Loss:0.0
[INFO] 2022-11-08 13:56:30,118 - Epoch:3, Batch:2906, Average Loss:0.01205183633558929, Current Loss:0.010254994034767151
[INFO] 2022-11-08 13:58:07,923 - Epoch:3, Batch:3406, Average Loss:0.011910191340633371, Current Loss:0.004725724458694458
[INFO] 2022-11-08 13:59:45,377 - Epoch:3, Batch:3906, Average Loss:0.012015070451477889, Current Loss:0.0
[INFO] 2022-11-08 14:01:22,778 - Epoch:3, Batch:4406, Average Loss:0.01205219777027856, Current Loss:0.0
[INFO] 2022-11-08 14:03:00,441 - Epoch:3, Batch:4906, Average Loss:0.011975038195271128, Current Loss:0.02014772593975067
[INFO] 2022-11-08 14:04:37,827 - Epoch:3, Batch:5406, Average Loss:0.011847856195103977, Current Loss:0.04138518124818802
[INFO] 2022-11-08 14:06:15,718 - Epoch:3, Batch:5906, Average Loss:0.011793385075939498, Current Loss:0.0
[INFO] 2022-11-08 14:07:54,277 - Epoch:3, Batch:6406, Average Loss:0.011858966130596975, Current Loss:0.0
[INFO] 2022-11-08 14:09:32,442 - Epoch:3, Batch:6906, Average Loss:0.011860943082455722, Current Loss:0.0
[INFO] 2022-11-08 14:11:10,904 - Epoch:3, Batch:7406, Average Loss:0.011843842037008029, Current Loss:0.03328591585159302
[INFO] 2022-11-08 14:12:49,002 - Epoch:3, Batch:7906, Average Loss:0.01179247431960282, Current Loss:0.022415518760681152
[INFO] 2022-11-08 14:14:26,166 - Epoch:3, Batch:8406, Average Loss:0.011831800797043487, Current Loss:0.004351027309894562
[INFO] 2022-11-08 14:16:04,977 - Epoch:3, Batch:8906, Average Loss:0.01184181175756235, Current Loss:0.0
[INFO] 2022-11-08 14:17:42,887 - Epoch:3, Batch:9406, Average Loss:0.011877414799930439, Current Loss:0.03724340349435806
[INFO] 2022-11-08 14:19:20,854 - Epoch:3, Batch:9906, Average Loss:0.011826223346492918, Current Loss:0.0
[INFO] 2022-11-08 14:20:58,065 - Epoch:3, Batch:10406, Average Loss:0.011831262744798492, Current Loss:0.0
[INFO] 2022-11-08 14:21:50,953 - Evaluation --- MRR :{1: 0.5105022831050229, 2: 0.5771689497716895, 3: 0.6000434877147218, 5: 0.6148184387910397, 10: 0.6233017529690712, 15: 0.6256885181934083, 50: 0.6282262938436566, 100: 0.6285073905241207}, HIT:{1: 0.5105022831050229, 2: 0.6438356164383562, 3: 0.7124592302674494, 5: 0.7766470971950424, 10: 0.8386170906718852, 15: 0.8688845401174168, 50: 0.9318982387475538, 100: 0.9515981735159817}
[INFO] 2022-11-08 14:21:50,955 - Evaluation --- Max MRR:0.6197361227596042, Current MRR:{1: 0.5105022831050229, 2: 0.5771689497716895, 3: 0.6000434877147218, 5: 0.6148184387910397, 10: 0.6233017529690712, 15: 0.6256885181934083, 50: 0.6282262938436566, 100: 0.6285073905241207}, Current HIT:{1: 0.5105022831050229, 2: 0.6438356164383562, 3: 0.7124592302674494, 5: 0.7766470971950424, 10: 0.8386170906718852, 15: 0.8688845401174168, 50: 0.9318982387475538, 100: 0.9515981735159817}
[INFO] 2022-11-08 14:23:34,341 - Epoch:3, Batch:10906, Average Loss:0.01167744774335178, Current Loss:0.0
[INFO] 2022-11-08 14:25:07,955 - Epoch:3, Batch:11406, Average Loss:0.011526284469923554, Current Loss:0.004137091338634491
[INFO] 2022-11-08 14:26:41,373 - Epoch:3, Batch:11906, Average Loss:0.011382777872765223, Current Loss:0.0
[INFO] 2022-11-08 14:28:14,599 - Epoch:3, Batch:12406, Average Loss:0.01119026935378736, Current Loss:0.0
[INFO] 2022-11-08 14:29:46,820 - Epoch:3, Batch:12906, Average Loss:0.011065982986462683, Current Loss:0.001957438886165619
[INFO] 2022-11-08 14:31:21,569 - Epoch:3, Batch:13406, Average Loss:0.010989735262279775, Current Loss:0.0
[INFO] 2022-11-08 14:32:54,712 - Epoch:3, Batch:13906, Average Loss:0.010881248144675344, Current Loss:0.0
[INFO] 2022-11-08 14:34:27,757 - Epoch:3, Batch:14406, Average Loss:0.010784374860037901, Current Loss:0.0
[INFO] 2022-11-08 14:36:01,015 - Epoch:3, Batch:14906, Average Loss:0.010694443543241533, Current Loss:0.0
[INFO] 2022-11-08 14:37:34,454 - Epoch:3, Batch:15406, Average Loss:0.010622289698649796, Current Loss:0.0
[INFO] 2022-11-08 14:39:10,568 - Epoch:3, Batch:15906, Average Loss:0.010534226622230584, Current Loss:0.0
[INFO] 2022-11-08 14:40:47,534 - Epoch:3, Batch:16406, Average Loss:0.010470911863190829, Current Loss:0.041792407631874084
[INFO] 2022-11-08 14:42:24,649 - Epoch:3, Batch:16906, Average Loss:0.01041287303457426, Current Loss:0.0
[INFO] 2022-11-08 14:44:00,707 - Epoch:3, Batch:17406, Average Loss:0.010302370124564258, Current Loss:0.0
[INFO] 2022-11-08 14:45:37,286 - Epoch:3, Batch:17906, Average Loss:0.010259777758140265, Current Loss:0.00942077487707138
[INFO] 2022-11-08 14:47:13,024 - Epoch:3, Batch:18406, Average Loss:0.010197290988570385, Current Loss:0.010200433433055878
[INFO] 2022-11-08 14:48:47,579 - Epoch:3, Batch:18906, Average Loss:0.010122079767919678, Current Loss:0.0
[INFO] 2022-11-08 14:50:22,953 - Epoch:3, Batch:19406, Average Loss:0.010055153898562302, Current Loss:0.0
[INFO] 2022-11-08 14:51:57,801 - Epoch:3, Batch:19906, Average Loss:0.010003672868738003, Current Loss:0.0
[INFO] 2022-11-08 14:53:34,073 - Epoch:3, Batch:20406, Average Loss:0.009960716682112266, Current Loss:0.0
[INFO] 2022-11-08 14:55:09,845 - Epoch:3, Batch:20906, Average Loss:0.009917928742886866, Current Loss:0.007528528571128845
[INFO] 2022-11-08 14:56:44,150 - Epoch:3, Batch:21406, Average Loss:0.009877953953685287, Current Loss:0.0
[INFO] 2022-11-08 14:58:17,253 - Epoch:3, Batch:21906, Average Loss:0.009850850041915236, Current Loss:0.0
[INFO] 2022-11-08 14:59:52,611 - Epoch:3, Batch:22406, Average Loss:0.009782959361669794, Current Loss:0.0009678080677986145
[INFO] 2022-11-08 15:01:30,246 - Epoch:3, Batch:22906, Average Loss:0.009732361878696555, Current Loss:0.013570211827754974
[INFO] 2022-11-08 15:03:07,799 - Epoch:3, Batch:23406, Average Loss:0.00971352844974541, Current Loss:0.0024213790893554688
[INFO] 2022-11-08 15:04:46,710 - Epoch:3, Batch:23906, Average Loss:0.009672171664464367, Current Loss:0.014661721885204315
[INFO] 2022-11-08 15:06:48,462 - Epoch:3, Batch:24406, Average Loss:0.009649338018590872, Current Loss:0.0
[INFO] 2022-11-08 15:08:48,707 - Epoch:3, Batch:24906, Average Loss:0.009622191975133578, Current Loss:0.005470484495162964
[INFO] 2022-11-08 15:10:54,123 - Epoch:3, Batch:25406, Average Loss:0.00960451675960044, Current Loss:0.0
[INFO] 2022-11-08 15:13:20,602 - Epoch:3, Batch:25906, Average Loss:0.009590788029774472, Current Loss:0.0
[INFO] 2022-11-08 15:15:55,021 - Epoch:3, Batch:26406, Average Loss:0.009563498390287032, Current Loss:0.01119890809059143
[INFO] 2022-11-08 15:18:32,453 - Epoch:3, Batch:26906, Average Loss:0.009533797923744385, Current Loss:0.0
[INFO] 2022-11-08 15:21:16,949 - Epoch:3, Batch:27406, Average Loss:0.009488257124072868, Current Loss:0.00708606094121933
[INFO] 2022-11-08 15:23:57,574 - Epoch:3, Batch:27906, Average Loss:0.009451652781517626, Current Loss:0.0
[INFO] 2022-11-08 15:26:40,640 - Epoch:3, Batch:28406, Average Loss:0.009392985704131405, Current Loss:0.018591001629829407
[INFO] 2022-11-08 15:28:47,511 - Epoch:3, Batch:28906, Average Loss:0.00936894241192304, Current Loss:0.0
[INFO] 2022-11-08 15:31:23,125 - Epoch:3, Batch:29406, Average Loss:0.009333953643963222, Current Loss:0.0
[INFO] 2022-11-08 15:34:00,500 - Epoch:3, Batch:29906, Average Loss:0.009288126160432716, Current Loss:0.0
[INFO] 2022-11-08 15:36:47,136 - Epoch:3, Batch:30406, Average Loss:0.009275038795054277, Current Loss:0.0
[INFO] 2022-11-08 15:38:23,572 - Evaluation --- MRR :{1: 0.508675799086758, 2: 0.5791258969341161, 3: 0.6010871928680163, 5: 0.6158164818438779, 10: 0.6250169291460875, 15: 0.627222305852441, 50: 0.629654620981652, 100: 0.6299190628248247}, HIT:{1: 0.508675799086758, 2: 0.6495759947814742, 3: 0.7154598825831703, 5: 0.7793868232224397, 10: 0.8467058056099152, 15: 0.8743639921722114, 50: 0.9341161121983039, 100: 0.9521200260926288}
[INFO] 2022-11-08 15:38:23,574 - Evaluation --- Max MRR:0.6233017529690712, Current MRR:{1: 0.508675799086758, 2: 0.5791258969341161, 3: 0.6010871928680163, 5: 0.6158164818438779, 10: 0.6250169291460875, 15: 0.627222305852441, 50: 0.629654620981652, 100: 0.6299190628248247}, Current HIT:{1: 0.508675799086758, 2: 0.6495759947814742, 3: 0.7154598825831703, 5: 0.7793868232224397, 10: 0.8467058056099152, 15: 0.8743639921722114, 50: 0.9341161121983039, 100: 0.9521200260926288}
[INFO] 2022-11-08 15:41:13,413 - Epoch:3, Batch:30906, Average Loss:0.00924768267717823, Current Loss:0.0
[INFO] 2022-11-08 15:43:55,403 - Epoch:3, Batch:31406, Average Loss:0.00922094598589965, Current Loss:0.0
[INFO] 2022-11-08 15:46:14,744 - Epoch:3, Batch:31906, Average Loss:0.009221636888396589, Current Loss:0.10229536890983582
[INFO] 2022-11-08 15:48:25,657 - Epoch:3, Batch:32406, Average Loss:0.00918938977871347, Current Loss:0.0
[INFO] 2022-11-08 15:50:36,634 - Epoch:3, Batch:32906, Average Loss:0.009149430855716506, Current Loss:0.0
[INFO] 2022-11-08 15:52:43,759 - Epoch:3, Batch:33406, Average Loss:0.00911892865269989, Current Loss:0.01313035935163498
[INFO] 2022-11-08 15:54:53,474 - Epoch:3, Batch:33906, Average Loss:0.009108365236673919, Current Loss:0.0
[INFO] 2022-11-08 15:57:03,254 - Epoch:3, Batch:34406, Average Loss:0.009075357192100942, Current Loss:0.0
[INFO] 2022-11-08 15:59:03,543 - Epoch:4, Batch:109, Average Loss:0.012709672229552488, Current Loss:0.044786371290683746
[INFO] 2022-11-08 16:01:19,441 - Epoch:4, Batch:609, Average Loss:0.010907772934593395, Current Loss:0.0
[INFO] 2022-11-08 16:03:34,677 - Epoch:4, Batch:1109, Average Loss:0.009931304770025505, Current Loss:0.0
[INFO] 2022-11-08 16:05:50,499 - Epoch:4, Batch:1609, Average Loss:0.010028576618436704, Current Loss:0.004887685179710388
[INFO] 2022-11-08 16:08:05,567 - Epoch:4, Batch:2109, Average Loss:0.010233403410940953, Current Loss:0.01751244068145752
[INFO] 2022-11-08 16:10:21,531 - Epoch:4, Batch:2609, Average Loss:0.01021565790775408, Current Loss:0.0
[INFO] 2022-11-08 16:12:26,063 - Epoch:4, Batch:3109, Average Loss:0.010017225094050907, Current Loss:0.0
[INFO] 2022-11-08 16:14:42,316 - Epoch:4, Batch:3609, Average Loss:0.010027434758431167, Current Loss:0.006703510880470276
[INFO] 2022-11-08 16:16:57,387 - Epoch:4, Batch:4109, Average Loss:0.009986094334433624, Current Loss:0.0013706833124160767
[INFO] 2022-11-08 16:19:12,842 - Epoch:4, Batch:4609, Average Loss:0.009966649674404518, Current Loss:0.01743309199810028
[INFO] 2022-11-08 16:21:28,442 - Epoch:4, Batch:5109, Average Loss:0.010035785080974035, Current Loss:0.0017624720931053162
[INFO] 2022-11-08 16:23:43,954 - Epoch:4, Batch:5609, Average Loss:0.00999721028222866, Current Loss:0.0041976869106292725
[INFO] 2022-11-08 16:25:49,491 - Epoch:4, Batch:6109, Average Loss:0.009973569271421644, Current Loss:0.0
[INFO] 2022-11-08 16:27:58,872 - Epoch:4, Batch:6609, Average Loss:0.009900921142611747, Current Loss:0.006408669054508209
[INFO] 2022-11-08 16:30:14,732 - Epoch:4, Batch:7109, Average Loss:0.009875793231658785, Current Loss:0.0
[INFO] 2022-11-08 16:32:30,365 - Epoch:4, Batch:7609, Average Loss:0.009807812684248775, Current Loss:0.015158586204051971
[INFO] 2022-11-08 16:34:45,100 - Epoch:4, Batch:8109, Average Loss:0.009807861208518787, Current Loss:0.0673152506351471
[INFO] 2022-11-08 16:37:01,013 - Epoch:4, Batch:8609, Average Loss:0.00983697528819864, Current Loss:0.0
[INFO] 2022-11-08 16:39:16,451 - Epoch:4, Batch:9109, Average Loss:0.009789465695622855, Current Loss:0.05014718323945999
[INFO] 2022-11-08 16:41:23,103 - Epoch:4, Batch:9609, Average Loss:0.00977456828802033, Current Loss:0.0
[INFO] 2022-11-08 16:43:39,482 - Epoch:4, Batch:10109, Average Loss:0.009795409487869021, Current Loss:0.07208164036273956
[INFO] 2022-11-08 16:45:55,935 - Epoch:4, Batch:10609, Average Loss:0.009840391742030259, Current Loss:0.04430374503135681
[INFO] 2022-11-08 16:48:12,045 - Epoch:4, Batch:11109, Average Loss:0.009842281529504008, Current Loss:0.0
[INFO] 2022-11-08 16:50:27,866 - Epoch:4, Batch:11609, Average Loss:0.009816528886405163, Current Loss:0.028815649449825287
[INFO] 2022-11-08 16:52:44,284 - Epoch:4, Batch:12109, Average Loss:0.009825247458117439, Current Loss:0.0
[INFO] 2022-11-08 16:54:48,909 - Epoch:4, Batch:12609, Average Loss:0.009877407944465252, Current Loss:0.0
[INFO] 2022-11-08 16:57:04,766 - Epoch:4, Batch:13109, Average Loss:0.009820367751896122, Current Loss:0.0
[INFO] 2022-11-08 16:59:20,821 - Epoch:4, Batch:13609, Average Loss:0.009833757333291586, Current Loss:0.029365941882133484
[INFO] 2022-11-08 17:02:09,868 - Epoch:4, Batch:14109, Average Loss:0.009799373868895891, Current Loss:0.05409181863069534
[INFO] 2022-11-08 17:04:53,119 - Epoch:4, Batch:14609, Average Loss:0.00978769550315571, Current Loss:0.008705921471118927
[INFO] 2022-11-08 17:07:30,004 - Epoch:4, Batch:15109, Average Loss:0.009845422962884489, Current Loss:0.018094249069690704
[INFO] 2022-11-08 17:10:18,649 - Epoch:4, Batch:15609, Average Loss:0.009819698660517573, Current Loss:0.0
[INFO] 2022-11-08 17:11:48,234 - Evaluation --- MRR :{1: 0.5120678408349641, 2: 0.5812785388127854, 3: 0.6031093716025231, 5: 0.6181843879104133, 10: 0.626963056150922, 15: 0.6294837817831913, 50: 0.6317225490929657, 100: 0.6320099822854794}, HIT:{1: 0.5120678408349641, 2: 0.6504892367906067, 3: 0.7159817351598173, 5: 0.7817351598173516, 10: 0.8454011741682974, 15: 0.8773646444879322, 50: 0.9338551859099804, 100: 0.9534246575342465}
[INFO] 2022-11-08 17:11:48,238 - Evaluation --- Max MRR:0.6250169291460875, Current MRR:{1: 0.5120678408349641, 2: 0.5812785388127854, 3: 0.6031093716025231, 5: 0.6181843879104133, 10: 0.626963056150922, 15: 0.6294837817831913, 50: 0.6317225490929657, 100: 0.6320099822854794}, Current HIT:{1: 0.5120678408349641, 2: 0.6504892367906067, 3: 0.7159817351598173, 5: 0.7817351598173516, 10: 0.8454011741682974, 15: 0.8773646444879322, 50: 0.9338551859099804, 100: 0.9534246575342465}
[INFO] 2022-11-08 17:14:31,040 - Epoch:4, Batch:16109, Average Loss:0.009731813557610195, Current Loss:0.0
[INFO] 2022-11-08 17:16:46,617 - Epoch:4, Batch:16609, Average Loss:0.009628696458319881, Current Loss:0.0
[INFO] 2022-11-08 17:19:14,792 - Epoch:4, Batch:17109, Average Loss:0.009523647629672609, Current Loss:0.0
[INFO] 2022-11-08 17:21:56,631 - Epoch:4, Batch:17609, Average Loss:0.009406728354465196, Current Loss:0.0
[INFO] 2022-11-08 17:24:25,539 - Epoch:4, Batch:18109, Average Loss:0.009299376400897225, Current Loss:0.0
[INFO] 2022-11-08 17:26:47,810 - Epoch:4, Batch:18609, Average Loss:0.009215698672702858, Current Loss:0.0
[INFO] 2022-11-08 17:29:20,035 - Epoch:4, Batch:19109, Average Loss:0.009128184728544706, Current Loss:0.007148310542106628
[INFO] 2022-11-08 17:31:44,835 - Epoch:4, Batch:19609, Average Loss:0.00904837410253559, Current Loss:0.0
[INFO] 2022-11-08 17:34:03,882 - Epoch:4, Batch:20109, Average Loss:0.008979408535897937, Current Loss:0.0
[INFO] 2022-11-08 17:36:36,852 - Epoch:4, Batch:20609, Average Loss:0.008930237275008303, Current Loss:0.0
[INFO] 2022-11-08 17:38:50,084 - Epoch:4, Batch:21109, Average Loss:0.008887451584857904, Current Loss:0.0
[INFO] 2022-11-08 17:40:55,947 - Epoch:4, Batch:21609, Average Loss:0.008822422071390092, Current Loss:0.0
[INFO] 2022-11-08 17:43:41,599 - Epoch:4, Batch:22109, Average Loss:0.00877247347816467, Current Loss:0.0
[INFO] 2022-11-08 17:46:12,683 - Epoch:4, Batch:22609, Average Loss:0.008707118841934681, Current Loss:0.0
[INFO] 2022-11-08 17:48:10,093 - Epoch:4, Batch:23109, Average Loss:0.008654555606728037, Current Loss:0.0
[INFO] 2022-11-08 17:49:44,911 - Epoch:4, Batch:23609, Average Loss:0.008623585690031755, Current Loss:0.023568712174892426
[INFO] 2022-11-08 17:51:20,377 - Epoch:4, Batch:24109, Average Loss:0.008563425354055389, Current Loss:0.0
[INFO] 2022-11-08 17:52:54,606 - Epoch:4, Batch:24609, Average Loss:0.00852360158554401, Current Loss:0.0
[INFO] 2022-11-08 17:54:28,816 - Epoch:4, Batch:25109, Average Loss:0.008475314499222442, Current Loss:2.0265579223632812e-06
[INFO] 2022-11-08 17:56:03,494 - Epoch:4, Batch:25609, Average Loss:0.00840437390092638, Current Loss:0.0022797808051109314
[INFO] 2022-11-08 17:57:37,579 - Epoch:4, Batch:26109, Average Loss:0.00836766731189318, Current Loss:0.013451159000396729
[INFO] 2022-11-08 17:59:12,053 - Epoch:4, Batch:26609, Average Loss:0.008301475034882677, Current Loss:0.0
[INFO] 2022-11-08 18:00:47,825 - Epoch:4, Batch:27109, Average Loss:0.008266080947149472, Current Loss:0.004740618169307709
[INFO] 2022-11-08 18:02:22,061 - Epoch:4, Batch:27609, Average Loss:0.00823272876620936, Current Loss:0.0
[INFO] 2022-11-08 18:03:56,698 - Epoch:4, Batch:28109, Average Loss:0.008184041686242358, Current Loss:0.0
[INFO] 2022-11-08 18:05:30,958 - Epoch:4, Batch:28609, Average Loss:0.008164519620873419, Current Loss:0.02019595354795456
[INFO] 2022-11-08 18:07:04,921 - Epoch:4, Batch:29109, Average Loss:0.00813076268370802, Current Loss:0.008606433868408203
[INFO] 2022-11-08 18:08:38,857 - Epoch:4, Batch:29609, Average Loss:0.008103976086002985, Current Loss:0.0
[INFO] 2022-11-08 18:10:12,741 - Epoch:4, Batch:30109, Average Loss:0.008064311929016176, Current Loss:0.005780443549156189
[INFO] 2022-11-08 18:11:46,493 - Epoch:4, Batch:30609, Average Loss:0.008040272179679318, Current Loss:0.0
[INFO] 2022-11-08 18:13:21,437 - Epoch:4, Batch:31109, Average Loss:0.007990820044585466, Current Loss:0.02270062267780304
[INFO] 2022-11-08 18:14:55,657 - Epoch:4, Batch:31609, Average Loss:0.00795448551620285, Current Loss:0.0156964510679245
[INFO] 2022-11-08 18:16:29,427 - Epoch:4, Batch:32109, Average Loss:0.007922022452771064, Current Loss:0.0
[INFO] 2022-11-08 18:18:03,602 - Epoch:4, Batch:32609, Average Loss:0.007890855335595947, Current Loss:0.04815012961626053
[INFO] 2022-11-08 18:19:37,048 - Epoch:4, Batch:33109, Average Loss:0.00787147203357215, Current Loss:0.0
[INFO] 2022-11-08 18:21:10,619 - Epoch:4, Batch:33609, Average Loss:0.007850506602511843, Current Loss:0.0
[INFO] 2022-11-08 18:22:44,572 - Epoch:4, Batch:34109, Average Loss:0.007834590737963453, Current Loss:0.0
[INFO] 2022-11-08 18:24:18,140 - Epoch:4, Batch:34609, Average Loss:0.007808629290230021, Current Loss:0.0017434507608413696
[INFO] 2022-11-08 18:24:53,499 - Epoch:4, Batch:34797, Average Loss:0.007795352858854998, Current Loss:0.0
[INFO] 2022-11-08 18:25:46,467 - Evaluation --- MRR :{1: 0.5222439660795826, 2: 0.5894977168949772, 3: 0.6118938899760821, 5: 0.6274255272885381, 10: 0.6356193375371444, 15: 0.6379835139130605, 50: 0.640340184847371, 100: 0.6405671064850241}, HIT:{1: 0.5222439660795826, 2: 0.6567514677103719, 3: 0.7239399869536856, 5: 0.7913894324853229, 10: 0.8502283105022831, 15: 0.8803652968036529, 50: 0.9386823222439661, 100: 0.9547292889758643}
[INFO] 2022-11-08 18:25:46,468 - Evaluation --- Max MRR:0.626963056150922, Current MRR:{1: 0.5222439660795826, 2: 0.5894977168949772, 3: 0.6118938899760821, 5: 0.6274255272885381, 10: 0.6356193375371444, 15: 0.6379835139130605, 50: 0.640340184847371, 100: 0.6405671064850241}, Current HIT:{1: 0.5222439660795826, 2: 0.6567514677103719, 3: 0.7239399869536856, 5: 0.7913894324853229, 10: 0.8502283105022831, 15: 0.8803652968036529, 50: 0.9386823222439661, 100: 0.9547292889758643}
[INFO] 2022-11-08 18:25:56,753 - Start testing...
[INFO] 2022-11-08 18:27:45,319 - Evaluation --- MRR :{1: 0.4711948564517156, 2: 0.5341842256031575, 3: 0.5547669064442836, 5: 0.5691790268847958, 10: 0.5787692223747979, 15: 0.5815465011149007, 50: 0.5844791217336379, 100: 0.5848789812836136}, HIT:{1: 0.4711948564517156, 2: 0.5971735947545993, 3: 0.6589216372779935, 5: 0.7212425997835635, 10: 0.7922846775733656, 15: 0.8272327964860908, 50: 0.9008211853077853, 100: 0.9283213444522248}
