[INFO] 2022-11-07 19:43:55,285 - Setting: ['enriched_code_outer']
[INFO] 2022-11-07 19:43:55,285 - Config: 
{
    "encoder_epoches": 4,
    "classifier_epoches": 3,
    "data_path": "data/database/codesearch-new",
    "saved_path": "data/codesearchmodel",
    "train_batch_size": 8,
    "eval_batch_size": 16,
    "use_cuda": true,
    "max_nl_len": 32,
    "max_pl_len": 480,
    "filter_K": 100,
    "final_K": 15,
    "test_path": "data/database/codesearch-new/origin_data/java_test_1.jsonl",
    "run_way": "test",
    "confidence": 0.5,
    "margin": 0.25
}
[INFO] 2022-11-07 19:43:55,285 - Loading train dataset...
[INFO] 2022-11-07 19:44:09,632 - Loading eval dataset...
[INFO] 2022-11-07 19:44:09,870 - Loading test dataset...
[INFO] 2022-11-07 19:44:11,862 - Loading encoder...
[INFO] 2022-11-07 19:44:13,963 - Start training...
[INFO] 2022-11-07 19:44:17,467 - Total step: 139188
[INFO] 2022-11-07 19:45:57,100 - Epoch:1, Batch:500, Average Loss:0.07362463630735874, Current Loss:0.03810199350118637
[INFO] 2022-11-07 19:47:35,874 - Epoch:1, Batch:1000, Average Loss:0.04443895472586155, Current Loss:0.00439973920583725
[INFO] 2022-11-07 19:49:13,966 - Epoch:1, Batch:1500, Average Loss:0.033475922952095664, Current Loss:0.0
[INFO] 2022-11-07 19:50:52,778 - Epoch:1, Batch:2000, Average Loss:0.027519227258861065, Current Loss:0.025474488735198975
[INFO] 2022-11-07 19:52:30,534 - Epoch:1, Batch:2500, Average Loss:0.02389094926714897, Current Loss:0.0
[INFO] 2022-11-07 19:54:10,044 - Epoch:1, Batch:3000, Average Loss:0.021484526420632998, Current Loss:0.020351894199848175
[INFO] 2022-11-07 19:55:49,454 - Epoch:1, Batch:3500, Average Loss:0.01949624945010458, Current Loss:0.0
[INFO] 2022-11-07 19:57:28,482 - Epoch:1, Batch:4000, Average Loss:0.01800264956988394, Current Loss:0.01669253408908844
[INFO] 2022-11-07 19:59:07,904 - Epoch:1, Batch:4500, Average Loss:0.0169469486243195, Current Loss:0.0
[INFO] 2022-11-07 20:00:47,398 - Epoch:1, Batch:5000, Average Loss:0.016020272412896157, Current Loss:0.006906189024448395
[INFO] 2022-11-07 20:02:25,632 - Epoch:1, Batch:5500, Average Loss:0.015193182162263176, Current Loss:0.0
[INFO] 2022-11-07 20:04:03,554 - Epoch:1, Batch:6000, Average Loss:0.014475459369520346, Current Loss:0.00658833235502243
[INFO] 2022-11-07 20:05:41,812 - Epoch:1, Batch:6500, Average Loss:0.013922031740729625, Current Loss:0.0
[INFO] 2022-11-07 20:07:21,284 - Epoch:1, Batch:7000, Average Loss:0.013401762386517866, Current Loss:0.0003864094614982605
[INFO] 2022-11-07 20:08:59,572 - Epoch:1, Batch:7500, Average Loss:0.012936685714125633, Current Loss:0.002896621823310852
[INFO] 2022-11-07 20:10:37,262 - Epoch:1, Batch:8000, Average Loss:0.012544507914222777, Current Loss:0.0
[INFO] 2022-11-07 20:12:14,293 - Epoch:1, Batch:8500, Average Loss:0.012206372103270363, Current Loss:0.0
[INFO] 2022-11-07 20:13:53,241 - Epoch:1, Batch:9000, Average Loss:0.011884938067860073, Current Loss:0.0
[INFO] 2022-11-07 20:15:31,443 - Epoch:1, Batch:9500, Average Loss:0.011571825330978946, Current Loss:0.0
[INFO] 2022-11-07 20:17:09,285 - Epoch:1, Batch:10000, Average Loss:0.011315027637034654, Current Loss:0.0
[INFO] 2022-11-07 20:18:48,502 - Epoch:1, Batch:10500, Average Loss:0.011106415362585158, Current Loss:0.0
[INFO] 2022-11-07 20:20:28,173 - Epoch:1, Batch:11000, Average Loss:0.010921876095912672, Current Loss:0.019006669521331787
[INFO] 2022-11-07 20:22:08,457 - Epoch:1, Batch:11500, Average Loss:0.01069951006187045, Current Loss:0.008017823100090027
[INFO] 2022-11-07 20:23:47,885 - Epoch:1, Batch:12000, Average Loss:0.010537158293649554, Current Loss:0.0
[INFO] 2022-11-07 20:25:26,847 - Epoch:1, Batch:12500, Average Loss:0.010330640503764152, Current Loss:0.018721535801887512
[INFO] 2022-11-07 20:27:05,682 - Epoch:1, Batch:13000, Average Loss:0.010168687347609263, Current Loss:0.0
[INFO] 2022-11-07 20:28:43,785 - Epoch:1, Batch:13500, Average Loss:0.009992993724015024, Current Loss:0.0
[INFO] 2022-11-07 20:30:22,448 - Epoch:1, Batch:14000, Average Loss:0.00983027121052146, Current Loss:0.0
[INFO] 2022-11-07 20:32:02,625 - Epoch:1, Batch:14500, Average Loss:0.009692340367826922, Current Loss:0.0
[INFO] 2022-11-07 20:33:43,499 - Epoch:1, Batch:15000, Average Loss:0.009553049988051256, Current Loss:0.0
[INFO] 2022-11-07 20:35:34,442 - Epoch:1, Batch:15500, Average Loss:0.009448495428889028, Current Loss:0.0
[INFO] 2022-11-07 20:37:13,855 - Epoch:1, Batch:16000, Average Loss:0.009338435174897313, Current Loss:0.010453835129737854
[INFO] 2022-11-07 20:38:53,303 - Epoch:1, Batch:16500, Average Loss:0.009213654486067367, Current Loss:0.0
[INFO] 2022-11-07 20:40:46,177 - Epoch:1, Batch:17000, Average Loss:0.009098263942143496, Current Loss:0.0
[INFO] 2022-11-07 20:43:04,420 - Epoch:1, Batch:17500, Average Loss:0.008995458375130381, Current Loss:0.0
[INFO] 2022-11-07 20:45:22,200 - Epoch:1, Batch:18000, Average Loss:0.008889005929645566, Current Loss:0.00789274275302887
[INFO] 2022-11-07 20:47:40,320 - Epoch:1, Batch:18500, Average Loss:0.008815813019468977, Current Loss:0.0
[INFO] 2022-11-07 20:49:59,291 - Epoch:1, Batch:19000, Average Loss:0.008745528415629738, Current Loss:0.0022336244583129883
[INFO] 2022-11-07 20:52:14,668 - Epoch:1, Batch:19500, Average Loss:0.008663647940907723, Current Loss:0.0
[INFO] 2022-11-07 20:54:33,333 - Epoch:1, Batch:20000, Average Loss:0.008579846823588014, Current Loss:0.0
[INFO] 2022-11-07 20:55:47,140 - Evaluation --- MRR :{1: 0.49367253750815393, 2: 0.5587084148727984, 3: 0.5802783213742144, 5: 0.5958686671015432, 10: 0.6055493430248806, 15: 0.6080151572715156, 50: 0.6105565614403059, 100: 0.610901122103171}, HIT:{1: 0.49367253750815393, 2: 0.6237442922374429, 3: 0.688454011741683, 5: 0.7565557729941291, 10: 0.827136333985649, 15: 0.8584474885844748, 50: 0.9221135029354207, 100: 0.9457273320287019}
[INFO] 2022-11-07 20:55:47,165 - Evaluation --- Max MRR:0, Current MRR:{1: 0.49367253750815393, 2: 0.5587084148727984, 3: 0.5802783213742144, 5: 0.5958686671015432, 10: 0.6055493430248806, 15: 0.6080151572715156, 50: 0.6105565614403059, 100: 0.610901122103171}, Current HIT:{1: 0.49367253750815393, 2: 0.6237442922374429, 3: 0.688454011741683, 5: 0.7565557729941291, 10: 0.827136333985649, 15: 0.8584474885844748, 50: 0.9221135029354207, 100: 0.9457273320287019}
[INFO] 2022-11-07 20:58:09,751 - Epoch:1, Batch:20500, Average Loss:0.008477934604010931, Current Loss:0.0
[INFO] 2022-11-07 21:00:22,643 - Epoch:1, Batch:21000, Average Loss:0.008384712026942343, Current Loss:0.0014148131012916565
[INFO] 2022-11-07 21:02:32,996 - Epoch:1, Batch:21500, Average Loss:0.00829034899452398, Current Loss:0.0
[INFO] 2022-11-07 21:04:15,437 - Epoch:1, Batch:22000, Average Loss:0.008195448240095918, Current Loss:0.0
[INFO] 2022-11-07 21:06:22,497 - Epoch:1, Batch:22500, Average Loss:0.008105916877918774, Current Loss:0.016819685697555542
[INFO] 2022-11-07 21:08:34,573 - Epoch:1, Batch:23000, Average Loss:0.008033337182324865, Current Loss:0.0
[INFO] 2022-11-07 21:10:47,321 - Epoch:1, Batch:23500, Average Loss:0.007961967109682713, Current Loss:0.0
[INFO] 2022-11-07 21:12:59,891 - Epoch:1, Batch:24000, Average Loss:0.00790609209984541, Current Loss:0.0
[INFO] 2022-11-07 21:15:12,134 - Epoch:1, Batch:24500, Average Loss:0.007824853259994059, Current Loss:0.0
[INFO] 2022-11-07 21:17:25,202 - Epoch:1, Batch:25000, Average Loss:0.007732227499783039, Current Loss:0.0
[INFO] 2022-11-07 21:19:37,512 - Epoch:1, Batch:25500, Average Loss:0.007652618795925496, Current Loss:0.0
[INFO] 2022-11-07 21:21:48,734 - Epoch:1, Batch:26000, Average Loss:0.007578345289024023, Current Loss:0.0
[INFO] 2022-11-07 21:23:48,529 - Epoch:1, Batch:26500, Average Loss:0.007504630675012211, Current Loss:0.0
[INFO] 2022-11-07 21:26:00,452 - Epoch:1, Batch:27000, Average Loss:0.007453355753587352, Current Loss:0.008386000990867615
[INFO] 2022-11-07 21:28:11,510 - Epoch:1, Batch:27500, Average Loss:0.007382721829956228, Current Loss:0.0
[INFO] 2022-11-07 21:30:22,607 - Epoch:1, Batch:28000, Average Loss:0.007324461882135698, Current Loss:0.0
[INFO] 2022-11-07 21:32:33,625 - Epoch:1, Batch:28500, Average Loss:0.007269589067289704, Current Loss:0.0
[INFO] 2022-11-07 21:34:45,860 - Epoch:1, Batch:29000, Average Loss:0.007204170107327658, Current Loss:0.0
[INFO] 2022-11-07 21:36:57,121 - Epoch:1, Batch:29500, Average Loss:0.007146114222073959, Current Loss:0.0
[INFO] 2022-11-07 21:39:10,749 - Epoch:1, Batch:30000, Average Loss:0.007096575187891722, Current Loss:0.0
[INFO] 2022-11-07 21:41:21,741 - Epoch:1, Batch:30500, Average Loss:0.007037370901615893, Current Loss:0.0
[INFO] 2022-11-07 21:43:34,184 - Epoch:1, Batch:31000, Average Loss:0.006983317616245439, Current Loss:0.0
[INFO] 2022-11-07 21:45:46,027 - Epoch:1, Batch:31500, Average Loss:0.006933401023348173, Current Loss:0.0
[INFO] 2022-11-07 21:47:57,801 - Epoch:1, Batch:32000, Average Loss:0.006877932603470981, Current Loss:0.0
[INFO] 2022-11-07 21:50:10,465 - Epoch:1, Batch:32500, Average Loss:0.0068214120321548905, Current Loss:0.0
[INFO] 2022-11-07 21:52:22,125 - Epoch:1, Batch:33000, Average Loss:0.006785393354567615, Current Loss:0.0
[INFO] 2022-11-07 21:54:34,729 - Epoch:1, Batch:33500, Average Loss:0.006739642382780118, Current Loss:0.0
[INFO] 2022-11-07 21:56:46,294 - Epoch:1, Batch:34000, Average Loss:0.006704161477658678, Current Loss:0.032277144491672516
[INFO] 2022-11-07 21:58:56,707 - Epoch:1, Batch:34500, Average Loss:0.006660170144576957, Current Loss:0.0
[INFO] 2022-11-07 22:01:10,711 - Epoch:2, Batch:203, Average Loss:0.003486073369463089, Current Loss:0.03595833480358124
[INFO] 2022-11-07 22:03:27,413 - Epoch:2, Batch:703, Average Loss:0.004061341720234449, Current Loss:0.0
[INFO] 2022-11-07 22:05:43,619 - Epoch:2, Batch:1203, Average Loss:0.004393083192810652, Current Loss:0.0
[INFO] 2022-11-07 22:08:00,409 - Epoch:2, Batch:1703, Average Loss:0.00417088485786093, Current Loss:0.0
[INFO] 2022-11-07 22:10:16,306 - Epoch:2, Batch:2203, Average Loss:0.003916309575735846, Current Loss:0.0
[INFO] 2022-11-07 22:12:32,733 - Epoch:2, Batch:2703, Average Loss:0.0037719689273763663, Current Loss:0.0
[INFO] 2022-11-07 22:14:49,693 - Epoch:2, Batch:3203, Average Loss:0.003730905384448704, Current Loss:0.0
[INFO] 2022-11-07 22:17:04,722 - Epoch:2, Batch:3703, Average Loss:0.0036848696230908453, Current Loss:0.0
[INFO] 2022-11-07 22:19:20,671 - Epoch:2, Batch:4203, Average Loss:0.0036030487998763407, Current Loss:0.00019391626119613647
[INFO] 2022-11-07 22:21:34,021 - Epoch:2, Batch:4703, Average Loss:0.0036523590696484086, Current Loss:0.0
[INFO] 2022-11-07 22:23:46,112 - Epoch:2, Batch:5203, Average Loss:0.0036153852504284454, Current Loss:0.0
[INFO] 2022-11-07 22:24:57,248 - Evaluation --- MRR :{1: 0.5106327462491846, 2: 0.5772994129158513, 3: 0.6002609262883253, 5: 0.6154142204827123, 10: 0.6244261174789556, 15: 0.6264702095034768, 50: 0.6287666286814206, 100: 0.6290642560786786}, HIT:{1: 0.5106327462491846, 2: 0.643966079582518, 3: 0.7128506196999348, 5: 0.7788649706457925, 10: 0.8446183953033268, 15: 0.8701891715590345, 50: 0.9268101761252446, 100: 0.947423352902805}
[INFO] 2022-11-07 22:24:57,250 - Evaluation --- Max MRR:0.6055493430248806, Current MRR:{1: 0.5106327462491846, 2: 0.5772994129158513, 3: 0.6002609262883253, 5: 0.6154142204827123, 10: 0.6244261174789556, 15: 0.6264702095034768, 50: 0.6287666286814206, 100: 0.6290642560786786}, Current HIT:{1: 0.5106327462491846, 2: 0.643966079582518, 3: 0.7128506196999348, 5: 0.7788649706457925, 10: 0.8446183953033268, 15: 0.8701891715590345, 50: 0.9268101761252446, 100: 0.947423352902805}
[INFO] 2022-11-07 22:27:15,693 - Epoch:2, Batch:5703, Average Loss:0.003516452003210945, Current Loss:0.0
[INFO] 2022-11-07 22:29:21,697 - Epoch:2, Batch:6203, Average Loss:0.003443866290720205, Current Loss:0.0
[INFO] 2022-11-07 22:31:27,131 - Epoch:2, Batch:6703, Average Loss:0.0033724949655293815, Current Loss:0.0
[INFO] 2022-11-07 22:33:33,293 - Epoch:2, Batch:7203, Average Loss:0.0033543145931314864, Current Loss:0.0
[INFO] 2022-11-07 22:35:38,737 - Epoch:2, Batch:7703, Average Loss:0.00334821687678803, Current Loss:0.0
[INFO] 2022-11-07 22:37:44,962 - Epoch:2, Batch:8203, Average Loss:0.003325990517808216, Current Loss:0.0
[INFO] 2022-11-07 22:39:50,492 - Epoch:2, Batch:8703, Average Loss:0.0033318763212487573, Current Loss:0.10940144956111908
[INFO] 2022-11-07 22:41:56,541 - Epoch:2, Batch:9203, Average Loss:0.003283296094133221, Current Loss:0.0
[INFO] 2022-11-07 22:44:01,413 - Epoch:2, Batch:9703, Average Loss:0.003250667754121875, Current Loss:0.0
[INFO] 2022-11-07 22:46:05,882 - Epoch:2, Batch:10203, Average Loss:0.0031923471889658953, Current Loss:0.0
[INFO] 2022-11-07 22:48:10,141 - Epoch:2, Batch:10703, Average Loss:0.003141686150451403, Current Loss:0.0
[INFO] 2022-11-07 22:50:15,899 - Epoch:2, Batch:11203, Average Loss:0.0031076878698970507, Current Loss:0.0
[INFO] 2022-11-07 22:52:20,474 - Epoch:2, Batch:11703, Average Loss:0.00309944435945181, Current Loss:0.0
[INFO] 2022-11-07 22:54:25,454 - Epoch:2, Batch:12203, Average Loss:0.003059111663154781, Current Loss:0.0
[INFO] 2022-11-07 22:56:30,175 - Epoch:2, Batch:12703, Average Loss:0.0030413403295348274, Current Loss:0.0
[INFO] 2022-11-07 22:58:34,883 - Epoch:2, Batch:13203, Average Loss:0.003022285797492506, Current Loss:0.0
[INFO] 2022-11-07 23:00:40,310 - Epoch:2, Batch:13703, Average Loss:0.0030172127086620544, Current Loss:0.0
[INFO] 2022-11-07 23:02:43,459 - Epoch:2, Batch:14203, Average Loss:0.003012865769194187, Current Loss:0.0
[INFO] 2022-11-07 23:04:47,793 - Epoch:2, Batch:14703, Average Loss:0.002999538593366666, Current Loss:0.0
[INFO] 2022-11-07 23:06:51,941 - Epoch:2, Batch:15203, Average Loss:0.003015156738528184, Current Loss:0.0
[INFO] 2022-11-07 23:08:57,077 - Epoch:2, Batch:15703, Average Loss:0.003013422922754655, Current Loss:0.0
[INFO] 2022-11-07 23:11:02,009 - Epoch:2, Batch:16203, Average Loss:0.0030142490037067477, Current Loss:0.0
[INFO] 2022-11-07 23:13:07,449 - Epoch:2, Batch:16703, Average Loss:0.003006726454751389, Current Loss:0.0
[INFO] 2022-11-07 23:15:12,783 - Epoch:2, Batch:17203, Average Loss:0.0030056575882409205, Current Loss:0.0
[INFO] 2022-11-07 23:17:16,928 - Epoch:2, Batch:17703, Average Loss:0.002983424722700545, Current Loss:0.010019645094871521
[INFO] 2022-11-07 23:19:21,943 - Epoch:2, Batch:18203, Average Loss:0.00296257825360903, Current Loss:0.0
[INFO] 2022-11-07 23:21:27,305 - Epoch:2, Batch:18703, Average Loss:0.0029564034372021575, Current Loss:0.0
[INFO] 2022-11-07 23:23:33,015 - Epoch:2, Batch:19203, Average Loss:0.0029452214449052793, Current Loss:0.0
[INFO] 2022-11-07 23:25:39,069 - Epoch:2, Batch:19703, Average Loss:0.002940888608635812, Current Loss:0.0
[INFO] 2022-11-07 23:27:44,292 - Epoch:2, Batch:20203, Average Loss:0.0029350193914862983, Current Loss:0.0
[INFO] 2022-11-07 23:29:49,230 - Epoch:2, Batch:20703, Average Loss:0.0029226223533437867, Current Loss:0.0
[INFO] 2022-11-07 23:31:55,403 - Epoch:2, Batch:21203, Average Loss:0.0029124497846545506, Current Loss:0.0
[INFO] 2022-11-07 23:34:01,403 - Epoch:2, Batch:21703, Average Loss:0.00290031496896967, Current Loss:0.0
[INFO] 2022-11-07 23:36:08,155 - Epoch:2, Batch:22203, Average Loss:0.0028880712403100187, Current Loss:0.0
[INFO] 2022-11-07 23:38:14,592 - Epoch:2, Batch:22703, Average Loss:0.002889445922448027, Current Loss:0.010481074452400208
[INFO] 2022-11-07 23:40:19,091 - Epoch:2, Batch:23203, Average Loss:0.0028859555698163455, Current Loss:0.0
[INFO] 2022-11-07 23:42:24,445 - Epoch:2, Batch:23703, Average Loss:0.0028958518746603, Current Loss:0.0
[INFO] 2022-11-07 23:44:29,375 - Epoch:2, Batch:24203, Average Loss:0.0028789740985313518, Current Loss:0.0
[INFO] 2022-11-07 23:46:34,881 - Epoch:2, Batch:24703, Average Loss:0.002868125501774161, Current Loss:0.0
[INFO] 2022-11-07 23:48:38,515 - Epoch:2, Batch:25203, Average Loss:0.0028623997897887633, Current Loss:0.0
[INFO] 2022-11-07 23:49:48,637 - Evaluation --- MRR :{1: 0.5172863666014351, 2: 0.5848010437051533, 3: 0.6057186344857595, 5: 0.6199325940421823, 10: 0.6290202321415634, 15: 0.6314407644251072, 50: 0.633801717390569, 100: 0.6340529884832357}, HIT:{1: 0.5172863666014351, 2: 0.6523157208088715, 3: 0.7150684931506849, 5: 0.7767775603392042, 10: 0.8437051532941944, 15: 0.8742335290280496, 50: 0.9322896281800391, 100: 0.9495107632093933}
[INFO] 2022-11-07 23:49:48,643 - Evaluation --- Max MRR:0.6244261174789556, Current MRR:{1: 0.5172863666014351, 2: 0.5848010437051533, 3: 0.6057186344857595, 5: 0.6199325940421823, 10: 0.6290202321415634, 15: 0.6314407644251072, 50: 0.633801717390569, 100: 0.6340529884832357}, Current HIT:{1: 0.5172863666014351, 2: 0.6523157208088715, 3: 0.7150684931506849, 5: 0.7767775603392042, 10: 0.8437051532941944, 15: 0.8742335290280496, 50: 0.9322896281800391, 100: 0.9495107632093933}
[INFO] 2022-11-07 23:52:05,105 - Epoch:2, Batch:25703, Average Loss:0.002848930941274397, Current Loss:0.0
[INFO] 2022-11-07 23:54:11,003 - Epoch:2, Batch:26203, Average Loss:0.0028322338890161324, Current Loss:0.0
[INFO] 2022-11-07 23:56:15,809 - Epoch:2, Batch:26703, Average Loss:0.0028282489157596233, Current Loss:0.025683581829071045
[INFO] 2022-11-07 23:58:20,244 - Epoch:2, Batch:27203, Average Loss:0.002819567772247281, Current Loss:0.0
[INFO] 2022-11-08 00:00:25,443 - Epoch:2, Batch:27703, Average Loss:0.002814109229643035, Current Loss:0.0
[INFO] 2022-11-08 00:02:30,253 - Epoch:2, Batch:28203, Average Loss:0.0028135873377587326, Current Loss:0.0
[INFO] 2022-11-08 00:04:34,709 - Epoch:2, Batch:28703, Average Loss:0.002808966005277921, Current Loss:0.0
[INFO] 2022-11-08 00:06:39,725 - Epoch:2, Batch:29203, Average Loss:0.0028053281950394643, Current Loss:0.0
[INFO] 2022-11-08 00:08:44,557 - Epoch:2, Batch:29703, Average Loss:0.0027992292030613835, Current Loss:0.013361707329750061
[INFO] 2022-11-08 00:10:49,950 - Epoch:2, Batch:30203, Average Loss:0.002802014599054676, Current Loss:0.0
[INFO] 2022-11-08 00:12:55,057 - Epoch:2, Batch:30703, Average Loss:0.002800149902731954, Current Loss:0.0
[INFO] 2022-11-08 00:14:59,718 - Epoch:2, Batch:31203, Average Loss:0.0027992604904188865, Current Loss:0.0027118325233459473
[INFO] 2022-11-08 00:17:05,204 - Epoch:2, Batch:31703, Average Loss:0.0028005085131841754, Current Loss:0.0
[INFO] 2022-11-08 00:19:11,163 - Epoch:2, Batch:32203, Average Loss:0.0027904367471794068, Current Loss:0.0
[INFO] 2022-11-08 00:21:15,260 - Epoch:2, Batch:32703, Average Loss:0.0027796308693490515, Current Loss:0.0
[INFO] 2022-11-08 00:23:20,884 - Epoch:2, Batch:33203, Average Loss:0.0027740233702691634, Current Loss:0.0
[INFO] 2022-11-08 00:25:26,125 - Epoch:2, Batch:33703, Average Loss:0.002769379724654176, Current Loss:0.0
[INFO] 2022-11-08 00:27:27,492 - Epoch:2, Batch:34203, Average Loss:0.002773438998385103, Current Loss:0.0
[INFO] 2022-11-08 00:29:19,415 - Epoch:2, Batch:34703, Average Loss:0.002767513071865842, Current Loss:0.005317471921443939
[INFO] 2022-11-08 00:31:14,393 - Epoch:3, Batch:406, Average Loss:0.0035554847216664864, Current Loss:0.0
[INFO] 2022-11-08 00:33:10,567 - Epoch:3, Batch:906, Average Loss:0.003044613388266258, Current Loss:0.002498030662536621
[INFO] 2022-11-08 00:35:20,207 - Epoch:3, Batch:1406, Average Loss:0.0028565500731742906, Current Loss:0.0
[INFO] 2022-11-08 00:37:31,731 - Epoch:3, Batch:1906, Average Loss:0.0027414469824320123, Current Loss:0.0026613548398017883
[INFO] 2022-11-08 00:39:43,262 - Epoch:3, Batch:2406, Average Loss:0.002743020390507983, Current Loss:0.0
[INFO] 2022-11-08 00:41:53,283 - Epoch:3, Batch:2906, Average Loss:0.002663465056514543, Current Loss:0.0
[INFO] 2022-11-08 00:44:05,251 - Epoch:3, Batch:3406, Average Loss:0.002707708563548428, Current Loss:0.0
[INFO] 2022-11-08 00:46:16,903 - Epoch:3, Batch:3906, Average Loss:0.0026670150493147186, Current Loss:0.0
[INFO] 2022-11-08 00:48:29,067 - Epoch:3, Batch:4406, Average Loss:0.0026083361075052176, Current Loss:0.0
[INFO] 2022-11-08 00:50:41,631 - Epoch:3, Batch:4906, Average Loss:0.0025661388040803864, Current Loss:0.0
[INFO] 2022-11-08 00:52:54,485 - Epoch:3, Batch:5406, Average Loss:0.0025428099818927377, Current Loss:0.0
[INFO] 2022-11-08 00:55:05,026 - Epoch:3, Batch:5906, Average Loss:0.0025055751234767318, Current Loss:0.0025855451822280884
[INFO] 2022-11-08 00:57:14,535 - Epoch:3, Batch:6406, Average Loss:0.0025173616591204788, Current Loss:0.0
[INFO] 2022-11-08 00:59:25,163 - Epoch:3, Batch:6906, Average Loss:0.002569765578593995, Current Loss:0.011324644088745117
[INFO] 2022-11-08 01:01:35,778 - Epoch:3, Batch:7406, Average Loss:0.002611536205684112, Current Loss:0.0
[INFO] 2022-11-08 01:03:46,663 - Epoch:3, Batch:7906, Average Loss:0.002575553154496039, Current Loss:0.0
[INFO] 2022-11-08 01:05:57,979 - Epoch:3, Batch:8406, Average Loss:0.002572477830858875, Current Loss:0.0
[INFO] 2022-11-08 01:08:09,699 - Epoch:3, Batch:8906, Average Loss:0.0025278903433520582, Current Loss:0.0
[INFO] 2022-11-08 01:10:20,593 - Epoch:3, Batch:9406, Average Loss:0.002541504219703514, Current Loss:0.0
[INFO] 2022-11-08 01:12:30,929 - Epoch:3, Batch:9906, Average Loss:0.0025504993997979065, Current Loss:0.0
[INFO] 2022-11-08 01:14:44,496 - Epoch:3, Batch:10406, Average Loss:0.002555306549086471, Current Loss:0.0
[INFO] 2022-11-08 01:15:55,176 - Evaluation --- MRR :{1: 0.5283757338551859, 2: 0.5975864318330072, 3: 0.6191998260491419, 5: 0.6321548162644038, 10: 0.6401677900992963, 15: 0.6425210771688242, 50: 0.6448565064509162, 100: 0.6451294588817559}, HIT:{1: 0.5283757338551859, 2: 0.6667971298108284, 3: 0.7316373124592302, 5: 0.7883887801696021, 10: 0.8470971950424006, 15: 0.8765818656229615, 50: 0.9346379647749511, 100: 0.9534246575342465}
[INFO] 2022-11-08 01:15:55,177 - Evaluation --- Max MRR:0.6290202321415634, Current MRR:{1: 0.5283757338551859, 2: 0.5975864318330072, 3: 0.6191998260491419, 5: 0.6321548162644038, 10: 0.6401677900992963, 15: 0.6425210771688242, 50: 0.6448565064509162, 100: 0.6451294588817559}, Current HIT:{1: 0.5283757338551859, 2: 0.6667971298108284, 3: 0.7316373124592302, 5: 0.7883887801696021, 10: 0.8470971950424006, 15: 0.8765818656229615, 50: 0.9346379647749511, 100: 0.9534246575342465}
[INFO] 2022-11-08 01:18:12,576 - Epoch:3, Batch:10906, Average Loss:0.0025164399923872515, Current Loss:0.0
[INFO] 2022-11-08 01:20:18,639 - Epoch:3, Batch:11406, Average Loss:0.0024910899868465903, Current Loss:0.0
[INFO] 2022-11-08 01:22:25,877 - Epoch:3, Batch:11906, Average Loss:0.002486136930140651, Current Loss:0.0
[INFO] 2022-11-08 01:24:30,580 - Epoch:3, Batch:12406, Average Loss:0.0024512265722549443, Current Loss:0.0
[INFO] 2022-11-08 01:26:36,492 - Epoch:3, Batch:12906, Average Loss:0.0024212292412418034, Current Loss:0.0
[INFO] 2022-11-08 01:28:40,825 - Epoch:3, Batch:13406, Average Loss:0.0024041156083741116, Current Loss:0.0
[INFO] 2022-11-08 01:30:46,724 - Epoch:3, Batch:13906, Average Loss:0.002391317689717116, Current Loss:0.0
[INFO] 2022-11-08 01:32:52,821 - Epoch:3, Batch:14406, Average Loss:0.0023817646274645428, Current Loss:0.0
[INFO] 2022-11-08 01:34:59,471 - Epoch:3, Batch:14906, Average Loss:0.002385473786768906, Current Loss:0.0
[INFO] 2022-11-08 01:37:05,067 - Epoch:3, Batch:15406, Average Loss:0.002344463733412392, Current Loss:0.0
[INFO] 2022-11-08 01:39:10,670 - Epoch:3, Batch:15906, Average Loss:0.002333165094299495, Current Loss:0.0
[INFO] 2022-11-08 01:41:15,873 - Epoch:3, Batch:16406, Average Loss:0.0023271225871479427, Current Loss:0.0
[INFO] 2022-11-08 01:43:22,120 - Epoch:3, Batch:16906, Average Loss:0.002310193883841043, Current Loss:0.0
[INFO] 2022-11-08 01:45:28,830 - Epoch:3, Batch:17406, Average Loss:0.002281226681749341, Current Loss:0.0
[INFO] 2022-11-08 01:47:35,998 - Epoch:3, Batch:17906, Average Loss:0.002253109165843367, Current Loss:0.0
[INFO] 2022-11-08 01:49:43,697 - Epoch:3, Batch:18406, Average Loss:0.0022347062056244397, Current Loss:0.0
[INFO] 2022-11-08 01:51:50,746 - Epoch:3, Batch:18906, Average Loss:0.002233158434467014, Current Loss:0.013165578246116638
[INFO] 2022-11-08 01:53:56,823 - Epoch:3, Batch:19406, Average Loss:0.002222566967414456, Current Loss:0.0
[INFO] 2022-11-08 01:56:02,833 - Epoch:3, Batch:19906, Average Loss:0.002220346817407466, Current Loss:0.0
[INFO] 2022-11-08 01:58:08,759 - Epoch:3, Batch:20406, Average Loss:0.0021995421530779094, Current Loss:0.0
[INFO] 2022-11-08 02:00:11,192 - Epoch:3, Batch:20906, Average Loss:0.0021937066701785304, Current Loss:0.0
[INFO] 2022-11-08 02:02:14,833 - Epoch:3, Batch:21406, Average Loss:0.0021947036207273585, Current Loss:0.0
[INFO] 2022-11-08 02:04:16,179 - Epoch:3, Batch:21906, Average Loss:0.002181736583523279, Current Loss:0.0
[INFO] 2022-11-08 02:06:18,379 - Epoch:3, Batch:22406, Average Loss:0.0021659974515900954, Current Loss:0.0
[INFO] 2022-11-08 02:08:19,474 - Epoch:3, Batch:22906, Average Loss:0.002151400178389852, Current Loss:0.0
[INFO] 2022-11-08 02:10:21,934 - Epoch:3, Batch:23406, Average Loss:0.002142479013112695, Current Loss:0.0
[INFO] 2022-11-08 02:12:23,287 - Epoch:3, Batch:23906, Average Loss:0.002141543248515443, Current Loss:0.0075065940618515015
[INFO] 2022-11-08 02:14:25,425 - Epoch:3, Batch:24406, Average Loss:0.002125895989607428, Current Loss:0.0
[INFO] 2022-11-08 02:16:24,969 - Epoch:3, Batch:24906, Average Loss:0.0021183032380628036, Current Loss:0.0
[INFO] 2022-11-08 02:18:28,425 - Epoch:3, Batch:25406, Average Loss:0.0021094833257643527, Current Loss:0.0
[INFO] 2022-11-08 02:20:28,467 - Epoch:3, Batch:25906, Average Loss:0.0021008778051994836, Current Loss:0.0
[INFO] 2022-11-08 02:22:27,969 - Epoch:3, Batch:26406, Average Loss:0.0020963976076879367, Current Loss:0.0
[INFO] 2022-11-08 02:24:27,786 - Epoch:3, Batch:26906, Average Loss:0.0020875576101279493, Current Loss:0.011254169046878815
[INFO] 2022-11-08 02:26:27,448 - Epoch:3, Batch:27406, Average Loss:0.0020798076016771737, Current Loss:0.0
[INFO] 2022-11-08 02:28:27,106 - Epoch:3, Batch:27906, Average Loss:0.0020809781487390643, Current Loss:0.0
[INFO] 2022-11-08 02:30:27,276 - Epoch:3, Batch:28406, Average Loss:0.002073599708476453, Current Loss:0.0
[INFO] 2022-11-08 02:32:26,115 - Epoch:3, Batch:28906, Average Loss:0.0020589781500435713, Current Loss:0.0
[INFO] 2022-11-08 02:34:27,789 - Epoch:3, Batch:29406, Average Loss:0.002042342377428148, Current Loss:0.010327339172363281
[INFO] 2022-11-08 02:36:32,256 - Epoch:3, Batch:29906, Average Loss:0.0020218020998749183, Current Loss:0.0
[INFO] 2022-11-08 02:38:32,429 - Epoch:3, Batch:30406, Average Loss:0.0020097754491376837, Current Loss:0.03866938501596451
[INFO] 2022-11-08 02:39:40,665 - Evaluation --- MRR :{1: 0.5321591650358773, 2: 0.6007175472928897, 3: 0.6212872363557308, 5: 0.6350706675364202, 10: 0.6436615620372972, 15: 0.6458360650728553, 50: 0.6480851460785142, 100: 0.6483408990559144}, HIT:{1: 0.5321591650358773, 2: 0.6692759295499021, 3: 0.7309849967384214, 5: 0.790737116764514, 10: 0.8541422048271363, 15: 0.8816699282452707, 50: 0.9367253750815394, 100: 0.9539465101108937}
[INFO] 2022-11-08 02:39:40,671 - Evaluation --- Max MRR:0.6401677900992963, Current MRR:{1: 0.5321591650358773, 2: 0.6007175472928897, 3: 0.6212872363557308, 5: 0.6350706675364202, 10: 0.6436615620372972, 15: 0.6458360650728553, 50: 0.6480851460785142, 100: 0.6483408990559144}, Current HIT:{1: 0.5321591650358773, 2: 0.6692759295499021, 3: 0.7309849967384214, 5: 0.790737116764514, 10: 0.8541422048271363, 15: 0.8816699282452707, 50: 0.9367253750815394, 100: 0.9539465101108937}
[INFO] 2022-11-08 02:41:58,246 - Epoch:3, Batch:30906, Average Loss:0.001997952488040273, Current Loss:0.0
[INFO] 2022-11-08 02:44:00,279 - Epoch:3, Batch:31406, Average Loss:0.0019854900817946855, Current Loss:0.0
[INFO] 2022-11-08 02:46:03,009 - Epoch:3, Batch:31906, Average Loss:0.001992198983580388, Current Loss:0.0033347532153129578
[INFO] 2022-11-08 02:48:07,989 - Epoch:3, Batch:32406, Average Loss:0.001991278971456594, Current Loss:0.0
[INFO] 2022-11-08 02:50:09,829 - Epoch:3, Batch:32906, Average Loss:0.0019850038661751307, Current Loss:0.0
[INFO] 2022-11-08 02:52:13,006 - Epoch:3, Batch:33406, Average Loss:0.001974387724330124, Current Loss:0.0
[INFO] 2022-11-08 02:54:14,792 - Epoch:3, Batch:33906, Average Loss:0.001961300367654154, Current Loss:0.0
[INFO] 2022-11-08 02:56:16,768 - Epoch:3, Batch:34406, Average Loss:0.0019595458188015643, Current Loss:0.0
[INFO] 2022-11-08 02:57:53,914 - Start testing...
[INFO] 2022-11-08 03:00:15,986 - Evaluation --- MRR :{1: 0.486090775988287, 2: 0.5507034184225603, 3: 0.570437328919724, 5: 0.5854414666751512, 10: 0.594403875242884, 15: 0.5970285014495336, 50: 0.5999534400963388, 100: 0.6003122018552068}, HIT:{1: 0.486090775988287, 2: 0.6153160608568337, 3: 0.6745177923483353, 5: 0.7400216436437711, 10: 0.8062893882487746, 15: 0.8391368005601885, 50: 0.9119612960723152, 100: 0.9371697752880515}
