[INFO] 2022-11-07 16:04:21,156 - Setting: ['enriched_code_outer']
[INFO] 2022-11-07 16:04:21,156 - Config: 
{
    "encoder_epoches": 4,
    "classifier_epoches": 3,
    "data_path": "data/database/codesearch-new",
    "saved_path": "data/codesearchmodel",
    "train_batch_size": 8,
    "eval_batch_size": 16,
    "use_cuda": true,
    "max_nl_len": 32,
    "max_pl_len": 480,
    "filter_K": 100,
    "final_K": 15,
    "test_path": "data/database/codesearch-new/origin_data/java_test_1.jsonl",
    "run_way": "test",
    "confidence": 0.5
}
[INFO] 2022-11-07 16:04:21,156 - Loading train dataset...
[INFO] 2022-11-07 16:04:36,040 - Loading eval dataset...
[INFO] 2022-11-07 16:04:36,278 - Loading test dataset...
[INFO] 2022-11-07 16:04:38,365 - Loading encoder...
[INFO] 2022-11-07 16:04:40,400 - Start training...
[INFO] 2022-11-07 16:04:41,679 - Total step: 139188
[INFO] 2022-11-07 16:06:23,001 - Epoch:1, Batch:500, Average Loss:0.5814112539440394, Current Loss:0.4651048481464386
[INFO] 2022-11-07 16:08:04,463 - Epoch:1, Batch:1000, Average Loss:0.45989222574979066, Current Loss:0.5683215856552124
[INFO] 2022-11-07 16:09:44,658 - Epoch:1, Batch:1500, Average Loss:0.4009524958133697, Current Loss:0.17565447092056274
[INFO] 2022-11-07 16:11:25,882 - Epoch:1, Batch:2000, Average Loss:0.3674923903308809, Current Loss:0.17307759821414948
[INFO] 2022-11-07 16:13:07,890 - Epoch:1, Batch:2500, Average Loss:0.34758770599365235, Current Loss:0.19154056906700134
[INFO] 2022-11-07 16:14:49,405 - Epoch:1, Batch:3000, Average Loss:0.33216449754933514, Current Loss:0.28631675243377686
[INFO] 2022-11-07 16:16:31,455 - Epoch:1, Batch:3500, Average Loss:0.3204814666020019, Current Loss:0.11543363332748413
[INFO] 2022-11-07 16:18:13,621 - Epoch:1, Batch:4000, Average Loss:0.30978667100705204, Current Loss:0.20902207493782043
[INFO] 2022-11-07 16:19:56,022 - Epoch:1, Batch:4500, Average Loss:0.3012380822814173, Current Loss:0.260869562625885
[INFO] 2022-11-07 16:21:37,455 - Epoch:1, Batch:5000, Average Loss:0.29404744537174704, Current Loss:0.3983043134212494
[INFO] 2022-11-07 16:23:18,041 - Epoch:1, Batch:5500, Average Loss:0.2881104669042609, Current Loss:0.13675488531589508
[INFO] 2022-11-07 16:24:58,105 - Epoch:1, Batch:6000, Average Loss:0.28340036010866365, Current Loss:0.15319544076919556
[INFO] 2022-11-07 16:26:38,205 - Epoch:1, Batch:6500, Average Loss:0.27885574095295024, Current Loss:0.2248198539018631
[INFO] 2022-11-07 16:28:19,445 - Epoch:1, Batch:7000, Average Loss:0.27505174878452504, Current Loss:0.2213830053806305
[INFO] 2022-11-07 16:30:00,015 - Epoch:1, Batch:7500, Average Loss:0.2710335638572772, Current Loss:0.2945665419101715
[INFO] 2022-11-07 16:31:41,126 - Epoch:1, Batch:8000, Average Loss:0.26797664881218225, Current Loss:0.29183369874954224
[INFO] 2022-11-07 16:33:23,537 - Epoch:1, Batch:8500, Average Loss:0.2648845257031567, Current Loss:0.1884949803352356
[INFO] 2022-11-07 16:35:05,750 - Epoch:1, Batch:9000, Average Loss:0.2613087847348717, Current Loss:0.42426997423171997
[INFO] 2022-11-07 16:36:46,984 - Epoch:1, Batch:9500, Average Loss:0.2584396917012177, Current Loss:0.3694925904273987
[INFO] 2022-11-07 16:38:28,594 - Epoch:1, Batch:10000, Average Loss:0.2558654884159565, Current Loss:0.3191591799259186
[INFO] 2022-11-07 16:40:11,166 - Epoch:1, Batch:10500, Average Loss:0.2533406364910659, Current Loss:0.04604293406009674
[INFO] 2022-11-07 16:41:52,914 - Epoch:1, Batch:11000, Average Loss:0.2512699619490992, Current Loss:0.1696138232946396
[INFO] 2022-11-07 16:43:34,102 - Epoch:1, Batch:11500, Average Loss:0.24939343157086682, Current Loss:0.3310821056365967
[INFO] 2022-11-07 16:45:14,233 - Epoch:1, Batch:12000, Average Loss:0.24731810107268393, Current Loss:0.21246835589408875
[INFO] 2022-11-07 16:46:55,016 - Epoch:1, Batch:12500, Average Loss:0.2454946901601553, Current Loss:0.31332701444625854
[INFO] 2022-11-07 16:48:33,955 - Epoch:1, Batch:13000, Average Loss:0.24379311983516583, Current Loss:0.34290531277656555
[INFO] 2022-11-07 16:50:12,842 - Epoch:1, Batch:13500, Average Loss:0.24240990029496176, Current Loss:0.4046477675437927
[INFO] 2022-11-07 16:51:52,564 - Epoch:1, Batch:14000, Average Loss:0.24114444787321346, Current Loss:0.17318026721477509
[INFO] 2022-11-07 16:53:33,266 - Epoch:1, Batch:14500, Average Loss:0.23946312810326445, Current Loss:0.21826374530792236
[INFO] 2022-11-07 16:55:12,867 - Epoch:1, Batch:15000, Average Loss:0.23788503636221092, Current Loss:0.25962531566619873
[INFO] 2022-11-07 16:56:52,685 - Epoch:1, Batch:15500, Average Loss:0.23624118610639727, Current Loss:0.42507678270339966
[INFO] 2022-11-07 16:58:31,318 - Epoch:1, Batch:16000, Average Loss:0.23475279934471474, Current Loss:0.5664128065109253
[INFO] 2022-11-07 17:00:09,808 - Epoch:1, Batch:16500, Average Loss:0.23361710914382428, Current Loss:0.2212866246700287
[INFO] 2022-11-07 17:01:50,451 - Epoch:1, Batch:17000, Average Loss:0.2324675352314816, Current Loss:0.34650492668151855
[INFO] 2022-11-07 17:03:30,315 - Epoch:1, Batch:17500, Average Loss:0.2311910485859428, Current Loss:0.4329409599304199
[INFO] 2022-11-07 17:05:10,477 - Epoch:1, Batch:18000, Average Loss:0.23004113643988966, Current Loss:0.2877950966358185
[INFO] 2022-11-07 17:06:50,038 - Epoch:1, Batch:18500, Average Loss:0.22871172040821733, Current Loss:0.33182621002197266
[INFO] 2022-11-07 17:08:29,301 - Epoch:1, Batch:19000, Average Loss:0.22778239784428947, Current Loss:0.11217977106571198
[INFO] 2022-11-07 17:10:08,607 - Epoch:1, Batch:19500, Average Loss:0.22673194311826658, Current Loss:0.20095881819725037
[INFO] 2022-11-07 17:11:49,529 - Epoch:1, Batch:20000, Average Loss:0.2257060859311372, Current Loss:0.1172986850142479
[INFO] 2022-11-07 17:12:43,000 - Evaluation --- MRR :{1: 0.2694063926940639, 2: 0.3178734507501631, 3: 0.33631224179169406, 5: 0.3515568601869972, 10: 0.3635759326561681, 15: 0.36680333799707554, 50: 0.37176020524075065, 100: 0.37270700558628045}, HIT:{1: 0.2694063926940639, 2: 0.36634050880626223, 3: 0.42165688193085454, 5: 0.4883235485975212, 10: 0.5774298760600131, 15: 0.6180039138943249, 50: 0.7479452054794521, 100: 0.8136986301369863}
[INFO] 2022-11-07 17:12:43,043 - Evaluation --- Max MRR:0, Current MRR:{1: 0.2694063926940639, 2: 0.3178734507501631, 3: 0.33631224179169406, 5: 0.3515568601869972, 10: 0.3635759326561681, 15: 0.36680333799707554, 50: 0.37176020524075065, 100: 0.37270700558628045}, Current HIT:{1: 0.2694063926940639, 2: 0.36634050880626223, 3: 0.42165688193085454, 5: 0.4883235485975212, 10: 0.5774298760600131, 15: 0.6180039138943249, 50: 0.7479452054794521, 100: 0.8136986301369863}
[INFO] 2022-11-07 17:14:30,399 - Epoch:1, Batch:20500, Average Loss:0.2244376973219034, Current Loss:0.2621104121208191
[INFO] 2022-11-07 17:16:05,141 - Epoch:1, Batch:21000, Average Loss:0.22304606793288673, Current Loss:0.1503884345293045
[INFO] 2022-11-07 17:17:41,071 - Epoch:1, Batch:21500, Average Loss:0.22192060574126798, Current Loss:0.2379809319972992
[INFO] 2022-11-07 17:19:16,156 - Epoch:1, Batch:22000, Average Loss:0.22071678539941256, Current Loss:0.2888161540031433
[INFO] 2022-11-07 17:20:52,505 - Epoch:1, Batch:22500, Average Loss:0.21966328863269752, Current Loss:0.028182514011859894
[INFO] 2022-11-07 17:22:27,658 - Epoch:1, Batch:23000, Average Loss:0.21851763649738354, Current Loss:0.3891967535018921
[INFO] 2022-11-07 17:24:03,730 - Epoch:1, Batch:23500, Average Loss:0.21745665528260646, Current Loss:0.25381791591644287
[INFO] 2022-11-07 17:25:39,314 - Epoch:1, Batch:24000, Average Loss:0.21631913067835074, Current Loss:0.5753814578056335
[INFO] 2022-11-07 17:27:14,044 - Epoch:1, Batch:24500, Average Loss:0.21543268391489984, Current Loss:0.18727241456508636
[INFO] 2022-11-07 17:28:49,610 - Epoch:1, Batch:25000, Average Loss:0.21440672852396966, Current Loss:0.10638395696878433
[INFO] 2022-11-07 17:30:25,316 - Epoch:1, Batch:25500, Average Loss:0.21341785658253173, Current Loss:0.28238511085510254
[INFO] 2022-11-07 17:31:59,828 - Epoch:1, Batch:26000, Average Loss:0.2125345420599557, Current Loss:0.21915727853775024
[INFO] 2022-11-07 17:33:35,122 - Epoch:1, Batch:26500, Average Loss:0.2115728705831856, Current Loss:0.18950772285461426
[INFO] 2022-11-07 17:35:09,948 - Epoch:1, Batch:27000, Average Loss:0.21045828950681067, Current Loss:0.16964410245418549
[INFO] 2022-11-07 17:36:44,592 - Epoch:1, Batch:27500, Average Loss:0.20957407191558317, Current Loss:0.09436818957328796
[INFO] 2022-11-07 17:38:18,982 - Epoch:1, Batch:28000, Average Loss:0.20882180572487413, Current Loss:0.2679039239883423
[INFO] 2022-11-07 17:39:53,756 - Epoch:1, Batch:28500, Average Loss:0.20796655761751168, Current Loss:0.11933385580778122
[INFO] 2022-11-07 17:41:28,883 - Epoch:1, Batch:29000, Average Loss:0.20712671001974878, Current Loss:0.06326799839735031
[INFO] 2022-11-07 17:43:03,890 - Epoch:1, Batch:29500, Average Loss:0.2062265204297284, Current Loss:0.19082491099834442
[INFO] 2022-11-07 17:44:39,481 - Epoch:1, Batch:30000, Average Loss:0.20549457368552684, Current Loss:0.1652141958475113
[INFO] 2022-11-07 17:46:14,934 - Epoch:1, Batch:30500, Average Loss:0.2047141166444196, Current Loss:0.05873177945613861
[INFO] 2022-11-07 17:47:49,676 - Epoch:1, Batch:31000, Average Loss:0.20399529570004632, Current Loss:0.10079346597194672
[INFO] 2022-11-07 17:49:26,040 - Epoch:1, Batch:31500, Average Loss:0.20333027499417464, Current Loss:0.1407354772090912
[INFO] 2022-11-07 17:51:01,463 - Epoch:1, Batch:32000, Average Loss:0.2026377508705482, Current Loss:0.16106699407100677
[INFO] 2022-11-07 17:52:36,966 - Epoch:1, Batch:32500, Average Loss:0.20194960704056117, Current Loss:0.13061457872390747
[INFO] 2022-11-07 17:54:13,245 - Epoch:1, Batch:33000, Average Loss:0.20119955728541722, Current Loss:0.15535974502563477
[INFO] 2022-11-07 17:55:48,628 - Epoch:1, Batch:33500, Average Loss:0.20052923602110415, Current Loss:0.1986132562160492
[INFO] 2022-11-07 17:57:23,020 - Epoch:1, Batch:34000, Average Loss:0.19984769926833756, Current Loss:0.15382274985313416
[INFO] 2022-11-07 17:58:58,926 - Epoch:1, Batch:34500, Average Loss:0.19926846210010674, Current Loss:0.15935376286506653
[INFO] 2022-11-07 18:00:36,929 - Epoch:2, Batch:203, Average Loss:0.1664755292640531, Current Loss:0.24429446458816528
[INFO] 2022-11-07 18:02:16,094 - Epoch:2, Batch:703, Average Loss:0.16256737757797432, Current Loss:0.10565012693405151
[INFO] 2022-11-07 18:03:55,833 - Epoch:2, Batch:1203, Average Loss:0.16341454649680076, Current Loss:0.048778340220451355
[INFO] 2022-11-07 18:05:35,798 - Epoch:2, Batch:1703, Average Loss:0.16407710701419687, Current Loss:0.25987738370895386
[INFO] 2022-11-07 18:07:15,949 - Epoch:2, Batch:2203, Average Loss:0.1652587804701509, Current Loss:0.18708565831184387
[INFO] 2022-11-07 18:08:55,022 - Epoch:2, Batch:2703, Average Loss:0.16501838934948565, Current Loss:0.16218693554401398
[INFO] 2022-11-07 18:10:34,811 - Epoch:2, Batch:3203, Average Loss:0.1641043551891921, Current Loss:0.17398913204669952
[INFO] 2022-11-07 18:12:14,033 - Epoch:2, Batch:3703, Average Loss:0.16335343805931724, Current Loss:0.1372075229883194
[INFO] 2022-11-07 18:13:54,734 - Epoch:2, Batch:4203, Average Loss:0.16320063744928903, Current Loss:0.23801904916763306
[INFO] 2022-11-07 18:15:35,904 - Epoch:2, Batch:4703, Average Loss:0.1624259561800891, Current Loss:0.02678762376308441
[INFO] 2022-11-07 18:17:16,241 - Epoch:2, Batch:5203, Average Loss:0.16251142569460503, Current Loss:0.18935775756835938
[INFO] 2022-11-07 18:18:09,764 - Evaluation --- MRR :{1: 0.28467058056099154, 2: 0.33405088062622307, 3: 0.3540552293976961, 5: 0.3697890845836059, 10: 0.38116210563373065, 15: 0.3849834332515346, 50: 0.3897233841603389, 100: 0.3905312310561763}, HIT:{1: 0.28467058056099154, 2: 0.38343118069145465, 3: 0.44344422700587083, 5: 0.5116764514024787, 10: 0.597129810828441, 15: 0.6454011741682975, 50: 0.7673842139595565, 100: 0.8236138290932812}
[INFO] 2022-11-07 18:18:09,766 - Evaluation --- Max MRR:0.3635759326561681, Current MRR:{1: 0.28467058056099154, 2: 0.33405088062622307, 3: 0.3540552293976961, 5: 0.3697890845836059, 10: 0.38116210563373065, 15: 0.3849834332515346, 50: 0.3897233841603389, 100: 0.3905312310561763}, Current HIT:{1: 0.28467058056099154, 2: 0.38343118069145465, 3: 0.44344422700587083, 5: 0.5116764514024787, 10: 0.597129810828441, 15: 0.6454011741682975, 50: 0.7673842139595565, 100: 0.8236138290932812}
[INFO] 2022-11-07 18:19:56,929 - Epoch:2, Batch:5703, Average Loss:0.16090035723339732, Current Loss:0.1625891923904419
[INFO] 2022-11-07 18:21:32,699 - Epoch:2, Batch:6203, Average Loss:0.15924953213002094, Current Loss:0.1145651713013649
[INFO] 2022-11-07 18:23:08,495 - Epoch:2, Batch:6703, Average Loss:0.1572689299814722, Current Loss:0.05788947641849518
[INFO] 2022-11-07 18:24:44,453 - Epoch:2, Batch:7203, Average Loss:0.15592418248605747, Current Loss:0.3972032964229584
[INFO] 2022-11-07 18:26:19,893 - Epoch:2, Batch:7703, Average Loss:0.1549964693344585, Current Loss:0.01422496885061264
[INFO] 2022-11-07 18:27:55,655 - Epoch:2, Batch:8203, Average Loss:0.1539315645009966, Current Loss:0.2074170857667923
[INFO] 2022-11-07 18:29:31,000 - Epoch:2, Batch:8703, Average Loss:0.15331947830378645, Current Loss:0.3156614899635315
[INFO] 2022-11-07 18:31:06,637 - Epoch:2, Batch:9203, Average Loss:0.15224333103261642, Current Loss:0.2196899950504303
[INFO] 2022-11-07 18:32:41,319 - Epoch:2, Batch:9703, Average Loss:0.15175437012797321, Current Loss:0.056176163256168365
[INFO] 2022-11-07 18:34:16,900 - Epoch:2, Batch:10203, Average Loss:0.1511978744499522, Current Loss:0.34792405366897583
[INFO] 2022-11-07 18:35:52,943 - Epoch:2, Batch:10703, Average Loss:0.15042562567454282, Current Loss:0.126247838139534
[INFO] 2022-11-07 18:37:29,165 - Epoch:2, Batch:11203, Average Loss:0.1501189137385922, Current Loss:0.3582291603088379
[INFO] 2022-11-07 18:39:04,740 - Epoch:2, Batch:11703, Average Loss:0.1497159626194527, Current Loss:0.1469561755657196
[INFO] 2022-11-07 18:40:39,779 - Epoch:2, Batch:12203, Average Loss:0.14941098270546282, Current Loss:0.12477272003889084
[INFO] 2022-11-07 18:42:15,105 - Epoch:2, Batch:12703, Average Loss:0.14910504183088485, Current Loss:0.07443133741617203
[INFO] 2022-11-07 18:43:50,373 - Epoch:2, Batch:13203, Average Loss:0.14856210431968733, Current Loss:0.15458080172538757
[INFO] 2022-11-07 18:45:25,260 - Epoch:2, Batch:13703, Average Loss:0.1481481294931917, Current Loss:0.13029581308364868
[INFO] 2022-11-07 18:47:01,052 - Epoch:2, Batch:14203, Average Loss:0.14764946239454801, Current Loss:0.26897865533828735
[INFO] 2022-11-07 18:48:36,304 - Epoch:2, Batch:14703, Average Loss:0.14728627421758958, Current Loss:0.008500859141349792
[INFO] 2022-11-07 18:50:11,619 - Epoch:2, Batch:15203, Average Loss:0.14672489944897632, Current Loss:0.12856146693229675
[INFO] 2022-11-07 18:51:47,250 - Epoch:2, Batch:15703, Average Loss:0.1463430639467163, Current Loss:0.1975853443145752
[INFO] 2022-11-07 18:53:21,666 - Epoch:2, Batch:16203, Average Loss:0.14601251326438372, Current Loss:0.10796503722667694
[INFO] 2022-11-07 18:54:56,831 - Epoch:2, Batch:16703, Average Loss:0.14562877717988332, Current Loss:0.05263712257146835
[INFO] 2022-11-07 18:56:33,054 - Epoch:2, Batch:17203, Average Loss:0.145623536958588, Current Loss:0.5082191228866577
[INFO] 2022-11-07 18:58:08,758 - Epoch:2, Batch:17703, Average Loss:0.1452835334444601, Current Loss:0.0
[INFO] 2022-11-07 18:59:43,690 - Epoch:2, Batch:18203, Average Loss:0.144841871919088, Current Loss:0.0061777085065841675
[INFO] 2022-11-07 19:01:18,844 - Epoch:2, Batch:18703, Average Loss:0.14466095687198569, Current Loss:0.21385711431503296
[INFO] 2022-11-07 19:02:54,014 - Epoch:2, Batch:19203, Average Loss:0.14453699217872285, Current Loss:0.24035412073135376
[INFO] 2022-11-07 19:04:29,269 - Epoch:2, Batch:19703, Average Loss:0.14441295219858982, Current Loss:0.014536529779434204
[INFO] 2022-11-07 19:06:04,988 - Epoch:2, Batch:20203, Average Loss:0.14413485282076258, Current Loss:0.12601831555366516
[INFO] 2022-11-07 19:07:40,042 - Epoch:2, Batch:20703, Average Loss:0.14397264886108543, Current Loss:0.08079629391431808
[INFO] 2022-11-07 19:09:15,460 - Epoch:2, Batch:21203, Average Loss:0.14374185812331053, Current Loss:0.09757258743047714
[INFO] 2022-11-07 19:10:51,567 - Epoch:2, Batch:21703, Average Loss:0.1436280611709714, Current Loss:0.12735985219478607
[INFO] 2022-11-07 19:12:27,350 - Epoch:2, Batch:22203, Average Loss:0.1435224460619519, Current Loss:0.00616474449634552
[INFO] 2022-11-07 19:14:02,044 - Epoch:2, Batch:22703, Average Loss:0.1433641959070524, Current Loss:0.15074965357780457
[INFO] 2022-11-07 19:15:38,143 - Epoch:2, Batch:23203, Average Loss:0.14338569540376472, Current Loss:0.07603644579648972
[INFO] 2022-11-07 19:17:13,552 - Epoch:2, Batch:23703, Average Loss:0.14314047273638048, Current Loss:0.032228246331214905
[INFO] 2022-11-07 19:18:49,697 - Epoch:2, Batch:24203, Average Loss:0.14300540857075836, Current Loss:0.11347432434558868
[INFO] 2022-11-07 19:20:24,615 - Epoch:2, Batch:24703, Average Loss:0.1428947327795388, Current Loss:0.14380097389221191
[INFO] 2022-11-07 19:22:00,023 - Epoch:2, Batch:25203, Average Loss:0.14275701903479301, Current Loss:0.11581426113843918
[INFO] 2022-11-07 19:22:53,311 - Evaluation --- MRR :{1: 0.2917155903457273, 2: 0.3448140900195695, 3: 0.3654707545118513, 5: 0.3808458360513163, 10: 0.39199981362408054, 15: 0.39555197140324305, 50: 0.4001451437343238, 100: 0.40093359869410256}, HIT:{1: 0.2917155903457273, 2: 0.3979125896934116, 3: 0.4598825831702544, 5: 0.5278538812785388, 10: 0.6114807566862361, 15: 0.6560991519895629, 50: 0.7767775603392042, 100: 0.8310502283105022}
[INFO] 2022-11-07 19:22:53,317 - Evaluation --- Max MRR:0.38116210563373065, Current MRR:{1: 0.2917155903457273, 2: 0.3448140900195695, 3: 0.3654707545118513, 5: 0.3808458360513163, 10: 0.39199981362408054, 15: 0.39555197140324305, 50: 0.4001451437343238, 100: 0.40093359869410256}, Current HIT:{1: 0.2917155903457273, 2: 0.3979125896934116, 3: 0.4598825831702544, 5: 0.5278538812785388, 10: 0.6114807566862361, 15: 0.6560991519895629, 50: 0.7767775603392042, 100: 0.8310502283105022}
[INFO] 2022-11-07 19:24:40,282 - Epoch:2, Batch:25703, Average Loss:0.14254196402086514, Current Loss:0.16027937829494476
[INFO] 2022-11-07 19:26:15,884 - Epoch:2, Batch:26203, Average Loss:0.14245994599298709, Current Loss:0.11184395849704742
[INFO] 2022-11-07 19:27:50,609 - Epoch:2, Batch:26703, Average Loss:0.14229084531607908, Current Loss:0.14030593633651733
[INFO] 2022-11-07 19:29:25,712 - Epoch:2, Batch:27203, Average Loss:0.1421879047819395, Current Loss:0.1645362377166748
[INFO] 2022-11-07 19:30:59,916 - Epoch:2, Batch:27703, Average Loss:0.14204319063588194, Current Loss:0.31424668431282043
[INFO] 2022-11-07 19:32:35,780 - Epoch:2, Batch:28203, Average Loss:0.14187774717262508, Current Loss:0.0932992547750473
[INFO] 2022-11-07 19:34:10,106 - Epoch:2, Batch:28703, Average Loss:0.14165059700273402, Current Loss:0.15730366110801697
[INFO] 2022-11-07 19:35:45,123 - Epoch:2, Batch:29203, Average Loss:0.14144924659472935, Current Loss:0.1653425097465515
[INFO] 2022-11-07 19:37:20,410 - Epoch:2, Batch:29703, Average Loss:0.14130978586241055, Current Loss:0.22648093104362488
[INFO] 2022-11-07 19:38:55,079 - Epoch:2, Batch:30203, Average Loss:0.14116113350094814, Current Loss:0.02924744039773941
[INFO] 2022-11-07 19:40:29,873 - Epoch:2, Batch:30703, Average Loss:0.1409950326322884, Current Loss:0.1053319200873375
[INFO] 2022-11-07 19:42:06,103 - Epoch:2, Batch:31203, Average Loss:0.1407711454177806, Current Loss:0.08982571959495544
[INFO] 2022-11-07 19:43:43,241 - Epoch:2, Batch:31703, Average Loss:0.14063517751589155, Current Loss:0.06020517647266388
[INFO] 2022-11-07 19:45:20,054 - Epoch:2, Batch:32203, Average Loss:0.14051453188347215, Current Loss:0.10709893703460693
[INFO] 2022-11-07 19:46:57,548 - Epoch:2, Batch:32703, Average Loss:0.14045382787032115, Current Loss:0.009517915546894073
[INFO] 2022-11-07 19:48:34,341 - Epoch:2, Batch:33203, Average Loss:0.14017805055605556, Current Loss:0.028403133153915405
[INFO] 2022-11-07 19:50:11,808 - Epoch:2, Batch:33703, Average Loss:0.13993000304215605, Current Loss:0.23428693413734436
[INFO] 2022-11-07 19:51:48,889 - Epoch:2, Batch:34203, Average Loss:0.13990496507869862, Current Loss:0.11406716704368591
[INFO] 2022-11-07 19:53:26,624 - Epoch:2, Batch:34703, Average Loss:0.13978875424573667, Current Loss:0.02314680814743042
[INFO] 2022-11-07 19:55:06,363 - Epoch:3, Batch:406, Average Loss:0.13290172576757486, Current Loss:0.40010613203048706
[INFO] 2022-11-07 19:56:47,515 - Epoch:3, Batch:906, Average Loss:0.1351378426597213, Current Loss:0.13855808973312378
[INFO] 2022-11-07 19:58:28,932 - Epoch:3, Batch:1406, Average Loss:0.1361189490531281, Current Loss:0.1401420533657074
[INFO] 2022-11-07 20:00:11,355 - Epoch:3, Batch:1906, Average Loss:0.13667057721962583, Current Loss:0.25565770268440247
[INFO] 2022-11-07 20:01:52,955 - Epoch:3, Batch:2406, Average Loss:0.13869952957021228, Current Loss:0.19290834665298462
[INFO] 2022-11-07 20:03:33,865 - Epoch:3, Batch:2906, Average Loss:0.13959453998201482, Current Loss:0.021749138832092285
[INFO] 2022-11-07 20:05:14,712 - Epoch:3, Batch:3406, Average Loss:0.13944184748621039, Current Loss:0.07258090376853943
[INFO] 2022-11-07 20:06:55,396 - Epoch:3, Batch:3906, Average Loss:0.13941976344484705, Current Loss:0.43516355752944946
[INFO] 2022-11-07 20:08:37,108 - Epoch:3, Batch:4406, Average Loss:0.13888470604474631, Current Loss:0.01876112073659897
[INFO] 2022-11-07 20:10:17,714 - Epoch:3, Batch:4906, Average Loss:0.13805528367040742, Current Loss:0.23444409668445587
[INFO] 2022-11-07 20:11:58,423 - Epoch:3, Batch:5406, Average Loss:0.13779858956916263, Current Loss:0.19615483283996582
[INFO] 2022-11-07 20:13:40,017 - Epoch:3, Batch:5906, Average Loss:0.1377281059327769, Current Loss:0.1930714249610901
[INFO] 2022-11-07 20:15:20,746 - Epoch:3, Batch:6406, Average Loss:0.13745728275141714, Current Loss:0.11100012809038162
[INFO] 2022-11-07 20:17:01,818 - Epoch:3, Batch:6906, Average Loss:0.13744124953785808, Current Loss:0.04412410408258438
[INFO] 2022-11-07 20:18:42,858 - Epoch:3, Batch:7406, Average Loss:0.1375452752451204, Current Loss:0.0591532438993454
[INFO] 2022-11-07 20:20:25,739 - Epoch:3, Batch:7906, Average Loss:0.13732612069131692, Current Loss:0.1326042115688324
[INFO] 2022-11-07 20:22:07,828 - Epoch:3, Batch:8406, Average Loss:0.13722570593615757, Current Loss:0.12644417583942413
[INFO] 2022-11-07 20:23:49,344 - Epoch:3, Batch:8906, Average Loss:0.13712991904254015, Current Loss:0.0695856511592865
[INFO] 2022-11-07 20:25:30,734 - Epoch:3, Batch:9406, Average Loss:0.13745570628124174, Current Loss:0.03569716960191727
[INFO] 2022-11-07 20:27:12,561 - Epoch:3, Batch:9906, Average Loss:0.13744522236902834, Current Loss:0.28833669424057007
[INFO] 2022-11-07 20:28:53,546 - Epoch:3, Batch:10406, Average Loss:0.13765574488649227, Current Loss:0.11471684277057648
[INFO] 2022-11-07 20:29:47,178 - Evaluation --- MRR :{1: 0.27632093933463797, 2: 0.3247227658186562, 3: 0.3439008480104376, 5: 0.35916503587736476, 10: 0.37115703206701245, 15: 0.3750491629845827, 50: 0.3797693596898814, 100: 0.3805796346231755}, HIT:{1: 0.27632093933463797, 2: 0.3731245923026745, 3: 0.430658838878017, 5: 0.49719504240052187, 10: 0.5865622961513373, 15: 0.6357469015003262, 50: 0.7575994781474233, 100: 0.8136986301369863}
[INFO] 2022-11-07 20:29:47,179 - Evaluation --- Max MRR:0.39199981362408054, Current MRR:{1: 0.27632093933463797, 2: 0.3247227658186562, 3: 0.3439008480104376, 5: 0.35916503587736476, 10: 0.37115703206701245, 15: 0.3750491629845827, 50: 0.3797693596898814, 100: 0.3805796346231755}, Current HIT:{1: 0.27632093933463797, 2: 0.3731245923026745, 3: 0.430658838878017, 5: 0.49719504240052187, 10: 0.5865622961513373, 15: 0.6357469015003262, 50: 0.7575994781474233, 100: 0.8136986301369863}
[INFO] 2022-11-07 20:31:24,208 - Epoch:3, Batch:10906, Average Loss:0.13671876779299208, Current Loss:0.10743791610002518
[INFO] 2022-11-07 20:33:03,172 - Epoch:3, Batch:11406, Average Loss:0.13563964886493837, Current Loss:0.3111130893230438
[INFO] 2022-11-07 20:34:45,796 - Epoch:3, Batch:11906, Average Loss:0.13486233354490904, Current Loss:0.23930200934410095
[INFO] 2022-11-07 20:36:30,054 - Epoch:3, Batch:12406, Average Loss:0.13427752616430758, Current Loss:0.14422710239887238
[INFO] 2022-11-07 20:38:07,458 - Epoch:3, Batch:12906, Average Loss:0.1335348587407542, Current Loss:0.2903011739253998
[INFO] 2022-11-07 20:39:44,931 - Epoch:3, Batch:13406, Average Loss:0.13292126314983818, Current Loss:0.020125210285186768
[INFO] 2022-11-07 20:41:57,174 - Epoch:3, Batch:13906, Average Loss:0.13222469413066604, Current Loss:0.013487420976161957
[INFO] 2022-11-07 20:44:14,380 - Epoch:3, Batch:14406, Average Loss:0.13154988905758092, Current Loss:0.023138493299484253
[INFO] 2022-11-07 20:46:31,596 - Epoch:3, Batch:14906, Average Loss:0.13098329667031453, Current Loss:0.15217657387256622
[INFO] 2022-11-07 20:48:48,628 - Epoch:3, Batch:15406, Average Loss:0.13038195141736336, Current Loss:0.13085722923278809
[INFO] 2022-11-07 20:51:03,920 - Epoch:3, Batch:15906, Average Loss:0.1298559729146175, Current Loss:0.19439378380775452
[INFO] 2022-11-07 20:53:17,322 - Epoch:3, Batch:16406, Average Loss:0.1293616983969154, Current Loss:0.030303314328193665
[INFO] 2022-11-07 20:55:33,616 - Epoch:3, Batch:16906, Average Loss:0.12877926916962867, Current Loss:0.1585942655801773
[INFO] 2022-11-07 20:57:51,435 - Epoch:3, Batch:17406, Average Loss:0.1283813557733849, Current Loss:0.24324201047420502
[INFO] 2022-11-07 21:00:07,611 - Epoch:3, Batch:17906, Average Loss:0.12806720731495533, Current Loss:0.13944537937641144
[INFO] 2022-11-07 21:02:23,085 - Epoch:3, Batch:18406, Average Loss:0.12773201387571106, Current Loss:0.14914077520370483
[INFO] 2022-11-07 21:04:11,934 - Epoch:3, Batch:18906, Average Loss:0.1274531955110463, Current Loss:0.10360252112150192
[INFO] 2022-11-07 21:06:21,185 - Epoch:3, Batch:19406, Average Loss:0.12704972344408708, Current Loss:0.22133587300777435
[INFO] 2022-11-07 21:08:38,108 - Epoch:3, Batch:19906, Average Loss:0.1267030142913161, Current Loss:0.0004534870386123657
[INFO] 2022-11-07 21:10:54,002 - Epoch:3, Batch:20406, Average Loss:0.1266822859723025, Current Loss:0.04747610539197922
[INFO] 2022-11-07 21:13:10,513 - Epoch:3, Batch:20906, Average Loss:0.1262887612482007, Current Loss:0.13749662041664124
[INFO] 2022-11-07 21:15:28,008 - Epoch:3, Batch:21406, Average Loss:0.12588169516430472, Current Loss:0.10403189808130264
[INFO] 2022-11-07 21:17:45,287 - Epoch:3, Batch:21906, Average Loss:0.1255698215614674, Current Loss:0.13962765038013458
[INFO] 2022-11-07 21:20:02,317 - Epoch:3, Batch:22406, Average Loss:0.12529356201134184, Current Loss:0.05465959012508392
[INFO] 2022-11-07 21:22:17,348 - Epoch:3, Batch:22906, Average Loss:0.12506068312753854, Current Loss:0.13017034530639648
[INFO] 2022-11-07 21:24:23,843 - Epoch:3, Batch:23406, Average Loss:0.12476370894650685, Current Loss:0.08769506216049194
[INFO] 2022-11-07 21:26:40,197 - Epoch:3, Batch:23906, Average Loss:0.12438723725963864, Current Loss:0.005362413823604584
[INFO] 2022-11-07 21:28:55,803 - Epoch:3, Batch:24406, Average Loss:0.12417679074103057, Current Loss:0.1310385912656784
[INFO] 2022-11-07 21:31:11,318 - Epoch:3, Batch:24906, Average Loss:0.12401918440938743, Current Loss:0.25548821687698364
[INFO] 2022-11-07 21:33:26,598 - Epoch:3, Batch:25406, Average Loss:0.12375144747571289, Current Loss:0.021229460835456848
[INFO] 2022-11-07 21:35:42,790 - Epoch:3, Batch:25906, Average Loss:0.12345929752747994, Current Loss:0.14204201102256775
[INFO] 2022-11-07 21:37:58,763 - Epoch:3, Batch:26406, Average Loss:0.12316548047961272, Current Loss:0.19943998754024506
[INFO] 2022-11-07 21:40:14,542 - Epoch:3, Batch:26906, Average Loss:0.12284437362524175, Current Loss:0.18779832124710083
[INFO] 2022-11-07 21:42:30,070 - Epoch:3, Batch:27406, Average Loss:0.12269246469853369, Current Loss:0.05630851536989212
[INFO] 2022-11-07 21:44:46,912 - Epoch:3, Batch:27906, Average Loss:0.12258867775484848, Current Loss:0.08346205949783325
[INFO] 2022-11-07 21:47:03,064 - Epoch:3, Batch:28406, Average Loss:0.12251208364252204, Current Loss:0.19952310621738434
[INFO] 2022-11-07 21:49:19,838 - Epoch:3, Batch:28906, Average Loss:0.12237320494919444, Current Loss:0.1568431556224823
[INFO] 2022-11-07 21:51:36,041 - Epoch:3, Batch:29406, Average Loss:0.12215145741557253, Current Loss:0.15189744532108307
[INFO] 2022-11-07 21:53:52,574 - Epoch:3, Batch:29906, Average Loss:0.12194628372717675, Current Loss:0.15324613451957703
[INFO] 2022-11-07 21:56:09,345 - Epoch:3, Batch:30406, Average Loss:0.12176463648942491, Current Loss:0.09429558366537094
[INFO] 2022-11-07 21:57:25,745 - Evaluation --- MRR :{1: 0.27384213959556425, 2: 0.3268754076973255, 3: 0.34596651445966575, 5: 0.3612894107414661, 10: 0.3735060416860815, 15: 0.3768349654259632, 50: 0.38161505220079156, 100: 0.38240871671191395}, HIT:{1: 0.27384213959556425, 2: 0.37990867579908677, 3: 0.4371819960861057, 5: 0.5041095890410959, 10: 0.5954337899543379, 15: 0.6377038486627528, 50: 0.7615133724722766, 100: 0.8153946510110893}
[INFO] 2022-11-07 21:57:25,751 - Evaluation --- Max MRR:0.39199981362408054, Current MRR:{1: 0.27384213959556425, 2: 0.3268754076973255, 3: 0.34596651445966575, 5: 0.3612894107414661, 10: 0.3735060416860815, 15: 0.3768349654259632, 50: 0.38161505220079156, 100: 0.38240871671191395}, Current HIT:{1: 0.27384213959556425, 2: 0.37990867579908677, 3: 0.4371819960861057, 5: 0.5041095890410959, 10: 0.5954337899543379, 15: 0.6377038486627528, 50: 0.7615133724722766, 100: 0.8153946510110893}
[INFO] 2022-11-07 21:59:41,684 - Epoch:3, Batch:30906, Average Loss:0.1216680654514737, Current Loss:0.11924786865711212
[INFO] 2022-11-07 22:01:59,017 - Epoch:3, Batch:31406, Average Loss:0.12156532224573041, Current Loss:0.03171326965093613
[INFO] 2022-11-07 22:04:14,768 - Epoch:3, Batch:31906, Average Loss:0.12150235088947371, Current Loss:0.033854611217975616
[INFO] 2022-11-07 22:06:29,703 - Epoch:3, Batch:32406, Average Loss:0.1213668600489922, Current Loss:0.21638116240501404
[INFO] 2022-11-07 22:08:44,577 - Epoch:3, Batch:32906, Average Loss:0.12113500052778538, Current Loss:0.20845410227775574
[INFO] 2022-11-07 22:10:59,240 - Epoch:3, Batch:33406, Average Loss:0.12099153514734458, Current Loss:0.1714497208595276
[INFO] 2022-11-07 22:13:13,874 - Epoch:3, Batch:33906, Average Loss:0.12075360926214357, Current Loss:0.04498681426048279
[INFO] 2022-11-07 22:15:28,602 - Epoch:3, Batch:34406, Average Loss:0.12058184721411255, Current Loss:0.0009009987115859985
[INFO] 2022-11-07 22:17:13,098 - Start testing...
[INFO] 2022-11-07 22:19:48,092 - Evaluation --- MRR :{1: 0.2193646953975428, 2: 0.25994652746833025, 3: 0.2760307254864534, 5: 0.28994631527574277, 10: 0.300787613409359, 15: 0.3043652344642194, 50: 0.3092279977570146, 100: 0.31019249785152464}, HIT:{1: 0.2193646953975428, 2: 0.3005283595391177, 3: 0.34878095359348144, 5: 0.40976510280730793, 10: 0.4904195047425043, 15: 0.5356801833343943, 50: 0.6633776815838055, 100: 0.7309185817047552}
