[INFO] 2022-11-07 19:45:29,667 - Setting: ['original_code']
[INFO] 2022-11-07 19:45:29,668 - Config: 
{
    "encoder_epoches": 4,
    "classifier_epoches": 3,
    "data_path": "data/database/codesearch-new",
    "saved_path": "data/codesearchmodel",
    "train_batch_size": 8,
    "eval_batch_size": 16,
    "use_cuda": true,
    "max_nl_len": 32,
    "max_pl_len": 480,
    "filter_K": 100,
    "final_K": 15,
    "test_path": "data/database/codesearch-new/origin_data/java_test_1.jsonl",
    "run_way": "test",
    "confidence": 0.5,
    "margin": 0.25
}
[INFO] 2022-11-07 19:45:29,668 - Loading train dataset...
[INFO] 2022-11-07 19:45:42,101 - Loading eval dataset...
[INFO] 2022-11-07 19:45:42,307 - Loading test dataset...
[INFO] 2022-11-07 19:45:44,055 - Loading encoder...
[INFO] 2022-11-07 19:45:46,326 - Start training...
[INFO] 2022-11-07 19:45:48,539 - Total step: 139188
[INFO] 2022-11-07 19:47:24,612 - Epoch:1, Batch:500, Average Loss:0.06921183452010155, Current Loss:0.0
[INFO] 2022-11-07 19:49:01,749 - Epoch:1, Batch:1000, Average Loss:0.042181442454457284, Current Loss:0.0
[INFO] 2022-11-07 19:50:37,721 - Epoch:1, Batch:1500, Average Loss:0.031527944872776666, Current Loss:0.0
[INFO] 2022-11-07 19:52:14,158 - Epoch:1, Batch:2000, Average Loss:0.025959188733249903, Current Loss:0.022337861359119415
[INFO] 2022-11-07 19:53:49,810 - Epoch:1, Batch:2500, Average Loss:0.022955433416366577, Current Loss:0.0
[INFO] 2022-11-07 19:55:26,033 - Epoch:1, Batch:3000, Average Loss:0.02037295139580965, Current Loss:0.0
[INFO] 2022-11-07 19:57:01,104 - Epoch:1, Batch:3500, Average Loss:0.018520366364291736, Current Loss:0.01008693128824234
[INFO] 2022-11-07 19:58:37,430 - Epoch:1, Batch:4000, Average Loss:0.017172808274626732, Current Loss:0.009545430541038513
[INFO] 2022-11-07 20:00:14,500 - Epoch:1, Batch:4500, Average Loss:0.016104777856005562, Current Loss:0.008193835616111755
[INFO] 2022-11-07 20:01:50,068 - Epoch:1, Batch:5000, Average Loss:0.015284841912984848, Current Loss:0.008237697184085846
[INFO] 2022-11-07 20:03:24,848 - Epoch:1, Batch:5500, Average Loss:0.014486008927226067, Current Loss:0.0
[INFO] 2022-11-07 20:05:02,615 - Epoch:1, Batch:6000, Average Loss:0.01386453253775835, Current Loss:0.0
[INFO] 2022-11-07 20:06:38,293 - Epoch:1, Batch:6500, Average Loss:0.013285295904828952, Current Loss:0.01484575867652893
[INFO] 2022-11-07 20:08:15,227 - Epoch:1, Batch:7000, Average Loss:0.012786943626190934, Current Loss:0.0
[INFO] 2022-11-07 20:09:51,453 - Epoch:1, Batch:7500, Average Loss:0.012395144660274188, Current Loss:0.0
[INFO] 2022-11-07 20:11:26,863 - Epoch:1, Batch:8000, Average Loss:0.012001840237528085, Current Loss:0.0
[INFO] 2022-11-07 20:13:02,647 - Epoch:1, Batch:8500, Average Loss:0.011643409656251179, Current Loss:0.0
[INFO] 2022-11-07 20:14:39,001 - Epoch:1, Batch:9000, Average Loss:0.011331028311616845, Current Loss:0.0043588727712631226
[INFO] 2022-11-07 20:16:15,328 - Epoch:1, Batch:9500, Average Loss:0.011018668613935773, Current Loss:0.0
[INFO] 2022-11-07 20:17:51,909 - Epoch:1, Batch:10000, Average Loss:0.010762206078320742, Current Loss:0.0
[INFO] 2022-11-07 20:19:28,511 - Epoch:1, Batch:10500, Average Loss:0.010524601389254842, Current Loss:0.0
[INFO] 2022-11-07 20:21:05,122 - Epoch:1, Batch:11000, Average Loss:0.010285114419731227, Current Loss:0.0
[INFO] 2022-11-07 20:22:41,455 - Epoch:1, Batch:11500, Average Loss:0.010089155314409215, Current Loss:0.013010680675506592
[INFO] 2022-11-07 20:24:18,118 - Epoch:1, Batch:12000, Average Loss:0.009879873511691888, Current Loss:0.0
[INFO] 2022-11-07 20:25:55,992 - Epoch:1, Batch:12500, Average Loss:0.009725319505333901, Current Loss:0.009075470268726349
[INFO] 2022-11-07 20:27:31,716 - Epoch:1, Batch:13000, Average Loss:0.009548186178963919, Current Loss:0.016046077013015747
[INFO] 2022-11-07 20:29:08,504 - Epoch:1, Batch:13500, Average Loss:0.009387655827734206, Current Loss:0.0
[INFO] 2022-11-07 20:30:45,330 - Epoch:1, Batch:14000, Average Loss:0.009250671516571727, Current Loss:0.01224120706319809
[INFO] 2022-11-07 20:32:23,212 - Epoch:1, Batch:14500, Average Loss:0.00914065670812952, Current Loss:0.0
[INFO] 2022-11-07 20:34:01,468 - Epoch:1, Batch:15000, Average Loss:0.00902683312644561, Current Loss:0.012780226767063141
[INFO] 2022-11-07 20:35:50,142 - Epoch:1, Batch:15500, Average Loss:0.008899053887013467, Current Loss:0.002935834228992462
[INFO] 2022-11-07 20:37:27,178 - Epoch:1, Batch:16000, Average Loss:0.008794934363104403, Current Loss:0.0
[INFO] 2022-11-07 20:39:04,235 - Epoch:1, Batch:16500, Average Loss:0.008709701956221552, Current Loss:0.011376343667507172
[INFO] 2022-11-07 20:40:59,691 - Epoch:1, Batch:17000, Average Loss:0.008613462698371972, Current Loss:0.0
[INFO] 2022-11-07 20:43:20,073 - Epoch:1, Batch:17500, Average Loss:0.008500735145381518, Current Loss:0.0
[INFO] 2022-11-07 20:45:40,969 - Epoch:1, Batch:18000, Average Loss:0.008414153199228976, Current Loss:0.029597505927085876
[INFO] 2022-11-07 20:48:01,213 - Epoch:1, Batch:18500, Average Loss:0.008317423897015081, Current Loss:0.014023222029209137
[INFO] 2022-11-07 20:50:21,591 - Epoch:1, Batch:19000, Average Loss:0.008230169469980817, Current Loss:0.0
[INFO] 2022-11-07 20:52:38,912 - Epoch:1, Batch:19500, Average Loss:0.008143121150441659, Current Loss:0.0
[INFO] 2022-11-07 20:54:59,163 - Epoch:1, Batch:20000, Average Loss:0.008058219541236759, Current Loss:0.0
[INFO] 2022-11-07 20:56:14,205 - Evaluation --- MRR :{1: 0.4945857795172864, 2: 0.5604044357469015, 3: 0.5821917808219199, 5: 0.5970645792563597, 10: 0.6062987295374773, 15: 0.6088641658406816, 50: 0.6113973043537144, 100: 0.6117469278036429}, HIT:{1: 0.4945857795172864, 2: 0.6262230919765166, 3: 0.6915851272015655, 5: 0.7562948467058056, 10: 0.82426614481409, 15: 0.8562296151337248, 50: 0.9204174820613177, 100: 0.9440313111545988}
[INFO] 2022-11-07 20:56:14,229 - Evaluation --- Max MRR:0, Current MRR:{1: 0.4945857795172864, 2: 0.5604044357469015, 3: 0.5821917808219199, 5: 0.5970645792563597, 10: 0.6062987295374773, 15: 0.6088641658406816, 50: 0.6113973043537144, 100: 0.6117469278036429}, Current HIT:{1: 0.4945857795172864, 2: 0.6262230919765166, 3: 0.6915851272015655, 5: 0.7562948467058056, 10: 0.82426614481409, 15: 0.8562296151337248, 50: 0.9204174820613177, 100: 0.9440313111545988}
[INFO] 2022-11-07 20:58:38,640 - Epoch:1, Batch:20500, Average Loss:0.007961404226175169, Current Loss:0.0
[INFO] 2022-11-07 21:00:53,029 - Epoch:1, Batch:21000, Average Loss:0.007873408781275864, Current Loss:0.0
[INFO] 2022-11-07 21:03:03,715 - Epoch:1, Batch:21500, Average Loss:0.007768774770026983, Current Loss:0.0
[INFO] 2022-11-07 21:04:39,318 - Epoch:1, Batch:22000, Average Loss:0.00767903248085217, Current Loss:0.0
[INFO] 2022-11-07 21:06:53,125 - Epoch:1, Batch:22500, Average Loss:0.007589111695686976, Current Loss:0.005900084972381592
[INFO] 2022-11-07 21:09:06,897 - Epoch:1, Batch:23000, Average Loss:0.007507205789179906, Current Loss:0.008122175931930542
[INFO] 2022-11-07 21:11:22,019 - Epoch:1, Batch:23500, Average Loss:0.007439530602160921, Current Loss:0.0
[INFO] 2022-11-07 21:13:36,800 - Epoch:1, Batch:24000, Average Loss:0.007364635675214231, Current Loss:0.0
[INFO] 2022-11-07 21:15:51,350 - Epoch:1, Batch:24500, Average Loss:0.007286814224963286, Current Loss:0.0
[INFO] 2022-11-07 21:18:06,831 - Epoch:1, Batch:25000, Average Loss:0.007222890108525753, Current Loss:0.0
[INFO] 2022-11-07 21:20:18,729 - Epoch:1, Batch:25500, Average Loss:0.007166727131488276, Current Loss:0.09202595800161362
[INFO] 2022-11-07 21:22:26,997 - Epoch:1, Batch:26000, Average Loss:0.00709619430366617, Current Loss:0.0
[INFO] 2022-11-07 21:24:32,914 - Epoch:1, Batch:26500, Average Loss:0.007020947677346895, Current Loss:0.0
[INFO] 2022-11-07 21:26:46,025 - Epoch:1, Batch:27000, Average Loss:0.006955647550523281, Current Loss:0.029885046184062958
[INFO] 2022-11-07 21:28:59,759 - Epoch:1, Batch:27500, Average Loss:0.0069046689504926855, Current Loss:0.0
[INFO] 2022-11-07 21:31:13,956 - Epoch:1, Batch:28000, Average Loss:0.006861806866047638, Current Loss:0.0
[INFO] 2022-11-07 21:33:27,472 - Epoch:1, Batch:28500, Average Loss:0.0068178522960658655, Current Loss:0.0
[INFO] 2022-11-07 21:35:40,466 - Epoch:1, Batch:29000, Average Loss:0.006755893991168203, Current Loss:0.0
[INFO] 2022-11-07 21:37:53,496 - Epoch:1, Batch:29500, Average Loss:0.006695415627905878, Current Loss:0.03601416200399399
[INFO] 2022-11-07 21:40:07,985 - Epoch:1, Batch:30000, Average Loss:0.00664111331452926, Current Loss:0.0
[INFO] 2022-11-07 21:42:20,034 - Epoch:1, Batch:30500, Average Loss:0.006584200782854049, Current Loss:0.0
[INFO] 2022-11-07 21:44:33,525 - Epoch:1, Batch:31000, Average Loss:0.006536786596380895, Current Loss:0.03036915510892868
[INFO] 2022-11-07 21:46:48,143 - Epoch:1, Batch:31500, Average Loss:0.006488250249908084, Current Loss:0.0
[INFO] 2022-11-07 21:49:03,013 - Epoch:1, Batch:32000, Average Loss:0.006450333189684898, Current Loss:0.0
[INFO] 2022-11-07 21:51:15,517 - Epoch:1, Batch:32500, Average Loss:0.006413825313173808, Current Loss:0.0
[INFO] 2022-11-07 21:53:28,269 - Epoch:1, Batch:33000, Average Loss:0.0063624408021569255, Current Loss:0.0
[INFO] 2022-11-07 21:55:41,273 - Epoch:1, Batch:33500, Average Loss:0.006328923855477305, Current Loss:0.0533284917473793
[INFO] 2022-11-07 21:57:55,347 - Epoch:1, Batch:34000, Average Loss:0.006282316157923025, Current Loss:0.0
[INFO] 2022-11-07 22:00:06,095 - Epoch:1, Batch:34500, Average Loss:0.0062577655552953915, Current Loss:0.0
[INFO] 2022-11-07 22:02:21,853 - Epoch:2, Batch:203, Average Loss:0.0049219566025757435, Current Loss:0.0
[INFO] 2022-11-07 22:04:39,612 - Epoch:2, Batch:703, Average Loss:0.004367821967788305, Current Loss:0.0
[INFO] 2022-11-07 22:06:58,319 - Epoch:2, Batch:1203, Average Loss:0.004160810642854828, Current Loss:0.0
[INFO] 2022-11-07 22:09:16,900 - Epoch:2, Batch:1703, Average Loss:0.004055305611051256, Current Loss:0.0
[INFO] 2022-11-07 22:11:35,077 - Epoch:2, Batch:2203, Average Loss:0.003957248842018169, Current Loss:0.0
[INFO] 2022-11-07 22:13:54,211 - Epoch:2, Batch:2703, Average Loss:0.003935545280471009, Current Loss:0.007354564964771271
[INFO] 2022-11-07 22:16:10,418 - Epoch:2, Batch:3203, Average Loss:0.0039302634864422144, Current Loss:0.028730742633342743
[INFO] 2022-11-07 22:18:27,439 - Epoch:2, Batch:3703, Average Loss:0.0038530564822443687, Current Loss:0.0
[INFO] 2022-11-07 22:20:44,275 - Epoch:2, Batch:4203, Average Loss:0.003809441626426466, Current Loss:0.0
[INFO] 2022-11-07 22:22:58,783 - Epoch:2, Batch:4703, Average Loss:0.003794739374943599, Current Loss:0.0
[INFO] 2022-11-07 22:25:14,128 - Epoch:2, Batch:5203, Average Loss:0.003763042152638209, Current Loss:0.0
[INFO] 2022-11-07 22:26:26,627 - Evaluation --- MRR :{1: 0.5089367253750815, 2: 0.57573385518591, 3: 0.5959991302457076, 5: 0.6102130898021304, 10: 0.6194869485084765, 15: 0.6216172535154925, 50: 0.624142093533276, 100: 0.624489833147073}, HIT:{1: 0.5089367253750815, 2: 0.6425309849967384, 3: 0.7033268101761252, 5: 0.765296803652968, 10: 0.8339204174820614, 15: 0.861317677756034, 50: 0.9235485975212002, 100: 0.9470319634703196}
[INFO] 2022-11-07 22:26:26,628 - Evaluation --- Max MRR:0.6062987295374773, Current MRR:{1: 0.5089367253750815, 2: 0.57573385518591, 3: 0.5959991302457076, 5: 0.6102130898021304, 10: 0.6194869485084765, 15: 0.6216172535154925, 50: 0.624142093533276, 100: 0.624489833147073}, Current HIT:{1: 0.5089367253750815, 2: 0.6425309849967384, 3: 0.7033268101761252, 5: 0.765296803652968, 10: 0.8339204174820614, 15: 0.861317677756034, 50: 0.9235485975212002, 100: 0.9470319634703196}
[INFO] 2022-11-07 22:28:51,953 - Epoch:2, Batch:5703, Average Loss:0.0036498661035929522, Current Loss:0.0
[INFO] 2022-11-07 22:31:00,180 - Epoch:2, Batch:6203, Average Loss:0.003607007059746551, Current Loss:0.0
[INFO] 2022-11-07 22:33:07,159 - Epoch:2, Batch:6703, Average Loss:0.003501506551475502, Current Loss:0.0
[INFO] 2022-11-07 22:35:16,056 - Epoch:2, Batch:7203, Average Loss:0.003447873119379139, Current Loss:0.0
[INFO] 2022-11-07 22:37:23,519 - Epoch:2, Batch:7703, Average Loss:0.003382348209932905, Current Loss:0.0
[INFO] 2022-11-07 22:39:30,523 - Epoch:2, Batch:8203, Average Loss:0.003354679532898616, Current Loss:0.0
[INFO] 2022-11-07 22:41:38,545 - Epoch:2, Batch:8703, Average Loss:0.0033319453900057354, Current Loss:0.0
[INFO] 2022-11-07 22:43:45,978 - Epoch:2, Batch:9203, Average Loss:0.0032962694955198553, Current Loss:0.0
[INFO] 2022-11-07 22:45:54,513 - Epoch:2, Batch:9703, Average Loss:0.0032692740200156345, Current Loss:0.0
[INFO] 2022-11-07 22:48:00,796 - Epoch:2, Batch:10203, Average Loss:0.003228437740767947, Current Loss:0.0
[INFO] 2022-11-07 22:50:08,326 - Epoch:2, Batch:10703, Average Loss:0.0031966326348772454, Current Loss:0.0
[INFO] 2022-11-07 22:52:16,420 - Epoch:2, Batch:11203, Average Loss:0.0031543847572151214, Current Loss:0.005903393030166626
[INFO] 2022-11-07 22:54:23,177 - Epoch:2, Batch:11703, Average Loss:0.0031255324926069126, Current Loss:0.0
[INFO] 2022-11-07 22:56:30,400 - Epoch:2, Batch:12203, Average Loss:0.0031052625491649784, Current Loss:0.0
[INFO] 2022-11-07 22:58:36,546 - Epoch:2, Batch:12703, Average Loss:0.0030885319281429564, Current Loss:0.0
[INFO] 2022-11-07 23:00:43,799 - Epoch:2, Batch:13203, Average Loss:0.0030759080261441242, Current Loss:0.0
[INFO] 2022-11-07 23:02:49,200 - Epoch:2, Batch:13703, Average Loss:0.0030637606782677627, Current Loss:0.0
[INFO] 2022-11-07 23:04:56,336 - Epoch:2, Batch:14203, Average Loss:0.003050567103441119, Current Loss:0.0
[INFO] 2022-11-07 23:07:04,176 - Epoch:2, Batch:14703, Average Loss:0.003031859021969071, Current Loss:0.0
[INFO] 2022-11-07 23:09:11,685 - Epoch:2, Batch:15203, Average Loss:0.0030346016904276344, Current Loss:0.0
[INFO] 2022-11-07 23:11:18,739 - Epoch:2, Batch:15703, Average Loss:0.003024309295203696, Current Loss:0.0
[INFO] 2022-11-07 23:13:26,773 - Epoch:2, Batch:16203, Average Loss:0.0030153946057702337, Current Loss:0.0
[INFO] 2022-11-07 23:15:33,744 - Epoch:2, Batch:16703, Average Loss:0.002981138200911335, Current Loss:0.0
[INFO] 2022-11-07 23:17:39,616 - Epoch:2, Batch:17203, Average Loss:0.002969303135278578, Current Loss:0.0
[INFO] 2022-11-07 23:19:47,061 - Epoch:2, Batch:17703, Average Loss:0.002956185293138374, Current Loss:0.0
[INFO] 2022-11-07 23:21:55,553 - Epoch:2, Batch:18203, Average Loss:0.0029362237797931857, Current Loss:0.0017070844769477844
[INFO] 2022-11-07 23:24:03,687 - Epoch:2, Batch:18703, Average Loss:0.002920744811469384, Current Loss:0.02023865282535553
[INFO] 2022-11-07 23:26:10,934 - Epoch:2, Batch:19203, Average Loss:0.002909821105526058, Current Loss:0.0
[INFO] 2022-11-07 23:28:19,111 - Epoch:2, Batch:19703, Average Loss:0.0028939097076056968, Current Loss:0.0
[INFO] 2022-11-07 23:30:25,830 - Epoch:2, Batch:20203, Average Loss:0.0028846594667969283, Current Loss:0.0
[INFO] 2022-11-07 23:32:34,672 - Epoch:2, Batch:20703, Average Loss:0.0028889743581616474, Current Loss:0.0
[INFO] 2022-11-07 23:34:41,324 - Epoch:2, Batch:21203, Average Loss:0.0028820532398988958, Current Loss:0.0
[INFO] 2022-11-07 23:36:49,787 - Epoch:2, Batch:21703, Average Loss:0.0028844697327376104, Current Loss:0.0
[INFO] 2022-11-07 23:38:57,450 - Epoch:2, Batch:22203, Average Loss:0.002876413740368355, Current Loss:0.0
[INFO] 2022-11-07 23:41:04,274 - Epoch:2, Batch:22703, Average Loss:0.0028765667778765246, Current Loss:0.0
[INFO] 2022-11-07 23:43:10,570 - Epoch:2, Batch:23203, Average Loss:0.002870802358528183, Current Loss:0.0
[INFO] 2022-11-07 23:45:17,782 - Epoch:2, Batch:23703, Average Loss:0.002881961784254462, Current Loss:0.0
[INFO] 2022-11-07 23:47:26,653 - Epoch:2, Batch:24203, Average Loss:0.0028745248268538456, Current Loss:0.0051458775997161865
[INFO] 2022-11-07 23:49:31,871 - Epoch:2, Batch:24703, Average Loss:0.002871514896748013, Current Loss:0.0
[INFO] 2022-11-07 23:51:38,270 - Epoch:2, Batch:25203, Average Loss:0.0028547845957927493, Current Loss:0.0
[INFO] 2022-11-07 23:52:50,037 - Evaluation --- MRR :{1: 0.5231572080887149, 2: 0.590215264187867, 3: 0.6102196129593398, 5: 0.6242835398999761, 10: 0.6335178454943609, 15: 0.6360173377394479, 50: 0.6381281507071562, 100: 0.6384203013540695}, HIT:{1: 0.5231572080887149, 2: 0.6572733202870189, 3: 0.7172863666014351, 5: 0.7793868232224397, 10: 0.8465753424657534, 15: 0.8778864970645792, 50: 0.9305936073059361, 100: 0.9505544683626875}
[INFO] 2022-11-07 23:52:50,044 - Evaluation --- Max MRR:0.6194869485084765, Current MRR:{1: 0.5231572080887149, 2: 0.590215264187867, 3: 0.6102196129593398, 5: 0.6242835398999761, 10: 0.6335178454943609, 15: 0.6360173377394479, 50: 0.6381281507071562, 100: 0.6384203013540695}, Current HIT:{1: 0.5231572080887149, 2: 0.6572733202870189, 3: 0.7172863666014351, 5: 0.7793868232224397, 10: 0.8465753424657534, 15: 0.8778864970645792, 50: 0.9305936073059361, 100: 0.9505544683626875}
[INFO] 2022-11-07 23:55:08,131 - Epoch:2, Batch:25703, Average Loss:0.0028441193115106888, Current Loss:0.0
[INFO] 2022-11-07 23:57:14,415 - Epoch:2, Batch:26203, Average Loss:0.002842965445647971, Current Loss:0.0
[INFO] 2022-11-07 23:59:22,686 - Epoch:2, Batch:26703, Average Loss:0.002848781502441499, Current Loss:0.0
[INFO] 2022-11-08 00:01:28,217 - Epoch:2, Batch:27203, Average Loss:0.002836857412155729, Current Loss:0.0
[INFO] 2022-11-08 00:03:36,666 - Epoch:2, Batch:27703, Average Loss:0.002818892182879718, Current Loss:0.0
[INFO] 2022-11-08 00:05:43,449 - Epoch:2, Batch:28203, Average Loss:0.0028229584657938366, Current Loss:0.0007742419838905334
[INFO] 2022-11-08 00:07:49,828 - Epoch:2, Batch:28703, Average Loss:0.002802576141229005, Current Loss:0.0
[INFO] 2022-11-08 00:09:57,794 - Epoch:2, Batch:29203, Average Loss:0.002791371993409017, Current Loss:0.0
[INFO] 2022-11-08 00:12:04,609 - Epoch:2, Batch:29703, Average Loss:0.0027899222544851927, Current Loss:0.0
[INFO] 2022-11-08 00:14:11,951 - Epoch:2, Batch:30203, Average Loss:0.0027773473738037357, Current Loss:0.04825463145971298
[INFO] 2022-11-08 00:16:18,365 - Epoch:2, Batch:30703, Average Loss:0.0027701767445468665, Current Loss:0.0
[INFO] 2022-11-08 00:18:25,065 - Epoch:2, Batch:31203, Average Loss:0.0027630183587520354, Current Loss:0.0
[INFO] 2022-11-08 00:20:30,141 - Epoch:2, Batch:31703, Average Loss:0.002754522494747786, Current Loss:0.0
[INFO] 2022-11-08 00:22:38,904 - Epoch:2, Batch:32203, Average Loss:0.0027575033466956545, Current Loss:0.0
[INFO] 2022-11-08 00:24:46,346 - Epoch:2, Batch:32703, Average Loss:0.0027579815229961157, Current Loss:0.0
[INFO] 2022-11-08 00:26:54,802 - Epoch:2, Batch:33203, Average Loss:0.002746028346950468, Current Loss:0.0
[INFO] 2022-11-08 00:28:46,888 - Epoch:2, Batch:33703, Average Loss:0.0027429354927682933, Current Loss:0.0
[INFO] 2022-11-08 00:30:38,736 - Epoch:2, Batch:34203, Average Loss:0.002737833801004004, Current Loss:0.003473140299320221
[INFO] 2022-11-08 00:32:30,430 - Epoch:2, Batch:34703, Average Loss:0.0027311869620232575, Current Loss:0.0
[INFO] 2022-11-08 00:34:34,781 - Epoch:3, Batch:406, Average Loss:0.002531999657894003, Current Loss:0.0
[INFO] 2022-11-08 00:36:47,596 - Epoch:3, Batch:906, Average Loss:0.0029103106697795146, Current Loss:0.0
[INFO] 2022-11-08 00:39:01,064 - Epoch:3, Batch:1406, Average Loss:0.002909337161148595, Current Loss:0.0011122524738311768
[INFO] 2022-11-08 00:41:13,698 - Epoch:3, Batch:1906, Average Loss:0.002853946484711338, Current Loss:0.0
[INFO] 2022-11-08 00:43:26,922 - Epoch:3, Batch:2406, Average Loss:0.0028616279171638855, Current Loss:0.0
[INFO] 2022-11-08 00:45:41,663 - Epoch:3, Batch:2906, Average Loss:0.0027663646944005656, Current Loss:0.0
[INFO] 2022-11-08 00:47:55,654 - Epoch:3, Batch:3406, Average Loss:0.0027564032592811236, Current Loss:0.0008137598633766174
[INFO] 2022-11-08 00:50:10,048 - Epoch:3, Batch:3906, Average Loss:0.002752038063190561, Current Loss:0.003155812621116638
[INFO] 2022-11-08 00:52:23,852 - Epoch:3, Batch:4406, Average Loss:0.002664781219097251, Current Loss:0.0
[INFO] 2022-11-08 00:54:35,944 - Epoch:3, Batch:4906, Average Loss:0.0026761162350287596, Current Loss:0.0
[INFO] 2022-11-08 00:56:48,199 - Epoch:3, Batch:5406, Average Loss:0.0026421768014028785, Current Loss:0.0
[INFO] 2022-11-08 00:59:02,568 - Epoch:3, Batch:5906, Average Loss:0.002595714423673015, Current Loss:0.0
[INFO] 2022-11-08 01:01:15,162 - Epoch:3, Batch:6406, Average Loss:0.0025652431200490758, Current Loss:0.05801737308502197
[INFO] 2022-11-08 01:03:28,137 - Epoch:3, Batch:6906, Average Loss:0.0026052046320143556, Current Loss:0.0
[INFO] 2022-11-08 01:05:40,947 - Epoch:3, Batch:7406, Average Loss:0.002568735304214875, Current Loss:0.0
[INFO] 2022-11-08 01:07:55,278 - Epoch:3, Batch:7906, Average Loss:0.002560247709306017, Current Loss:0.0
[INFO] 2022-11-08 01:10:09,349 - Epoch:3, Batch:8406, Average Loss:0.0025372122386268796, Current Loss:0.0017582178115844727
[INFO] 2022-11-08 01:12:21,717 - Epoch:3, Batch:8906, Average Loss:0.0025349063825974055, Current Loss:0.0
[INFO] 2022-11-08 01:14:37,350 - Epoch:3, Batch:9406, Average Loss:0.002547319337659102, Current Loss:0.0
[INFO] 2022-11-08 01:16:51,869 - Epoch:3, Batch:9906, Average Loss:0.0025588823649742715, Current Loss:0.0
[INFO] 2022-11-08 01:19:05,012 - Epoch:3, Batch:10406, Average Loss:0.00255830071303745, Current Loss:0.0
[INFO] 2022-11-08 01:20:17,238 - Evaluation --- MRR :{1: 0.5356816699282453, 2: 0.6019569471624266, 3: 0.6228310502283111, 5: 0.6372537508153925, 10: 0.6456440841176645, 15: 0.6476162411191745, 50: 0.6498733013603518, 100: 0.6501342194613317}, HIT:{1: 0.5356816699282453, 2: 0.668232224396608, 3: 0.7308545335942597, 5: 0.7936073059360731, 10: 0.8558382257012394, 15: 0.8806262230919765, 50: 0.9350293542074364, 100: 0.9530332681017613}
[INFO] 2022-11-08 01:20:17,239 - Evaluation --- Max MRR:0.6335178454943609, Current MRR:{1: 0.5356816699282453, 2: 0.6019569471624266, 3: 0.6228310502283111, 5: 0.6372537508153925, 10: 0.6456440841176645, 15: 0.6476162411191745, 50: 0.6498733013603518, 100: 0.6501342194613317}, Current HIT:{1: 0.5356816699282453, 2: 0.668232224396608, 3: 0.7308545335942597, 5: 0.7936073059360731, 10: 0.8558382257012394, 15: 0.8806262230919765, 50: 0.9350293542074364, 100: 0.9530332681017613}
[INFO] 2022-11-08 01:22:38,847 - Epoch:3, Batch:10906, Average Loss:0.002504161143169564, Current Loss:0.0
[INFO] 2022-11-08 01:24:48,594 - Epoch:3, Batch:11406, Average Loss:0.0024742994515619507, Current Loss:0.0
[INFO] 2022-11-08 01:26:58,020 - Epoch:3, Batch:11906, Average Loss:0.002447562817563615, Current Loss:0.0
[INFO] 2022-11-08 01:29:05,120 - Epoch:3, Batch:12406, Average Loss:0.00240997436924671, Current Loss:0.0
[INFO] 2022-11-08 01:31:13,655 - Epoch:3, Batch:12906, Average Loss:0.0023756450189050364, Current Loss:0.0
[INFO] 2022-11-08 01:33:21,570 - Epoch:3, Batch:13406, Average Loss:0.002342587610611929, Current Loss:0.011818863451480865
[INFO] 2022-11-08 01:35:28,993 - Epoch:3, Batch:13906, Average Loss:0.0023285397951952353, Current Loss:0.0
[INFO] 2022-11-08 01:37:36,434 - Epoch:3, Batch:14406, Average Loss:0.002303049869253025, Current Loss:0.0
[INFO] 2022-11-08 01:39:43,895 - Epoch:3, Batch:14906, Average Loss:0.002269468290360681, Current Loss:0.0
[INFO] 2022-11-08 01:41:52,028 - Epoch:3, Batch:15406, Average Loss:0.0022485973155066735, Current Loss:0.0
[INFO] 2022-11-08 01:43:58,804 - Epoch:3, Batch:15906, Average Loss:0.0022277770214758023, Current Loss:0.0
[INFO] 2022-11-08 01:46:07,411 - Epoch:3, Batch:16406, Average Loss:0.002209044001995609, Current Loss:0.0
[INFO] 2022-11-08 01:48:16,785 - Epoch:3, Batch:16906, Average Loss:0.002182599137263172, Current Loss:0.0
[INFO] 2022-11-08 01:50:25,105 - Epoch:3, Batch:17406, Average Loss:0.0021533789525158883, Current Loss:0.0
[INFO] 2022-11-08 01:52:33,333 - Epoch:3, Batch:17906, Average Loss:0.0021449611894141414, Current Loss:0.0
[INFO] 2022-11-08 01:54:40,666 - Epoch:3, Batch:18406, Average Loss:0.002142502479704517, Current Loss:0.01757661998271942
[INFO] 2022-11-08 01:56:49,985 - Epoch:3, Batch:18906, Average Loss:0.0021235690058368506, Current Loss:0.0
[INFO] 2022-11-08 01:58:54,657 - Epoch:3, Batch:19406, Average Loss:0.0021132541417086554, Current Loss:0.0
[INFO] 2022-11-08 02:01:01,082 - Epoch:3, Batch:19906, Average Loss:0.0021012803131846775, Current Loss:0.0
[INFO] 2022-11-08 02:03:03,704 - Epoch:3, Batch:20406, Average Loss:0.0020983258904335163, Current Loss:0.0
[INFO] 2022-11-08 02:05:07,001 - Epoch:3, Batch:20906, Average Loss:0.00209668325273646, Current Loss:0.0
[INFO] 2022-11-08 02:07:10,293 - Epoch:3, Batch:21406, Average Loss:0.002091692123462204, Current Loss:0.007386818528175354
[INFO] 2022-11-08 02:09:12,742 - Epoch:3, Batch:21906, Average Loss:0.0020882132137751215, Current Loss:0.0
[INFO] 2022-11-08 02:11:16,180 - Epoch:3, Batch:22406, Average Loss:0.0020775897823268152, Current Loss:0.0
[INFO] 2022-11-08 02:13:17,494 - Epoch:3, Batch:22906, Average Loss:0.002073879047055999, Current Loss:0.0
[INFO] 2022-11-08 02:15:17,706 - Epoch:3, Batch:23406, Average Loss:0.0020639584019766155, Current Loss:0.0
[INFO] 2022-11-08 02:17:22,126 - Epoch:3, Batch:23906, Average Loss:0.002058044180060833, Current Loss:0.0
[INFO] 2022-11-08 02:19:25,907 - Epoch:3, Batch:24406, Average Loss:0.0020451911223000174, Current Loss:0.0
[INFO] 2022-11-08 02:21:24,336 - Epoch:3, Batch:24906, Average Loss:0.002044651864951637, Current Loss:0.0
[INFO] 2022-11-08 02:23:24,861 - Epoch:3, Batch:25406, Average Loss:0.0020411334266735234, Current Loss:0.0
[INFO] 2022-11-08 02:25:25,039 - Epoch:3, Batch:25906, Average Loss:0.002040453468288573, Current Loss:0.0
[INFO] 2022-11-08 02:27:25,529 - Epoch:3, Batch:26406, Average Loss:0.0020425984597717156, Current Loss:0.0
[INFO] 2022-11-08 02:29:27,155 - Epoch:3, Batch:26906, Average Loss:0.002031620488867816, Current Loss:0.0
[INFO] 2022-11-08 02:31:31,197 - Epoch:3, Batch:27406, Average Loss:0.002020363079138344, Current Loss:0.0
[INFO] 2022-11-08 02:33:31,374 - Epoch:3, Batch:27906, Average Loss:0.0020180686289483414, Current Loss:0.0
[INFO] 2022-11-08 02:35:38,607 - Epoch:3, Batch:28406, Average Loss:0.0020051120988862545, Current Loss:0.0
[INFO] 2022-11-08 02:37:40,568 - Epoch:3, Batch:28906, Average Loss:0.001997198482683717, Current Loss:0.0
[INFO] 2022-11-08 02:39:43,498 - Epoch:3, Batch:29406, Average Loss:0.001998462542787114, Current Loss:0.0
[INFO] 2022-11-08 02:41:49,841 - Epoch:3, Batch:29906, Average Loss:0.001991301212186503, Current Loss:0.0
[INFO] 2022-11-08 02:43:52,999 - Epoch:3, Batch:30406, Average Loss:0.0019832654808792072, Current Loss:0.0
[INFO] 2022-11-08 02:45:03,147 - Evaluation --- MRR :{1: 0.5351598173515981, 2: 0.6045009784735812, 3: 0.6254620569689066, 5: 0.6395064144379187, 10: 0.6480689901531376, 15: 0.6501296083781377, 50: 0.6522186928857486, 100: 0.6524384541708842}, HIT:{1: 0.5351598173515981, 2: 0.6738421395955643, 3: 0.7367253750815395, 5: 0.7981735159817351, 10: 0.860665362035225, 15: 0.8867579908675799, 50: 0.9378995433789954, 100: 0.9532941943900848}
[INFO] 2022-11-08 02:45:03,153 - Evaluation --- Max MRR:0.6456440841176645, Current MRR:{1: 0.5351598173515981, 2: 0.6045009784735812, 3: 0.6254620569689066, 5: 0.6395064144379187, 10: 0.6480689901531376, 15: 0.6501296083781377, 50: 0.6522186928857486, 100: 0.6524384541708842}, Current HIT:{1: 0.5351598173515981, 2: 0.6738421395955643, 3: 0.7367253750815395, 5: 0.7981735159817351, 10: 0.860665362035225, 15: 0.8867579908675799, 50: 0.9378995433789954, 100: 0.9532941943900848}
[INFO] 2022-11-08 02:47:23,411 - Epoch:3, Batch:30906, Average Loss:0.00196924302113455, Current Loss:0.0
[INFO] 2022-11-08 02:49:25,964 - Epoch:3, Batch:31406, Average Loss:0.001964255288221468, Current Loss:0.0
[INFO] 2022-11-08 02:51:31,316 - Epoch:3, Batch:31906, Average Loss:0.0019593162538358456, Current Loss:0.0
[INFO] 2022-11-08 02:53:35,193 - Epoch:3, Batch:32406, Average Loss:0.0019527667306723628, Current Loss:0.0
[INFO] 2022-11-08 02:55:37,769 - Epoch:3, Batch:32906, Average Loss:0.0019473554882924694, Current Loss:0.0
[INFO] 2022-11-08 02:57:41,772 - Epoch:3, Batch:33406, Average Loss:0.0019440418878197848, Current Loss:0.0
[INFO] 2022-11-08 02:59:45,543 - Epoch:3, Batch:33906, Average Loss:0.001939094295635242, Current Loss:0.0
[INFO] 2022-11-08 03:01:50,520 - Epoch:3, Batch:34406, Average Loss:0.0019295605227922011, Current Loss:0.0
[INFO] 2022-11-08 03:03:27,363 - Start testing...
[INFO] 2022-11-08 03:05:50,937 - Evaluation --- MRR :{1: 0.4772423451524604, 2: 0.5402317143039023, 3: 0.5608143951450302, 5: 0.575522524243001, 10: 0.585149752391462, 15: 0.5878264081778005, 50: 0.590631966195692, 100: 0.5910386081464083}, HIT:{1: 0.4772423451524604, 2: 0.6032210834553441, 3: 0.6649691259787383, 5: 0.7291361639824304, 10: 0.8003692150996244, 15: 0.834171494047998, 50: 0.905022598510408, 100: 0.9328410465338342}
