INFO:root:Loading train dataset...
INFO:root:Loading eval dataset...
INFO:root:Loading encoder...
INFO:root:Start training...
INFO:root:Epoch:1, Step:500, Average Loss:0.2380460453927517, Current Loss:0.0
INFO:root:Epoch:1, Step:1000, Average Loss:0.15727989475429058, Current Loss:0.12930671870708466
INFO:root:Epoch:1, Step:1500, Average Loss:0.12251922419667244, Current Loss:0.0
INFO:root:Epoch:1, Step:2000, Average Loss:0.10323799944669008, Current Loss:0.01845380663871765
INFO:root:Epoch:1, Step:2500, Average Loss:0.09236553181409836, Current Loss:0.19482815265655518
INFO:root:Epoch:1, Step:3000, Average Loss:0.08406875278552373, Current Loss:0.036399319767951965
INFO:root:Epoch:1, Step:3500, Average Loss:0.07770571430666107, Current Loss:0.14630988240242004
INFO:root:Epoch:1, Step:4000, Average Loss:0.07296670953184366, Current Loss:0.0
INFO:root:Epoch:1, Step:4500, Average Loss:0.06894941802157296, Current Loss:0.08221957087516785
INFO:root:Epoch:1, Step:5000, Average Loss:0.06587957332730293, Current Loss:0.003770589828491211
INFO:root:Epoch:1, Step:5500, Average Loss:0.06296012888984247, Current Loss:0.09867669641971588
INFO:root:Epoch:1, Step:6000, Average Loss:0.06037723728766044, Current Loss:0.0898393988609314
INFO:root:Epoch:1, Step:6500, Average Loss:0.05827624604793695, Current Loss:0.030623450875282288
INFO:root:Epoch:1, Step:7000, Average Loss:0.056683061599731445, Current Loss:0.0
INFO:root:Epoch:1, Step:7500, Average Loss:0.05505094979604085, Current Loss:0.12442713975906372
INFO:root:Epoch:1, Step:8000, Average Loss:0.053673032436519864, Current Loss:0.0
INFO:root:Epoch:1, Step:8500, Average Loss:0.052410208016633986, Current Loss:0.0
INFO:root:Epoch:1, Step:9000, Average Loss:0.05119309700859918, Current Loss:0.0
INFO:root:Epoch:1, Step:9500, Average Loss:0.0503707328987749, Current Loss:0.0
INFO:root:Epoch:1, Step:10000, Average Loss:0.04938056715577841, Current Loss:0.002264872193336487
INFO:root:Epoch:1, Step:10500, Average Loss:0.04858837524766014, Current Loss:0.12345436215400696
INFO:root:Epoch:1, Step:11000, Average Loss:0.04780557772923599, Current Loss:0.0
INFO:root:Epoch:1, Step:11500, Average Loss:0.04715613588561182, Current Loss:0.0
INFO:root:Epoch:1, Step:12000, Average Loss:0.046354780269165834, Current Loss:0.0
INFO:root:Epoch:1, Step:12500, Average Loss:0.04561414968729019, Current Loss:0.07542425394058228
INFO:root:Epoch:1, Step:13000, Average Loss:0.045049389254588346, Current Loss:0.0
INFO:root:Epoch:1, Step:13500, Average Loss:0.04460477270682653, Current Loss:0.007533371448516846
INFO:root:Epoch:1, Step:14000, Average Loss:0.043908355061497005, Current Loss:0.0
INFO:root:Epoch:1, Step:14500, Average Loss:0.04334828334121869, Current Loss:0.0
INFO:root:Epoch:1, Step:15000, Average Loss:0.04290292950769266, Current Loss:0.026752620935440063
INFO:root:Epoch:1, Step:15500, Average Loss:0.04247850158522206, Current Loss:0.0
INFO:root:Epoch:1, Step:16000, Average Loss:0.0419921573959291, Current Loss:0.057101666927337646
INFO:root:Epoch:1, Step:16500, Average Loss:0.04155806808760672, Current Loss:0.0008411407470703125
INFO:root:Epoch:1, Step:17000, Average Loss:0.041125946763683766, Current Loss:0.0
INFO:root:Epoch:1, Step:17500, Average Loss:0.04076379480021341, Current Loss:0.016807764768600464
INFO:root:Epoch:1, Step:18000, Average Loss:0.040339797707067596, Current Loss:0.0
INFO:root:Epoch:1, Step:18500, Average Loss:0.03993987404091938, Current Loss:0.0
INFO:root:Epoch:1, Step:19000, Average Loss:0.039658627263809504, Current Loss:0.10049612820148468
INFO:root:Epoch:1, Step:19500, Average Loss:0.03938849265147478, Current Loss:0.03635929524898529
INFO:root:Epoch:1, Step:20000, Average Loss:0.03901631795987487, Current Loss:0.00562170147895813
INFO:root:Epoch:1, Step:20500, Average Loss:0.03863613432573109, Current Loss:0.0
INFO:root:Epoch:1, Step:21000, Average Loss:0.038406845326224966, Current Loss:0.0
INFO:root:Epoch:1, Step:21500, Average Loss:0.03816190422620884, Current Loss:0.0
INFO:root:Epoch:1, Step:22000, Average Loss:0.03785730248486454, Current Loss:0.0
INFO:root:Epoch:1, Step:22500, Average Loss:0.037667414427465865, Current Loss:0.0
INFO:root:Epoch:1, Step:23000, Average Loss:0.03743713368281074, Current Loss:0.0
INFO:root:Epoch:1, Step:23500, Average Loss:0.03719012370832423, Current Loss:0.14985205233097076
INFO:root:Epoch:1, Step:24000, Average Loss:0.03688352824809651, Current Loss:0.0
INFO:root:Epoch:1, Step:24500, Average Loss:0.03672134698836171, Current Loss:0.0
INFO:root:Epoch:1, Step:25000, Average Loss:0.036440608649253844, Current Loss:0.0
INFO:root:Epoch:1, Step:25500, Average Loss:0.03618969603730183, Current Loss:0.0
INFO:root:Epoch:1, Step:26000, Average Loss:0.035932512636941215, Current Loss:0.0
INFO:root:Epoch:1, Step:26500, Average Loss:0.03569792531571298, Current Loss:0.0
INFO:root:Epoch:1, Step:27000, Average Loss:0.035465963922716955, Current Loss:0.05212081968784332
INFO:root:Epoch:1, Step:27500, Average Loss:0.03529796999151057, Current Loss:0.0
INFO:root:Epoch:1, Step:28000, Average Loss:0.035100407532815424, Current Loss:0.04946807026863098
INFO:root:Epoch:1, Step:28500, Average Loss:0.03496780328740153, Current Loss:0.0
INFO:root:Epoch:1, Step:29000, Average Loss:0.03472560994738135, Current Loss:0.0
INFO:root:Epoch:1, Step:29500, Average Loss:0.03459778475559364, Current Loss:0.059531599283218384
INFO:root:Epoch:1, Step:30000, Average Loss:0.034478457120060924, Current Loss:0.0
INFO:root:Evaluation --- MRR :{1: 0.4463144161774299, 2: 0.5137638617090672, 3: 0.5360295716460143, 5: 0.5508436616655812, 10: 0.5613689311340995, 15: 0.5640847584683211, 50: 0.5672310991381114, 100: 0.5676544196125297}, HIT:{1: 0.4463144161774299, 2: 0.5812133072407045, 3: 0.6480104370515329, 5: 0.7131115459882583, 10: 0.7906066536203522, 15: 0.8246575342465754, 50: 0.9037181996086106, 100: 0.9322896281800391}
INFO:root:Evaluation --- Max MRR:0, Current MRR:{1: 0.4463144161774299, 2: 0.5137638617090672, 3: 0.5360295716460143, 5: 0.5508436616655812, 10: 0.5613689311340995, 15: 0.5640847584683211, 50: 0.5672310991381114, 100: 0.5676544196125297}, Current HIT:{1: 0.4463144161774299, 2: 0.5812133072407045, 3: 0.6480104370515329, 5: 0.7131115459882583, 10: 0.7906066536203522, 15: 0.8246575342465754, 50: 0.9037181996086106, 100: 0.9322896281800391}
INFO:root:Epoch:1, Step:30500, Average Loss:0.0342345800639176, Current Loss:0.0
INFO:root:Epoch:1, Step:31000, Average Loss:0.03399586231958482, Current Loss:0.0322205126285553
INFO:root:Epoch:1, Step:31500, Average Loss:0.0337783845970555, Current Loss:0.0
INFO:root:Epoch:1, Step:32000, Average Loss:0.033516438137274236, Current Loss:0.036015287041664124
INFO:root:Epoch:1, Step:32500, Average Loss:0.0332863187624858, Current Loss:0.0
INFO:root:Epoch:1, Step:33000, Average Loss:0.03303357631871195, Current Loss:0.045428335666656494
INFO:root:Epoch:1, Step:33500, Average Loss:0.03278686212826131, Current Loss:0.023163065314292908
INFO:root:Epoch:1, Step:34000, Average Loss:0.03255591184821199, Current Loss:0.04321114718914032
INFO:root:Epoch:1, Step:34500, Average Loss:0.03233930093050003, Current Loss:0.04818183183670044
INFO:root:Epoch:1, Step:35000, Average Loss:0.03215703686816352, Current Loss:0.021903514862060547
INFO:root:Epoch:1, Step:35500, Average Loss:0.031966961386757836, Current Loss:0.0
INFO:root:Epoch:1, Step:36000, Average Loss:0.031781388746781485, Current Loss:0.020505592226982117
INFO:root:Epoch:1, Step:36500, Average Loss:0.031600351477322514, Current Loss:0.0
INFO:root:Epoch:1, Step:37000, Average Loss:0.031427999196825804, Current Loss:0.027430370450019836
INFO:root:Epoch:1, Step:37500, Average Loss:0.031277282189130784, Current Loss:0.0
INFO:root:Epoch:1, Step:38000, Average Loss:0.031131426244582, Current Loss:0.3620505928993225
INFO:root:Epoch:1, Step:38500, Average Loss:0.030931927173942716, Current Loss:0.0
INFO:root:Epoch:1, Step:39000, Average Loss:0.030775995043225778, Current Loss:0.0
INFO:root:Epoch:1, Step:39500, Average Loss:0.030626814049255997, Current Loss:0.0
INFO:root:Epoch:1, Step:40000, Average Loss:0.030480224629864095, Current Loss:0.0
INFO:root:Epoch:1, Step:40500, Average Loss:0.030300251804016253, Current Loss:0.042136937379837036
INFO:root:Epoch:1, Step:41000, Average Loss:0.03017318825605439, Current Loss:0.0
INFO:root:Epoch:1, Step:41500, Average Loss:0.030028565315237964, Current Loss:0.013097956776618958
INFO:root:Epoch:1, Step:42000, Average Loss:0.0298980156176147, Current Loss:0.0
INFO:root:Epoch:1, Step:42500, Average Loss:0.029775421560862485, Current Loss:0.0
INFO:root:Epoch:1, Step:43000, Average Loss:0.029644135008717692, Current Loss:0.0051082223653793335
INFO:root:Epoch:1, Step:43500, Average Loss:0.029506116479292684, Current Loss:0.0
INFO:root:Epoch:1, Step:44000, Average Loss:0.029387921777977184, Current Loss:0.03292424976825714
INFO:root:Epoch:1, Step:44500, Average Loss:0.029249473709738655, Current Loss:0.0072326213121414185
INFO:root:Epoch:1, Step:45000, Average Loss:0.029113569195402995, Current Loss:0.0
INFO:root:Epoch:1, Step:45500, Average Loss:0.028997944479132745, Current Loss:0.0
INFO:root:Epoch:1, Step:46000, Average Loss:0.028867389045655726, Current Loss:0.0
INFO:root:Epoch:1, Step:46500, Average Loss:0.028742602308591207, Current Loss:0.012607336044311523
INFO:root:Epoch:1, Step:47000, Average Loss:0.02862842994230859, Current Loss:0.016066819429397583
INFO:root:Epoch:1, Step:47500, Average Loss:0.028510565720733842, Current Loss:0.14649736881256104
INFO:root:Epoch:1, Step:48000, Average Loss:0.028402086426193515, Current Loss:0.0
INFO:root:Epoch:1, Step:48500, Average Loss:0.028312868416002116, Current Loss:0.06345930695533752
INFO:root:Epoch:1, Step:49000, Average Loss:0.028236202878307325, Current Loss:0.0
INFO:root:Epoch:1, Step:49500, Average Loss:0.02810095279626172, Current Loss:0.0023060142993927
INFO:root:Epoch:1, Step:50000, Average Loss:0.027994002141058447, Current Loss:0.009700030088424683
INFO:root:Epoch:1, Step:50500, Average Loss:0.027860959258705083, Current Loss:0.0
INFO:root:Epoch:1, Step:51000, Average Loss:0.027732437851382238, Current Loss:0.0
INFO:root:Epoch:1, Step:51500, Average Loss:0.02762478854355303, Current Loss:0.024155527353286743
INFO:root:Epoch:1, Step:52000, Average Loss:0.027532259496358725, Current Loss:0.0
INFO:root:Epoch:1, Step:52500, Average Loss:0.027434111856846584, Current Loss:0.04671862721443176
INFO:root:Epoch:1, Step:53000, Average Loss:0.027302253293541242, Current Loss:0.0
INFO:root:Epoch:1, Step:53500, Average Loss:0.02718154922712629, Current Loss:0.003199160099029541
INFO:root:Epoch:1, Step:54000, Average Loss:0.027088592916727067, Current Loss:0.0
INFO:root:Epoch:1, Step:54500, Average Loss:0.027009946387568744, Current Loss:0.0
INFO:root:Epoch:1, Step:55000, Average Loss:0.026935697070576928, Current Loss:0.0
INFO:root:Epoch:1, Step:55500, Average Loss:0.02683454208760648, Current Loss:0.014130279421806335
INFO:root:Epoch:1, Step:56000, Average Loss:0.0267340617743986, Current Loss:0.0
INFO:root:Epoch:1, Step:56500, Average Loss:0.02662557227711762, Current Loss:0.08092379570007324
INFO:root:Epoch:1, Step:57000, Average Loss:0.02653451688012533, Current Loss:0.020941495895385742
INFO:root:Epoch:1, Step:57500, Average Loss:0.026448863237318786, Current Loss:0.12434661388397217
INFO:root:Epoch:1, Step:58000, Average Loss:0.026372311887813027, Current Loss:0.0
INFO:root:Epoch:1, Step:58500, Average Loss:0.026286998983886506, Current Loss:0.0
INFO:root:Epoch:1, Step:59000, Average Loss:0.026188320259421558, Current Loss:0.0
INFO:root:Epoch:1, Step:59500, Average Loss:0.026109503792364055, Current Loss:0.0
INFO:root:Epoch:1, Step:60000, Average Loss:0.026023134853194158, Current Loss:0.0
INFO:root:Evaluation --- MRR :{1: 0.46966731898238745, 2: 0.5389432485322896, 3: 0.5604261796042643, 5: 0.576342683191998, 10: 0.5866663042690451, 15: 0.5892774982501003, 50: 0.5921415144020596, 100: 0.5924626322852428}, HIT:{1: 0.46966731898238745, 2: 0.6082191780821918, 3: 0.6726679712981083, 5: 0.7424657534246575, 10: 0.8187866927592955, 15: 0.8516634050880626, 50: 0.923679060665362, 100: 0.9452054794520548}
INFO:root:Evaluation --- Max MRR:0.5613689311340995, Current MRR:{1: 0.46966731898238745, 2: 0.5389432485322896, 3: 0.5604261796042643, 5: 0.576342683191998, 10: 0.5866663042690451, 15: 0.5892774982501003, 50: 0.5921415144020596, 100: 0.5924626322852428}, Current HIT:{1: 0.46966731898238745, 2: 0.6082191780821918, 3: 0.6726679712981083, 5: 0.7424657534246575, 10: 0.8187866927592955, 15: 0.8516634050880626, 50: 0.923679060665362, 100: 0.9452054794520548}
INFO:root:Epoch:1, Step:60500, Average Loss:0.025919368928621622, Current Loss:0.0
INFO:root:Epoch:1, Step:61000, Average Loss:0.025852175113607625, Current Loss:0.08224397897720337
INFO:root:Epoch:1, Step:61500, Average Loss:0.025775505040476963, Current Loss:0.0004032552242279053
INFO:root:Epoch:1, Step:62000, Average Loss:0.02566847967068034, Current Loss:0.0
INFO:root:Epoch:1, Step:62500, Average Loss:0.025592207640886308, Current Loss:0.016756057739257812
INFO:root:Epoch:1, Step:63000, Average Loss:0.025526685602371656, Current Loss:0.0
INFO:root:Epoch:1, Step:63500, Average Loss:0.025455761007436618, Current Loss:0.0
INFO:root:Epoch:1, Step:64000, Average Loss:0.025382034530397505, Current Loss:0.0
INFO:root:Epoch:1, Step:64500, Average Loss:0.02528840797931649, Current Loss:0.0
INFO:root:Epoch:1, Step:65000, Average Loss:0.025213658289955213, Current Loss:0.0
INFO:root:Epoch:1, Step:65500, Average Loss:0.025165681124643517, Current Loss:0.0
INFO:root:Epoch:1, Step:66000, Average Loss:0.025097573180767625, Current Loss:0.0
INFO:root:Epoch:1, Step:66500, Average Loss:0.0250395283685591, Current Loss:0.0
INFO:root:Epoch:1, Step:67000, Average Loss:0.024971953381130944, Current Loss:0.0
INFO:root:Epoch:1, Step:67500, Average Loss:0.02490800185998281, Current Loss:0.0
INFO:root:Epoch:1, Step:68000, Average Loss:0.024868385302231594, Current Loss:0.03042641282081604
INFO:root:Epoch:1, Step:68500, Average Loss:0.024811335426612492, Current Loss:0.0
INFO:root:Epoch:1, Step:69000, Average Loss:0.024746161939657254, Current Loss:0.0
INFO:root:Epoch:1, Step:69500, Average Loss:0.024681587077945256, Current Loss:0.0
INFO:root:Epoch:2, Step:500, Average Loss:0.020188370078802108, Current Loss:0.10752984881401062
INFO:root:Epoch:2, Step:1000, Average Loss:0.01922381518781185, Current Loss:0.02437858283519745
INFO:root:Epoch:2, Step:1500, Average Loss:0.017937773664792378, Current Loss:0.0
INFO:root:Epoch:2, Step:2000, Average Loss:0.017697595372796058, Current Loss:0.06972475349903107
INFO:root:Epoch:2, Step:2500, Average Loss:0.017115932428836824, Current Loss:0.0
INFO:root:Epoch:2, Step:3000, Average Loss:0.016506711622079215, Current Loss:0.0
INFO:root:Epoch:2, Step:3500, Average Loss:0.01651141807436943, Current Loss:0.0
INFO:root:Epoch:2, Step:4000, Average Loss:0.01653413937240839, Current Loss:0.0
INFO:root:Epoch:2, Step:4500, Average Loss:0.016605031241973243, Current Loss:0.042433083057403564
INFO:root:Epoch:2, Step:5000, Average Loss:0.016711505702137947, Current Loss:0.11534149944782257
INFO:root:Epoch:2, Step:5500, Average Loss:0.016463517373258418, Current Loss:0.0
INFO:root:Epoch:2, Step:6000, Average Loss:0.01645433574418227, Current Loss:0.0
INFO:root:Epoch:2, Step:6500, Average Loss:0.016577284693717956, Current Loss:0.1141565591096878
INFO:root:Epoch:2, Step:7000, Average Loss:0.016395244413188525, Current Loss:0.0
INFO:root:Epoch:2, Step:7500, Average Loss:0.016450601585706076, Current Loss:0.0
INFO:root:Epoch:2, Step:8000, Average Loss:0.016353912139311432, Current Loss:0.04574313759803772
INFO:root:Epoch:2, Step:8500, Average Loss:0.016271915803937352, Current Loss:0.10138680040836334
INFO:root:Epoch:2, Step:9000, Average Loss:0.016215555240710576, Current Loss:0.043979525566101074
INFO:root:Epoch:2, Step:9500, Average Loss:0.01623571417206212, Current Loss:0.07831194996833801
INFO:root:Epoch:2, Step:10000, Average Loss:0.016201535993814468, Current Loss:0.0
INFO:root:Epoch:2, Step:10500, Average Loss:0.016166789472103118, Current Loss:0.0
INFO:root:Epoch:2, Step:11000, Average Loss:0.016280705205418848, Current Loss:0.0
INFO:root:Epoch:2, Step:11500, Average Loss:0.016272284630848014, Current Loss:0.0
INFO:root:Epoch:2, Step:12000, Average Loss:0.0162604426505665, Current Loss:0.0
INFO:root:Epoch:2, Step:12500, Average Loss:0.016248196399211885, Current Loss:0.0
INFO:root:Epoch:2, Step:13000, Average Loss:0.016249041528655934, Current Loss:0.0
INFO:root:Epoch:2, Step:13500, Average Loss:0.01616055237143128, Current Loss:0.0
INFO:root:Epoch:2, Step:14000, Average Loss:0.01610296721117837, Current Loss:0.004099756479263306
INFO:root:Epoch:2, Step:14500, Average Loss:0.016029047407980623, Current Loss:0.0
INFO:root:Epoch:2, Step:15000, Average Loss:0.015990838726361593, Current Loss:0.0
INFO:root:Epoch:2, Step:15500, Average Loss:0.016002016034818465, Current Loss:0.0
INFO:root:Epoch:2, Step:16000, Average Loss:0.015975604509934783, Current Loss:0.00574105978012085
INFO:root:Epoch:2, Step:16500, Average Loss:0.015929921224261775, Current Loss:0.0
INFO:root:Epoch:2, Step:17000, Average Loss:0.01582684378413593, Current Loss:0.0
INFO:root:Epoch:2, Step:17500, Average Loss:0.015752397011859078, Current Loss:0.0
INFO:root:Epoch:2, Step:18000, Average Loss:0.015718024272885586, Current Loss:0.014026448130607605
INFO:root:Epoch:2, Step:18500, Average Loss:0.015769672475151115, Current Loss:0.0
INFO:root:Epoch:2, Step:19000, Average Loss:0.01572366670401473, Current Loss:0.012896925210952759
INFO:root:Epoch:2, Step:19500, Average Loss:0.015683467307151894, Current Loss:0.0
INFO:root:Epoch:2, Step:20000, Average Loss:0.015595795284956694, Current Loss:0.011653080582618713
INFO:root:Epoch:2, Step:20500, Average Loss:0.015571969796971577, Current Loss:0.0
INFO:root:Epoch:2, Step:21000, Average Loss:0.015537174334838276, Current Loss:0.0
INFO:root:Epoch:2, Step:21500, Average Loss:0.015465404671291972, Current Loss:0.010817453265190125
INFO:root:Epoch:2, Step:22000, Average Loss:0.01545238182084127, Current Loss:0.0006935298442840576
INFO:root:Epoch:2, Step:22500, Average Loss:0.015367989583147897, Current Loss:0.0
INFO:root:Epoch:2, Step:23000, Average Loss:0.015373572492081187, Current Loss:0.10637231171131134
INFO:root:Epoch:2, Step:23500, Average Loss:0.015437181889376742, Current Loss:0.0
INFO:root:Epoch:2, Step:24000, Average Loss:0.015410540100187064, Current Loss:0.0
INFO:root:Epoch:2, Step:24500, Average Loss:0.015480036281809514, Current Loss:0.0
INFO:root:Epoch:2, Step:25000, Average Loss:0.015489839293956757, Current Loss:0.036580488085746765
INFO:root:Epoch:2, Step:25500, Average Loss:0.015473327338695527, Current Loss:0.0
INFO:root:Epoch:2, Step:26000, Average Loss:0.01545376006857707, Current Loss:0.021037280559539795
INFO:root:Epoch:2, Step:26500, Average Loss:0.015478139575359956, Current Loss:0.12422052025794983
INFO:root:Epoch:2, Step:27000, Average Loss:0.015428832884739946, Current Loss:0.0
INFO:root:Epoch:2, Step:27500, Average Loss:0.015462933540886098, Current Loss:0.055965766310691833
INFO:root:Epoch:2, Step:28000, Average Loss:0.015469585643282959, Current Loss:0.0
INFO:root:Epoch:2, Step:28500, Average Loss:0.015443437765041987, Current Loss:0.0
INFO:root:Epoch:2, Step:29000, Average Loss:0.015439716473221779, Current Loss:0.0
INFO:root:Epoch:2, Step:29500, Average Loss:0.015421242435604839, Current Loss:0.058959394693374634
INFO:root:Epoch:2, Step:30000, Average Loss:0.015437757809460164, Current Loss:0.021832525730133057
INFO:root:Evaluation --- MRR :{1: 0.4776255707762557, 2: 0.5503587736464449, 3: 0.5725809958686693, 5: 0.5871276364427046, 10: 0.5967641516271659, 15: 0.5993521702621503, 50: 0.6019834991754847, 100: 0.602368209946449}, HIT:{1: 0.4776255707762557, 2: 0.6230919765166341, 3: 0.6897586431833007, 5: 0.7534246575342466, 10: 0.8245270711024135, 15: 0.8570123939986953, 50: 0.9217221135029354, 100: 0.9484670580560991}
INFO:root:Evaluation --- Max MRR:0.5866663042690451, Current MRR:{1: 0.4776255707762557, 2: 0.5503587736464449, 3: 0.5725809958686693, 5: 0.5871276364427046, 10: 0.5967641516271659, 15: 0.5993521702621503, 50: 0.6019834991754847, 100: 0.602368209946449}, Current HIT:{1: 0.4776255707762557, 2: 0.6230919765166341, 3: 0.6897586431833007, 5: 0.7534246575342466, 10: 0.8245270711024135, 15: 0.8570123939986953, 50: 0.9217221135029354, 100: 0.9484670580560991}
INFO:root:Epoch:2, Step:30500, Average Loss:0.015332630042169915, Current Loss:0.0
INFO:root:Epoch:2, Step:31000, Average Loss:0.015299396004888319, Current Loss:0.0
INFO:root:Epoch:2, Step:31500, Average Loss:0.015230041848288642, Current Loss:0.0
INFO:root:Epoch:2, Step:32000, Average Loss:0.01514515387127176, Current Loss:0.0
INFO:root:Epoch:2, Step:32500, Average Loss:0.015099760339810298, Current Loss:0.07964234054088593
INFO:root:Epoch:2, Step:33000, Average Loss:0.015065377920866013, Current Loss:0.0
INFO:root:Epoch:2, Step:33500, Average Loss:0.015012644003131497, Current Loss:0.024864211678504944
INFO:root:Epoch:2, Step:34000, Average Loss:0.01496842432591845, Current Loss:0.0
INFO:root:Epoch:2, Step:34500, Average Loss:0.014914377107136492, Current Loss:0.0
INFO:root:Epoch:2, Step:35000, Average Loss:0.014845407943214688, Current Loss:0.0
INFO:root:Epoch:2, Step:35500, Average Loss:0.014786814885659957, Current Loss:0.0
INFO:root:Epoch:2, Step:36000, Average Loss:0.014741977254549662, Current Loss:0.0
INFO:root:Epoch:2, Step:36500, Average Loss:0.014683101371134797, Current Loss:0.0
INFO:root:Epoch:2, Step:37000, Average Loss:0.014605225456727518, Current Loss:0.0
INFO:root:Epoch:2, Step:37500, Average Loss:0.014574985017379125, Current Loss:0.19272218644618988
INFO:root:Epoch:2, Step:38000, Average Loss:0.014537397301118625, Current Loss:0.0
INFO:root:Epoch:2, Step:38500, Average Loss:0.014492247886858977, Current Loss:0.05471464991569519
INFO:root:Epoch:2, Step:39000, Average Loss:0.014419097329561526, Current Loss:0.0
INFO:root:Epoch:2, Step:39500, Average Loss:0.014407124855095828, Current Loss:0.010026142001152039
INFO:root:Epoch:2, Step:40000, Average Loss:0.014363856509700417, Current Loss:0.0
INFO:root:Epoch:2, Step:40500, Average Loss:0.014311323902857156, Current Loss:0.0
INFO:root:Epoch:2, Step:41000, Average Loss:0.01429195813325847, Current Loss:0.0
INFO:root:Epoch:2, Step:41500, Average Loss:0.014256035747657339, Current Loss:0.0
INFO:root:Epoch:2, Step:42000, Average Loss:0.014210976762785798, Current Loss:0.0
INFO:root:Epoch:2, Step:42500, Average Loss:0.014160458110711155, Current Loss:0.04566873610019684
INFO:root:Epoch:2, Step:43000, Average Loss:0.01409584956460221, Current Loss:0.006835326552391052
INFO:root:Epoch:2, Step:43500, Average Loss:0.014055981264717278, Current Loss:0.0
INFO:root:Epoch:2, Step:44000, Average Loss:0.014019510033455761, Current Loss:0.0
INFO:root:Epoch:2, Step:44500, Average Loss:0.014006788058897083, Current Loss:0.0
INFO:root:Epoch:2, Step:45000, Average Loss:0.01397354101869795, Current Loss:0.0
INFO:root:Epoch:2, Step:45500, Average Loss:0.013963335628037924, Current Loss:0.0
INFO:root:Epoch:2, Step:46000, Average Loss:0.013930441167691479, Current Loss:0.0
INFO:root:Epoch:2, Step:46500, Average Loss:0.013908852207724766, Current Loss:0.0
INFO:root:Epoch:2, Step:47000, Average Loss:0.013893543888596779, Current Loss:0.0
INFO:root:Epoch:2, Step:47500, Average Loss:0.013874905908735176, Current Loss:0.0
INFO:root:Epoch:2, Step:48000, Average Loss:0.013874110422407587, Current Loss:0.03635089099407196
INFO:root:Epoch:2, Step:48500, Average Loss:0.013837571235661653, Current Loss:0.0
INFO:root:Epoch:2, Step:49000, Average Loss:0.013791322861703075, Current Loss:0.0
INFO:root:Epoch:2, Step:49500, Average Loss:0.013761738585703301, Current Loss:0.014749810099601746
INFO:root:Epoch:2, Step:50000, Average Loss:0.013738859311640263, Current Loss:0.08120906352996826
INFO:root:Epoch:2, Step:50500, Average Loss:0.013759010935478872, Current Loss:0.003863126039505005
INFO:root:Epoch:2, Step:51000, Average Loss:0.013718232907208742, Current Loss:0.0
INFO:root:Epoch:2, Step:51500, Average Loss:0.013684031837484211, Current Loss:0.04479987919330597
INFO:root:Epoch:2, Step:52000, Average Loss:0.013635484707183563, Current Loss:0.0
INFO:root:Epoch:2, Step:52500, Average Loss:0.013636395230747405, Current Loss:0.04470454156398773
INFO:root:Epoch:2, Step:53000, Average Loss:0.013615446335021056, Current Loss:0.0
INFO:root:Epoch:2, Step:53500, Average Loss:0.013593605056822857, Current Loss:0.0
INFO:root:Epoch:2, Step:54000, Average Loss:0.013580051713243679, Current Loss:0.0
INFO:root:Epoch:2, Step:54500, Average Loss:0.013542725884312884, Current Loss:0.0
INFO:root:Epoch:2, Step:55000, Average Loss:0.013513367049531504, Current Loss:0.0
INFO:root:Epoch:2, Step:55500, Average Loss:0.013483091082121874, Current Loss:0.0
INFO:root:Epoch:2, Step:56000, Average Loss:0.013454459922122105, Current Loss:0.0005902796983718872
INFO:root:Epoch:2, Step:56500, Average Loss:0.01341719230956736, Current Loss:0.0
INFO:root:Epoch:2, Step:57000, Average Loss:0.01340598870369426, Current Loss:0.02715347707271576
INFO:root:Epoch:2, Step:57500, Average Loss:0.013388404602071514, Current Loss:0.0
INFO:root:Epoch:2, Step:58000, Average Loss:0.013372425508396379, Current Loss:0.0
INFO:root:Epoch:2, Step:58500, Average Loss:0.013340815602968901, Current Loss:0.0
INFO:root:Epoch:2, Step:59000, Average Loss:0.013329309674642853, Current Loss:0.0
INFO:root:Epoch:2, Step:59500, Average Loss:0.013298665472439358, Current Loss:0.0
INFO:root:Epoch:2, Step:60000, Average Loss:0.013275623952349026, Current Loss:0.0
INFO:root:Evaluation --- MRR :{1: 0.4851924331376386, 2: 0.5535551206784084, 3: 0.5749945640356623, 5: 0.5910741465535982, 10: 0.6006937843630611, 15: 0.6031882131784277, 50: 0.6058812074457025, 100: 0.6062227572719601}, HIT:{1: 0.4851924331376386, 2: 0.6219178082191781, 3: 0.6862361382909328, 5: 0.7565557729941291, 10: 0.8276581865622962, 15: 0.858969341161122, 50: 0.9256360078277887, 100: 0.948597521200261}
INFO:root:Evaluation --- Max MRR:0.5967641516271659, Current MRR:{1: 0.4851924331376386, 2: 0.5535551206784084, 3: 0.5749945640356623, 5: 0.5910741465535982, 10: 0.6006937843630611, 15: 0.6031882131784277, 50: 0.6058812074457025, 100: 0.6062227572719601}, Current HIT:{1: 0.4851924331376386, 2: 0.6219178082191781, 3: 0.6862361382909328, 5: 0.7565557729941291, 10: 0.8276581865622962, 15: 0.858969341161122, 50: 0.9256360078277887, 100: 0.948597521200261}
INFO:root:Epoch:2, Step:60500, Average Loss:0.013256790926633788, Current Loss:0.03326471149921417
INFO:root:Epoch:2, Step:61000, Average Loss:0.013233630575850362, Current Loss:0.0
INFO:root:Epoch:2, Step:61500, Average Loss:0.013210971113627519, Current Loss:0.0
INFO:root:Epoch:2, Step:62000, Average Loss:0.013195641785139038, Current Loss:0.0
INFO:root:Epoch:2, Step:62500, Average Loss:0.013166279368638992, Current Loss:0.0
INFO:root:Epoch:2, Step:63000, Average Loss:0.013152839121127885, Current Loss:0.0
INFO:root:Epoch:2, Step:63500, Average Loss:0.01313462738070901, Current Loss:0.0
INFO:root:Epoch:2, Step:64000, Average Loss:0.013136422737734393, Current Loss:0.0005171000957489014
INFO:root:Epoch:2, Step:64500, Average Loss:0.013116399837556735, Current Loss:0.0
INFO:root:Epoch:2, Step:65000, Average Loss:0.013112715501280932, Current Loss:0.07662129402160645
INFO:root:Epoch:2, Step:65500, Average Loss:0.013097125576652643, Current Loss:0.0
INFO:root:Epoch:2, Step:66000, Average Loss:0.013078432615733509, Current Loss:0.0
INFO:root:Epoch:2, Step:66500, Average Loss:0.01304587628272243, Current Loss:0.0
INFO:root:Epoch:2, Step:67000, Average Loss:0.013017240172001853, Current Loss:0.0
INFO:root:Epoch:2, Step:67500, Average Loss:0.012986365144120323, Current Loss:0.0
INFO:root:Epoch:2, Step:68000, Average Loss:0.012975602427607074, Current Loss:0.08076785504817963
INFO:root:Epoch:2, Step:68500, Average Loss:0.012947503099476334, Current Loss:0.0
INFO:root:Epoch:2, Step:69000, Average Loss:0.01292124640531298, Current Loss:0.0
INFO:root:Epoch:2, Step:69500, Average Loss:0.012911661738328797, Current Loss:0.0
INFO:root:Epoch:3, Step:500, Average Loss:0.012787918001413346, Current Loss:0.0
INFO:root:Epoch:3, Step:1000, Average Loss:0.011854608312249184, Current Loss:0.0
INFO:root:Epoch:3, Step:1500, Average Loss:0.012002181818087895, Current Loss:0.0
INFO:root:Epoch:3, Step:2000, Average Loss:0.011827519111335278, Current Loss:0.0
INFO:root:Epoch:3, Step:2500, Average Loss:0.011868744558095933, Current Loss:0.0
INFO:root:Epoch:3, Step:3000, Average Loss:0.011726614365975063, Current Loss:0.09934040904045105
INFO:root:Epoch:3, Step:3500, Average Loss:0.01196167836018971, Current Loss:0.0
INFO:root:Epoch:3, Step:4000, Average Loss:0.011919490180909634, Current Loss:0.0
INFO:root:Epoch:3, Step:4500, Average Loss:0.01198153073589007, Current Loss:0.0040970295667648315
INFO:root:Epoch:3, Step:5000, Average Loss:0.012021476063132286, Current Loss:0.0
INFO:root:Epoch:3, Step:5500, Average Loss:0.012154500476338646, Current Loss:0.0
INFO:root:Epoch:3, Step:6000, Average Loss:0.012027569549779097, Current Loss:0.0
INFO:root:Epoch:3, Step:6500, Average Loss:0.012019633297736828, Current Loss:0.0
INFO:root:Epoch:3, Step:7000, Average Loss:0.012129896404487747, Current Loss:0.0
INFO:root:Epoch:3, Step:7500, Average Loss:0.0120778067111969, Current Loss:0.0
INFO:root:Epoch:3, Step:8000, Average Loss:0.012087483728304505, Current Loss:0.0
INFO:root:Epoch:3, Step:8500, Average Loss:0.011975482505910537, Current Loss:0.0
INFO:root:Epoch:3, Step:9000, Average Loss:0.012005230754613877, Current Loss:0.0
INFO:root:Epoch:3, Step:9500, Average Loss:0.011917969432316329, Current Loss:0.0
INFO:root:Epoch:3, Step:10000, Average Loss:0.011845065653324128, Current Loss:0.0
INFO:root:Epoch:3, Step:10500, Average Loss:0.011880046363387789, Current Loss:0.0
INFO:root:Epoch:3, Step:11000, Average Loss:0.011778805590488694, Current Loss:0.08235499262809753
INFO:root:Epoch:3, Step:11500, Average Loss:0.01173587243453316, Current Loss:0.0
INFO:root:Epoch:3, Step:12000, Average Loss:0.011774125141402086, Current Loss:0.0
INFO:root:Epoch:3, Step:12500, Average Loss:0.011709276626110076, Current Loss:0.0
INFO:root:Epoch:3, Step:13000, Average Loss:0.011662126353153815, Current Loss:0.054896846413612366
INFO:root:Epoch:3, Step:13500, Average Loss:0.011603690434385229, Current Loss:0.0
INFO:root:Epoch:3, Step:14000, Average Loss:0.01164622047330652, Current Loss:0.0
INFO:root:Epoch:3, Step:14500, Average Loss:0.011617630384091674, Current Loss:0.0
INFO:root:Epoch:3, Step:15000, Average Loss:0.011625026622414589, Current Loss:0.0
INFO:root:Epoch:3, Step:15500, Average Loss:0.011592468733749082, Current Loss:0.026535943150520325
INFO:root:Epoch:3, Step:16000, Average Loss:0.011556969383731484, Current Loss:0.0
INFO:root:Epoch:3, Step:16500, Average Loss:0.011567303776741028, Current Loss:0.0
INFO:root:Epoch:3, Step:17000, Average Loss:0.011587359541479278, Current Loss:0.0
INFO:root:Epoch:3, Step:17500, Average Loss:0.011470200739588056, Current Loss:0.0
INFO:root:Epoch:3, Step:18000, Average Loss:0.011425720007883177, Current Loss:0.0
INFO:root:Epoch:3, Step:18500, Average Loss:0.011354769963670422, Current Loss:0.0414382666349411
INFO:root:Epoch:3, Step:19000, Average Loss:0.011347243214124128, Current Loss:0.0
INFO:root:Epoch:3, Step:19500, Average Loss:0.011301143822761683, Current Loss:0.0
INFO:root:Epoch:3, Step:20000, Average Loss:0.011313794377446175, Current Loss:0.0
INFO:root:Epoch:3, Step:20500, Average Loss:0.01128639251647926, Current Loss:0.07146252691745758
INFO:root:Epoch:3, Step:21000, Average Loss:0.011310964556677001, Current Loss:0.0
INFO:root:Epoch:3, Step:21500, Average Loss:0.011252078418814858, Current Loss:0.015319406986236572
INFO:root:Epoch:3, Step:22000, Average Loss:0.011244582508775322, Current Loss:0.010670050978660583
INFO:root:Epoch:3, Step:22500, Average Loss:0.011252333774169286, Current Loss:0.0
INFO:root:Epoch:3, Step:23000, Average Loss:0.011264481453144033, Current Loss:0.0
INFO:root:Epoch:3, Step:23500, Average Loss:0.011269947651852952, Current Loss:0.0
INFO:root:Epoch:3, Step:24000, Average Loss:0.011275955732911826, Current Loss:0.0
INFO:root:Epoch:3, Step:24500, Average Loss:0.011291160935650066, Current Loss:0.0
INFO:root:Epoch:3, Step:25000, Average Loss:0.011289096758365631, Current Loss:0.05925798416137695
INFO:root:Epoch:3, Step:25500, Average Loss:0.011251750531149846, Current Loss:0.0
INFO:root:Epoch:3, Step:26000, Average Loss:0.011250939453450534, Current Loss:0.04501652717590332
INFO:root:Epoch:3, Step:26500, Average Loss:0.011220325517766881, Current Loss:0.0
INFO:root:Epoch:3, Step:27000, Average Loss:0.011190723870087554, Current Loss:0.0
INFO:root:Epoch:3, Step:27500, Average Loss:0.011182678650184111, Current Loss:0.01952725648880005
INFO:root:Epoch:3, Step:28000, Average Loss:0.011146608330841575, Current Loss:0.0
INFO:root:Epoch:3, Step:28500, Average Loss:0.011130435532122328, Current Loss:0.0
INFO:root:Epoch:3, Step:29000, Average Loss:0.011125292736908486, Current Loss:0.0
INFO:root:Epoch:3, Step:29500, Average Loss:0.011108830995983997, Current Loss:0.0
INFO:root:Epoch:3, Step:30000, Average Loss:0.011080378362039725, Current Loss:0.007230624556541443
INFO:root:Evaluation --- MRR :{1: 0.4958904109589041, 2: 0.5661448140900196, 3: 0.587149380300067, 5: 0.6033855185909973, 10: 0.6132765922198407, 15: 0.6155608550324776, 50: 0.6180634879792782, 100: 0.6183142006659482}, HIT:{1: 0.4958904109589041, 2: 0.636399217221135, 3: 0.699412915851272, 5: 0.7697325505544683, 10: 0.8430528375733856, 15: 0.8721461187214612, 50: 0.9335942596216569, 100: 0.9509458577951728}
INFO:root:Evaluation --- Max MRR:0.6006937843630611, Current MRR:{1: 0.4958904109589041, 2: 0.5661448140900196, 3: 0.587149380300067, 5: 0.6033855185909973, 10: 0.6132765922198407, 15: 0.6155608550324776, 50: 0.6180634879792782, 100: 0.6183142006659482}, Current HIT:{1: 0.4958904109589041, 2: 0.636399217221135, 3: 0.699412915851272, 5: 0.7697325505544683, 10: 0.8430528375733856, 15: 0.8721461187214612, 50: 0.9335942596216569, 100: 0.9509458577951728}
INFO:root:Epoch:3, Step:30500, Average Loss:0.011049444259678732, Current Loss:0.0007263422012329102
INFO:root:Epoch:3, Step:31000, Average Loss:0.010988935721978064, Current Loss:0.0
INFO:root:Epoch:3, Step:31500, Average Loss:0.010919214775637974, Current Loss:0.0
INFO:root:Epoch:3, Step:32000, Average Loss:0.01087107944348827, Current Loss:0.006795912981033325
INFO:root:Epoch:3, Step:32500, Average Loss:0.010793021796299861, Current Loss:0.0
INFO:root:Epoch:3, Step:33000, Average Loss:0.010733549894257025, Current Loss:0.0
INFO:root:Epoch:3, Step:33500, Average Loss:0.010671612117717515, Current Loss:0.0
INFO:root:Epoch:3, Step:34000, Average Loss:0.010633319130715201, Current Loss:0.014309465885162354
INFO:root:Epoch:3, Step:34500, Average Loss:0.010571958560874497, Current Loss:0.00962415337562561
INFO:root:Epoch:3, Step:35000, Average Loss:0.010540328135234969, Current Loss:0.0
INFO:root:Epoch:3, Step:35500, Average Loss:0.010491023537138818, Current Loss:0.0
INFO:root:Epoch:3, Step:36000, Average Loss:0.01045697314126624, Current Loss:0.0
INFO:root:Epoch:3, Step:36500, Average Loss:0.010415365723306185, Current Loss:0.0
INFO:root:Epoch:3, Step:37000, Average Loss:0.010372229570472563, Current Loss:0.05031205713748932
INFO:root:Epoch:3, Step:37500, Average Loss:0.010352544266780218, Current Loss:0.0
INFO:root:Epoch:3, Step:38000, Average Loss:0.010332210201181864, Current Loss:0.0
INFO:root:Epoch:3, Step:38500, Average Loss:0.010299648730785815, Current Loss:0.0
INFO:root:Epoch:3, Step:39000, Average Loss:0.010252328178439385, Current Loss:0.0
INFO:root:Epoch:3, Step:39500, Average Loss:0.010234084844966478, Current Loss:0.0
INFO:root:Epoch:3, Step:40000, Average Loss:0.01020178355500102, Current Loss:0.012589752674102783
INFO:root:Epoch:3, Step:40500, Average Loss:0.010155547022083659, Current Loss:0.0
INFO:root:Epoch:3, Step:41000, Average Loss:0.010132940991622645, Current Loss:0.0
INFO:root:Epoch:3, Step:41500, Average Loss:0.010106149903262954, Current Loss:0.0
INFO:root:Epoch:3, Step:42000, Average Loss:0.010077144535169716, Current Loss:0.0
INFO:root:Epoch:3, Step:42500, Average Loss:0.010050246304273605, Current Loss:0.04321518540382385
INFO:root:Epoch:3, Step:43000, Average Loss:0.010021864237480386, Current Loss:0.0
INFO:root:Epoch:3, Step:43500, Average Loss:0.00999144974453696, Current Loss:0.0
INFO:root:Epoch:3, Step:44000, Average Loss:0.009970840993929994, Current Loss:0.04264441132545471
INFO:root:Epoch:3, Step:44500, Average Loss:0.00992775464928552, Current Loss:0.0
INFO:root:Epoch:3, Step:45000, Average Loss:0.00990186969935894, Current Loss:0.0
INFO:root:Epoch:3, Step:45500, Average Loss:0.009867176129922762, Current Loss:0.0
INFO:root:Epoch:3, Step:46000, Average Loss:0.009840537616416165, Current Loss:0.0
INFO:root:Epoch:3, Step:46500, Average Loss:0.00982138406269012, Current Loss:0.0029230117797851562
INFO:root:Epoch:3, Step:47000, Average Loss:0.009816198444746911, Current Loss:0.0
INFO:root:Epoch:3, Step:47500, Average Loss:0.009793739424881182, Current Loss:0.01602773368358612
INFO:root:Epoch:3, Step:48000, Average Loss:0.009777794227935373, Current Loss:0.0
INFO:root:Epoch:3, Step:48500, Average Loss:0.009760620276645288, Current Loss:0.009116828441619873
INFO:root:Epoch:3, Step:49000, Average Loss:0.009725047984901739, Current Loss:0.0
INFO:root:Epoch:3, Step:49500, Average Loss:0.009711654493001976, Current Loss:0.0
INFO:root:Epoch:3, Step:50000, Average Loss:0.009676427599787712, Current Loss:0.0
INFO:root:Epoch:3, Step:50500, Average Loss:0.009645003620645787, Current Loss:0.0
INFO:root:Epoch:3, Step:51000, Average Loss:0.009627315812251147, Current Loss:0.016124695539474487
INFO:root:Epoch:3, Step:51500, Average Loss:0.009591110154552367, Current Loss:0.0
INFO:root:Epoch:3, Step:52000, Average Loss:0.009571061860196866, Current Loss:0.0
INFO:root:Epoch:3, Step:52500, Average Loss:0.009537206082968484, Current Loss:0.0
INFO:root:Epoch:3, Step:53000, Average Loss:0.009520829316861225, Current Loss:0.0
INFO:root:Epoch:3, Step:53500, Average Loss:0.009496942995307601, Current Loss:0.0
INFO:root:Epoch:3, Step:54000, Average Loss:0.009481661649213897, Current Loss:0.062558114528656
INFO:root:Epoch:3, Step:54500, Average Loss:0.009465473015647416, Current Loss:0.0
INFO:root:Epoch:3, Step:55000, Average Loss:0.009453484380245208, Current Loss:0.0
INFO:root:Epoch:3, Step:55500, Average Loss:0.009433187858209954, Current Loss:0.057163357734680176
INFO:root:Epoch:3, Step:56000, Average Loss:0.009410351633493389, Current Loss:0.01804530620574951
INFO:root:Epoch:3, Step:56500, Average Loss:0.009388554062991016, Current Loss:0.0
INFO:root:Epoch:3, Step:57000, Average Loss:0.009370726387228882, Current Loss:0.021196186542510986
INFO:root:Epoch:3, Step:57500, Average Loss:0.009355810063040775, Current Loss:0.0
INFO:root:Epoch:3, Step:58000, Average Loss:0.009329718375514294, Current Loss:0.0
INFO:root:Epoch:3, Step:58500, Average Loss:0.009316262817026204, Current Loss:0.0
INFO:root:Epoch:3, Step:59000, Average Loss:0.009295110726760605, Current Loss:0.0
INFO:root:Epoch:3, Step:59500, Average Loss:0.009277255698913286, Current Loss:0.0
INFO:root:Epoch:3, Step:60000, Average Loss:0.00926210007617871, Current Loss:0.0
INFO:root:Evaluation --- MRR :{1: 0.5132420091324201, 2: 0.5812133072407045, 3: 0.6028267014568405, 5: 0.617634268319199, 10: 0.627173246772073, 15: 0.6293606657892363, 50: 0.6318757922699603, 100: 0.6321186949927862}, HIT:{1: 0.5132420091324201, 2: 0.6491846053489889, 3: 0.7140247879973908, 5: 0.7784735812133072, 10: 0.8474885844748858, 15: 0.8747553816046967, 50: 0.936986301369863, 100: 0.9532941943900848}
INFO:root:Evaluation --- Max MRR:0.6132765922198407, Current MRR:{1: 0.5132420091324201, 2: 0.5812133072407045, 3: 0.6028267014568405, 5: 0.617634268319199, 10: 0.627173246772073, 15: 0.6293606657892363, 50: 0.6318757922699603, 100: 0.6321186949927862}, Current HIT:{1: 0.5132420091324201, 2: 0.6491846053489889, 3: 0.7140247879973908, 5: 0.7784735812133072, 10: 0.8474885844748858, 15: 0.8747553816046967, 50: 0.936986301369863, 100: 0.9532941943900848}
INFO:root:Epoch:3, Step:60500, Average Loss:0.00925990863452273, Current Loss:0.0
INFO:root:Epoch:3, Step:61000, Average Loss:0.009246377344747059, Current Loss:0.1410394012928009
INFO:root:Epoch:3, Step:61500, Average Loss:0.009222772424783164, Current Loss:0.0
INFO:root:Epoch:3, Step:62000, Average Loss:0.00920152101641701, Current Loss:0.0
INFO:root:Epoch:3, Step:62500, Average Loss:0.009183596167325973, Current Loss:0.031689614057540894
INFO:root:Epoch:3, Step:63000, Average Loss:0.009182084653822203, Current Loss:0.0
INFO:root:Epoch:3, Step:63500, Average Loss:0.009165458256569434, Current Loss:0.0
INFO:root:Epoch:3, Step:64000, Average Loss:0.009151893861126154, Current Loss:0.0
INFO:root:Epoch:3, Step:64500, Average Loss:0.009140317399834478, Current Loss:0.0
INFO:root:Epoch:3, Step:65000, Average Loss:0.009132520705232253, Current Loss:0.0
INFO:root:Epoch:3, Step:65500, Average Loss:0.009115058331544162, Current Loss:0.0
INFO:root:Epoch:3, Step:66000, Average Loss:0.009101375961845572, Current Loss:0.0
INFO:root:Epoch:3, Step:66500, Average Loss:0.009082744694517968, Current Loss:0.0
INFO:root:Epoch:3, Step:67000, Average Loss:0.009077492801778352, Current Loss:0.1392829567193985
INFO:root:Epoch:3, Step:67500, Average Loss:0.00906330584331795, Current Loss:0.0
INFO:root:Epoch:3, Step:68000, Average Loss:0.009054132941672031, Current Loss:0.0
INFO:root:Epoch:3, Step:68500, Average Loss:0.009041156313932725, Current Loss:0.0
INFO:root:Epoch:3, Step:69000, Average Loss:0.009027817245194877, Current Loss:0.0
INFO:root:Epoch:3, Step:69500, Average Loss:0.009005381354110704, Current Loss:0.0
INFO:root:Epoch:4, Step:500, Average Loss:0.009970233887434005, Current Loss:0.0
INFO:root:Epoch:4, Step:1000, Average Loss:0.009577421754598617, Current Loss:0.0
INFO:root:Epoch:4, Step:1500, Average Loss:0.009240183055400848, Current Loss:0.0
INFO:root:Epoch:4, Step:2000, Average Loss:0.008905629217624665, Current Loss:0.0
INFO:root:Epoch:4, Step:2500, Average Loss:0.009042801094055176, Current Loss:0.0
INFO:root:Epoch:4, Step:3000, Average Loss:0.008937036544084549, Current Loss:0.0
INFO:root:Epoch:4, Step:3500, Average Loss:0.008991200817482812, Current Loss:0.0
INFO:root:Epoch:4, Step:4000, Average Loss:0.009059475626796484, Current Loss:0.0
INFO:root:Epoch:4, Step:4500, Average Loss:0.008974463903241687, Current Loss:0.0
INFO:root:Epoch:4, Step:5000, Average Loss:0.008724799990653991, Current Loss:0.0
INFO:root:Epoch:4, Step:5500, Average Loss:0.008645159789107062, Current Loss:0.0
INFO:root:Epoch:4, Step:6000, Average Loss:0.008591022697587807, Current Loss:0.0
INFO:root:Epoch:4, Step:6500, Average Loss:0.00862234653876378, Current Loss:0.0
INFO:root:Epoch:4, Step:7000, Average Loss:0.008540031856724193, Current Loss:0.0
INFO:root:Epoch:4, Step:7500, Average Loss:0.00866055892109871, Current Loss:0.04520833492279053
INFO:root:Epoch:4, Step:8000, Average Loss:0.008737573692575096, Current Loss:0.12710076570510864
INFO:root:Epoch:4, Step:8500, Average Loss:0.008790880881688175, Current Loss:0.0
INFO:root:Epoch:4, Step:9000, Average Loss:0.00874910901652442, Current Loss:0.0
INFO:root:Epoch:4, Step:9500, Average Loss:0.008717776649876646, Current Loss:0.05065867304801941
INFO:root:Epoch:4, Step:10000, Average Loss:0.008675116792321205, Current Loss:0.0
INFO:root:Epoch:4, Step:10500, Average Loss:0.008732422387316113, Current Loss:0.06693348288536072
INFO:root:Epoch:4, Step:11000, Average Loss:0.008767599449916319, Current Loss:0.0
INFO:root:Epoch:4, Step:11500, Average Loss:0.008806781453930813, Current Loss:0.009916260838508606
INFO:root:Epoch:4, Step:12000, Average Loss:0.008758325960487128, Current Loss:0.0
INFO:root:Epoch:4, Step:12500, Average Loss:0.008708776454925538, Current Loss:0.009336739778518677
INFO:root:Epoch:4, Step:13000, Average Loss:0.008652035981416702, Current Loss:0.0
INFO:root:Epoch:4, Step:13500, Average Loss:0.008687427655414299, Current Loss:0.0
INFO:root:Epoch:4, Step:14000, Average Loss:0.00863786645340068, Current Loss:0.0
INFO:root:Epoch:4, Step:14500, Average Loss:0.00859187352451785, Current Loss:0.0
INFO:root:Epoch:4, Step:15000, Average Loss:0.00860061827202638, Current Loss:0.0
INFO:root:Epoch:4, Step:15500, Average Loss:0.008641962563799274, Current Loss:0.0
INFO:root:Epoch:4, Step:16000, Average Loss:0.008646646722219884, Current Loss:0.0
INFO:root:Epoch:4, Step:16500, Average Loss:0.008619586275382476, Current Loss:0.0
INFO:root:Epoch:4, Step:17000, Average Loss:0.008632377579808235, Current Loss:0.0
INFO:root:Epoch:4, Step:17500, Average Loss:0.008603666419642312, Current Loss:0.007422894239425659
INFO:root:Epoch:4, Step:18000, Average Loss:0.008548339276678033, Current Loss:0.0
INFO:root:Epoch:4, Step:18500, Average Loss:0.008499715568246068, Current Loss:0.0
INFO:root:Epoch:4, Step:19000, Average Loss:0.008503162590296645, Current Loss:0.0
INFO:root:Epoch:4, Step:19500, Average Loss:0.008505017207983212, Current Loss:0.0
INFO:root:Epoch:4, Step:20000, Average Loss:0.008454538132250309, Current Loss:0.017096146941184998
INFO:root:Epoch:4, Step:20500, Average Loss:0.00838690376863247, Current Loss:0.0
INFO:root:Epoch:4, Step:21000, Average Loss:0.008366622900678997, Current Loss:0.05463148653507233
INFO:root:Epoch:4, Step:21500, Average Loss:0.008359963482895564, Current Loss:0.0
INFO:root:Epoch:4, Step:22000, Average Loss:0.008339584185318513, Current Loss:0.0
INFO:root:Epoch:4, Step:22500, Average Loss:0.008329623806476593, Current Loss:0.0
INFO:root:Epoch:4, Step:23000, Average Loss:0.008330620460536169, Current Loss:0.0
INFO:root:Epoch:4, Step:23500, Average Loss:0.008320936685546915, Current Loss:0.0
INFO:root:Epoch:4, Step:24000, Average Loss:0.008293586562077205, Current Loss:0.0
INFO:root:Epoch:4, Step:24500, Average Loss:0.00830282965971499, Current Loss:0.0
INFO:root:Epoch:4, Step:25000, Average Loss:0.008313087773323059, Current Loss:0.0
INFO:root:Epoch:4, Step:25500, Average Loss:0.008299170170344558, Current Loss:0.0
INFO:root:Epoch:4, Step:26000, Average Loss:0.008320987880803071, Current Loss:0.0
INFO:root:Epoch:4, Step:26500, Average Loss:0.008335964542514873, Current Loss:0.0
INFO:root:Epoch:4, Step:27000, Average Loss:0.00833822049090156, Current Loss:0.0
INFO:root:Epoch:4, Step:27500, Average Loss:0.008359865940700878, Current Loss:0.0
INFO:root:Epoch:4, Step:28000, Average Loss:0.008347320651369436, Current Loss:0.0
INFO:root:Epoch:4, Step:28500, Average Loss:0.008339806904918269, Current Loss:0.0
INFO:root:Epoch:4, Step:29000, Average Loss:0.008363800787720187, Current Loss:0.0
INFO:root:Epoch:4, Step:29500, Average Loss:0.008355434418229734, Current Loss:0.0
INFO:root:Epoch:4, Step:30000, Average Loss:0.008340300497412682, Current Loss:0.0
INFO:root:Evaluation --- MRR :{1: 0.5285061969993476, 2: 0.5953033268101762, 3: 0.6171776473146339, 5: 0.632050445749074, 10: 0.640728678077014, 15: 0.6427893918794093, 50: 0.6451788633599677, 100: 0.6454607657612381}, HIT:{1: 0.5285061969993476, 2: 0.6621004566210046, 3: 0.727723418134377, 5: 0.7920417482061317, 10: 0.8553163731245923, 15: 0.8812785388127854, 50: 0.9382909328114808, 100: 0.9577299412915852}
INFO:root:Evaluation --- Max MRR:0.627173246772073, Current MRR:{1: 0.5285061969993476, 2: 0.5953033268101762, 3: 0.6171776473146339, 5: 0.632050445749074, 10: 0.640728678077014, 15: 0.6427893918794093, 50: 0.6451788633599677, 100: 0.6454607657612381}, Current HIT:{1: 0.5285061969993476, 2: 0.6621004566210046, 3: 0.727723418134377, 5: 0.7920417482061317, 10: 0.8553163731245923, 15: 0.8812785388127854, 50: 0.9382909328114808, 100: 0.9577299412915852}
INFO:root:Epoch:4, Step:30500, Average Loss:0.008294987555410041, Current Loss:0.0
INFO:root:Epoch:4, Step:31000, Average Loss:0.0082363297400936, Current Loss:0.0
INFO:root:Epoch:4, Step:31500, Average Loss:0.008191129102593377, Current Loss:0.0004502832889556885
INFO:root:Epoch:4, Step:32000, Average Loss:0.008174211419187486, Current Loss:0.0
INFO:root:Epoch:4, Step:32500, Average Loss:0.00814585981644117, Current Loss:0.0
INFO:root:Epoch:4, Step:33000, Average Loss:0.00811440425659671, Current Loss:0.0
INFO:root:Epoch:4, Step:33500, Average Loss:0.008081132246042365, Current Loss:0.0
INFO:root:Epoch:4, Step:34000, Average Loss:0.00803328140255283, Current Loss:0.0
INFO:root:Epoch:4, Step:34500, Average Loss:0.00797250331139219, Current Loss:0.0
INFO:root:Epoch:4, Step:35000, Average Loss:0.007940247559973171, Current Loss:0.0
INFO:root:Epoch:4, Step:35500, Average Loss:0.007908920931564251, Current Loss:0.0
INFO:root:Epoch:4, Step:36000, Average Loss:0.007866474728617403, Current Loss:0.0
INFO:root:Epoch:4, Step:36500, Average Loss:0.007846078495456748, Current Loss:0.0
INFO:root:Epoch:4, Step:37000, Average Loss:0.007808334574103355, Current Loss:0.0
INFO:root:Epoch:4, Step:37500, Average Loss:0.0077769754366079965, Current Loss:0.0
INFO:root:Epoch:4, Step:38000, Average Loss:0.007743428812607338, Current Loss:0.0
INFO:root:Epoch:4, Step:38500, Average Loss:0.007714757581422855, Current Loss:0.0
INFO:root:Epoch:4, Step:39000, Average Loss:0.007679081992843212, Current Loss:0.1273057460784912
INFO:root:Epoch:4, Step:39500, Average Loss:0.007638823333797576, Current Loss:0.009112134575843811
INFO:root:Epoch:4, Step:40000, Average Loss:0.0076184572026133535, Current Loss:0.0
INFO:root:Epoch:4, Step:40500, Average Loss:0.007579417414871263, Current Loss:0.01333610713481903
INFO:root:Epoch:4, Step:41000, Average Loss:0.0075556857734918595, Current Loss:0.0
INFO:root:Epoch:4, Step:41500, Average Loss:0.007535060632300664, Current Loss:0.0
INFO:root:Epoch:4, Step:42000, Average Loss:0.007497001885658219, Current Loss:0.0
INFO:root:Epoch:4, Step:42500, Average Loss:0.007460590806077508, Current Loss:0.0
INFO:root:Epoch:4, Step:43000, Average Loss:0.007439999399836673, Current Loss:0.0
INFO:root:Epoch:4, Step:43500, Average Loss:0.007408329496438476, Current Loss:0.0
INFO:root:Epoch:4, Step:44000, Average Loss:0.007377414745701985, Current Loss:0.0
INFO:root:Epoch:4, Step:44500, Average Loss:0.00735246955142932, Current Loss:0.0
INFO:root:Epoch:4, Step:45000, Average Loss:0.007320383174551858, Current Loss:0.0
INFO:root:Epoch:4, Step:45500, Average Loss:0.0073051284037448545, Current Loss:0.0
INFO:root:Epoch:4, Step:46000, Average Loss:0.00728309924868138, Current Loss:0.0
INFO:root:Epoch:4, Step:46500, Average Loss:0.007241316876744711, Current Loss:0.0
INFO:root:Epoch:4, Step:47000, Average Loss:0.00721365346933933, Current Loss:0.0
INFO:root:Epoch:4, Step:47500, Average Loss:0.007181867922293512, Current Loss:0.008019790053367615
INFO:root:Epoch:4, Step:48000, Average Loss:0.007169525830696026, Current Loss:0.0
INFO:root:Epoch:4, Step:48500, Average Loss:0.0071509091377872785, Current Loss:0.0
INFO:root:Epoch:4, Step:49000, Average Loss:0.007126506423767732, Current Loss:0.0
INFO:root:Epoch:4, Step:49500, Average Loss:0.007108208322464817, Current Loss:0.0
INFO:root:Epoch:4, Step:50000, Average Loss:0.007091146682500839, Current Loss:0.0
INFO:root:Epoch:4, Step:50500, Average Loss:0.007083413499121618, Current Loss:0.0
INFO:root:Epoch:4, Step:51000, Average Loss:0.007057677791399115, Current Loss:0.012057468295097351
INFO:root:Epoch:4, Step:51500, Average Loss:0.007034164310948362, Current Loss:0.0
INFO:root:Epoch:4, Step:52000, Average Loss:0.007011984064315374, Current Loss:0.0
INFO:root:Epoch:4, Step:52500, Average Loss:0.007007976036980039, Current Loss:0.0
INFO:root:Epoch:4, Step:53000, Average Loss:0.007004198901495844, Current Loss:0.0
INFO:root:Epoch:4, Step:53500, Average Loss:0.0069884877806512, Current Loss:0.0
INFO:root:Epoch:4, Step:54000, Average Loss:0.0069627556486262215, Current Loss:0.0
INFO:root:Epoch:4, Step:54500, Average Loss:0.0069399593770503995, Current Loss:0.0
INFO:root:Epoch:4, Step:55000, Average Loss:0.00692787025001916, Current Loss:0.0
INFO:root:Epoch:4, Step:55500, Average Loss:0.006916678004168175, Current Loss:0.0
INFO:root:Epoch:4, Step:56000, Average Loss:0.006898074675617473, Current Loss:0.0
INFO:root:Epoch:4, Step:56500, Average Loss:0.006882051041432187, Current Loss:0.0
INFO:root:Epoch:4, Step:57000, Average Loss:0.0068683613698210634, Current Loss:0.0
INFO:root:Epoch:4, Step:57500, Average Loss:0.006857253523235736, Current Loss:0.0
INFO:root:Epoch:4, Step:58000, Average Loss:0.00683948101385914, Current Loss:0.0
INFO:root:Epoch:4, Step:58500, Average Loss:0.006838287880278042, Current Loss:0.0
INFO:root:Epoch:4, Step:59000, Average Loss:0.006826803702166525, Current Loss:0.0
INFO:root:Epoch:4, Step:59500, Average Loss:0.006817648855577998, Current Loss:0.0
INFO:root:Epoch:4, Step:60000, Average Loss:0.006812025513003269, Current Loss:0.0
INFO:root:Evaluation --- MRR :{1: 0.5308545335942596, 2: 0.5981082844096542, 3: 0.6199391171993922, 5: 0.6347075451185026, 10: 0.6433846384824856, 15: 0.6455836810142072, 50: 0.6479241014453678, 100: 0.6481326126928371}, HIT:{1: 0.5308545335942596, 2: 0.6653620352250489, 3: 0.7308545335942597, 5: 0.7946510110893672, 10: 0.8574037834311807, 15: 0.8848010437051533, 50: 0.9428571428571428, 100: 0.9569471624266145}
INFO:root:Evaluation --- Max MRR:0.640728678077014, Current MRR:{1: 0.5308545335942596, 2: 0.5981082844096542, 3: 0.6199391171993922, 5: 0.6347075451185026, 10: 0.6433846384824856, 15: 0.6455836810142072, 50: 0.6479241014453678, 100: 0.6481326126928371}, Current HIT:{1: 0.5308545335942596, 2: 0.6653620352250489, 3: 0.7308545335942597, 5: 0.7946510110893672, 10: 0.8574037834311807, 15: 0.8848010437051533, 50: 0.9428571428571428, 100: 0.9569471624266145}
INFO:root:Epoch:4, Step:60500, Average Loss:0.006798607488309056, Current Loss:0.04173508286476135
INFO:root:Epoch:4, Step:61000, Average Loss:0.006799833926021076, Current Loss:0.0
INFO:root:Epoch:4, Step:61500, Average Loss:0.006788217655284618, Current Loss:0.0774562656879425
INFO:root:Epoch:4, Step:62000, Average Loss:0.006771070028024335, Current Loss:0.0
INFO:root:Epoch:4, Step:62500, Average Loss:0.006750968586206436, Current Loss:0.0085371732711792
INFO:root:Epoch:4, Step:63000, Average Loss:0.006738697905389089, Current Loss:0.0
INFO:root:Epoch:4, Step:63500, Average Loss:0.006731099982899944, Current Loss:0.0
INFO:root:Epoch:4, Step:64000, Average Loss:0.006722937814192847, Current Loss:0.0
INFO:root:Epoch:4, Step:64500, Average Loss:0.006719969047825466, Current Loss:0.0
INFO:root:Epoch:4, Step:65000, Average Loss:0.006702216417972858, Current Loss:0.0
INFO:root:Epoch:4, Step:65500, Average Loss:0.006702280677229394, Current Loss:0.039656862616539
INFO:root:Epoch:4, Step:66000, Average Loss:0.006681428635436477, Current Loss:0.0
INFO:root:Epoch:4, Step:66500, Average Loss:0.006668122016173557, Current Loss:0.015082016587257385
INFO:root:Epoch:4, Step:67000, Average Loss:0.00666270086258205, Current Loss:0.0
INFO:root:Epoch:4, Step:67500, Average Loss:0.006662909797165129, Current Loss:0.0
INFO:root:Epoch:4, Step:68000, Average Loss:0.006654616328285021, Current Loss:0.0
INFO:root:Epoch:4, Step:68500, Average Loss:0.006646929057845234, Current Loss:0.0
INFO:root:Epoch:4, Step:69000, Average Loss:0.006631852762854618, Current Loss:0.0
INFO:root:Epoch:4, Step:69500, Average Loss:0.006616429456703954, Current Loss:0.0
INFO:root:Loading test dataset...
INFO:root:Start testing...
INFO:root:Evaluation --- MRR :{1: 0.47775160735883887, 2: 0.5406773187344834, 3: 0.5603051329386511, 5: 0.5759744944511602, 10: 0.5853006112156911, 15: 0.588120319993767, 50: 0.5911135575045607, 100: 0.5915086633883823}, HIT:{1: 0.47775160735883887, 2: 0.603603030110128, 3: 0.662486472722643, 5: 0.7307276083773633, 10: 0.7992870329110701, 15: 0.8349990451333631, 50: 0.9097332739194093, 100: 0.9369788019606595}
