INFO:root:Loading train dataset...
INFO:root:Loading eval dataset...
INFO:root:Loading encoder...
INFO:root:Start training...
INFO:root:epoch:1,step:0,avg_loss:0.0988546758890152,current_loss:0.0988546758890152
INFO:root:Current Loss:1.3742927651584336,Current MRR :{1: 0.0002609262883235486, 2: 0.00045662100456621003, 3: 0.0005870841487279843, 5: 0.0005870841487279843, 10: 0.0007907516126694209, 15: 0.0009129560010186233, 50: 0.001191743353945004, 100: 0.0013637872878618825},Current ans_k:{1: 2, 2: 5, 3: 8, 5: 8, 10: 19, 15: 31, 50: 97, 100: 191}
INFO:root:max_mrr:0,current_mrr:{1: 0.0002609262883235486, 2: 0.00045662100456621003, 3: 0.0005870841487279843, 5: 0.0005870841487279843, 10: 0.0007907516126694209, 15: 0.0009129560010186233, 50: 0.001191743353945004, 100: 0.0013637872878618825},ans_k:{1: 2, 2: 5, 3: 8, 5: 8, 10: 19, 15: 31, 50: 97, 100: 191}
INFO:root:evaluation---avg_loss:1.3742927651584336,mrr:{1: 0.0002609262883235486, 2: 0.00045662100456621003, 3: 0.0005870841487279843, 5: 0.0005870841487279843, 10: 0.0007907516126694209, 15: 0.0009129560010186233, 50: 0.001191743353945004, 100: 0.0013637872878618825},ans_k:{1: 2, 2: 5, 3: 8, 5: 8, 10: 19, 15: 31, 50: 97, 100: 191}

INFO:root:epoch:1,step:100,avg_loss:0.06307940952258535,current_loss:0.06745216250419617
INFO:root:epoch:1,step:200,avg_loss:0.05748552602915028,current_loss:0.06330902874469757
INFO:root:epoch:1,step:300,avg_loss:0.05162553672378641,current_loss:0.03643721342086792
INFO:root:epoch:1,step:400,avg_loss:0.04523723879062624,current_loss:0.013061419129371643
INFO:root:epoch:1,step:500,avg_loss:0.039859276153370295,current_loss:0.01636098325252533
INFO:root:epoch:1,step:600,avg_loss:0.035666210034524345,current_loss:0.008014172315597534
INFO:root:epoch:1,step:700,avg_loss:0.0321786052277697,current_loss:0.007563665509223938
INFO:root:epoch:1,step:800,avg_loss:0.029413986406969222,current_loss:0.007312610745429993
INFO:root:epoch:1,step:900,avg_loss:0.02740168467279809,current_loss:0.005680754780769348
INFO:root:epoch:1,step:1000,avg_loss:0.025325357690676824,current_loss:0.007946804165840149
INFO:root:epoch:1,step:1100,avg_loss:0.02375955909463517,current_loss:0.010232806205749512
INFO:root:epoch:1,step:1200,avg_loss:0.022251448129535615,current_loss:0.008008942008018494
INFO:root:epoch:1,step:1300,avg_loss:0.020922785454489102,current_loss:0.0026420652866363525
INFO:root:epoch:1,step:1400,avg_loss:0.01978984792091266,current_loss:0.004654452204704285
INFO:root:epoch:1,step:1500,avg_loss:0.018709084328058,current_loss:0.0017279386520385742
INFO:root:epoch:1,step:1600,avg_loss:0.01771238483465291,current_loss:0.003209024667739868
INFO:root:epoch:1,step:1700,avg_loss:0.016862466265565153,current_loss:0.00188523530960083
INFO:root:epoch:1,step:1800,avg_loss:0.016109175595358172,current_loss:0.0026410818099975586
INFO:root:epoch:1,step:1900,avg_loss:0.015420794588901193,current_loss:0.0024402737617492676
INFO:root:epoch:1,step:2000,avg_loss:0.014794412112307512,current_loss:0.0031824707984924316
INFO:root:epoch:1,step:2100,avg_loss:0.014205794364767151,current_loss:0.0018719583749771118
INFO:root:epoch:1,step:2200,avg_loss:0.013648886617775777,current_loss:0.0018832534551620483
INFO:root:epoch:1,step:2300,avg_loss:0.013146601847232502,current_loss:0.0017512589693069458
INFO:root:epoch:1,step:2400,avg_loss:0.012673792318719866,current_loss:0.0018806606531143188
INFO:root:epoch:1,step:2500,avg_loss:0.012228856619145098,current_loss:0.0010156482458114624
INFO:root:epoch:1,step:2600,avg_loss:0.011799650512397954,current_loss:0.0012537240982055664
INFO:root:epoch:1,step:2700,avg_loss:0.011412863580662425,current_loss:0.0010259896516799927
INFO:root:epoch:1,step:2800,avg_loss:0.011042013753741522,current_loss:0.000871121883392334
INFO:root:epoch:1,step:2900,avg_loss:0.010693437752745063,current_loss:0.0008067339658737183
INFO:root:epoch:1,step:3000,avg_loss:0.010371051895066286,current_loss:0.0007276982069015503
INFO:root:epoch:1,step:3100,avg_loss:0.010069663406033472,current_loss:0.0012009888887405396
INFO:root:epoch:1,step:3200,avg_loss:0.009778444830680855,current_loss:0.0006766319274902344
INFO:root:epoch:1,step:3300,avg_loss:0.009500818748576683,current_loss:0.0007827132940292358
INFO:root:epoch:1,step:3400,avg_loss:0.009238444279656975,current_loss:0.0008605420589447021
INFO:root:epoch:1,step:3500,avg_loss:0.008987083894904768,current_loss:0.0008025318384170532
INFO:root:epoch:1,step:3600,avg_loss:0.008750023369456754,current_loss:0.0003964155912399292
INFO:root:epoch:1,step:3700,avg_loss:0.008524768567832538,current_loss:0.00043258070945739746
INFO:root:epoch:1,step:3800,avg_loss:0.008309873843688583,current_loss:0.00032073259353637695
INFO:root:epoch:1,step:3900,avg_loss:0.0081057082045173,current_loss:0.000532001256942749
INFO:root:epoch:1,step:4000,avg_loss:0.007915627268128798,current_loss:0.00038614869117736816
INFO:root:epoch:1,step:4100,avg_loss:0.007732070562781953,current_loss:0.00027708709239959717
INFO:root:epoch:1,step:4200,avg_loss:0.007557195599548478,current_loss:0.0010045915842056274
INFO:root:epoch:1,step:4300,avg_loss:0.007388980866476315,current_loss:0.00023262202739715576
INFO:root:epoch:1,step:4400,avg_loss:0.007227891762807569,current_loss:0.00026547908782958984
INFO:root:epoch:1,step:4500,avg_loss:0.007075014120471448,current_loss:0.000423431396484375
INFO:root:epoch:1,step:4600,avg_loss:0.006927542522844349,current_loss:0.000246196985244751
INFO:root:epoch:1,step:4700,avg_loss:0.006784951080162204,current_loss:0.00014199316501617432
INFO:root:epoch:1,step:4800,avg_loss:0.006647541594490412,current_loss:0.00023534893989562988
INFO:root:epoch:1,step:4900,avg_loss:0.0065155897705293725,current_loss:0.00015838444232940674
INFO:root:epoch:1,step:5000,avg_loss:0.006388887283301931,current_loss:0.00013306736946105957
INFO:root:epoch:1,step:5100,avg_loss:0.0062662724144807915,current_loss:0.0001058727502822876
INFO:root:epoch:1,step:5200,avg_loss:0.006148265645701572,current_loss:0.0001564323902130127
INFO:root:epoch:1,step:5300,avg_loss:0.006034511782564862,current_loss:0.00013281404972076416
INFO:root:epoch:1,step:5400,avg_loss:0.005924965282034772,current_loss:0.0001080930233001709
INFO:root:epoch:1,step:5500,avg_loss:0.005818947694601092,current_loss:8.317828178405762e-05
INFO:root:epoch:1,step:5600,avg_loss:0.005716680589158116,current_loss:7.207691669464111e-05
INFO:root:epoch:1,step:5700,avg_loss:0.005617582934966236,current_loss:4.1797757148742676e-05
INFO:root:epoch:1,step:5800,avg_loss:0.005521856144345479,current_loss:5.206465721130371e-05
INFO:root:epoch:1,step:5900,avg_loss:0.005429361436634099,current_loss:5.289912223815918e-05
INFO:root:epoch:1,step:6000,avg_loss:0.005339664690614919,current_loss:2.9847025871276855e-05
INFO:root:epoch:1,step:6100,avg_loss:0.005252891726189804,current_loss:4.367530345916748e-05
INFO:root:epoch:1,step:6200,avg_loss:0.005168694617709428,current_loss:3.637373447418213e-05
INFO:root:epoch:1,step:6300,avg_loss:0.005087129557687051,current_loss:2.3156404495239258e-05
INFO:root:epoch:1,step:6400,avg_loss:0.005008153585954823,current_loss:2.8014183044433594e-05
INFO:root:epoch:1,step:6500,avg_loss:0.004931807121466241,current_loss:3.999471664428711e-05
INFO:root:epoch:1,step:6600,avg_loss:0.004857939890777861,current_loss:0.0001035928726196289
INFO:root:epoch:1,step:6700,avg_loss:0.004786064555050455,current_loss:2.981722354888916e-05
INFO:root:epoch:1,step:6800,avg_loss:0.004716175117136503,current_loss:3.482401371002197e-05
INFO:root:epoch:1,step:6900,avg_loss:0.004648150430004107,current_loss:2.2217631340026855e-05
INFO:root:epoch:1,step:7000,avg_loss:0.004582112249843122,current_loss:1.0982155799865723e-05
INFO:root:epoch:1,step:7100,avg_loss:0.004517881272376683,current_loss:1.5750527381896973e-05
INFO:root:epoch:1,step:7200,avg_loss:0.004455348751210881,current_loss:1.2636184692382812e-05
INFO:root:epoch:1,step:7300,avg_loss:0.004394607729429154,current_loss:7.659196853637695e-06
INFO:root:epoch:1,step:7400,avg_loss:0.004335415961693757,current_loss:2.275407314300537e-05
INFO:root:epoch:1,step:7500,avg_loss:0.004277772378037888,current_loss:4.276633262634277e-06
INFO:root:epoch:1,step:7600,avg_loss:0.004221675168870389,current_loss:2.288818359375e-05
INFO:root:epoch:1,step:7700,avg_loss:0.00416698907508647,current_loss:1.424551010131836e-05
INFO:root:epoch:1,step:7800,avg_loss:0.004113704504805977,current_loss:5.498528480529785e-06
INFO:root:epoch:1,step:7900,avg_loss:0.004061782962460259,current_loss:5.781650543212891e-06
INFO:root:epoch:1,step:8000,avg_loss:0.004011128972640799,current_loss:1.3202428817749023e-05
INFO:root:epoch:1,step:8100,avg_loss:0.00396178928757432,current_loss:8.255243301391602e-06
INFO:root:epoch:1,step:8200,avg_loss:0.003913564153479855,current_loss:5.0067901611328125e-06
INFO:root:epoch:1,step:8300,avg_loss:0.003866553785872451,current_loss:9.626150131225586e-06
INFO:root:epoch:1,step:8400,avg_loss:0.003820652873611723,current_loss:7.3462724685668945e-06
INFO:root:epoch:1,step:8500,avg_loss:0.0037758045179845864,current_loss:4.0084123611450195e-06
INFO:root:epoch:1,step:8600,avg_loss:0.0037319768762023014,current_loss:5.0514936447143555e-06
INFO:root:epoch:1,step:8700,avg_loss:0.003689189009824822,current_loss:7.271766662597656e-06
INFO:root:epoch:1,step:8800,avg_loss:0.003647377564885131,current_loss:7.614493370056152e-06
INFO:root:epoch:1,step:8900,avg_loss:0.00360649404110848,current_loss:4.112720489501953e-06
INFO:root:epoch:1,step:9000,avg_loss:0.0035665059765767103,current_loss:3.56137752532959e-06
INFO:root:epoch:1,step:9100,avg_loss:0.0035273676592627013,current_loss:1.735985279083252e-05
INFO:root:epoch:1,step:9200,avg_loss:0.0034890761745713247,current_loss:4.902482032775879e-06
INFO:root:epoch:1,step:9300,avg_loss:0.003451611541084238,current_loss:1.1086463928222656e-05
INFO:root:epoch:1,step:9400,avg_loss:0.003414950183053915,current_loss:1.6093254089355469e-06
INFO:root:epoch:1,step:9500,avg_loss:0.003379055263870403,current_loss:3.1739473342895508e-06
INFO:root:epoch:1,step:9600,avg_loss:0.003343899403248165,current_loss:1.7881393432617188e-06
INFO:root:epoch:1,step:9700,avg_loss:0.0033094636307169686,current_loss:1.33514404296875e-05
INFO:root:epoch:1,step:9800,avg_loss:0.003275734665393586,current_loss:2.905726432800293e-06
INFO:root:epoch:1,step:9900,avg_loss:0.0032426824567655327,current_loss:1.2069940567016602e-06
INFO:root:epoch:1,step:10000,avg_loss:0.0032102788073362656,current_loss:2.1010637283325195e-06
INFO:root:epoch:1,step:10100,avg_loss:0.003178529937766989,current_loss:3.0249357223510742e-06
INFO:root:epoch:1,step:10200,avg_loss:0.003147403747296172,current_loss:1.6987323760986328e-06
INFO:root:epoch:1,step:10300,avg_loss:0.0031168780075949425,current_loss:1.5050172805786133e-06
INFO:root:epoch:1,step:10400,avg_loss:0.003086933552926578,current_loss:1.5795230865478516e-06
INFO:root:epoch:1,step:10500,avg_loss:0.0030575556895719486,current_loss:2.562999725341797e-06
INFO:root:epoch:1,step:10600,avg_loss:0.0030287397494238285,current_loss:2.9802322387695312e-06
INFO:root:epoch:1,step:10700,avg_loss:0.0030004589184568636,current_loss:1.6987323760986328e-06
INFO:root:epoch:1,step:10800,avg_loss:0.002972700143950856,current_loss:2.6226043701171875e-06
INFO:root:epoch:1,step:10900,avg_loss:0.0029454512212180443,current_loss:1.9371509552001953e-06
INFO:root:epoch:1,step:11000,avg_loss:0.0029186919601101647,current_loss:2.1904706954956055e-06
INFO:root:epoch:1,step:11100,avg_loss:0.002892414409774304,current_loss:1.9073486328125e-06
INFO:root:epoch:1,step:11200,avg_loss:0.002866613822061668,current_loss:3.129243850708008e-06
INFO:root:epoch:1,step:11300,avg_loss:0.0028412633871106,current_loss:9.685754776000977e-07
INFO:root:epoch:1,step:11400,avg_loss:0.002816359237791854,current_loss:1.4156103134155273e-06
INFO:root:epoch:1,step:11500,avg_loss:0.002791889792483285,current_loss:2.0116567611694336e-06
INFO:root:epoch:1,step:11600,avg_loss:0.0027678386603601124,current_loss:2.3245811462402344e-06
INFO:root:epoch:1,step:11700,avg_loss:0.002744201011366747,current_loss:1.6242265701293945e-06
INFO:root:epoch:1,step:11800,avg_loss:0.0027209637758742146,current_loss:1.6391277313232422e-06
INFO:root:epoch:1,step:11900,avg_loss:0.00269811689783551,current_loss:1.4007091522216797e-06
INFO:root:epoch:1,step:12000,avg_loss:0.0026756580901954505,current_loss:6.791949272155762e-05
INFO:root:epoch:1,step:12100,avg_loss:0.0026536314593456115,current_loss:2.428889274597168e-06
INFO:root:epoch:1,step:12200,avg_loss:0.0026319077655669364,current_loss:2.726912498474121e-06
INFO:root:epoch:1,step:12300,avg_loss:0.00261053159613695,current_loss:3.0994415283203125e-06
INFO:root:epoch:1,step:12400,avg_loss:0.002589500624031302,current_loss:1.8477439880371094e-06
INFO:root:epoch:1,step:12500,avg_loss:0.0025688058773943563,current_loss:3.3080577850341797e-06
INFO:root:epoch:1,step:12600,avg_loss:0.0025484440946529786,current_loss:5.841255187988281e-06
INFO:root:epoch:1,step:12700,avg_loss:0.0025284024612911666,current_loss:2.250075340270996e-06
INFO:root:epoch:1,step:12800,avg_loss:0.002508665394637745,current_loss:1.8477439880371094e-06
INFO:root:epoch:1,step:12900,avg_loss:0.0024892428387284196,current_loss:2.86102294921875e-06
INFO:root:epoch:1,step:13000,avg_loss:0.002470113839628916,current_loss:1.7136335372924805e-06
INFO:root:epoch:1,step:13100,avg_loss:0.0024512742081813873,current_loss:2.682209014892578e-06
INFO:root:epoch:1,step:13200,avg_loss:0.002432722375660392,current_loss:1.4007091522216797e-06
INFO:root:epoch:1,step:13300,avg_loss:0.002414443017253212,current_loss:1.4007091522216797e-06
INFO:root:epoch:1,step:13400,avg_loss:0.0023964354550871383,current_loss:1.2218952178955078e-06
INFO:root:epoch:1,step:13500,avg_loss:0.002378694633096865,current_loss:1.2516975402832031e-06
INFO:root:epoch:1,step:13600,avg_loss:0.0023612135579047697,current_loss:9.98377799987793e-07
INFO:root:epoch:1,step:13700,avg_loss:0.0023439893654407127,current_loss:1.1622905731201172e-06
INFO:root:epoch:1,step:13800,avg_loss:0.0023270163464551388,current_loss:4.336237907409668e-06
INFO:root:epoch:1,step:13900,avg_loss:0.002310285986683264,current_loss:9.387731552124023e-07
INFO:root:epoch:1,step:14000,avg_loss:0.0022937914891529403,current_loss:7.599592208862305e-07
INFO:root:epoch:1,step:14100,avg_loss:0.0022775311445430713,current_loss:7.152557373046875e-07
INFO:root:epoch:1,step:14200,avg_loss:0.0022614991322393763,current_loss:5.662441253662109e-07
INFO:root:epoch:1,step:14300,avg_loss:0.0022456911917074886,current_loss:8.791685104370117e-07
INFO:root:epoch:1,step:14400,avg_loss:0.0022301036153400235,current_loss:1.1771917343139648e-06
INFO:root:epoch:1,step:14500,avg_loss:0.0022147564232476817,current_loss:1.7285346984863281e-06
INFO:root:epoch:1,step:14600,avg_loss:0.002199600158623739,current_loss:1.1920928955078125e-06
INFO:root:epoch:1,step:14700,avg_loss:0.0021846502498334528,current_loss:1.3113021850585938e-06
INFO:root:epoch:1,step:14800,avg_loss:0.0021698983150449575,current_loss:8.791685104370117e-07
INFO:root:epoch:1,step:14900,avg_loss:0.0021553444135157854,current_loss:1.2367963790893555e-06
INFO:root:epoch:1,step:15000,avg_loss:0.002140984029565189,current_loss:1.5050172805786133e-06
INFO:root:Current Loss:1.038694478921025,Current MRR :{1: 0.0001304631441617743, 2: 0.00019569471624266145, 3: 0.00023918243096325288, 5: 0.0002978908458360513, 10: 0.00038212240756272064, 15: 0.00043352784057285043, 50: 0.0005876017277353334, 100: 0.0006774390175244422},Current ans_k:{1: 1, 2: 2, 3: 3, 5: 5, 10: 10, 15: 15, 50: 50, 100: 100}
INFO:root:max_mrr:0.0007907516126694209,current_mrr:{1: 0.0001304631441617743, 2: 0.00019569471624266145, 3: 0.00023918243096325288, 5: 0.0002978908458360513, 10: 0.00038212240756272064, 15: 0.00043352784057285043, 50: 0.0005876017277353334, 100: 0.0006774390175244422},ans_k:{1: 1, 2: 2, 3: 3, 5: 5, 10: 10, 15: 15, 50: 50, 100: 100}
INFO:root:evaluation---avg_loss:1.038694478921025,mrr:{1: 0.0001304631441617743, 2: 0.00019569471624266145, 3: 0.00023918243096325288, 5: 0.0002978908458360513, 10: 0.00038212240756272064, 15: 0.00043352784057285043, 50: 0.0005876017277353334, 100: 0.0006774390175244422},ans_k:{1: 1, 2: 2, 3: 3, 5: 5, 10: 10, 15: 15, 50: 50, 100: 100}

INFO:root:epoch:1,step:15100,avg_loss:0.0021268139917024293,current_loss:7.748603820800781e-07
INFO:root:epoch:1,step:15200,avg_loss:0.002112829629727613,current_loss:1.0281801223754883e-06
INFO:root:epoch:1,step:15300,avg_loss:0.0020990283773518973,current_loss:8.642673492431641e-07
INFO:root:epoch:1,step:15400,avg_loss:0.00208540546024057,current_loss:9.834766387939453e-07
INFO:root:epoch:1,step:15500,avg_loss:0.002071959364953314,current_loss:5.066394805908203e-07
INFO:root:epoch:1,step:15600,avg_loss:0.0020586847265625097,current_loss:1.6689300537109375e-06
INFO:root:epoch:1,step:15700,avg_loss:0.0020455835989406706,current_loss:1.1175870895385742e-06
INFO:root:epoch:1,step:15800,avg_loss:0.002032641707836137,current_loss:1.1026859283447266e-06
INFO:root:epoch:1,step:15900,avg_loss:0.0020198632338820563,current_loss:7.450580596923828e-07
INFO:root:epoch:1,step:16000,avg_loss:0.002007243540292829,current_loss:4.917383193969727e-07
INFO:root:epoch:1,step:16100,avg_loss:0.0019947806459192563,current_loss:6.854534149169922e-07
INFO:root:epoch:1,step:16200,avg_loss:0.0019824724437704677,current_loss:6.109476089477539e-07
INFO:root:epoch:1,step:16300,avg_loss:0.001970314882107435,current_loss:2.1457672119140625e-06
INFO:root:epoch:1,step:16400,avg_loss:0.001958306355706352,current_loss:7.450580596923828e-07
INFO:root:epoch:1,step:16500,avg_loss:0.001946443654711944,current_loss:2.4884939193725586e-06
INFO:root:epoch:1,step:16600,avg_loss:0.0019347233252671532,current_loss:7.897615432739258e-07
INFO:root:epoch:1,step:16700,avg_loss:0.0019231423343928887,current_loss:4.023313522338867e-07
INFO:root:epoch:1,step:16800,avg_loss:0.0019116988113455655,current_loss:7.599592208862305e-07
INFO:root:epoch:1,step:16900,avg_loss:0.001900391105991603,current_loss:3.427267074584961e-07
INFO:root:epoch:1,step:17000,avg_loss:0.0018892166043202965,current_loss:6.258487701416016e-07
INFO:root:epoch:1,step:17100,avg_loss:0.0018781734967355833,current_loss:6.109476089477539e-07
INFO:root:epoch:1,step:17200,avg_loss:0.001867257469678007,current_loss:2.682209014892578e-07
INFO:root:epoch:1,step:17300,avg_loss:0.0018564682970859502,current_loss:9.238719940185547e-07
INFO:root:epoch:1,step:17400,avg_loss:0.0018458027925911144,current_loss:5.364418029785156e-07
INFO:root:epoch:1,step:17500,avg_loss:0.001835259275636389,current_loss:5.960464477539062e-07
INFO:root:epoch:1,step:17600,avg_loss:0.00182483487458102,current_loss:3.2782554626464844e-07
INFO:root:epoch:1,step:17700,avg_loss:0.0018145277684546144,current_loss:3.8743019104003906e-07
INFO:root:epoch:1,step:17800,avg_loss:0.0018043370812697716,current_loss:2.384185791015625e-07
INFO:root:epoch:1,step:17900,avg_loss:0.0017942594751673207,current_loss:1.6391277313232422e-07
INFO:root:epoch:1,step:18000,avg_loss:0.0017842940523004433,current_loss:3.427267074584961e-07
INFO:root:epoch:1,step:18100,avg_loss:0.0017744385730521493,current_loss:2.384185791015625e-07
INFO:root:epoch:1,step:18200,avg_loss:0.0017646909788358173,current_loss:3.129243850708008e-07
INFO:root:epoch:1,step:18300,avg_loss:0.0017550509952468354,current_loss:1.1324882507324219e-06
INFO:root:epoch:1,step:18400,avg_loss:0.0017455171448116386,current_loss:4.470348358154297e-07
INFO:root:epoch:1,step:18500,avg_loss:0.001736085894339652,current_loss:1.0281801223754883e-06
INFO:root:epoch:1,step:18600,avg_loss:0.0017267556691911872,current_loss:5.364418029785156e-07
INFO:root:epoch:1,step:18700,avg_loss:0.0017175256543016442,current_loss:4.6193599700927734e-07
INFO:root:epoch:1,step:18800,avg_loss:0.0017083936712854841,current_loss:9.834766387939453e-07
INFO:root:epoch:1,step:18900,avg_loss:0.001699361521871902,current_loss:2.339482307434082e-06
INFO:root:epoch:1,step:19000,avg_loss:0.0016904235941743507,current_loss:4.172325134277344e-07
INFO:root:epoch:1,step:19100,avg_loss:0.0016815759322323866,current_loss:2.8312206268310547e-07
INFO:root:epoch:1,step:19200,avg_loss:0.0016728205248673915,current_loss:4.3213367462158203e-07
INFO:root:epoch:1,step:19300,avg_loss:0.0016641561357871614,current_loss:2.8312206268310547e-07
INFO:root:epoch:1,step:19400,avg_loss:0.0016555800710619801,current_loss:1.7881393432617188e-07
INFO:root:epoch:1,step:19500,avg_loss:0.0016470920852524006,current_loss:3.2782554626464844e-07
INFO:root:epoch:1,step:19600,avg_loss:0.0016386905771257634,current_loss:2.086162567138672e-07
INFO:root:epoch:1,step:19700,avg_loss:0.0016303745807835816,current_loss:3.2782554626464844e-07
INFO:root:epoch:1,step:19800,avg_loss:0.0016221422520522354,current_loss:3.129243850708008e-07
INFO:root:epoch:1,step:19900,avg_loss:0.0016139934251167194,current_loss:3.2782554626464844e-07
INFO:root:epoch:1,step:20000,avg_loss:0.0016059256286586763,current_loss:1.4901161193847656e-07
INFO:root:epoch:1,step:20100,avg_loss:0.0015979382041247767,current_loss:4.023313522338867e-07
INFO:root:epoch:1,step:20200,avg_loss:0.0015900307354092167,current_loss:4.023313522338867e-07
INFO:root:epoch:1,step:20300,avg_loss:0.0015822008709432832,current_loss:5.513429641723633e-07
INFO:root:epoch:1,step:20400,avg_loss:0.0015744470612429316,current_loss:2.2351741790771484e-07
INFO:root:epoch:1,step:20500,avg_loss:0.0015667947553889379,current_loss:1.7881393432617188e-07
INFO:root:epoch:1,step:20600,avg_loss:0.0015591905435991082,current_loss:3.725290298461914e-07
INFO:root:epoch:1,step:20700,avg_loss:0.001551659826978751,current_loss:2.682209014892578e-07
INFO:root:epoch:1,step:20800,avg_loss:0.0015442014667519147,current_loss:2.5331974029541016e-07
INFO:root:epoch:1,step:20900,avg_loss:0.001536814454303256,current_loss:2.5331974029541016e-07
INFO:root:epoch:1,step:21000,avg_loss:0.00152949783783414,current_loss:1.341104507446289e-07
INFO:root:epoch:1,step:21100,avg_loss:0.0015222504060588501,current_loss:2.384185791015625e-07
INFO:root:epoch:1,step:21200,avg_loss:0.0015150714773011936,current_loss:1.341104507446289e-07
INFO:root:epoch:1,step:21300,avg_loss:0.0015079596278689948,current_loss:1.9371509552001953e-07
INFO:root:epoch:1,step:21400,avg_loss:0.0015009145064975807,current_loss:2.8312206268310547e-07
INFO:root:epoch:1,step:21500,avg_loss:0.0014939352264959176,current_loss:2.384185791015625e-07
INFO:root:epoch:1,step:21600,avg_loss:0.0014870205057599436,current_loss:1.7881393432617188e-07
INFO:root:epoch:1,step:21700,avg_loss:0.0014801701254176904,current_loss:2.086162567138672e-07
INFO:root:epoch:1,step:21800,avg_loss:0.0014733822910256694,current_loss:4.917383193969727e-07
INFO:root:epoch:1,step:21900,avg_loss:0.0014666564098194165,current_loss:1.9371509552001953e-07
INFO:root:epoch:1,step:22000,avg_loss:0.0014599911832336968,current_loss:2.8312206268310547e-07
INFO:root:epoch:1,step:22100,avg_loss:0.0014533863408086225,current_loss:2.5331974029541016e-07
INFO:root:epoch:1,step:22200,avg_loss:0.001446840722256644,current_loss:4.172325134277344e-07
INFO:root:epoch:1,step:22300,avg_loss:0.0014403539351308127,current_loss:1.4901161193847656e-07
INFO:root:epoch:1,step:22400,avg_loss:0.001433925408400849,current_loss:3.129243850708008e-07
INFO:root:epoch:1,step:22500,avg_loss:0.001427553445438529,current_loss:1.6391277313232422e-07
INFO:root:epoch:1,step:22600,avg_loss:0.0014212382277009404,current_loss:2.980232238769531e-07
INFO:root:epoch:1,step:22700,avg_loss:0.001414978820833045,current_loss:4.76837158203125e-07
INFO:root:epoch:1,step:22800,avg_loss:0.001408774214723404,current_loss:2.086162567138672e-07
INFO:root:epoch:1,step:22900,avg_loss:0.0014026235223133998,current_loss:1.9371509552001953e-07
INFO:root:epoch:1,step:23000,avg_loss:0.0013965263293518263,current_loss:1.4901161193847656e-07
INFO:root:epoch:1,step:23100,avg_loss:0.0013904820442777667,current_loss:1.9371509552001953e-07
INFO:root:epoch:1,step:23200,avg_loss:0.0013844902758392598,current_loss:1.9371509552001953e-07
INFO:root:epoch:1,step:23300,avg_loss:0.001378549407170129,current_loss:1.7881393432617188e-07
INFO:root:epoch:1,step:23400,avg_loss:0.0013726596523872742,current_loss:9.98377799987793e-07
INFO:root:epoch:1,step:23500,avg_loss:0.0013668198961333251,current_loss:4.6193599700927734e-07
INFO:root:epoch:1,step:23600,avg_loss:0.0013610303034484804,current_loss:3.2782554626464844e-07
INFO:root:epoch:1,step:23700,avg_loss:0.0013552891058054891,current_loss:3.5762786865234375e-07
INFO:root:epoch:1,step:23800,avg_loss:0.0013495962454047475,current_loss:2.384185791015625e-07
INFO:root:epoch:1,step:23900,avg_loss:0.0013439518742708774,current_loss:2.980232238769531e-07
INFO:root:epoch:1,step:24000,avg_loss:0.0013383536746137256,current_loss:2.5331974029541016e-07
INFO:root:epoch:1,step:24100,avg_loss:0.0013328018896926275,current_loss:4.172325134277344e-07
INFO:root:epoch:1,step:24200,avg_loss:0.0013272957717390633,current_loss:2.384185791015625e-07
INFO:root:epoch:1,step:24300,avg_loss:0.0013218356179070616,current_loss:5.960464477539063e-08
INFO:root:epoch:1,step:24400,avg_loss:0.0013164191226539865,current_loss:2.5331974029541016e-07
INFO:root:epoch:1,step:24500,avg_loss:0.001311047223824724,current_loss:2.086162567138672e-07
INFO:root:epoch:1,step:24600,avg_loss:0.0013057191819370504,current_loss:4.917383193969727e-07
INFO:root:epoch:1,step:24700,avg_loss:0.0013004341259074499,current_loss:2.682209014892578e-07
INFO:root:epoch:1,step:24800,avg_loss:0.0012951920140265919,current_loss:2.8312206268310547e-07
INFO:root:epoch:1,step:24900,avg_loss:0.00128999157191941,current_loss:2.980232238769531e-07
INFO:root:epoch:1,step:25000,avg_loss:0.001284832852081577,current_loss:2.2351741790771484e-07
INFO:root:epoch:1,step:25100,avg_loss:0.001279715599256143,current_loss:3.725290298461914e-07
INFO:root:epoch:1,step:25200,avg_loss:0.0012746385268846026,current_loss:3.2782554626464844e-07
INFO:root:epoch:1,step:25300,avg_loss:0.0012696019053331953,current_loss:1.7881393432617188e-07
INFO:root:epoch:1,step:25400,avg_loss:0.001264604813944359,current_loss:1.9371509552001953e-07
INFO:root:epoch:1,step:25500,avg_loss:0.0012596470517956236,current_loss:2.384185791015625e-07
INFO:root:epoch:1,step:25600,avg_loss:0.0012547278303191287,current_loss:3.129243850708008e-07
INFO:root:epoch:1,step:25700,avg_loss:0.0012498473217550325,current_loss:2.980232238769531e-07
INFO:root:epoch:1,step:25800,avg_loss:0.0012450042720321703,current_loss:1.6391277313232422e-07
INFO:root:epoch:1,step:25900,avg_loss:0.0012401986356168349,current_loss:3.725290298461914e-07
INFO:root:epoch:1,step:26000,avg_loss:0.0012354298266698423,current_loss:2.086162567138672e-07
INFO:root:epoch:1,step:26100,avg_loss:0.0012306979254403656,current_loss:1.043081283569336e-07
INFO:root:epoch:1,step:26200,avg_loss:0.001226001689804496,current_loss:5.960464477539062e-07
INFO:root:epoch:1,step:26300,avg_loss:0.001221341593384013,current_loss:2.2351741790771484e-07
INFO:root:epoch:1,step:26400,avg_loss:0.0012167166362706968,current_loss:3.725290298461914e-07
INFO:root:epoch:1,step:26500,avg_loss:0.0012121266039815616,current_loss:1.6391277313232422e-07
INFO:root:epoch:1,step:26600,avg_loss:0.001207571209635458,current_loss:2.5331974029541016e-07
INFO:root:epoch:1,step:26700,avg_loss:0.0012030495902508958,current_loss:3.427267074584961e-07
INFO:root:epoch:1,step:26800,avg_loss:0.0011985617308273079,current_loss:1.9371509552001953e-07
INFO:root:epoch:1,step:26900,avg_loss:0.0011941075922144349,current_loss:1.6391277313232422e-07
INFO:root:epoch:1,step:27000,avg_loss:0.0011896860994218407,current_loss:3.427267074584961e-07
INFO:root:epoch:1,step:27100,avg_loss:0.0011852973892232958,current_loss:2.980232238769531e-07
INFO:root:epoch:1,step:27200,avg_loss:0.0011809407642477466,current_loss:4.76837158203125e-07
INFO:root:epoch:1,step:27300,avg_loss:0.0011766163495070664,current_loss:1.4901161193847656e-07
INFO:root:epoch:1,step:27400,avg_loss:0.0011723232316708052,current_loss:3.129243850708008e-07
INFO:root:epoch:1,step:27500,avg_loss:0.001168061834951517,current_loss:1.341104507446289e-07
INFO:root:epoch:1,step:27600,avg_loss:0.0011638306684068336,current_loss:2.682209014892578e-07
INFO:root:epoch:1,step:27700,avg_loss:0.0011596302459663504,current_loss:7.152557373046875e-07
INFO:root:epoch:1,step:27800,avg_loss:0.001155460361293621,current_loss:2.384185791015625e-07
INFO:root:epoch:1,step:27900,avg_loss:0.0011513201669186982,current_loss:4.172325134277344e-07
INFO:root:epoch:1,step:28000,avg_loss:0.0011472096113574355,current_loss:2.8312206268310547e-07
INFO:root:epoch:1,step:28100,avg_loss:0.0011431281236621274,current_loss:1.9371509552001953e-07
INFO:root:epoch:1,step:28200,avg_loss:0.0011390756160070496,current_loss:1.341104507446289e-07
INFO:root:epoch:1,step:28300,avg_loss:0.0011350515858536748,current_loss:2.2351741790771484e-07
INFO:root:epoch:1,step:28400,avg_loss:0.001131056102286476,current_loss:1.4901161193847656e-07
INFO:root:epoch:1,step:28500,avg_loss:0.001127088665104779,current_loss:1.6391277313232422e-07
INFO:root:epoch:1,step:28600,avg_loss:0.0011231487508853962,current_loss:3.2782554626464844e-07
INFO:root:epoch:1,step:28700,avg_loss:0.0011192364109704263,current_loss:2.086162567138672e-07
INFO:root:epoch:1,step:28800,avg_loss:0.001115351245347909,current_loss:1.341104507446289e-07
INFO:root:epoch:1,step:28900,avg_loss:0.001111493079184925,current_loss:2.8312206268310547e-07
INFO:root:epoch:1,step:29000,avg_loss:0.001107661456433844,current_loss:1.4901161193847656e-07
INFO:root:epoch:1,step:29100,avg_loss:0.0011038563159613145,current_loss:2.8312206268310547e-07
INFO:root:epoch:1,step:29200,avg_loss:0.001100077059108841,current_loss:1.7881393432617188e-07
INFO:root:epoch:1,step:29300,avg_loss:0.001096323338479606,current_loss:1.6391277313232422e-07
INFO:root:epoch:1,step:29400,avg_loss:0.001092595543765214,current_loss:2.5331974029541016e-07
INFO:root:epoch:1,step:29500,avg_loss:0.001088892668813961,current_loss:2.2351741790771484e-07
INFO:root:epoch:1,step:29600,avg_loss:0.0010852150369595002,current_loss:2.682209014892578e-07
INFO:root:epoch:1,step:29700,avg_loss:0.0010815621408716701,current_loss:4.470348358154297e-07
INFO:root:epoch:1,step:29800,avg_loss:0.0010779337645425064,current_loss:2.5331974029541016e-07
INFO:root:epoch:1,step:29900,avg_loss:0.0010743298044906706,current_loss:2.8312206268310547e-07
INFO:root:epoch:1,step:30000,avg_loss:0.0010707497443760566,current_loss:2.5331974029541016e-07
INFO:root:Current Loss:1.0386372619426039,Current MRR :{1: 0.0001304631441617743, 2: 0.0002609262883235486, 3: 0.0002609262883235486, 5: 0.0003196347031963471, 10: 0.0004038662649230165, 15: 0.000453814142659544, 50: 0.0006072230609708111, 100: 0.0006953100159137065},Current ans_k:{1: 1, 2: 3, 3: 3, 5: 5, 10: 10, 15: 15, 50: 50, 100: 99}
INFO:root:max_mrr:0.0007907516126694209,current_mrr:{1: 0.0001304631441617743, 2: 0.0002609262883235486, 3: 0.0002609262883235486, 5: 0.0003196347031963471, 10: 0.0004038662649230165, 15: 0.000453814142659544, 50: 0.0006072230609708111, 100: 0.0006953100159137065},ans_k:{1: 1, 2: 3, 3: 3, 5: 5, 10: 10, 15: 15, 50: 50, 100: 99}
INFO:root:evaluation---avg_loss:1.0386372619426039,mrr:{1: 0.0001304631441617743, 2: 0.0002609262883235486, 3: 0.0002609262883235486, 5: 0.0003196347031963471, 10: 0.0004038662649230165, 15: 0.000453814142659544, 50: 0.0006072230609708111, 100: 0.0006953100159137065},ans_k:{1: 1, 2: 3, 3: 3, 5: 5, 10: 10, 15: 15, 50: 50, 100: 99}

INFO:root:epoch:1,step:30100,avg_loss:0.0010671933935249428,current_loss:1.9371509552001953e-07
INFO:root:epoch:1,step:30200,avg_loss:0.0010636605573748085,current_loss:4.023313522338867e-07
INFO:root:epoch:1,step:30300,avg_loss:0.0010601509018096352,current_loss:1.7881393432617188e-07
INFO:root:epoch:1,step:30400,avg_loss:0.0010566644813899857,current_loss:3.2782554626464844e-07
INFO:root:epoch:1,step:30500,avg_loss:0.00105320109200827,current_loss:1.7881393432617188e-07
INFO:root:epoch:1,step:30600,avg_loss:0.0010497602030465909,current_loss:1.341104507446289e-07
INFO:root:epoch:1,step:30700,avg_loss:0.0010463414781509302,current_loss:3.2782554626464844e-07
INFO:root:epoch:1,step:30800,avg_loss:0.0010429453105339156,current_loss:3.2782554626464844e-07
INFO:root:epoch:1,step:30900,avg_loss:0.0010395707675104507,current_loss:4.023313522338867e-07
INFO:root:epoch:1,step:31000,avg_loss:0.0010362183310163354,current_loss:8.940696716308594e-08
INFO:root:epoch:1,step:31100,avg_loss:0.0010328872243651492,current_loss:1.9371509552001953e-07
INFO:root:epoch:1,step:31200,avg_loss:0.001029577765425506,current_loss:2.5331974029541016e-07
INFO:root:epoch:1,step:31300,avg_loss:0.0010262891068930351,current_loss:1.4901161193847656e-07
INFO:root:epoch:1,step:31400,avg_loss:0.001023021517470059,current_loss:4.470348358154297e-08
INFO:root:epoch:1,step:31500,avg_loss:0.0010197747283873303,current_loss:7.450580596923828e-08
INFO:root:epoch:1,step:31600,avg_loss:0.0010165484591883303,current_loss:1.341104507446289e-07
INFO:root:epoch:1,step:31700,avg_loss:0.0010133425420076891,current_loss:1.341104507446289e-07
INFO:root:epoch:1,step:31800,avg_loss:0.0010101568495146543,current_loss:1.6391277313232422e-07
INFO:root:epoch:1,step:31900,avg_loss:0.0010069910252244864,current_loss:1.4901161193847656e-07
INFO:root:epoch:1,step:32000,avg_loss:0.0010038448949854194,current_loss:1.9371509552001953e-07
INFO:root:epoch:1,step:32100,avg_loss:0.0010007185249483691,current_loss:1.341104507446289e-07
INFO:root:epoch:1,step:32200,avg_loss:0.0009976116662321467,current_loss:1.9371509552001953e-07
INFO:root:epoch:1,step:32300,avg_loss:0.000994524035670507,current_loss:1.519918441772461e-06
INFO:root:epoch:1,step:32400,avg_loss:0.00099145542901628,current_loss:1.341104507446289e-07
INFO:root:epoch:1,step:32500,avg_loss:0.0009884054258395619,current_loss:1.043081283569336e-07
INFO:root:epoch:1,step:32600,avg_loss:0.00098537434813384,current_loss:2.9802322387695312e-08
INFO:root:epoch:1,step:32700,avg_loss:0.0009823616782385532,current_loss:1.9371509552001953e-07
INFO:root:epoch:1,step:32800,avg_loss:0.000979367404979001,current_loss:3.2782554626464844e-07
INFO:root:epoch:1,step:32900,avg_loss:0.0009763914684021618,current_loss:1.1920928955078125e-07
INFO:root:epoch:1,step:33000,avg_loss:0.000973433497721403,current_loss:2.2351741790771484e-07
INFO:root:epoch:1,step:33100,avg_loss:0.0009704933030983965,current_loss:2.8312206268310547e-07
INFO:root:epoch:1,step:33200,avg_loss:0.0009675711063027278,current_loss:2.086162567138672e-07
INFO:root:epoch:1,step:33300,avg_loss:0.0009646661317168418,current_loss:4.172325134277344e-07
INFO:root:epoch:1,step:33400,avg_loss:0.0009617786707840566,current_loss:7.450580596923828e-08
INFO:root:epoch:1,step:33500,avg_loss:0.0009589084652565382,current_loss:8.940696716308594e-08
INFO:root:epoch:1,step:33600,avg_loss:0.0009560552506477917,current_loss:2.086162567138672e-07
INFO:root:epoch:1,step:33700,avg_loss:0.0009532191949457922,current_loss:2.682209014892578e-07
INFO:root:epoch:1,step:33800,avg_loss:0.0009503998235959153,current_loss:2.384185791015625e-07
INFO:root:epoch:1,step:33900,avg_loss:0.0009475968522535468,current_loss:2.384185791015625e-07
INFO:root:epoch:1,step:34000,avg_loss:0.0009448107182217018,current_loss:1.7881393432617188e-07
INFO:root:epoch:1,step:34100,avg_loss:0.0009420407258507471,current_loss:8.940696716308594e-08
INFO:root:epoch:1,step:34200,avg_loss:0.0009392868564169378,current_loss:1.9371509552001953e-07
INFO:root:epoch:1,step:34300,avg_loss:0.0009365491778651555,current_loss:4.470348358154297e-08
INFO:root:epoch:1,step:34400,avg_loss:0.0009338273532113163,current_loss:2.384185791015625e-07
INFO:root:epoch:1,step:34500,avg_loss:0.0009311212696499357,current_loss:1.9371509552001953e-07
INFO:root:epoch:1,step:34600,avg_loss:0.0009284309664095335,current_loss:7.450580596923828e-08
INFO:root:epoch:1,step:34700,avg_loss:0.0009257560408268946,current_loss:3.129243850708008e-07
INFO:root:epoch:1,step:34800,avg_loss:0.0009230965688644389,current_loss:2.980232238769531e-07
INFO:root:epoch:1,step:34900,avg_loss:0.0009204523241836558,current_loss:2.086162567138672e-07
INFO:root:epoch:1,step:35000,avg_loss:0.0009178232120304822,current_loss:1.4901161193847656e-07
INFO:root:epoch:1,step:35100,avg_loss:0.0009152092575969181,current_loss:4.470348358154297e-08
INFO:root:epoch:1,step:35200,avg_loss:0.0009126096912237844,current_loss:1.043081283569336e-07
INFO:root:epoch:1,step:35300,avg_loss:0.0009100251272310194,current_loss:1.1920928955078125e-07
INFO:root:epoch:1,step:35400,avg_loss:0.0009074550651230417,current_loss:2.2351741790771484e-07
INFO:root:epoch:1,step:35500,avg_loss:0.0009048994411156515,current_loss:2.2351741790771484e-07
INFO:root:epoch:1,step:35600,avg_loss:0.0009023583055711162,current_loss:1.7881393432617188e-07
INFO:root:epoch:1,step:35700,avg_loss:0.0008998313714554956,current_loss:8.940696716308594e-08
INFO:root:epoch:1,step:35800,avg_loss:0.000897318533917272,current_loss:3.129243850708008e-07
INFO:root:epoch:1,step:35900,avg_loss:0.0008948197158371611,current_loss:1.1920928955078125e-07
INFO:root:epoch:1,step:36000,avg_loss:0.000892334649726479,current_loss:3.129243850708008e-07
INFO:root:epoch:1,step:36100,avg_loss:0.0008898634677256763,current_loss:2.682209014892578e-07
INFO:root:epoch:1,step:36200,avg_loss:0.0008874059839771056,current_loss:2.086162567138672e-07
INFO:root:epoch:1,step:36300,avg_loss:0.0008849619481718635,current_loss:2.384185791015625e-07
INFO:root:epoch:1,step:36400,avg_loss:0.0008825314250943006,current_loss:2.682209014892578e-07
INFO:root:epoch:1,step:36500,avg_loss:0.0008801142951109087,current_loss:2.384185791015625e-07
INFO:root:epoch:1,step:36600,avg_loss:0.0008777104203536411,current_loss:2.2351741790771484e-07
INFO:root:epoch:1,step:36700,avg_loss:0.0008753193774043641,current_loss:1.6391277313232422e-07
INFO:root:epoch:1,step:36800,avg_loss:0.0008729413665574172,current_loss:1.7881393432617188e-07
INFO:root:epoch:1,step:36900,avg_loss:0.0008705763424358046,current_loss:3.725290298461914e-07
INFO:root:epoch:1,step:37000,avg_loss:0.0008682239609297403,current_loss:3.427267074584961e-07
INFO:root:epoch:1,step:37100,avg_loss:0.0008658843619981347,current_loss:5.066394805908203e-07
INFO:root:epoch:1,step:37200,avg_loss:0.0008635575170622843,current_loss:2.8312206268310547e-07
INFO:root:epoch:1,step:37300,avg_loss:0.0008612429716002797,current_loss:1.1920928955078125e-07
INFO:root:epoch:1,step:37400,avg_loss:0.0008589408548498966,current_loss:4.6193599700927734e-07
INFO:root:epoch:1,step:37500,avg_loss:0.0008566507745344147,current_loss:1.4901161193847656e-07
INFO:root:epoch:1,step:37600,avg_loss:0.0008543730990810155,current_loss:4.3213367462158203e-07
INFO:root:epoch:1,step:37700,avg_loss:0.0008521073463914793,current_loss:2.5331974029541016e-07
INFO:root:epoch:1,step:37800,avg_loss:0.0008498538515214008,current_loss:1.4901161193847656e-07
INFO:root:epoch:1,step:37900,avg_loss:0.0008476119284919061,current_loss:2.086162567138672e-07
INFO:root:epoch:1,step:38000,avg_loss:0.0008453819514017337,current_loss:2.5331974029541016e-07
INFO:root:epoch:1,step:38100,avg_loss:0.000843163630642674,current_loss:1.6391277313232422e-07
INFO:root:epoch:1,step:38200,avg_loss:0.0008409570490376824,current_loss:3.2782554626464844e-07
INFO:root:epoch:1,step:38300,avg_loss:0.0008387619002687505,current_loss:7.450580596923828e-08
INFO:root:epoch:1,step:38400,avg_loss:0.0008365781462405802,current_loss:1.043081283569336e-07
INFO:root:epoch:1,step:38500,avg_loss:0.0008344057740237768,current_loss:2.2351741790771484e-07
INFO:root:epoch:1,step:38600,avg_loss:0.0008322446438189088,current_loss:4.917383193969727e-07
INFO:root:epoch:1,step:38700,avg_loss:0.0008300947046739483,current_loss:1.9371509552001953e-07
INFO:root:epoch:1,step:38800,avg_loss:0.0008279559019376856,current_loss:1.6391277313232422e-07
INFO:root:epoch:1,step:38900,avg_loss:0.0008258279896110977,current_loss:1.6391277313232422e-07
INFO:root:epoch:1,step:39000,avg_loss:0.0008237109496402072,current_loss:4.023313522338867e-07
INFO:root:epoch:1,step:39100,avg_loss:0.0008216048883924106,current_loss:1.4901161193847656e-07
INFO:root:epoch:1,step:39200,avg_loss:0.0008195095181036371,current_loss:2.5331974029541016e-07
INFO:root:epoch:1,step:39300,avg_loss:0.0008174247928061366,current_loss:1.6391277313232422e-07
INFO:root:epoch:1,step:39400,avg_loss:0.0008153506136736873,current_loss:8.940696716308594e-08
INFO:root:epoch:1,step:39500,avg_loss:0.0008132869553099415,current_loss:1.7881393432617188e-07
INFO:root:epoch:1,step:39600,avg_loss:0.0008112337526891337,current_loss:1.7881393432617188e-07
INFO:root:epoch:1,step:39700,avg_loss:0.0008091910457836885,current_loss:2.2351741790771484e-07
INFO:root:epoch:1,step:39800,avg_loss:0.0008071582635315617,current_loss:1.9371509552001953e-07
INFO:root:epoch:1,step:39900,avg_loss:0.0008051357869262286,current_loss:1.341104507446289e-07
INFO:root:epoch:1,step:40000,avg_loss:0.0008031235293642777,current_loss:1.341104507446289e-07
INFO:root:epoch:1,step:40100,avg_loss:0.0008011212003596397,current_loss:1.4901161193847656e-07
INFO:root:epoch:1,step:40200,avg_loss:0.0007991288336843778,current_loss:1.341104507446289e-07
INFO:root:epoch:1,step:40300,avg_loss:0.0007971465234138135,current_loss:4.76837158203125e-07
INFO:root:epoch:1,step:40400,avg_loss:0.000795173770348473,current_loss:2.682209014892578e-07
INFO:root:epoch:1,step:40500,avg_loss:0.0007932109301162235,current_loss:2.2351741790771484e-07
INFO:root:epoch:1,step:40600,avg_loss:0.0007912577125656849,current_loss:1.4901161193847656e-07
INFO:root:epoch:1,step:40700,avg_loss:0.0007893140475019677,current_loss:2.2351741790771484e-07
INFO:root:epoch:1,step:40800,avg_loss:0.0007873800330523056,current_loss:1.4901161193847656e-08
INFO:root:epoch:1,step:40900,avg_loss:0.0007854554002400013,current_loss:4.470348358154297e-08
INFO:root:epoch:1,step:41000,avg_loss:0.0007835400826012064,current_loss:1.7881393432617188e-07
INFO:root:epoch:1,step:41100,avg_loss:0.0007816341593388452,current_loss:1.043081283569336e-07
INFO:root:epoch:1,step:41200,avg_loss:0.0007797375135851591,current_loss:1.043081283569336e-07
INFO:root:epoch:1,step:41300,avg_loss:0.0007778499891953024,current_loss:5.21540641784668e-07
INFO:root:epoch:1,step:41400,avg_loss:0.0007759715589456882,current_loss:1.043081283569336e-07
INFO:root:epoch:1,step:41500,avg_loss:0.0007741022493743841,current_loss:1.1920928955078125e-07
INFO:root:epoch:1,step:41600,avg_loss:0.0007722418761471711,current_loss:1.9371509552001953e-07
INFO:root:epoch:1,step:41700,avg_loss:0.0007703904528740325,current_loss:1.043081283569336e-07
INFO:root:epoch:1,step:41800,avg_loss:0.0007685478750403048,current_loss:1.9371509552001953e-07
INFO:root:epoch:1,step:41900,avg_loss:0.0007667142034291066,current_loss:1.043081283569336e-07
INFO:root:epoch:1,step:42000,avg_loss:0.0007648892101624254,current_loss:4.470348358154297e-08
INFO:root:epoch:1,step:42100,avg_loss:0.0007630728861376191,current_loss:8.940696716308594e-08
INFO:root:epoch:1,step:42200,avg_loss:0.0007612650659151493,current_loss:1.1920928955078125e-07
INFO:root:epoch:1,step:42300,avg_loss:0.000759465851227681,current_loss:2.8312206268310547e-07
INFO:root:epoch:1,step:42400,avg_loss:0.0007576751021157374,current_loss:1.341104507446289e-07
INFO:root:epoch:1,step:42500,avg_loss:0.0007558928107136022,current_loss:3.8743019104003906e-07
INFO:root:epoch:1,step:42600,avg_loss:0.0007541188160238886,current_loss:1.043081283569336e-07
INFO:root:epoch:1,step:42700,avg_loss:0.0007523531923640018,current_loss:2.2351741790771484e-07
INFO:root:epoch:1,step:42800,avg_loss:0.0007505957693037721,current_loss:4.6193599700927734e-07
INFO:root:epoch:1,step:42900,avg_loss:0.0007488466263489829,current_loss:1.043081283569336e-07
INFO:root:epoch:1,step:43000,avg_loss:0.0007471056111299538,current_loss:7.450580596923828e-08
INFO:root:epoch:1,step:43100,avg_loss:0.0007453726646543443,current_loss:1.9371509552001953e-07
INFO:root:epoch:1,step:43200,avg_loss:0.0007436476988123649,current_loss:3.129243850708008e-07
INFO:root:epoch:1,step:43300,avg_loss:0.0007419307137171045,current_loss:5.960464477539063e-08
INFO:root:epoch:1,step:43400,avg_loss:0.0007402216844170223,current_loss:2.2351741790771484e-07
INFO:root:epoch:1,step:43500,avg_loss:0.0007385203796338356,current_loss:5.960464477539063e-08
INFO:root:epoch:1,step:43600,avg_loss:0.0007368269977551863,current_loss:1.6391277313232422e-07
INFO:root:epoch:1,step:43700,avg_loss:0.0007351413012854811,current_loss:1.341104507446289e-07
INFO:root:epoch:1,step:43800,avg_loss:0.0007334632869153363,current_loss:1.1920928955078125e-07
INFO:root:epoch:1,step:43900,avg_loss:0.0007317929259085367,current_loss:1.043081283569336e-07
INFO:root:epoch:1,step:44000,avg_loss:0.0007301302155278839,current_loss:2.086162567138672e-07
INFO:root:epoch:1,step:44100,avg_loss:0.0007284750236502277,current_loss:3.8743019104003906e-07
INFO:root:epoch:1,step:44200,avg_loss:0.0007268272982347912,current_loss:2.8312206268310547e-07
INFO:root:epoch:1,step:44300,avg_loss:0.000725187143446164,current_loss:2.2351741790771484e-07
INFO:root:epoch:1,step:44400,avg_loss:0.00072355421716379,current_loss:1.4901161193847656e-07
INFO:root:epoch:1,step:44500,avg_loss:0.0007219286655399795,current_loss:7.450580596923828e-08
INFO:root:epoch:1,step:44600,avg_loss:0.0007203103798349482,current_loss:2.8312206268310547e-07
INFO:root:epoch:1,step:44700,avg_loss:0.00071869935595438,current_loss:5.960464477539063e-08
INFO:root:epoch:1,step:44800,avg_loss:0.0007170955070211766,current_loss:2.9802322387695312e-08
INFO:root:epoch:1,step:44900,avg_loss:0.0007154988302308062,current_loss:7.450580596923828e-08
INFO:root:epoch:1,step:45000,avg_loss:0.0007139092317430373,current_loss:1.9371509552001953e-07
INFO:root:Current Loss:1.0386368662771517,Current MRR :{1: 0.0001304631441617743, 2: 0.00019569471624266145, 3: 0.00023918243096325288, 5: 0.0002978908458360513, 10: 0.0003835719980534071, 15: 0.0004343561779960998, 50: 0.000587989849940653, 100: 0.0006762762999351231},Current ans_k:{1: 1, 2: 2, 3: 3, 5: 5, 10: 10, 15: 15, 50: 50, 100: 99}
INFO:root:max_mrr:0.0007907516126694209,current_mrr:{1: 0.0001304631441617743, 2: 0.00019569471624266145, 3: 0.00023918243096325288, 5: 0.0002978908458360513, 10: 0.0003835719980534071, 15: 0.0004343561779960998, 50: 0.000587989849940653, 100: 0.0006762762999351231},ans_k:{1: 1, 2: 2, 3: 3, 5: 5, 10: 10, 15: 15, 50: 50, 100: 99}
INFO:root:evaluation---avg_loss:1.0386368662771517,mrr:{1: 0.0001304631441617743, 2: 0.00019569471624266145, 3: 0.00023918243096325288, 5: 0.0002978908458360513, 10: 0.0003835719980534071, 15: 0.0004343561779960998, 50: 0.000587989849940653, 100: 0.0006762762999351231},ans_k:{1: 1, 2: 2, 3: 3, 5: 5, 10: 10, 15: 15, 50: 50, 100: 99}

INFO:root:epoch:1,step:45100,avg_loss:0.0007123266889241177,current_loss:1.341104507446289e-07
INFO:root:epoch:1,step:45200,avg_loss:0.000710751099891466,current_loss:2.9802322387695312e-08
INFO:root:epoch:1,step:45300,avg_loss:0.0007091825218806559,current_loss:2.384185791015625e-07
INFO:root:epoch:1,step:45400,avg_loss:0.0007076208537529356,current_loss:1.341104507446289e-07
INFO:root:epoch:1,step:45500,avg_loss:0.0007060660067208455,current_loss:2.9802322387695312e-08
INFO:root:epoch:1,step:45600,avg_loss:0.0007045180084532765,current_loss:2.086162567138672e-07
INFO:root:epoch:1,step:45700,avg_loss:0.0007029767764955143,current_loss:2.086162567138672e-07
INFO:root:epoch:1,step:45800,avg_loss:0.0007014423097987063,current_loss:2.384185791015625e-07
INFO:root:epoch:1,step:45900,avg_loss:0.000699914469352431,current_loss:1.9371509552001953e-07
INFO:root:epoch:1,step:46000,avg_loss:0.0006983932997283177,current_loss:1.9371509552001953e-07
INFO:root:epoch:1,step:46100,avg_loss:0.0006968787516982035,current_loss:1.1920928955078125e-07
INFO:root:epoch:1,step:46200,avg_loss:0.000695370811293263,current_loss:3.129243850708008e-07
INFO:root:epoch:1,step:46300,avg_loss:0.0006938693687592991,current_loss:2.384185791015625e-07
INFO:root:epoch:1,step:46400,avg_loss:0.0006923743310240522,current_loss:2.086162567138672e-07
INFO:root:epoch:1,step:46500,avg_loss:0.0006908857051548051,current_loss:1.341104507446289e-07
INFO:root:epoch:1,step:46600,avg_loss:0.0006894035173438117,current_loss:5.960464477539063e-08
INFO:root:epoch:1,step:46700,avg_loss:0.0006879276936882448,current_loss:4.470348358154297e-08
INFO:root:epoch:1,step:46800,avg_loss:0.000686458121754441,current_loss:7.450580596923828e-08
INFO:root:epoch:1,step:46900,avg_loss:0.0006849948193777299,current_loss:5.960464477539063e-08
INFO:root:epoch:1,step:47000,avg_loss:0.000683537755100573,current_loss:5.960464477539063e-08
INFO:root:epoch:1,step:47100,avg_loss:0.000682086849328563,current_loss:1.9371509552001953e-07
INFO:root:epoch:1,step:47200,avg_loss:0.000680642112799437,current_loss:1.4901161193847656e-07
INFO:root:epoch:1,step:47300,avg_loss:0.0006792034814983832,current_loss:4.470348358154297e-08
INFO:root:epoch:1,step:47400,avg_loss:0.0006777709378479116,current_loss:8.940696716308594e-08
INFO:root:epoch:1,step:47500,avg_loss:0.0006763443831697178,current_loss:8.940696716308594e-08
INFO:root:epoch:1,step:47600,avg_loss:0.0006749238091450159,current_loss:7.450580596923828e-08
INFO:root:epoch:1,step:47700,avg_loss:0.0006735092675030371,current_loss:1.7881393432617188e-07
INFO:root:epoch:1,step:47800,avg_loss:0.000672100591015131,current_loss:1.043081283569336e-07
INFO:root:epoch:1,step:47900,avg_loss:0.0006706978182302796,current_loss:7.450580596923828e-08
INFO:root:epoch:1,step:48000,avg_loss:0.0006693009029380758,current_loss:4.470348358154297e-07
INFO:root:epoch:1,step:48100,avg_loss:0.0006679097612083425,current_loss:2.2351741790771484e-07
INFO:root:epoch:1,step:48200,avg_loss:0.0006665243605073984,current_loss:7.450580596923828e-08
INFO:root:epoch:1,step:48300,avg_loss:0.0006651448259091827,current_loss:1.9371509552001953e-07
INFO:root:epoch:1,step:48400,avg_loss:0.00066377083104183,current_loss:1.341104507446289e-07
INFO:root:epoch:1,step:48500,avg_loss:0.000662402553938435,current_loss:5.21540641784668e-07
INFO:root:epoch:1,step:48600,avg_loss:0.0006610399240456609,current_loss:5.960464477539063e-08
INFO:root:epoch:1,step:48700,avg_loss:0.0006596828622104808,current_loss:1.6391277313232422e-07
INFO:root:epoch:1,step:48800,avg_loss:0.0006583313757307092,current_loss:2.2351741790771484e-07
INFO:root:epoch:1,step:48900,avg_loss:0.0006569854127285936,current_loss:4.470348358154297e-08
INFO:root:epoch:1,step:49000,avg_loss:0.0006556449667565353,current_loss:1.043081283569336e-07
INFO:root:epoch:1,step:49100,avg_loss:0.0006543099983401634,current_loss:2.086162567138672e-07
INFO:root:epoch:1,step:49200,avg_loss:0.0006529804083591618,current_loss:1.341104507446289e-07
INFO:root:epoch:1,step:49300,avg_loss:0.0006516562864960857,current_loss:2.5331974029541016e-07
INFO:root:epoch:1,step:49400,avg_loss:0.0006503374538538232,current_loss:1.043081283569336e-07
INFO:root:epoch:1,step:49500,avg_loss:0.0006490239566442824,current_loss:3.129243850708008e-07
INFO:root:epoch:1,step:49600,avg_loss:0.0006477157376624435,current_loss:1.4901161193847656e-08
INFO:root:epoch:1,step:49700,avg_loss:0.0006464127881342596,current_loss:2.8312206268310547e-07
INFO:root:epoch:1,step:49800,avg_loss:0.0006451150826001674,current_loss:5.960464477539063e-08
INFO:root:epoch:1,step:49900,avg_loss:0.0006438225778878155,current_loss:1.7881393432617188e-07
INFO:root:epoch:1,step:50000,avg_loss:0.0006425352919657458,current_loss:2.384185791015625e-07
INFO:root:epoch:1,step:50100,avg_loss:0.0006412530874045332,current_loss:5.960464477539063e-08
INFO:root:epoch:1,step:50200,avg_loss:0.0006399759798467293,current_loss:5.960464477539063e-08
INFO:root:epoch:1,step:50300,avg_loss:0.0006387039874766528,current_loss:7.450580596923828e-08
INFO:root:epoch:1,step:50400,avg_loss:0.000637436989969125,current_loss:2.086162567138672e-07
INFO:root:epoch:1,step:50500,avg_loss:0.0006361750272880136,current_loss:3.2782554626464844e-07
INFO:root:epoch:1,step:50600,avg_loss:0.0006349180469079271,current_loss:1.341104507446289e-07
INFO:root:epoch:1,step:50700,avg_loss:0.0006336660540288954,current_loss:7.450580596923828e-08
INFO:root:epoch:1,step:50800,avg_loss:0.0006324189754924503,current_loss:5.960464477539063e-08
INFO:root:epoch:1,step:50900,avg_loss:0.0006311767990211005,current_loss:5.960464477539063e-08
INFO:root:epoch:1,step:51000,avg_loss:0.0006299394896440825,current_loss:5.960464477539063e-08
INFO:root:epoch:1,step:51100,avg_loss:0.00062870706281994,current_loss:1.6391277313232422e-07
INFO:root:epoch:1,step:51200,avg_loss:0.0006274794532704131,current_loss:1.043081283569336e-07
INFO:root:epoch:1,step:51300,avg_loss:0.0006262565953548289,current_loss:1.4901161193847656e-07
INFO:root:epoch:1,step:51400,avg_loss:0.0006250384987375829,current_loss:1.6391277313232422e-07
INFO:root:epoch:1,step:51500,avg_loss:0.0006238251183232563,current_loss:1.6391277313232422e-07
INFO:root:epoch:1,step:51600,avg_loss:0.0006226164246711599,current_loss:4.470348358154297e-08
INFO:root:epoch:1,step:51700,avg_loss:0.0006214124758984489,current_loss:2.682209014892578e-07
INFO:root:epoch:1,step:51800,avg_loss:0.0006202131067357265,current_loss:7.450580596923828e-08
INFO:root:epoch:1,step:51900,avg_loss:0.0006190183650725853,current_loss:1.4901161193847656e-07
INFO:root:epoch:1,step:52000,avg_loss:0.0006178282138964357,current_loss:1.1920928955078125e-07
INFO:root:epoch:1,step:52100,avg_loss:0.0006166426570915983,current_loss:5.960464477539063e-08
INFO:root:epoch:1,step:52200,avg_loss:0.0006154616488430436,current_loss:2.682209014892578e-07
INFO:root:epoch:1,step:52300,avg_loss:0.0006142851456805184,current_loss:1.341104507446289e-07
INFO:root:epoch:1,step:52400,avg_loss:0.0006131131329023848,current_loss:2.086162567138672e-07
INFO:root:epoch:1,step:52500,avg_loss:0.0006119456024470187,current_loss:1.043081283569336e-07
INFO:root:epoch:1,step:52600,avg_loss:0.0006107824913564896,current_loss:2.5331974029541016e-07
INFO:root:epoch:1,step:52700,avg_loss:0.0006096238010520173,current_loss:1.341104507446289e-07
INFO:root:epoch:1,step:52800,avg_loss:0.0006084695004894888,current_loss:8.940696716308594e-08
INFO:root:epoch:1,step:52900,avg_loss:0.0006073195140723824,current_loss:1.043081283569336e-07
INFO:root:epoch:1,step:53000,avg_loss:0.0006061739312466832,current_loss:7.450580596923828e-08
INFO:root:epoch:1,step:53100,avg_loss:0.0006050326095543591,current_loss:7.450580596923828e-08
INFO:root:epoch:1,step:53200,avg_loss:0.0006038956605313212,current_loss:1.341104507446289e-07
INFO:root:epoch:1,step:53300,avg_loss:0.0006027628703000266,current_loss:4.470348358154297e-08
INFO:root:epoch:1,step:53400,avg_loss:0.0006016344038507616,current_loss:1.341104507446289e-07
INFO:root:epoch:1,step:53500,avg_loss:0.0006005101311004277,current_loss:1.9371509552001953e-07
INFO:root:epoch:1,step:53600,avg_loss:0.0005993900666634797,current_loss:1.341104507446289e-07
INFO:root:epoch:1,step:53700,avg_loss:0.0005982741284811288,current_loss:7.450580596923828e-08
INFO:root:epoch:1,step:53800,avg_loss:0.0005971623458919205,current_loss:5.960464477539063e-08
INFO:root:epoch:1,step:53900,avg_loss:0.0005960547176067096,current_loss:8.940696716308594e-08
INFO:root:epoch:1,step:54000,avg_loss:0.0005949511932281672,current_loss:2.9802322387695312e-08
INFO:root:epoch:1,step:54100,avg_loss:0.0005938517053793482,current_loss:2.086162567138672e-07
INFO:root:epoch:1,step:54200,avg_loss:0.0005927563026486674,current_loss:1.1920928955078125e-07
INFO:root:epoch:1,step:54300,avg_loss:0.0005916649199320671,current_loss:8.940696716308594e-08
INFO:root:epoch:1,step:54400,avg_loss:0.0005905776002521416,current_loss:2.086162567138672e-07
INFO:root:epoch:1,step:54500,avg_loss:0.0005894942468762282,current_loss:1.1920928955078125e-07
INFO:root:epoch:1,step:54600,avg_loss:0.0005884148339181961,current_loss:2.9802322387695312e-08
INFO:root:epoch:1,step:54700,avg_loss:0.0005873393858048544,current_loss:8.940696716308594e-08
INFO:root:epoch:1,step:54800,avg_loss:0.0005862679104698751,current_loss:1.6391277313232422e-07
INFO:root:epoch:1,step:54900,avg_loss:0.0005852002762798855,current_loss:1.341104507446289e-07
INFO:root:epoch:1,step:55000,avg_loss:0.0005841365151139958,current_loss:1.1920928955078125e-07
INFO:root:epoch:1,step:55100,avg_loss:0.0005830766456390807,current_loss:1.6391277313232422e-07
INFO:root:epoch:1,step:55200,avg_loss:0.0005820205805688269,current_loss:4.470348358154297e-08
INFO:root:epoch:1,step:55300,avg_loss:0.0005809684013885364,current_loss:2.086162567138672e-07
INFO:root:epoch:1,step:55400,avg_loss:0.0005799199757026259,current_loss:8.940696716308594e-08
INFO:root:epoch:1,step:55500,avg_loss:0.0005788753025531898,current_loss:1.043081283569336e-07
INFO:root:epoch:1,step:55600,avg_loss:0.0005778343895652676,current_loss:1.341104507446289e-07
INFO:root:epoch:1,step:55700,avg_loss:0.0005767972558125249,current_loss:2.086162567138672e-07
INFO:root:epoch:1,step:55800,avg_loss:0.0005757638548068279,current_loss:1.341104507446289e-07
INFO:root:epoch:1,step:55900,avg_loss:0.0005747340897456412,current_loss:2.2351741790771484e-07
