INFO:root:Loading train dataset...
INFO:root:Loading eval dataset...
INFO:root:Loading encoder...
INFO:root:Start training...
INFO:root:Epoch:1, Step:500, Average Loss:0.2571644425094128, Current Loss:0.027771830558776855
INFO:root:Epoch:1, Step:1000, Average Loss:0.16881682635843753, Current Loss:0.0848459005355835
INFO:root:Epoch:1, Step:1500, Average Loss:0.13139077878991762, Current Loss:0.0
INFO:root:Epoch:1, Step:2000, Average Loss:0.11059738127887249, Current Loss:0.0038522928953170776
INFO:root:Epoch:1, Step:2500, Average Loss:0.09803954256176949, Current Loss:0.0
INFO:root:Epoch:1, Step:3000, Average Loss:0.08933245213826498, Current Loss:0.06107005476951599
INFO:root:Epoch:1, Step:3500, Average Loss:0.08235456965650831, Current Loss:0.05419626832008362
INFO:root:Epoch:1, Step:4000, Average Loss:0.07700354767590761, Current Loss:0.13234147429466248
INFO:root:Epoch:1, Step:4500, Average Loss:0.07317528821693527, Current Loss:0.050188422203063965
INFO:root:Epoch:1, Step:5000, Average Loss:0.07005858425796031, Current Loss:0.03778521716594696
INFO:root:Epoch:1, Step:5500, Average Loss:0.06683331507444382, Current Loss:0.030816063284873962
INFO:root:Epoch:1, Step:6000, Average Loss:0.06428671933710575, Current Loss:0.040155574679374695
INFO:root:Epoch:1, Step:6500, Average Loss:0.0619398494385756, Current Loss:0.0
INFO:root:Epoch:1, Step:7000, Average Loss:0.05957251311838627, Current Loss:0.042835965752601624
INFO:root:Epoch:1, Step:7500, Average Loss:0.05777679870327314, Current Loss:0.0
INFO:root:Epoch:1, Step:8000, Average Loss:0.05617746596597135, Current Loss:0.0
INFO:root:Epoch:1, Step:8500, Average Loss:0.054735727467957664, Current Loss:0.0
INFO:root:Epoch:1, Step:9000, Average Loss:0.05352630937099457, Current Loss:0.0
INFO:root:Epoch:1, Step:9500, Average Loss:0.05240137843395534, Current Loss:0.0
INFO:root:Epoch:1, Step:10000, Average Loss:0.05124880944639444, Current Loss:0.0012754946947097778
INFO:root:Epoch:1, Step:10500, Average Loss:0.05040826360668455, Current Loss:0.025769755244255066
INFO:root:Epoch:1, Step:11000, Average Loss:0.049391048913652244, Current Loss:0.013005554676055908
INFO:root:Epoch:1, Step:11500, Average Loss:0.04862881768138513, Current Loss:0.0
INFO:root:Epoch:1, Step:12000, Average Loss:0.04788643938675523, Current Loss:0.0
INFO:root:Epoch:1, Step:12500, Average Loss:0.04717610032677651, Current Loss:0.0
INFO:root:Epoch:1, Step:13000, Average Loss:0.04655421608686447, Current Loss:0.022120624780654907
INFO:root:Epoch:1, Step:13500, Average Loss:0.04588455044671341, Current Loss:0.0
INFO:root:Epoch:1, Step:14000, Average Loss:0.04521943563967943, Current Loss:0.0
INFO:root:Epoch:1, Step:14500, Average Loss:0.04463338012839186, Current Loss:0.0
INFO:root:Epoch:1, Step:15000, Average Loss:0.04410054171582063, Current Loss:0.006751984357833862
INFO:root:Epoch:1, Step:15500, Average Loss:0.043592035833866366, Current Loss:0.003061830997467041
INFO:root:Epoch:1, Step:16000, Average Loss:0.04309250036999583, Current Loss:0.023129016160964966
INFO:root:Epoch:1, Step:16500, Average Loss:0.04258393292264505, Current Loss:0.0
INFO:root:Epoch:1, Step:17000, Average Loss:0.041979827510083424, Current Loss:0.0
INFO:root:Epoch:1, Step:17500, Average Loss:0.04149850305914879, Current Loss:0.025631606578826904
INFO:root:Epoch:1, Step:18000, Average Loss:0.04116829195701414, Current Loss:0.0
INFO:root:Epoch:1, Step:18500, Average Loss:0.040767736345529555, Current Loss:0.038460373878479004
INFO:root:Epoch:1, Step:19000, Average Loss:0.040407840451911876, Current Loss:0.0
INFO:root:Epoch:1, Step:19500, Average Loss:0.04004036493026293, Current Loss:0.0039570629596710205
INFO:root:Epoch:1, Step:20000, Average Loss:0.03968566985279322, Current Loss:0.06697121262550354
INFO:root:Epoch:1, Step:20500, Average Loss:0.039253214996035506, Current Loss:0.049265310168266296
INFO:root:Epoch:1, Step:21000, Average Loss:0.03896171394416264, Current Loss:0.10799629986286163
INFO:root:Epoch:1, Step:21500, Average Loss:0.03857465130783791, Current Loss:0.0013680756092071533
INFO:root:Epoch:1, Step:22000, Average Loss:0.03828933344916864, Current Loss:0.0
INFO:root:Epoch:1, Step:22500, Average Loss:0.03797847889860471, Current Loss:0.0
INFO:root:Epoch:1, Step:23000, Average Loss:0.037694711232962815, Current Loss:0.0
INFO:root:Epoch:1, Step:23500, Average Loss:0.03743249981771124, Current Loss:0.04840551316738129
INFO:root:Epoch:1, Step:24000, Average Loss:0.03723512620851398, Current Loss:0.02337639033794403
INFO:root:Epoch:1, Step:24500, Average Loss:0.03702225139493845, Current Loss:0.0
INFO:root:Epoch:1, Step:25000, Average Loss:0.03679798964738846, Current Loss:0.0
INFO:root:Epoch:1, Step:25500, Average Loss:0.03655521887540817, Current Loss:0.023224174976348877
INFO:root:Epoch:1, Step:26000, Average Loss:0.03633300108749133, Current Loss:0.07868614792823792
INFO:root:Epoch:1, Step:26500, Average Loss:0.0361405675175055, Current Loss:0.0
INFO:root:Epoch:1, Step:27000, Average Loss:0.035838948658770985, Current Loss:0.018484771251678467
INFO:root:Epoch:1, Step:27500, Average Loss:0.035625356616757135, Current Loss:0.0
INFO:root:Epoch:1, Step:28000, Average Loss:0.035453564101564035, Current Loss:0.06654216349124908
INFO:root:Epoch:1, Step:28500, Average Loss:0.03527259111404419, Current Loss:0.0
INFO:root:Epoch:1, Step:29000, Average Loss:0.03503372820954898, Current Loss:0.0
INFO:root:Epoch:1, Step:29500, Average Loss:0.03487265997417902, Current Loss:0.0
INFO:root:Epoch:1, Step:30000, Average Loss:0.03468124908655882, Current Loss:0.0
INFO:root:Evaluation --- MRR :{1: 0.4370515329419439, 2: 0.5041748206131768, 3: 0.5241356816699322, 5: 0.5406849315068503, 10: 0.5520524648215468, 15: 0.5549484273065487, 50: 0.5582351256058964, 100: 0.5586086068714995}, HIT:{1: 0.4370515329419439, 2: 0.5712981082844096, 3: 0.631180691454664, 5: 0.7038486627527724, 10: 0.7876060013046314, 15: 0.8243966079582518, 50: 0.9065883887801696, 100: 0.9321591650358774}
INFO:root:Evaluation --- Max MRR:0, Current MRR:{1: 0.4370515329419439, 2: 0.5041748206131768, 3: 0.5241356816699322, 5: 0.5406849315068503, 10: 0.5520524648215468, 15: 0.5549484273065487, 50: 0.5582351256058964, 100: 0.5586086068714995}, Current HIT:{1: 0.4370515329419439, 2: 0.5712981082844096, 3: 0.631180691454664, 5: 0.7038486627527724, 10: 0.7876060013046314, 15: 0.8243966079582518, 50: 0.9065883887801696, 100: 0.9321591650358774}
INFO:root:Epoch:1, Step:30500, Average Loss:0.0343872006550187, Current Loss:0.0
INFO:root:Epoch:1, Step:31000, Average Loss:0.03411568463665824, Current Loss:0.0165395587682724
INFO:root:Epoch:1, Step:31500, Average Loss:0.03390240690301335, Current Loss:0.050807103514671326
INFO:root:Epoch:1, Step:32000, Average Loss:0.033693541443906724, Current Loss:0.0
INFO:root:Epoch:1, Step:32500, Average Loss:0.03350471049134548, Current Loss:0.0
INFO:root:Epoch:1, Step:33000, Average Loss:0.03325760900613033, Current Loss:0.0
INFO:root:Epoch:1, Step:33500, Average Loss:0.03299456781860608, Current Loss:0.0
INFO:root:Epoch:1, Step:34000, Average Loss:0.032821339578312986, Current Loss:0.009551018476486206
INFO:root:Epoch:1, Step:34500, Average Loss:0.032634825785954794, Current Loss:0.005649000406265259
INFO:root:Epoch:1, Step:35000, Average Loss:0.03241713038427489, Current Loss:0.0
INFO:root:Epoch:1, Step:35500, Average Loss:0.03225535445104183, Current Loss:0.0
INFO:root:Epoch:1, Step:36000, Average Loss:0.032084662525190245, Current Loss:0.0
INFO:root:Epoch:1, Step:36500, Average Loss:0.03190192808598688, Current Loss:0.0
INFO:root:Epoch:1, Step:37000, Average Loss:0.031675187697684445, Current Loss:0.014193564653396606
INFO:root:Epoch:1, Step:37500, Average Loss:0.031512729702393216, Current Loss:0.1136593222618103
INFO:root:Epoch:1, Step:38000, Average Loss:0.03131607424193307, Current Loss:0.04325990378856659
INFO:root:Epoch:1, Step:38500, Average Loss:0.0312088604012093, Current Loss:0.0
INFO:root:Epoch:1, Step:39000, Average Loss:0.031050525241555313, Current Loss:0.027869969606399536
INFO:root:Epoch:1, Step:39500, Average Loss:0.030884531740900837, Current Loss:0.040648072957992554
INFO:root:Epoch:1, Step:40000, Average Loss:0.030713713805004955, Current Loss:0.0
INFO:root:Epoch:1, Step:40500, Average Loss:0.03055343008078175, Current Loss:0.0
INFO:root:Epoch:1, Step:41000, Average Loss:0.030405402191165016, Current Loss:0.06705199182033539
INFO:root:Epoch:1, Step:41500, Average Loss:0.030275041124906886, Current Loss:0.0
INFO:root:Epoch:1, Step:42000, Average Loss:0.030123851067253522, Current Loss:0.04288129508495331
INFO:root:Epoch:1, Step:42500, Average Loss:0.02998897735231063, Current Loss:0.0
INFO:root:Epoch:1, Step:43000, Average Loss:0.02985702999005484, Current Loss:0.10120797157287598
INFO:root:Epoch:1, Step:43500, Average Loss:0.02971004117288809, Current Loss:0.0
INFO:root:Epoch:1, Step:44000, Average Loss:0.029563813677226956, Current Loss:0.040312349796295166
INFO:root:Epoch:1, Step:44500, Average Loss:0.029422161267379697, Current Loss:0.09540949761867523
INFO:root:Epoch:1, Step:45000, Average Loss:0.029329513137870366, Current Loss:0.0
INFO:root:Epoch:1, Step:45500, Average Loss:0.029211071563946023, Current Loss:0.0
INFO:root:Epoch:1, Step:46000, Average Loss:0.029078171043616274, Current Loss:0.021438956260681152
INFO:root:Epoch:1, Step:46500, Average Loss:0.028943246333829817, Current Loss:0.04173770546913147
INFO:root:Epoch:1, Step:47000, Average Loss:0.028843367702783423, Current Loss:0.0
INFO:root:Epoch:1, Step:47500, Average Loss:0.02873892628676013, Current Loss:0.0
INFO:root:Epoch:1, Step:48000, Average Loss:0.028635472657779854, Current Loss:0.07053405046463013
INFO:root:Epoch:1, Step:48500, Average Loss:0.028514209796780165, Current Loss:0.0
INFO:root:Epoch:1, Step:49000, Average Loss:0.028414961612650325, Current Loss:0.0
INFO:root:Epoch:1, Step:49500, Average Loss:0.02827861953173021, Current Loss:0.0
INFO:root:Epoch:1, Step:50000, Average Loss:0.028204125798046587, Current Loss:0.008423328399658203
INFO:root:Epoch:1, Step:50500, Average Loss:0.028091270240226594, Current Loss:0.07555237412452698
INFO:root:Epoch:1, Step:51000, Average Loss:0.02798598021853204, Current Loss:0.0
INFO:root:Epoch:1, Step:51500, Average Loss:0.027856464511850504, Current Loss:0.0
INFO:root:Epoch:1, Step:52000, Average Loss:0.02772854917582411, Current Loss:0.0007142126560211182
INFO:root:Epoch:1, Step:52500, Average Loss:0.02761619705330758, Current Loss:0.0
INFO:root:Epoch:1, Step:53000, Average Loss:0.027496795699281512, Current Loss:0.0
INFO:root:Epoch:1, Step:53500, Average Loss:0.0273817851189698, Current Loss:0.23387454450130463
INFO:root:Epoch:1, Step:54000, Average Loss:0.027263828582233852, Current Loss:0.1242293119430542
INFO:root:Epoch:1, Step:54500, Average Loss:0.02718262716936409, Current Loss:0.0
INFO:root:Epoch:1, Step:55000, Average Loss:0.02710891583155502, Current Loss:0.0
INFO:root:Epoch:1, Step:55500, Average Loss:0.027005622937604112, Current Loss:0.0
INFO:root:Epoch:1, Step:56000, Average Loss:0.026928436946389932, Current Loss:0.0
INFO:root:Epoch:1, Step:56500, Average Loss:0.0268450812594553, Current Loss:0.04162801802158356
INFO:root:Epoch:1, Step:57000, Average Loss:0.026761940355886492, Current Loss:0.07981234788894653
INFO:root:Epoch:1, Step:57500, Average Loss:0.02667390179478604, Current Loss:0.07397928833961487
INFO:root:Epoch:1, Step:58000, Average Loss:0.02658908575644781, Current Loss:0.0
INFO:root:Epoch:1, Step:58500, Average Loss:0.026490778004257087, Current Loss:0.0
INFO:root:Epoch:1, Step:59000, Average Loss:0.02641675387348159, Current Loss:0.0
INFO:root:Epoch:1, Step:59500, Average Loss:0.02633007144777715, Current Loss:0.0
INFO:root:Epoch:1, Step:60000, Average Loss:0.02625071740572651, Current Loss:0.0
INFO:root:Evaluation --- MRR :{1: 0.4544031311154599, 2: 0.5234181343770384, 3: 0.5439008480104405, 5: 0.5592759295499029, 10: 0.5699572370805264, 15: 0.5728254408489244, 50: 0.575986358362532, 100: 0.5763516622321269}, HIT:{1: 0.4544031311154599, 2: 0.592433137638617, 3: 0.6538812785388128, 5: 0.7214611872146118, 10: 0.8001304631441618, 15: 0.8361382909328114, 50: 0.9154598825831702, 100: 0.9403783431180691}
INFO:root:Evaluation --- Max MRR:0.5520524648215468, Current MRR:{1: 0.4544031311154599, 2: 0.5234181343770384, 3: 0.5439008480104405, 5: 0.5592759295499029, 10: 0.5699572370805264, 15: 0.5728254408489244, 50: 0.575986358362532, 100: 0.5763516622321269}, Current HIT:{1: 0.4544031311154599, 2: 0.592433137638617, 3: 0.6538812785388128, 5: 0.7214611872146118, 10: 0.8001304631441618, 15: 0.8361382909328114, 50: 0.9154598825831702, 100: 0.9403783431180691}
INFO:root:Epoch:1, Step:60500, Average Loss:0.026186707891954864, Current Loss:0.0
INFO:root:Epoch:1, Step:61000, Average Loss:0.02609608103921179, Current Loss:0.0
INFO:root:Epoch:1, Step:61500, Average Loss:0.025999283118461204, Current Loss:0.0
INFO:root:Epoch:1, Step:62000, Average Loss:0.025921251116500746, Current Loss:0.0
INFO:root:Epoch:1, Step:62500, Average Loss:0.025834264018297196, Current Loss:0.0
INFO:root:Epoch:1, Step:63000, Average Loss:0.02575658576426998, Current Loss:0.005691885948181152
INFO:root:Epoch:1, Step:63500, Average Loss:0.025685388275957483, Current Loss:0.0
INFO:root:Epoch:1, Step:64000, Average Loss:0.025609506946988405, Current Loss:0.0
INFO:root:Epoch:1, Step:64500, Average Loss:0.025542423031126808, Current Loss:0.06346973776817322
INFO:root:Epoch:1, Step:65000, Average Loss:0.02546934928756494, Current Loss:0.0
INFO:root:Epoch:1, Step:65500, Average Loss:0.025385103476411514, Current Loss:0.0
INFO:root:Epoch:1, Step:66000, Average Loss:0.02532040208803885, Current Loss:0.0
INFO:root:Epoch:1, Step:66500, Average Loss:0.025241843797210464, Current Loss:0.0
INFO:root:Epoch:1, Step:67000, Average Loss:0.02516034969687462, Current Loss:0.0
INFO:root:Epoch:1, Step:67500, Average Loss:0.02509253624368597, Current Loss:0.0
INFO:root:Epoch:1, Step:68000, Average Loss:0.025034035186338073, Current Loss:0.0
INFO:root:Epoch:1, Step:68500, Average Loss:0.024964233608358966, Current Loss:0.0
INFO:root:Epoch:1, Step:69000, Average Loss:0.02489544058666713, Current Loss:0.0
INFO:root:Epoch:1, Step:69500, Average Loss:0.02482438092909271, Current Loss:0.0
INFO:root:Epoch:2, Step:500, Average Loss:0.017282898604869843, Current Loss:0.028085798025131226
INFO:root:Epoch:2, Step:1000, Average Loss:0.017917759224772453, Current Loss:0.1718108355998993
INFO:root:Epoch:2, Step:1500, Average Loss:0.017535547415415447, Current Loss:0.0
INFO:root:Epoch:2, Step:2000, Average Loss:0.01704611525684595, Current Loss:0.12390062212944031
INFO:root:Epoch:2, Step:2500, Average Loss:0.017084363073110582, Current Loss:0.0
INFO:root:Epoch:2, Step:3000, Average Loss:0.017186461394031842, Current Loss:0.0013438761234283447
INFO:root:Epoch:2, Step:3500, Average Loss:0.01763711933153016, Current Loss:0.0
INFO:root:Epoch:2, Step:4000, Average Loss:0.01743102664127946, Current Loss:0.011406883597373962
INFO:root:Epoch:2, Step:4500, Average Loss:0.0175012412501706, Current Loss:0.06658907234668732
INFO:root:Epoch:2, Step:5000, Average Loss:0.01735426211953163, Current Loss:0.0
INFO:root:Epoch:2, Step:5500, Average Loss:0.017193506674333052, Current Loss:0.0
INFO:root:Epoch:2, Step:6000, Average Loss:0.017102975860238075, Current Loss:0.0
INFO:root:Epoch:2, Step:6500, Average Loss:0.01710279135291393, Current Loss:0.0
INFO:root:Epoch:2, Step:7000, Average Loss:0.01719851774403027, Current Loss:0.0003200024366378784
INFO:root:Epoch:2, Step:7500, Average Loss:0.017079994893074036, Current Loss:0.07141263782978058
INFO:root:Epoch:2, Step:8000, Average Loss:0.016995548164471984, Current Loss:0.0
INFO:root:Epoch:2, Step:8500, Average Loss:0.017175711587947957, Current Loss:0.005164802074432373
INFO:root:Epoch:2, Step:9000, Average Loss:0.01703701312839985, Current Loss:0.0
INFO:root:Epoch:2, Step:9500, Average Loss:0.016995581344554297, Current Loss:0.08582645654678345
INFO:root:Epoch:2, Step:10000, Average Loss:0.016975818426907062, Current Loss:0.0
INFO:root:Epoch:2, Step:10500, Average Loss:0.016941157342422575, Current Loss:0.0
INFO:root:Epoch:2, Step:11000, Average Loss:0.0169592007601803, Current Loss:0.005960017442703247
INFO:root:Epoch:2, Step:11500, Average Loss:0.017014408987501395, Current Loss:0.0
INFO:root:Epoch:2, Step:12000, Average Loss:0.01693610368296504, Current Loss:0.037110552191734314
INFO:root:Epoch:2, Step:12500, Average Loss:0.016905948557853698, Current Loss:0.0
INFO:root:Epoch:2, Step:13000, Average Loss:0.01682852694621453, Current Loss:0.0
INFO:root:Epoch:2, Step:13500, Average Loss:0.0167595962661284, Current Loss:0.02765035629272461
INFO:root:Epoch:2, Step:14000, Average Loss:0.016680815204977988, Current Loss:0.0
INFO:root:Epoch:2, Step:14500, Average Loss:0.01659778925159882, Current Loss:0.003805801272392273
INFO:root:Epoch:2, Step:15000, Average Loss:0.016523105565706887, Current Loss:0.0
INFO:root:Epoch:2, Step:15500, Average Loss:0.01638980230016093, Current Loss:0.0
INFO:root:Epoch:2, Step:16000, Average Loss:0.016365575456991792, Current Loss:0.06330078840255737
INFO:root:Epoch:2, Step:16500, Average Loss:0.016373867738427538, Current Loss:0.0
INFO:root:Epoch:2, Step:17000, Average Loss:0.01639162598375012, Current Loss:0.0
INFO:root:Epoch:2, Step:17500, Average Loss:0.016425654986926486, Current Loss:0.0
INFO:root:Epoch:2, Step:18000, Average Loss:0.016322510840992132, Current Loss:0.010830029845237732
INFO:root:Epoch:2, Step:18500, Average Loss:0.016307370187462988, Current Loss:0.0
INFO:root:Epoch:2, Step:19000, Average Loss:0.016266284031303306, Current Loss:0.0
INFO:root:Epoch:2, Step:19500, Average Loss:0.016290566730957766, Current Loss:0.0
INFO:root:Epoch:2, Step:20000, Average Loss:0.016223351734876632, Current Loss:0.0
INFO:root:Epoch:2, Step:20500, Average Loss:0.016193455433700144, Current Loss:0.0
INFO:root:Epoch:2, Step:21000, Average Loss:0.016170250160353523, Current Loss:0.0
INFO:root:Epoch:2, Step:21500, Average Loss:0.01614243508840716, Current Loss:0.0
INFO:root:Epoch:2, Step:22000, Average Loss:0.01612507011673667, Current Loss:0.0
INFO:root:Epoch:2, Step:22500, Average Loss:0.01611236138343811, Current Loss:0.01378418505191803
INFO:root:Epoch:2, Step:23000, Average Loss:0.016036969317690185, Current Loss:0.0
INFO:root:Epoch:2, Step:23500, Average Loss:0.016018251855956747, Current Loss:0.0
INFO:root:Epoch:2, Step:24000, Average Loss:0.015991814503446222, Current Loss:0.0
INFO:root:Epoch:2, Step:24500, Average Loss:0.01601362903264104, Current Loss:0.144183948636055
INFO:root:Epoch:2, Step:25000, Average Loss:0.01595015598356724, Current Loss:0.0
INFO:root:Epoch:2, Step:25500, Average Loss:0.015987738647297318, Current Loss:0.027332350611686707
INFO:root:Epoch:2, Step:26000, Average Loss:0.016029296364348668, Current Loss:0.04257930815219879
INFO:root:Epoch:2, Step:26500, Average Loss:0.016015670486216275, Current Loss:0.0
INFO:root:Epoch:2, Step:27000, Average Loss:0.0160494967688013, Current Loss:0.0
INFO:root:Epoch:2, Step:27500, Average Loss:0.016006897941502656, Current Loss:0.031884655356407166
INFO:root:Epoch:2, Step:28000, Average Loss:0.016013548910617827, Current Loss:0.0
INFO:root:Epoch:2, Step:28500, Average Loss:0.015962434428825712, Current Loss:0.0
INFO:root:Epoch:2, Step:29000, Average Loss:0.016023986112968677, Current Loss:0.0
INFO:root:Epoch:2, Step:29500, Average Loss:0.015974616317425742, Current Loss:0.02420814335346222
INFO:root:Epoch:2, Step:30000, Average Loss:0.015941773934165637, Current Loss:0.0068831294775009155
INFO:root:Evaluation --- MRR :{1: 0.47840834964122636, 2: 0.5457925636007828, 3: 0.5660578386605809, 5: 0.5825483800826264, 10: 0.5926215326313182, 15: 0.5951700300134732, 50: 0.5979485712973794, 100: 0.5983189693080966}, HIT:{1: 0.47840834964122636, 2: 0.6131767775603392, 3: 0.673972602739726, 5: 0.7461187214611872, 10: 0.819047619047619, 15: 0.8516634050880626, 50: 0.9209393346379647, 100: 0.9467710371819961}
INFO:root:Evaluation --- Max MRR:0.5699572370805264, Current MRR:{1: 0.47840834964122636, 2: 0.5457925636007828, 3: 0.5660578386605809, 5: 0.5825483800826264, 10: 0.5926215326313182, 15: 0.5951700300134732, 50: 0.5979485712973794, 100: 0.5983189693080966}, Current HIT:{1: 0.47840834964122636, 2: 0.6131767775603392, 3: 0.673972602739726, 5: 0.7461187214611872, 10: 0.819047619047619, 15: 0.8516634050880626, 50: 0.9209393346379647, 100: 0.9467710371819961}
INFO:root:Epoch:2, Step:30500, Average Loss:0.01584136069993504, Current Loss:0.0
INFO:root:Epoch:2, Step:31000, Average Loss:0.01577042027971437, Current Loss:0.11028549075126648
INFO:root:Epoch:2, Step:31500, Average Loss:0.01572483322450093, Current Loss:0.2286910116672516
INFO:root:Epoch:2, Step:32000, Average Loss:0.015694667000789194, Current Loss:0.0
INFO:root:Epoch:2, Step:32500, Average Loss:0.01567200050170605, Current Loss:0.0
INFO:root:Epoch:2, Step:33000, Average Loss:0.015600958146832206, Current Loss:0.0
INFO:root:Epoch:2, Step:33500, Average Loss:0.015528457573990323, Current Loss:0.0
INFO:root:Epoch:2, Step:34000, Average Loss:0.015509375278564061, Current Loss:0.0
INFO:root:Epoch:2, Step:34500, Average Loss:0.015437484796064488, Current Loss:0.06539158523082733
INFO:root:Epoch:2, Step:35000, Average Loss:0.015408529623491424, Current Loss:0.0
INFO:root:Epoch:2, Step:35500, Average Loss:0.015349703591474344, Current Loss:0.0023320168256759644
INFO:root:Epoch:2, Step:36000, Average Loss:0.015257299964212708, Current Loss:0.0
INFO:root:Epoch:2, Step:36500, Average Loss:0.01523157958584289, Current Loss:0.03239467740058899
INFO:root:Epoch:2, Step:37000, Average Loss:0.015200317770645426, Current Loss:0.0
INFO:root:Epoch:2, Step:37500, Average Loss:0.015117447682221731, Current Loss:0.0
INFO:root:Epoch:2, Step:38000, Average Loss:0.015057750379568653, Current Loss:0.0
INFO:root:Epoch:2, Step:38500, Average Loss:0.015035685869780454, Current Loss:0.0
INFO:root:Epoch:2, Step:39000, Average Loss:0.014984940526577143, Current Loss:0.0
INFO:root:Epoch:2, Step:39500, Average Loss:0.014948561708383922, Current Loss:0.04993036389350891
INFO:root:Epoch:2, Step:40000, Average Loss:0.014867862954735757, Current Loss:0.0
INFO:root:Epoch:2, Step:40500, Average Loss:0.014820330046945149, Current Loss:0.0
INFO:root:Epoch:2, Step:41000, Average Loss:0.014774768436100425, Current Loss:0.0
INFO:root:Epoch:2, Step:41500, Average Loss:0.014702976919082273, Current Loss:0.06805890798568726
INFO:root:Epoch:2, Step:42000, Average Loss:0.014656990001953784, Current Loss:0.0
INFO:root:Epoch:2, Step:42500, Average Loss:0.014618382131352144, Current Loss:0.030804768204689026
INFO:root:Epoch:2, Step:43000, Average Loss:0.014599573862760565, Current Loss:0.0
INFO:root:Epoch:2, Step:43500, Average Loss:0.014575646291519034, Current Loss:0.0
INFO:root:Epoch:2, Step:44000, Average Loss:0.014552061395550316, Current Loss:0.0
INFO:root:Epoch:2, Step:44500, Average Loss:0.01451361580979958, Current Loss:0.0
INFO:root:Epoch:2, Step:45000, Average Loss:0.014473859429359436, Current Loss:0.06695659458637238
INFO:root:Epoch:2, Step:45500, Average Loss:0.014428511049721267, Current Loss:0.0
INFO:root:Epoch:2, Step:46000, Average Loss:0.014402715632449025, Current Loss:0.0
INFO:root:Epoch:2, Step:46500, Average Loss:0.01436508720600477, Current Loss:0.03593917191028595
INFO:root:Epoch:2, Step:47000, Average Loss:0.014330962704851272, Current Loss:0.047368258237838745
INFO:root:Epoch:2, Step:47500, Average Loss:0.014314719550860555, Current Loss:0.0
INFO:root:Epoch:2, Step:48000, Average Loss:0.0142818171173955, Current Loss:0.0
INFO:root:Epoch:2, Step:48500, Average Loss:0.014235527175603453, Current Loss:0.0
INFO:root:Epoch:2, Step:49000, Average Loss:0.014228045351955355, Current Loss:0.0
INFO:root:Epoch:2, Step:49500, Average Loss:0.014193078472758785, Current Loss:0.018460720777511597
INFO:root:Epoch:2, Step:50000, Average Loss:0.014187695007026196, Current Loss:0.0
INFO:root:Epoch:2, Step:50500, Average Loss:0.014166561671117744, Current Loss:0.0
INFO:root:Epoch:2, Step:51000, Average Loss:0.014154168785787097, Current Loss:0.0
INFO:root:Epoch:2, Step:51500, Average Loss:0.014119198278026674, Current Loss:0.0
INFO:root:Epoch:2, Step:52000, Average Loss:0.014087715415140757, Current Loss:0.0
INFO:root:Epoch:2, Step:52500, Average Loss:0.014076495449315935, Current Loss:0.0
INFO:root:Epoch:2, Step:53000, Average Loss:0.01406614382171406, Current Loss:0.0
INFO:root:Epoch:2, Step:53500, Average Loss:0.014030319854756381, Current Loss:0.0
INFO:root:Epoch:2, Step:54000, Average Loss:0.013999042207444155, Current Loss:0.0
INFO:root:Epoch:2, Step:54500, Average Loss:0.013965056906872933, Current Loss:0.0
INFO:root:Epoch:2, Step:55000, Average Loss:0.01393136858127334, Current Loss:0.0
INFO:root:Epoch:2, Step:55500, Average Loss:0.013923426273706798, Current Loss:0.0
INFO:root:Epoch:2, Step:56000, Average Loss:0.013888728849323732, Current Loss:0.0
INFO:root:Epoch:2, Step:56500, Average Loss:0.013856848495196453, Current Loss:0.0
INFO:root:Epoch:2, Step:57000, Average Loss:0.013817170997460684, Current Loss:0.0
INFO:root:Epoch:2, Step:57500, Average Loss:0.013785955549841342, Current Loss:0.0
INFO:root:Epoch:2, Step:58000, Average Loss:0.013748824075635137, Current Loss:0.0
INFO:root:Epoch:2, Step:58500, Average Loss:0.01372292207652687, Current Loss:0.0
INFO:root:Epoch:2, Step:59000, Average Loss:0.013689723839194088, Current Loss:0.0
INFO:root:Epoch:2, Step:59500, Average Loss:0.013658563716571872, Current Loss:0.0
INFO:root:Epoch:2, Step:60000, Average Loss:0.013624107521027327, Current Loss:0.0
INFO:root:Evaluation --- MRR :{1: 0.4892367906066536, 2: 0.5553163731245923, 3: 0.5764079147640817, 5: 0.5918351815612088, 10: 0.6019846446950183, 15: 0.6044343324284615, 50: 0.6071399868918288, 100: 0.6074770537099645}, HIT:{1: 0.4892367906066536, 2: 0.621395955642531, 3: 0.6846705805609915, 5: 0.7521200260926288, 10: 0.826614481409002, 15: 0.8579256360078278, 50: 0.9249836921069797, 100: 0.9482061317677756}
INFO:root:Evaluation --- Max MRR:0.5926215326313182, Current MRR:{1: 0.4892367906066536, 2: 0.5553163731245923, 3: 0.5764079147640817, 5: 0.5918351815612088, 10: 0.6019846446950183, 15: 0.6044343324284615, 50: 0.6071399868918288, 100: 0.6074770537099645}, Current HIT:{1: 0.4892367906066536, 2: 0.621395955642531, 3: 0.6846705805609915, 5: 0.7521200260926288, 10: 0.826614481409002, 15: 0.8579256360078278, 50: 0.9249836921069797, 100: 0.9482061317677756}
INFO:root:Epoch:2, Step:60500, Average Loss:0.013590985976960047, Current Loss:0.0
INFO:root:Epoch:2, Step:61000, Average Loss:0.013578634884269511, Current Loss:0.0
INFO:root:Epoch:2, Step:61500, Average Loss:0.013556208069246959, Current Loss:0.013768300414085388
INFO:root:Epoch:2, Step:62000, Average Loss:0.013543580358787891, Current Loss:0.0
INFO:root:Epoch:2, Step:62500, Average Loss:0.013518560293197632, Current Loss:0.0
INFO:root:Epoch:2, Step:63000, Average Loss:0.013490935537550184, Current Loss:0.017394721508026123
INFO:root:Epoch:2, Step:63500, Average Loss:0.01347925108295726, Current Loss:0.0
INFO:root:Epoch:2, Step:64000, Average Loss:0.013461017350899055, Current Loss:0.05129845440387726
INFO:root:Epoch:2, Step:64500, Average Loss:0.013442381823016691, Current Loss:0.0
INFO:root:Epoch:2, Step:65000, Average Loss:0.013418189422442363, Current Loss:0.0
INFO:root:Epoch:2, Step:65500, Average Loss:0.01339317905334116, Current Loss:0.052462100982666016
INFO:root:Epoch:2, Step:66000, Average Loss:0.013389531255219921, Current Loss:0.0
INFO:root:Epoch:2, Step:66500, Average Loss:0.01337091575843051, Current Loss:0.0
INFO:root:Epoch:2, Step:67000, Average Loss:0.013337045097751405, Current Loss:0.0
INFO:root:Epoch:2, Step:67500, Average Loss:0.013317389841432924, Current Loss:0.0
INFO:root:Epoch:2, Step:68000, Average Loss:0.013305856872788248, Current Loss:0.0
INFO:root:Epoch:2, Step:68500, Average Loss:0.013285056633235764, Current Loss:0.0
INFO:root:Epoch:2, Step:69000, Average Loss:0.013269310776522195, Current Loss:0.0
INFO:root:Epoch:2, Step:69500, Average Loss:0.013258806348704605, Current Loss:0.022483855485916138
INFO:root:Epoch:3, Step:500, Average Loss:0.012272667944431305, Current Loss:0.05594262480735779
INFO:root:Epoch:3, Step:1000, Average Loss:0.011516429245471955, Current Loss:0.00582963228225708
INFO:root:Epoch:3, Step:1500, Average Loss:0.012077874273061753, Current Loss:0.038557156920433044
INFO:root:Epoch:3, Step:2000, Average Loss:0.011856565855443478, Current Loss:0.0
INFO:root:Epoch:3, Step:2500, Average Loss:0.011465550923347473, Current Loss:0.016953781247138977
INFO:root:Epoch:3, Step:3000, Average Loss:0.011513898953795433, Current Loss:0.0668695718050003
INFO:root:Epoch:3, Step:3500, Average Loss:0.011429671142782484, Current Loss:0.0029303133487701416
INFO:root:Epoch:3, Step:4000, Average Loss:0.011299122922122479, Current Loss:0.0
INFO:root:Epoch:3, Step:4500, Average Loss:0.01109862197107739, Current Loss:0.029676690697669983
INFO:root:Epoch:3, Step:5000, Average Loss:0.01129466780424118, Current Loss:0.0
INFO:root:Epoch:3, Step:5500, Average Loss:0.01118793793699958, Current Loss:0.0
INFO:root:Epoch:3, Step:6000, Average Loss:0.011173205050329368, Current Loss:0.0
INFO:root:Epoch:3, Step:6500, Average Loss:0.011334049144616493, Current Loss:0.0
INFO:root:Epoch:3, Step:7000, Average Loss:0.011434514978102276, Current Loss:0.0
INFO:root:Epoch:3, Step:7500, Average Loss:0.011454772700866063, Current Loss:0.014336958527565002
INFO:root:Epoch:3, Step:8000, Average Loss:0.01139071537181735, Current Loss:0.0276719331741333
INFO:root:Epoch:3, Step:8500, Average Loss:0.011400096363881056, Current Loss:0.0
INFO:root:Epoch:3, Step:9000, Average Loss:0.011442329994506307, Current Loss:0.0
INFO:root:Epoch:3, Step:9500, Average Loss:0.011425581041135287, Current Loss:0.04003511369228363
INFO:root:Epoch:3, Step:10000, Average Loss:0.0115339605987072, Current Loss:0.0451057106256485
INFO:root:Epoch:3, Step:10500, Average Loss:0.01152171064842315, Current Loss:0.0
INFO:root:Epoch:3, Step:11000, Average Loss:0.011539105174216358, Current Loss:0.0
INFO:root:Epoch:3, Step:11500, Average Loss:0.011456977561764095, Current Loss:0.0
INFO:root:Epoch:3, Step:12000, Average Loss:0.011392643123865127, Current Loss:0.0
INFO:root:Epoch:3, Step:12500, Average Loss:0.011318684086799622, Current Loss:0.06313900649547577
INFO:root:Epoch:3, Step:13000, Average Loss:0.011339512110902714, Current Loss:0.0
INFO:root:Epoch:3, Step:13500, Average Loss:0.01137716946668095, Current Loss:0.06166695058345795
INFO:root:Epoch:3, Step:14000, Average Loss:0.01143042171214308, Current Loss:0.0
INFO:root:Epoch:3, Step:14500, Average Loss:0.011492680225906701, Current Loss:0.0
INFO:root:Epoch:3, Step:15000, Average Loss:0.011469043081005414, Current Loss:0.0
INFO:root:Epoch:3, Step:15500, Average Loss:0.011389768134201726, Current Loss:0.0
INFO:root:Epoch:3, Step:16000, Average Loss:0.011381583960726856, Current Loss:0.0
INFO:root:Epoch:3, Step:16500, Average Loss:0.011382941814986142, Current Loss:0.0
INFO:root:Epoch:3, Step:17000, Average Loss:0.011294013127684592, Current Loss:0.0
INFO:root:Epoch:3, Step:17500, Average Loss:0.011309940289599555, Current Loss:0.0
INFO:root:Epoch:3, Step:18000, Average Loss:0.011332673384083641, Current Loss:0.06174787878990173
INFO:root:Epoch:3, Step:18500, Average Loss:0.011312199825370633, Current Loss:0.007153615355491638
INFO:root:Epoch:3, Step:19000, Average Loss:0.011272512291607103, Current Loss:0.0
INFO:root:Epoch:3, Step:19500, Average Loss:0.011250998761409368, Current Loss:0.0
INFO:root:Epoch:3, Step:20000, Average Loss:0.011251801549643278, Current Loss:0.0
INFO:root:Epoch:3, Step:20500, Average Loss:0.011251780997689177, Current Loss:0.02324707806110382
INFO:root:Epoch:3, Step:21000, Average Loss:0.011295767480418795, Current Loss:0.03923314809799194
INFO:root:Epoch:3, Step:21500, Average Loss:0.011282266094934108, Current Loss:0.0
INFO:root:Epoch:3, Step:22000, Average Loss:0.011265719430690461, Current Loss:0.0
INFO:root:Epoch:3, Step:22500, Average Loss:0.011274915190537771, Current Loss:0.0
INFO:root:Epoch:3, Step:23000, Average Loss:0.011321737766913746, Current Loss:0.0
INFO:root:Epoch:3, Step:23500, Average Loss:0.011268657498537227, Current Loss:0.0
INFO:root:Epoch:3, Step:24000, Average Loss:0.011248129027585188, Current Loss:0.08088567852973938
INFO:root:Epoch:3, Step:24500, Average Loss:0.011228458972001563, Current Loss:0.0
INFO:root:Epoch:3, Step:25000, Average Loss:0.011229192259907723, Current Loss:0.0
INFO:root:Epoch:3, Step:25500, Average Loss:0.01120554860199199, Current Loss:0.0
INFO:root:Epoch:3, Step:26000, Average Loss:0.011183502946335536, Current Loss:0.025867179036140442
INFO:root:Epoch:3, Step:26500, Average Loss:0.011214089565119654, Current Loss:0.0
INFO:root:Epoch:3, Step:27000, Average Loss:0.011210406000415485, Current Loss:0.0
INFO:root:Epoch:3, Step:27500, Average Loss:0.01120657644922083, Current Loss:0.0
INFO:root:Epoch:3, Step:28000, Average Loss:0.011190310608063426, Current Loss:0.0
INFO:root:Epoch:3, Step:28500, Average Loss:0.011145392758281608, Current Loss:0.0
INFO:root:Epoch:3, Step:29000, Average Loss:0.011103181649384827, Current Loss:0.0
INFO:root:Epoch:3, Step:29500, Average Loss:0.011080478715694557, Current Loss:0.0
INFO:root:Epoch:3, Step:30000, Average Loss:0.011043872892856597, Current Loss:0.0
INFO:root:Evaluation --- MRR :{1: 0.49367253750815393, 2: 0.5602087410306589, 3: 0.581952598390957, 5: 0.5970276146988471, 10: 0.60646822808271, 15: 0.609117077385178, 50: 0.611866655091043, 100: 0.6121891425607118}, HIT:{1: 0.49367253750815393, 2: 0.6267449445531638, 3: 0.6919765166340509, 5: 0.7578604044357469, 10: 0.8275277234181344, 15: 0.860665362035225, 50: 0.9287671232876712, 100: 0.9506849315068493}
INFO:root:Evaluation --- Max MRR:0.6019846446950183, Current MRR:{1: 0.49367253750815393, 2: 0.5602087410306589, 3: 0.581952598390957, 5: 0.5970276146988471, 10: 0.60646822808271, 15: 0.609117077385178, 50: 0.611866655091043, 100: 0.6121891425607118}, Current HIT:{1: 0.49367253750815393, 2: 0.6267449445531638, 3: 0.6919765166340509, 5: 0.7578604044357469, 10: 0.8275277234181344, 15: 0.860665362035225, 50: 0.9287671232876712, 100: 0.9506849315068493}
INFO:root:Epoch:3, Step:30500, Average Loss:0.011015058852610041, Current Loss:0.02030205726623535
INFO:root:Epoch:3, Step:31000, Average Loss:0.010957720866607082, Current Loss:0.0
INFO:root:Epoch:3, Step:31500, Average Loss:0.0108904707654128, Current Loss:0.0
INFO:root:Epoch:3, Step:32000, Average Loss:0.01086025009676814, Current Loss:0.004551798105239868
INFO:root:Epoch:3, Step:32500, Average Loss:0.010818980583777794, Current Loss:0.0
INFO:root:Epoch:3, Step:33000, Average Loss:0.010790126704808438, Current Loss:0.05162400007247925
INFO:root:Epoch:3, Step:33500, Average Loss:0.010743191774211713, Current Loss:0.0
INFO:root:Epoch:3, Step:34000, Average Loss:0.010689365266000523, Current Loss:0.0
INFO:root:Epoch:3, Step:34500, Average Loss:0.010675926856804584, Current Loss:0.0
INFO:root:Epoch:3, Step:35000, Average Loss:0.010624518456203597, Current Loss:0.0
INFO:root:Epoch:3, Step:35500, Average Loss:0.010576890239413356, Current Loss:0.0
INFO:root:Epoch:3, Step:36000, Average Loss:0.010554672995375262, Current Loss:0.0
INFO:root:Epoch:3, Step:36500, Average Loss:0.010520499985511989, Current Loss:0.0
INFO:root:Epoch:3, Step:37000, Average Loss:0.010466596356920294, Current Loss:0.0
INFO:root:Epoch:3, Step:37500, Average Loss:0.010454849816560745, Current Loss:0.0
INFO:root:Epoch:3, Step:38000, Average Loss:0.010423639608449057, Current Loss:0.08253051340579987
INFO:root:Epoch:3, Step:38500, Average Loss:0.010372743808216863, Current Loss:0.0
INFO:root:Epoch:3, Step:39000, Average Loss:0.010333417369387088, Current Loss:0.0
INFO:root:Epoch:3, Step:39500, Average Loss:0.010282601081117799, Current Loss:0.0
INFO:root:Epoch:3, Step:40000, Average Loss:0.010286523658037186, Current Loss:0.0
INFO:root:Epoch:3, Step:40500, Average Loss:0.010245410590260117, Current Loss:0.0
INFO:root:Epoch:3, Step:41000, Average Loss:0.010204057414357256, Current Loss:0.0
INFO:root:Epoch:3, Step:41500, Average Loss:0.010192364713154644, Current Loss:0.0
INFO:root:Epoch:3, Step:42000, Average Loss:0.010186805833663258, Current Loss:0.0
INFO:root:Epoch:3, Step:42500, Average Loss:0.010159422608333475, Current Loss:0.0
INFO:root:Epoch:3, Step:43000, Average Loss:0.010138713234732318, Current Loss:0.0
INFO:root:Epoch:3, Step:43500, Average Loss:0.010131274565540511, Current Loss:0.0
INFO:root:Epoch:3, Step:44000, Average Loss:0.010121109257028861, Current Loss:0.0
INFO:root:Epoch:3, Step:44500, Average Loss:0.010082913685045885, Current Loss:0.0
INFO:root:Epoch:3, Step:45000, Average Loss:0.010054923487703005, Current Loss:0.00718282163143158
INFO:root:Epoch:3, Step:45500, Average Loss:0.010021671276826126, Current Loss:0.0
INFO:root:Epoch:3, Step:46000, Average Loss:0.009977859883852627, Current Loss:0.0
INFO:root:Epoch:3, Step:46500, Average Loss:0.009966112400895805, Current Loss:0.04243330657482147
INFO:root:Epoch:3, Step:47000, Average Loss:0.009934119449968033, Current Loss:0.0
INFO:root:Epoch:3, Step:47500, Average Loss:0.009899365130537435, Current Loss:0.035002291202545166
INFO:root:Epoch:3, Step:48000, Average Loss:0.009880293846440812, Current Loss:0.012635231018066406
INFO:root:Epoch:3, Step:48500, Average Loss:0.009851257610259597, Current Loss:0.0
INFO:root:Epoch:3, Step:49000, Average Loss:0.009844742837913182, Current Loss:0.007886037230491638
INFO:root:Epoch:3, Step:49500, Average Loss:0.009827636135045928, Current Loss:0.0
INFO:root:Epoch:3, Step:50000, Average Loss:0.009800795465409755, Current Loss:0.0
INFO:root:Epoch:3, Step:50500, Average Loss:0.009789059268661065, Current Loss:0.0
INFO:root:Epoch:3, Step:51000, Average Loss:0.009766730163611619, Current Loss:0.0
INFO:root:Epoch:3, Step:51500, Average Loss:0.00974125852660068, Current Loss:0.0
INFO:root:Epoch:3, Step:52000, Average Loss:0.009723325570615438, Current Loss:0.06450432538986206
INFO:root:Epoch:3, Step:52500, Average Loss:0.009708667211305528, Current Loss:0.0
INFO:root:Epoch:3, Step:53000, Average Loss:0.009698370627356026, Current Loss:0.0
INFO:root:Epoch:3, Step:53500, Average Loss:0.009678059670134126, Current Loss:0.0
INFO:root:Epoch:3, Step:54000, Average Loss:0.009651218395818163, Current Loss:0.0
INFO:root:Epoch:3, Step:54500, Average Loss:0.009630902930957462, Current Loss:0.0934714674949646
INFO:root:Epoch:3, Step:55000, Average Loss:0.009596735236048698, Current Loss:0.0
INFO:root:Epoch:3, Step:55500, Average Loss:0.00958290870232625, Current Loss:0.0
INFO:root:Epoch:3, Step:56000, Average Loss:0.009550070434010455, Current Loss:0.0
INFO:root:Epoch:3, Step:56500, Average Loss:0.009547124603944543, Current Loss:0.0
INFO:root:Epoch:3, Step:57000, Average Loss:0.009537996253162099, Current Loss:0.00022585690021514893
INFO:root:Epoch:3, Step:57500, Average Loss:0.009535231451107108, Current Loss:0.0
INFO:root:Epoch:3, Step:58000, Average Loss:0.00953023226045329, Current Loss:0.0
INFO:root:Epoch:3, Step:58500, Average Loss:0.009522721693301811, Current Loss:0.0
INFO:root:Epoch:3, Step:59000, Average Loss:0.009503832961795694, Current Loss:0.01822693645954132
INFO:root:Epoch:3, Step:59500, Average Loss:0.009488273950184093, Current Loss:0.0
INFO:root:Epoch:3, Step:60000, Average Loss:0.009479329960296552, Current Loss:0.0
INFO:root:Evaluation --- MRR :{1: 0.5107632093933464, 2: 0.5793868232224396, 3: 0.6019134594477079, 5: 0.6166688410524019, 10: 0.6259828741237746, 15: 0.6283623537439567, 50: 0.6306226596674471, 100: 0.6308953109011864}, HIT:{1: 0.5107632093933464, 2: 0.6480104370515329, 3: 0.715590345727332, 5: 0.7795172863666014, 10: 0.8484018264840183, 15: 0.8785388127853881, 50: 0.9348988910632746, 100: 0.9535551206784083}
INFO:root:Evaluation --- Max MRR:0.60646822808271, Current MRR:{1: 0.5107632093933464, 2: 0.5793868232224396, 3: 0.6019134594477079, 5: 0.6166688410524019, 10: 0.6259828741237746, 15: 0.6283623537439567, 50: 0.6306226596674471, 100: 0.6308953109011864}, Current HIT:{1: 0.5107632093933464, 2: 0.6480104370515329, 3: 0.715590345727332, 5: 0.7795172863666014, 10: 0.8484018264840183, 15: 0.8785388127853881, 50: 0.9348988910632746, 100: 0.9535551206784083}
INFO:root:Epoch:3, Step:60500, Average Loss:0.009460611768497908, Current Loss:0.0
INFO:root:Epoch:3, Step:61000, Average Loss:0.009442443807105549, Current Loss:0.0
INFO:root:Epoch:3, Step:61500, Average Loss:0.009413958686638654, Current Loss:0.0
INFO:root:Epoch:3, Step:62000, Average Loss:0.009398696690557465, Current Loss:0.0
INFO:root:Epoch:3, Step:62500, Average Loss:0.00937869891357422, Current Loss:0.1791858822107315
INFO:root:Epoch:3, Step:63000, Average Loss:0.00935970853411016, Current Loss:0.0
INFO:root:Epoch:3, Step:63500, Average Loss:0.009340005846004787, Current Loss:0.0
INFO:root:Epoch:3, Step:64000, Average Loss:0.009322505286196247, Current Loss:0.0
INFO:root:Epoch:3, Step:64500, Average Loss:0.009309092077867006, Current Loss:0.0
INFO:root:Epoch:3, Step:65000, Average Loss:0.00929083603987327, Current Loss:0.0
INFO:root:Epoch:3, Step:65500, Average Loss:0.009294893073444149, Current Loss:0.0
INFO:root:Epoch:3, Step:66000, Average Loss:0.009280035264112732, Current Loss:0.0
INFO:root:Epoch:3, Step:66500, Average Loss:0.009267079050155511, Current Loss:0.0
INFO:root:Epoch:3, Step:67000, Average Loss:0.00926230118901872, Current Loss:0.0
INFO:root:Epoch:3, Step:67500, Average Loss:0.009240483136530276, Current Loss:0.0
INFO:root:Epoch:3, Step:68000, Average Loss:0.009235914474681896, Current Loss:0.0
INFO:root:Epoch:3, Step:68500, Average Loss:0.009226290137228305, Current Loss:0.15906000137329102
INFO:root:Epoch:3, Step:69000, Average Loss:0.009208472411269727, Current Loss:0.0
INFO:root:Epoch:3, Step:69500, Average Loss:0.0091869375375535, Current Loss:0.0
INFO:root:Epoch:4, Step:500, Average Loss:0.009416557282209397, Current Loss:0.0
INFO:root:Epoch:4, Step:1000, Average Loss:0.009343527257442474, Current Loss:0.018430963158607483
INFO:root:Epoch:4, Step:1500, Average Loss:0.009661493082841238, Current Loss:0.0
INFO:root:Epoch:4, Step:2000, Average Loss:0.00951280265301466, Current Loss:0.0
INFO:root:Epoch:4, Step:2500, Average Loss:0.009174308568239212, Current Loss:0.0
INFO:root:Epoch:4, Step:3000, Average Loss:0.00916294959684213, Current Loss:0.014984652400016785
INFO:root:Epoch:4, Step:3500, Average Loss:0.009205066016742161, Current Loss:0.0
INFO:root:Epoch:4, Step:4000, Average Loss:0.009241493958979845, Current Loss:0.0
INFO:root:Epoch:4, Step:4500, Average Loss:0.009224580503172345, Current Loss:0.0
INFO:root:Epoch:4, Step:5000, Average Loss:0.00927253545820713, Current Loss:0.0
INFO:root:Epoch:4, Step:5500, Average Loss:0.00916611763293093, Current Loss:0.0
INFO:root:Epoch:4, Step:6000, Average Loss:0.009101534508168698, Current Loss:0.0
INFO:root:Epoch:4, Step:6500, Average Loss:0.00906176355939645, Current Loss:0.0
INFO:root:Epoch:4, Step:7000, Average Loss:0.008950905125055994, Current Loss:0.0
INFO:root:Epoch:4, Step:7500, Average Loss:0.008979892347256343, Current Loss:0.0
INFO:root:Epoch:4, Step:8000, Average Loss:0.008990659037604928, Current Loss:0.027300074696540833
INFO:root:Epoch:4, Step:8500, Average Loss:0.008943233411101734, Current Loss:0.0
INFO:root:Epoch:4, Step:9000, Average Loss:0.008904921745260556, Current Loss:0.0
INFO:root:Epoch:4, Step:9500, Average Loss:0.008882839383263338, Current Loss:0.0
INFO:root:Epoch:4, Step:10000, Average Loss:0.008824210205674171, Current Loss:0.0
INFO:root:Epoch:4, Step:10500, Average Loss:0.00869906428030559, Current Loss:0.0300295352935791
INFO:root:Epoch:4, Step:11000, Average Loss:0.0086668781042099, Current Loss:0.035078585147857666
INFO:root:Epoch:4, Step:11500, Average Loss:0.008685004301693128, Current Loss:0.0
INFO:root:Epoch:4, Step:12000, Average Loss:0.008658207453787327, Current Loss:0.0
INFO:root:Epoch:4, Step:12500, Average Loss:0.008669693305492401, Current Loss:0.0
INFO:root:Epoch:4, Step:13000, Average Loss:0.008594783961772918, Current Loss:0.0
INFO:root:Epoch:4, Step:13500, Average Loss:0.008581603893527278, Current Loss:0.0
INFO:root:Epoch:4, Step:14000, Average Loss:0.008572626637560981, Current Loss:0.042353808879852295
INFO:root:Epoch:4, Step:14500, Average Loss:0.008552751307857447, Current Loss:0.0028381049633026123
INFO:root:Epoch:4, Step:15000, Average Loss:0.008544297566016516, Current Loss:0.0
INFO:root:Epoch:4, Step:15500, Average Loss:0.008522908374186485, Current Loss:0.0
INFO:root:Epoch:4, Step:16000, Average Loss:0.008527867983095348, Current Loss:0.09460406005382538
INFO:root:Epoch:4, Step:16500, Average Loss:0.008553409819350098, Current Loss:0.0
INFO:root:Epoch:4, Step:17000, Average Loss:0.008578428413938074, Current Loss:0.0
INFO:root:Epoch:4, Step:17500, Average Loss:0.008568052889619555, Current Loss:0.0
INFO:root:Epoch:4, Step:18000, Average Loss:0.008532817160089811, Current Loss:0.0
INFO:root:Epoch:4, Step:18500, Average Loss:0.008563384342837979, Current Loss:0.05844515562057495
INFO:root:Epoch:4, Step:19000, Average Loss:0.008521836217296751, Current Loss:0.0
INFO:root:Epoch:4, Step:19500, Average Loss:0.008546446474698873, Current Loss:0.0
INFO:root:Epoch:4, Step:20000, Average Loss:0.00850216031447053, Current Loss:0.0
INFO:root:Epoch:4, Step:20500, Average Loss:0.008507889615326393, Current Loss:0.0
INFO:root:Epoch:4, Step:21000, Average Loss:0.008554717872114408, Current Loss:0.0
INFO:root:Epoch:4, Step:21500, Average Loss:0.008543345145707907, Current Loss:0.0
INFO:root:Epoch:4, Step:22000, Average Loss:0.008524591848931529, Current Loss:0.12334601581096649
INFO:root:Epoch:4, Step:22500, Average Loss:0.008506921490695742, Current Loss:0.05244500935077667
INFO:root:Epoch:4, Step:23000, Average Loss:0.008527367260145104, Current Loss:0.0
INFO:root:Epoch:4, Step:23500, Average Loss:0.008515194845326403, Current Loss:0.0
INFO:root:Epoch:4, Step:24000, Average Loss:0.00848728260708352, Current Loss:0.0
INFO:root:Epoch:4, Step:24500, Average Loss:0.008541276431813532, Current Loss:0.0
INFO:root:Epoch:4, Step:25000, Average Loss:0.008533865683674813, Current Loss:0.0
INFO:root:Epoch:4, Step:25500, Average Loss:0.008547172296280955, Current Loss:0.0
INFO:root:Epoch:4, Step:26000, Average Loss:0.008546872523541634, Current Loss:0.0
INFO:root:Epoch:4, Step:26500, Average Loss:0.008562471454435925, Current Loss:0.0
INFO:root:Epoch:4, Step:27000, Average Loss:0.008528394371823029, Current Loss:0.0
INFO:root:Epoch:4, Step:27500, Average Loss:0.008497969374331562, Current Loss:0.0
INFO:root:Epoch:4, Step:28000, Average Loss:0.00844972643681935, Current Loss:0.0
INFO:root:Epoch:4, Step:28500, Average Loss:0.00844353972035542, Current Loss:0.0
INFO:root:Epoch:4, Step:29000, Average Loss:0.00843685163146463, Current Loss:0.0
INFO:root:Epoch:4, Step:29500, Average Loss:0.008437335903866817, Current Loss:0.0
INFO:root:Epoch:4, Step:30000, Average Loss:0.008414374237755935, Current Loss:0.0
INFO:root:Evaluation --- MRR :{1: 0.509849967384214, 2: 0.5789954337899543, 3: 0.6015220700152227, 5: 0.6161600347901709, 10: 0.6251898963542801, 15: 0.6276907788160222, 50: 0.630105539361275, 100: 0.6303552864472599}, HIT:{1: 0.509849967384214, 2: 0.6481409001956947, 3: 0.7157208088714938, 5: 0.7799086757990867, 10: 0.8463144161774299, 15: 0.8776255707762557, 50: 0.9376386170906719, 100: 0.9549902152641878}
INFO:root:Evaluation --- Max MRR:0.6259828741237746, Current MRR:{1: 0.509849967384214, 2: 0.5789954337899543, 3: 0.6015220700152227, 5: 0.6161600347901709, 10: 0.6251898963542801, 15: 0.6276907788160222, 50: 0.630105539361275, 100: 0.6303552864472599}, Current HIT:{1: 0.509849967384214, 2: 0.6481409001956947, 3: 0.7157208088714938, 5: 0.7799086757990867, 10: 0.8463144161774299, 15: 0.8776255707762557, 50: 0.9376386170906719, 100: 0.9549902152641878}
INFO:root:Epoch:4, Step:30500, Average Loss:0.008374148808541844, Current Loss:0.0
INFO:root:Epoch:4, Step:31000, Average Loss:0.008335369573004785, Current Loss:0.0
INFO:root:Epoch:4, Step:31500, Average Loss:0.008298525452140777, Current Loss:0.0
INFO:root:Epoch:4, Step:32000, Average Loss:0.008242243495769798, Current Loss:0.0
INFO:root:Epoch:4, Step:32500, Average Loss:0.008199298559243862, Current Loss:0.0
INFO:root:Epoch:4, Step:33000, Average Loss:0.008144685727177244, Current Loss:0.0
INFO:root:Epoch:4, Step:33500, Average Loss:0.008116417627726028, Current Loss:0.0
INFO:root:Epoch:4, Step:34000, Average Loss:0.0080817369380418, Current Loss:0.0
INFO:root:Epoch:4, Step:34500, Average Loss:0.008031836465217065, Current Loss:0.0
INFO:root:Epoch:4, Step:35000, Average Loss:0.007992554247379303, Current Loss:0.0
INFO:root:Epoch:4, Step:35500, Average Loss:0.007969798691255945, Current Loss:0.0
INFO:root:Epoch:4, Step:36000, Average Loss:0.007933239970770146, Current Loss:0.0
INFO:root:Epoch:4, Step:36500, Average Loss:0.00788521808753275, Current Loss:0.0
INFO:root:Epoch:4, Step:37000, Average Loss:0.007864896446466445, Current Loss:0.0
INFO:root:Epoch:4, Step:37500, Average Loss:0.007832186459700267, Current Loss:0.0
INFO:root:Epoch:4, Step:38000, Average Loss:0.007810439278028513, Current Loss:0.0
INFO:root:Epoch:4, Step:38500, Average Loss:0.007794337829986176, Current Loss:0.0
INFO:root:Epoch:4, Step:39000, Average Loss:0.007761889525713064, Current Loss:0.0
INFO:root:Epoch:4, Step:39500, Average Loss:0.007744513755734963, Current Loss:0.0
INFO:root:Epoch:4, Step:40000, Average Loss:0.007706371513009071, Current Loss:0.0
INFO:root:Epoch:4, Step:40500, Average Loss:0.007684938514306221, Current Loss:0.0
INFO:root:Epoch:4, Step:41000, Average Loss:0.007662744369812128, Current Loss:0.03189252316951752
INFO:root:Epoch:4, Step:41500, Average Loss:0.007675364103661962, Current Loss:0.0
INFO:root:Epoch:4, Step:42000, Average Loss:0.007637948084800016, Current Loss:0.0
INFO:root:Epoch:4, Step:42500, Average Loss:0.007608385504694546, Current Loss:0.008375436067581177
INFO:root:Epoch:4, Step:43000, Average Loss:0.007582232715778572, Current Loss:0.0
INFO:root:Epoch:4, Step:43500, Average Loss:0.007564315951076047, Current Loss:0.0
INFO:root:Epoch:4, Step:44000, Average Loss:0.007534330083903942, Current Loss:0.0
INFO:root:Epoch:4, Step:44500, Average Loss:0.00751276331436768, Current Loss:0.0
INFO:root:Epoch:4, Step:45000, Average Loss:0.00748672931889693, Current Loss:0.0
INFO:root:Epoch:4, Step:45500, Average Loss:0.0074667581742281445, Current Loss:0.0
INFO:root:Epoch:4, Step:46000, Average Loss:0.007439097180962562, Current Loss:0.0
INFO:root:Epoch:4, Step:46500, Average Loss:0.007420246198933612, Current Loss:0.0
INFO:root:Epoch:4, Step:47000, Average Loss:0.007392675069101314, Current Loss:0.0
INFO:root:Epoch:4, Step:47500, Average Loss:0.00736763628062449, Current Loss:0.0
INFO:root:Epoch:4, Step:48000, Average Loss:0.007346536663981776, Current Loss:0.0
INFO:root:Epoch:4, Step:48500, Average Loss:0.007321489300309997, Current Loss:0.0
INFO:root:Epoch:4, Step:49000, Average Loss:0.0072996403021471845, Current Loss:0.0
INFO:root:Epoch:4, Step:49500, Average Loss:0.007272520213115095, Current Loss:0.0
INFO:root:Epoch:4, Step:50000, Average Loss:0.007273626743555069, Current Loss:0.0
INFO:root:Epoch:4, Step:50500, Average Loss:0.007245326463833894, Current Loss:0.0
INFO:root:Epoch:4, Step:51000, Average Loss:0.007221377448708403, Current Loss:0.0
INFO:root:Epoch:4, Step:51500, Average Loss:0.007213051417498913, Current Loss:0.0
INFO:root:Epoch:4, Step:52000, Average Loss:0.00720739146322012, Current Loss:0.0
INFO:root:Epoch:4, Step:52500, Average Loss:0.007205893554573967, Current Loss:0.0
INFO:root:Epoch:4, Step:53000, Average Loss:0.007191189519639285, Current Loss:0.0
INFO:root:Epoch:4, Step:53500, Average Loss:0.007172693684836414, Current Loss:0.12300074100494385
INFO:root:Epoch:4, Step:54000, Average Loss:0.007175966946063218, Current Loss:0.0
INFO:root:Epoch:4, Step:54500, Average Loss:0.007162402648171154, Current Loss:0.0
INFO:root:Epoch:4, Step:55000, Average Loss:0.007142922817306085, Current Loss:0.0
INFO:root:Epoch:4, Step:55500, Average Loss:0.007115521318740673, Current Loss:0.0
INFO:root:Epoch:4, Step:56000, Average Loss:0.007101087208305087, Current Loss:0.0
INFO:root:Epoch:4, Step:56500, Average Loss:0.0070999718023612435, Current Loss:0.0
INFO:root:Epoch:4, Step:57000, Average Loss:0.0070787781095295625, Current Loss:0.0396418571472168
INFO:root:Epoch:4, Step:57500, Average Loss:0.007067352825144063, Current Loss:0.021328523755073547
INFO:root:Epoch:4, Step:58000, Average Loss:0.007041560717440885, Current Loss:0.0
INFO:root:Epoch:4, Step:58500, Average Loss:0.0070320567939526, Current Loss:0.0
INFO:root:Epoch:4, Step:59000, Average Loss:0.00701556847231873, Current Loss:0.0
INFO:root:Epoch:4, Step:59500, Average Loss:0.007003705601231391, Current Loss:0.11977660655975342
INFO:root:Epoch:4, Step:60000, Average Loss:0.00699445756872495, Current Loss:0.0
INFO:root:Evaluation --- MRR :{1: 0.5317677756033921, 2: 0.6003913894324854, 3: 0.6214829310719736, 5: 0.6360230484888009, 10: 0.6447862371737129, 15: 0.6470490558944554, 50: 0.6491955582978924, 100: 0.6494414299554305}, HIT:{1: 0.5317677756033921, 2: 0.6690150032615786, 3: 0.7322896281800392, 5: 0.7955642530984997, 10: 0.8592302674494455, 15: 0.8879321591650359, 50: 0.9416829745596869, 100: 0.958382257012394}
INFO:root:Evaluation --- Max MRR:0.6259828741237746, Current MRR:{1: 0.5317677756033921, 2: 0.6003913894324854, 3: 0.6214829310719736, 5: 0.6360230484888009, 10: 0.6447862371737129, 15: 0.6470490558944554, 50: 0.6491955582978924, 100: 0.6494414299554305}, Current HIT:{1: 0.5317677756033921, 2: 0.6690150032615786, 3: 0.7322896281800392, 5: 0.7955642530984997, 10: 0.8592302674494455, 15: 0.8879321591650359, 50: 0.9416829745596869, 100: 0.958382257012394}
INFO:root:Epoch:4, Step:60500, Average Loss:0.006992450418551106, Current Loss:0.0
INFO:root:Epoch:4, Step:61000, Average Loss:0.006972829957477382, Current Loss:0.0
INFO:root:Epoch:4, Step:61500, Average Loss:0.006949073267661459, Current Loss:0.0
INFO:root:Epoch:4, Step:62000, Average Loss:0.0069433172426877484, Current Loss:0.0
INFO:root:Epoch:4, Step:62500, Average Loss:0.006929775352239609, Current Loss:0.0
INFO:root:Epoch:4, Step:63000, Average Loss:0.006920888992056014, Current Loss:0.0
INFO:root:Epoch:4, Step:63500, Average Loss:0.0069108485077309795, Current Loss:0.0
INFO:root:Epoch:4, Step:64000, Average Loss:0.006898982996353879, Current Loss:0.0
INFO:root:Epoch:4, Step:64500, Average Loss:0.0068811209509077, Current Loss:0.0
INFO:root:Epoch:4, Step:65000, Average Loss:0.006882556299750622, Current Loss:0.0
INFO:root:Epoch:4, Step:65500, Average Loss:0.0068810848498162425, Current Loss:0.024394750595092773
INFO:root:Epoch:4, Step:66000, Average Loss:0.006876277397527839, Current Loss:0.0
INFO:root:Epoch:4, Step:66500, Average Loss:0.0068668684345438965, Current Loss:0.0
INFO:root:Epoch:4, Step:67000, Average Loss:0.006850063876429601, Current Loss:0.037658900022506714
INFO:root:Epoch:4, Step:67500, Average Loss:0.006831864257653554, Current Loss:0.0
INFO:root:Epoch:4, Step:68000, Average Loss:0.006827049518771031, Current Loss:0.017370566725730896
INFO:root:Epoch:4, Step:68500, Average Loss:0.0068124724611313674, Current Loss:0.0015396475791931152
INFO:root:Epoch:4, Step:69000, Average Loss:0.006811445236206055, Current Loss:0.0
INFO:root:Epoch:4, Step:69500, Average Loss:0.0067964485568537125, Current Loss:0.027325406670570374
INFO:root:Loading test dataset...
INFO:root:Start testing...
INFO:root:Evaluation --- MRR :{1: 0.4820166783372589, 2: 0.5452288497039913, 3: 0.5663844505272949, 5: 0.5813153818405554, 10: 0.5910114715353745, 15: 0.5936059625791609, 50: 0.5963230852629177, 100: 0.5967378258648882}, HIT:{1: 0.4820166783372589, 2: 0.6084410210707238, 3: 0.6719078235406455, 5: 0.7368387548539054, 10: 0.8084537526258833, 15: 0.8412375071614998, 50: 0.9102425361257878, 100: 0.9386339041313897}
