INFO:root:Loading train dataset...
INFO:root:Loading eval dataset...
INFO:root:Loading encoder...
INFO:root:Start training...
INFO:root:epoch:1,step:100,avg_loss:0.15298317909240722,current_loss:0.11128033697605133
INFO:root:epoch:1,step:200,avg_loss:0.12857838036492467,current_loss:0.1234680563211441
INFO:root:epoch:1,step:300,avg_loss:0.12162008608380953,current_loss:0.1731424480676651
INFO:root:epoch:1,step:400,avg_loss:0.1124123893212527,current_loss:0.040221359580755234
INFO:root:epoch:1,step:500,avg_loss:0.11182667917013168,current_loss:0.14511583745479584
INFO:root:epoch:1,step:600,avg_loss:0.11060613427311182,current_loss:0.05787614732980728
INFO:root:epoch:1,step:700,avg_loss:0.108822954797319,current_loss:0.04156152158975601
INFO:root:epoch:1,step:800,avg_loss:0.11273102910723537,current_loss:0.20440158247947693
INFO:root:epoch:1,step:900,avg_loss:0.12265272770904832,current_loss:0.19092120230197906
INFO:root:epoch:1,step:1000,avg_loss:0.13041760898754,current_loss:0.18734107911586761
INFO:root:epoch:1,step:1100,avg_loss:0.1369176909835501,current_loss:0.20692646503448486
INFO:root:epoch:1,step:1200,avg_loss:0.14216218920735021,current_loss:0.20493514835834503
INFO:root:epoch:1,step:1300,avg_loss:0.14654302317076004,current_loss:0.18712997436523438
INFO:root:epoch:1,step:1400,avg_loss:0.15029588354219284,current_loss:0.20161102712154388
INFO:root:epoch:1,step:1500,avg_loss:0.15337786444773277,current_loss:0.1937553733587265
INFO:root:epoch:1,step:1600,avg_loss:0.1564137703529559,current_loss:0.19970236718654633
INFO:root:epoch:1,step:1700,avg_loss:0.15896446707274983,current_loss:0.18005700409412384
INFO:root:epoch:1,step:1800,avg_loss:0.16129323767912057,current_loss:0.2021457850933075
INFO:root:epoch:1,step:1900,avg_loss:0.16334238595672343,current_loss:0.19990886747837067
INFO:root:epoch:1,step:2000,avg_loss:0.16519443332217634,current_loss:0.19544850289821625
INFO:root:epoch:1,step:2100,avg_loss:0.16685787967805352,current_loss:0.19885681569576263
INFO:root:epoch:1,step:2200,avg_loss:0.16837605657055973,current_loss:0.20036426186561584
INFO:root:epoch:1,step:2300,avg_loss:0.16975746846555367,current_loss:0.19972379505634308
INFO:root:epoch:1,step:2400,avg_loss:0.17102052302254986,current_loss:0.19880585372447968
INFO:root:epoch:1,step:2500,avg_loss:0.17217641479820012,current_loss:0.19911755621433258
INFO:root:epoch:1,step:2600,avg_loss:0.17323473307805565,current_loss:0.20369450747966766
INFO:root:epoch:1,step:2700,avg_loss:0.17426005923499663,current_loss:0.20398344099521637
INFO:root:epoch:1,step:2800,avg_loss:0.17517675166018307,current_loss:0.20408175885677338
INFO:root:epoch:1,step:2900,avg_loss:0.17605100054036954,current_loss:0.1980769783258438
INFO:root:epoch:1,step:3000,avg_loss:0.17680255572373668,current_loss:0.20205827057361603
INFO:root:epoch:1,step:3100,avg_loss:0.17758603678475465,current_loss:0.19994542002677917
INFO:root:epoch:1,step:3200,avg_loss:0.17828979998244904,current_loss:0.2158053070306778
INFO:root:epoch:1,step:3300,avg_loss:0.17895475945576575,current_loss:0.20243680477142334
INFO:root:epoch:1,step:3400,avg_loss:0.17957508467466515,current_loss:0.200119286775589
INFO:root:epoch:1,step:3500,avg_loss:0.18017304536168063,current_loss:0.21269512176513672
INFO:root:epoch:1,step:3600,avg_loss:0.18072627778578965,current_loss:0.1975187361240387
INFO:root:epoch:1,step:3700,avg_loss:0.18127170608957877,current_loss:0.199700266122818
INFO:root:epoch:1,step:3800,avg_loss:0.18175532405607794,current_loss:0.19938212633132935
INFO:root:epoch:1,step:3900,avg_loss:0.182229960689751,current_loss:0.19723761081695557
INFO:root:epoch:1,step:4000,avg_loss:0.18266908164601772,current_loss:0.20327675342559814
INFO:root:epoch:1,step:4100,avg_loss:0.1830946245816786,current_loss:0.19981980323791504
INFO:root:epoch:1,step:4200,avg_loss:0.18347852681630425,current_loss:0.19731123745441437
INFO:root:epoch:1,step:4300,avg_loss:0.18386754216756238,current_loss:0.20122796297073364
INFO:root:epoch:1,step:4400,avg_loss:0.18423063038679008,current_loss:0.1945154368877411
INFO:root:epoch:1,step:4500,avg_loss:0.18457952513876888,current_loss:0.19685570895671844
INFO:root:epoch:1,step:4600,avg_loss:0.1849297301819467,current_loss:0.20113533735275269
INFO:root:epoch:1,step:4700,avg_loss:0.18522670545714331,current_loss:0.20430684089660645
INFO:root:epoch:1,step:4800,avg_loss:0.18554219789414977,current_loss:0.20208480954170227
INFO:root:epoch:1,step:4900,avg_loss:0.18583940764699056,current_loss:0.1879906952381134
INFO:root:epoch:1,step:5000,avg_loss:0.18613657280132173,current_loss:0.20171457529067993
INFO:root:epoch:1,step:5100,avg_loss:0.18639699924152855,current_loss:0.2025948315858841
INFO:root:epoch:1,step:5200,avg_loss:0.18663582230631548,current_loss:0.20272792875766754
INFO:root:epoch:1,step:5300,avg_loss:0.18689420667670245,current_loss:0.19875161349773407
INFO:root:epoch:1,step:5400,avg_loss:0.18714068172085616,current_loss:0.2005191147327423
INFO:root:epoch:1,step:5500,avg_loss:0.18737196281484583,current_loss:0.20157107710838318
INFO:root:epoch:1,step:5600,avg_loss:0.18759958300673005,current_loss:0.19614428281784058
INFO:root:epoch:1,step:5700,avg_loss:0.18782291647569652,current_loss:0.19975894689559937
INFO:root:epoch:1,step:5800,avg_loss:0.1880364253802289,current_loss:0.200023353099823
INFO:root:epoch:1,step:5900,avg_loss:0.18823703964067212,current_loss:0.19734930992126465
INFO:root:epoch:1,step:6000,avg_loss:0.18843470032451054,current_loss:0.20192749798297882
INFO:root:epoch:1,step:6100,avg_loss:0.18862464058044992,current_loss:0.20018893480300903
INFO:root:epoch:1,step:6200,avg_loss:0.18880916854967514,current_loss:0.2005969136953354
INFO:root:epoch:1,step:6300,avg_loss:0.1889886118158225,current_loss:0.20086143910884857
INFO:root:epoch:1,step:6400,avg_loss:0.18916489292110783,current_loss:0.20262807607650757
INFO:root:epoch:1,step:6500,avg_loss:0.1893302638823023,current_loss:0.2009371817111969
INFO:root:epoch:1,step:6600,avg_loss:0.18949316866639437,current_loss:0.19966353476047516
INFO:root:epoch:1,step:6700,avg_loss:0.18965213796707675,current_loss:0.20153264701366425
INFO:root:epoch:1,step:6800,avg_loss:0.18980119283530203,current_loss:0.20000344514846802
INFO:root:epoch:1,step:6900,avg_loss:0.18995075390984614,current_loss:0.19983500242233276
INFO:root:epoch:1,step:7000,avg_loss:0.19009379707649351,current_loss:0.19997650384902954
INFO:root:epoch:1,step:7100,avg_loss:0.190234847196286,current_loss:0.1993073970079422
INFO:root:epoch:1,step:7200,avg_loss:0.19037274022845344,current_loss:0.19840006530284882
INFO:root:epoch:1,step:7300,avg_loss:0.19050594982168037,current_loss:0.19962312281131744
INFO:root:epoch:1,step:7400,avg_loss:0.1906329808359009,current_loss:0.20094425976276398
INFO:root:epoch:1,step:7500,avg_loss:0.19075395790884891,current_loss:0.20108531415462494
INFO:root:epoch:1,step:7600,avg_loss:0.19087157919365716,current_loss:0.2031460553407669
INFO:root:epoch:1,step:7700,avg_loss:0.19098525204006342,current_loss:0.19685979187488556
INFO:root:epoch:1,step:7800,avg_loss:0.19110144788208297,current_loss:0.19993047416210175
INFO:root:epoch:1,step:7900,avg_loss:0.1912121950330425,current_loss:0.19871880114078522
INFO:root:epoch:1,step:8000,avg_loss:0.1913197053312324,current_loss:0.20365683734416962
INFO:root:epoch:1,step:8100,avg_loss:0.19141520592303557,current_loss:0.20062504708766937
INFO:root:epoch:1,step:8200,avg_loss:0.19152682633797932,current_loss:0.2010297328233719
INFO:root:epoch:1,step:8300,avg_loss:0.1916305261253413,current_loss:0.20084020495414734
INFO:root:epoch:1,step:8400,avg_loss:0.1917303856812595,current_loss:0.19722706079483032
INFO:root:epoch:1,step:8500,avg_loss:0.19182862897962333,current_loss:0.20157481729984283
INFO:root:epoch:1,step:8600,avg_loss:0.1919232449191081,current_loss:0.19508495926856995
INFO:root:epoch:1,step:8700,avg_loss:0.192018688408037,current_loss:0.2005164474248886
INFO:root:epoch:1,step:8800,avg_loss:0.192121590715833,current_loss:0.20091648399829865
INFO:root:epoch:1,step:8900,avg_loss:0.1922109409040782,current_loss:0.19938160479068756
INFO:root:epoch:1,step:9000,avg_loss:0.19230267026482356,current_loss:0.20101477205753326
INFO:root:epoch:1,step:9100,avg_loss:0.1923860723611254,current_loss:0.20199932157993317
INFO:root:epoch:1,step:9200,avg_loss:0.19246935702657894,current_loss:0.20093652606010437
INFO:root:epoch:1,step:9300,avg_loss:0.1925524090034186,current_loss:0.2017252892255783
INFO:root:epoch:1,step:9400,avg_loss:0.19263404878648988,current_loss:0.1989893764257431
INFO:root:epoch:1,step:9500,avg_loss:0.19271149997452372,current_loss:0.1981445550918579
INFO:root:epoch:1,step:9600,avg_loss:0.19278742150519976,current_loss:0.19939376413822174
INFO:root:epoch:1,step:9700,avg_loss:0.19286234895554707,current_loss:0.20460665225982666
INFO:root:epoch:1,step:9800,avg_loss:0.19293678817206195,current_loss:0.20273947715759277
INFO:root:epoch:1,step:9900,avg_loss:0.19300761622574295,current_loss:0.20002944767475128
INFO:root:epoch:1,step:10000,avg_loss:0.19307989679537713,current_loss:0.20013722777366638
INFO:root:epoch:1,step:10100,avg_loss:0.19314736546229314,current_loss:0.20079411566257477
INFO:root:epoch:1,step:10200,avg_loss:0.19321636874411327,current_loss:0.19871343672275543
INFO:root:epoch:1,step:10300,avg_loss:0.19328341779597466,current_loss:0.19916470348834991
INFO:root:epoch:1,step:10400,avg_loss:0.19334851219927748,current_loss:0.2005571573972702
INFO:root:epoch:1,step:10500,avg_loss:0.19341085734786023,current_loss:0.1979549676179886
INFO:root:epoch:1,step:10600,avg_loss:0.19347307834668823,current_loss:0.20000308752059937
INFO:root:epoch:1,step:10700,avg_loss:0.1935326635555547,current_loss:0.19553184509277344
INFO:root:epoch:1,step:10800,avg_loss:0.19359458749182523,current_loss:0.19955505430698395
INFO:root:epoch:1,step:10900,avg_loss:0.1936536034063325,current_loss:0.2013620287179947
INFO:root:epoch:1,step:11000,avg_loss:0.19370930995961483,current_loss:0.19845463335514069
INFO:root:epoch:1,step:11100,avg_loss:0.19376903538734794,current_loss:0.20359750092029572
INFO:root:epoch:1,step:11200,avg_loss:0.19382320983967344,current_loss:0.19915343821048737
INFO:root:epoch:1,step:11300,avg_loss:0.19387763929017612,current_loss:0.20150251686573029
INFO:root:epoch:1,step:11400,avg_loss:0.19393149899122747,current_loss:0.19209884107112885
INFO:root:epoch:1,step:11500,avg_loss:0.1939859140460258,current_loss:0.19687031209468842
INFO:root:epoch:1,step:11600,avg_loss:0.19403750396462094,current_loss:0.20135964453220367
INFO:root:epoch:1,step:11700,avg_loss:0.19409044780378412,current_loss:0.20211808383464813
INFO:root:epoch:1,step:11800,avg_loss:0.19414209565084617,current_loss:0.19668014347553253
INFO:root:epoch:1,step:11900,avg_loss:0.1941912537259089,current_loss:0.2026221603155136
INFO:root:epoch:1,step:12000,avg_loss:0.1942425896547114,current_loss:0.19895003736019135
INFO:root:epoch:1,step:12100,avg_loss:0.19429090539747773,current_loss:0.19652704894542694
INFO:root:epoch:1,step:12200,avg_loss:0.1943386271849397,current_loss:0.2022940069437027
INFO:root:epoch:1,step:12300,avg_loss:0.19438382152952557,current_loss:0.2008899301290512
INFO:root:epoch:1,step:12400,avg_loss:0.19442823813176685,current_loss:0.1973038762807846
INFO:root:epoch:1,step:12500,avg_loss:0.19447126037567855,current_loss:0.20369820296764374
INFO:root:epoch:1,step:12600,avg_loss:0.19451742032188035,current_loss:0.20009849965572357
INFO:root:epoch:1,step:12700,avg_loss:0.19456131821747605,current_loss:0.1986570805311203
INFO:root:epoch:1,step:12800,avg_loss:0.1946067665630835,current_loss:0.2015535682439804
INFO:root:epoch:1,step:12900,avg_loss:0.19464876731438924,current_loss:0.2027190774679184
INFO:root:epoch:1,step:13000,avg_loss:0.19469040690792294,current_loss:0.2007761150598526
INFO:root:epoch:1,step:13100,avg_loss:0.19473272326651192,current_loss:0.20140309631824493
INFO:root:epoch:1,step:13200,avg_loss:0.19477276853963055,current_loss:0.19986553490161896
INFO:root:epoch:1,step:13300,avg_loss:0.19481110820840847,current_loss:0.1983092576265335
INFO:root:epoch:1,step:13400,avg_loss:0.19485036116454807,current_loss:0.19990740716457367
INFO:root:epoch:1,step:13500,avg_loss:0.19488753594816835,current_loss:0.19934523105621338
INFO:root:epoch:1,step:13600,avg_loss:0.19492525702424565,current_loss:0.20609523355960846
INFO:root:epoch:1,step:13700,avg_loss:0.19496307919576872,current_loss:0.19855476915836334
INFO:root:epoch:1,step:13800,avg_loss:0.1949990237793089,current_loss:0.2011180967092514
INFO:root:epoch:1,step:13900,avg_loss:0.19503445315034054,current_loss:0.19750337302684784
INFO:root:epoch:1,step:14000,avg_loss:0.1950683509130031,current_loss:0.2001928836107254
INFO:root:epoch:1,step:14100,avg_loss:0.1951050797387535,current_loss:0.1976950317621231
INFO:root:epoch:1,step:14200,avg_loss:0.19513790721283622,current_loss:0.19898299872875214
INFO:root:epoch:1,step:14300,avg_loss:0.1951726789759485,current_loss:0.1993560940027237
INFO:root:epoch:1,step:14400,avg_loss:0.19520418108104626,current_loss:0.1997743397951126
INFO:root:epoch:1,step:14500,avg_loss:0.19523919258523603,current_loss:0.19502128660678864
INFO:root:epoch:1,step:14600,avg_loss:0.19527094720645924,current_loss:0.1987801343202591
INFO:root:epoch:1,step:14700,avg_loss:0.1953038353303156,current_loss:0.20377816259860992
INFO:root:epoch:1,step:14800,avg_loss:0.195336249806742,current_loss:0.19797228276729584
INFO:root:epoch:1,step:14900,avg_loss:0.1953663760201143,current_loss:0.2015283852815628
INFO:root:epoch:1,step:15000,avg_loss:0.19539654183760286,current_loss:0.1989334374666214
