INFO:root:Loading train dataset...
INFO:root:Loading eval dataset...
INFO:root:Loading encoder...
INFO:root:Start training...
INFO:root:epoch:1,step:0,avg_loss:0.18498051166534424,current_loss:0.18498051166534424
INFO:root:Current Loss:1.516498939896525,Current MRR :{1: 0.0005218525766470972, 2: 0.0007175472928897587, 3: 0.0007175472928897587, 5: 0.0008610567514677104, 10: 0.0010371302249971525, 15: 0.0011067670461016837, 50: 0.0013987774071608252, 100: 0.0015695283201228717},Current ans_k:{1: 4, 2: 7, 3: 7, 5: 12, 10: 23, 15: 30, 50: 96, 100: 193}
INFO:root:max_mrr:0,current_mrr:{1: 0.0005218525766470972, 2: 0.0007175472928897587, 3: 0.0007175472928897587, 5: 0.0008610567514677104, 10: 0.0010371302249971525, 15: 0.0011067670461016837, 50: 0.0013987774071608252, 100: 0.0015695283201228717},ans_k:{1: 4, 2: 7, 3: 7, 5: 12, 10: 23, 15: 30, 50: 96, 100: 193}
INFO:root:evaluation---avg_loss:1.516498939896525,mrr:{1: 0.0005218525766470972, 2: 0.0007175472928897587, 3: 0.0007175472928897587, 5: 0.0008610567514677104, 10: 0.0010371302249971525, 15: 0.0011067670461016837, 50: 0.0013987774071608252, 100: 0.0015695283201228717},ans_k:{1: 4, 2: 7, 3: 7, 5: 12, 10: 23, 15: 30, 50: 96, 100: 193}

INFO:root:epoch:1,step:100,avg_loss:0.0654797601227713,current_loss:0.06840479373931885
INFO:root:epoch:1,step:200,avg_loss:0.06083461664505859,current_loss:0.06977562606334686
INFO:root:epoch:1,step:300,avg_loss:0.05448682878500599,current_loss:0.03769226372241974
INFO:root:epoch:1,step:400,avg_loss:0.047501775800735876,current_loss:0.014079421758651733
INFO:root:epoch:1,step:500,avg_loss:0.04178213478324418,current_loss:0.012350499629974365
INFO:root:epoch:1,step:600,avg_loss:0.03743507511008797,current_loss:0.012434571981430054
INFO:root:epoch:1,step:700,avg_loss:0.0337876586745707,current_loss:0.00855940580368042
INFO:root:epoch:1,step:800,avg_loss:0.030874870429175923,current_loss:0.009222462773323059
INFO:root:epoch:1,step:900,avg_loss:0.02872793538522773,current_loss:0.0055777281522750854
INFO:root:epoch:1,step:1000,avg_loss:0.026553166079354453,current_loss:0.006981939077377319
INFO:root:epoch:1,step:1100,avg_loss:0.02486387872349447,current_loss:0.010049223899841309
INFO:root:epoch:1,step:1200,avg_loss:0.02327026606697921,current_loss:0.008114084601402283
INFO:root:epoch:1,step:1300,avg_loss:0.02186806411765155,current_loss:0.0026285946369171143
INFO:root:epoch:1,step:1400,avg_loss:0.020659672297127837,current_loss:0.004360184073448181
INFO:root:epoch:1,step:1500,avg_loss:0.019534061534415875,current_loss:0.0014655590057373047
INFO:root:epoch:1,step:1600,avg_loss:0.018488794304593364,current_loss:0.0033615678548812866
INFO:root:epoch:1,step:1700,avg_loss:0.017584374210611643,current_loss:0.0019916146993637085
INFO:root:epoch:1,step:1800,avg_loss:0.01678103677667822,current_loss:0.0031704604625701904
INFO:root:epoch:1,step:1900,avg_loss:0.016056268921279707,current_loss:0.0021529048681259155
INFO:root:epoch:1,step:2000,avg_loss:0.015396661054843786,current_loss:0.003058403730392456
INFO:root:epoch:1,step:2100,avg_loss:0.014778493224921991,current_loss:0.0021407008171081543
INFO:root:epoch:1,step:2200,avg_loss:0.014193406386951705,current_loss:0.0019413232803344727
INFO:root:epoch:1,step:2300,avg_loss:0.013667414792979712,current_loss:0.0019395798444747925
INFO:root:epoch:1,step:2400,avg_loss:0.013170005653560881,current_loss:0.0015095621347427368
INFO:root:epoch:1,step:2500,avg_loss:0.012704639971518411,current_loss:0.0009140372276306152
INFO:root:epoch:1,step:2600,avg_loss:0.012258299310956263,current_loss:0.0012197643518447876
INFO:root:epoch:1,step:2700,avg_loss:0.011854076459424578,current_loss:0.0008151382207870483
INFO:root:epoch:1,step:2800,avg_loss:0.01146759556706826,current_loss:0.0008363723754882812
INFO:root:epoch:1,step:2900,avg_loss:0.011103916074727495,current_loss:0.0007506310939788818
INFO:root:epoch:1,step:3000,avg_loss:0.010766491199564592,current_loss:0.0007947087287902832
INFO:root:epoch:1,step:3100,avg_loss:0.010451948664834983,current_loss:0.0012449026107788086
INFO:root:epoch:1,step:3200,avg_loss:0.01014859889194914,current_loss:0.0007194429636001587
INFO:root:epoch:1,step:3300,avg_loss:0.009860283870366226,current_loss:0.0008094161748886108
INFO:root:epoch:1,step:3400,avg_loss:0.009587314690747214,current_loss:0.0007439851760864258
INFO:root:epoch:1,step:3500,avg_loss:0.00932625176582429,current_loss:0.0008074641227722168
INFO:root:epoch:1,step:3600,avg_loss:0.009079893780429971,current_loss:0.0004947632551193237
INFO:root:epoch:1,step:3700,avg_loss:0.008845365863173629,current_loss:0.000464707612991333
INFO:root:epoch:1,step:3800,avg_loss:0.008622740729329963,current_loss:0.0003148764371871948
INFO:root:epoch:1,step:3900,avg_loss:0.008410812165302609,current_loss:0.0005301088094711304
INFO:root:epoch:1,step:4000,avg_loss:0.008212686143675854,current_loss:0.0004379451274871826
INFO:root:epoch:1,step:4100,avg_loss:0.008020879273384381,current_loss:0.0002205371856689453
INFO:root:epoch:1,step:4200,avg_loss:0.007837813476158646,current_loss:0.0005564242601394653
INFO:root:epoch:1,step:4300,avg_loss:0.007661102366042786,current_loss:0.00017999112606048584
INFO:root:epoch:1,step:4400,avg_loss:0.007491277120677322,current_loss:0.0002475231885910034
INFO:root:epoch:1,step:4500,avg_loss:0.007329819077148725,current_loss:0.00030747056007385254
INFO:root:epoch:1,step:4600,avg_loss:0.007174448101864097,current_loss:0.00015118718147277832
INFO:root:epoch:1,step:4700,avg_loss:0.007024778128050663,current_loss:8.538365364074707e-05
INFO:root:epoch:1,step:4800,avg_loss:0.006880797164883621,current_loss:0.00011429190635681152
INFO:root:epoch:1,step:4900,avg_loss:0.00674256933535685,current_loss:8.842349052429199e-05
INFO:root:epoch:1,step:5000,avg_loss:0.0066099254054275665,current_loss:0.00010617077350616455
INFO:root:epoch:1,step:5100,avg_loss:0.006482058183349036,current_loss:8.38935375213623e-05
INFO:root:epoch:1,step:5200,avg_loss:0.006359038508137793,current_loss:8.796155452728271e-05
INFO:root:epoch:1,step:5300,avg_loss:0.006240453231651768,current_loss:5.914270877838135e-05
INFO:root:epoch:1,step:5400,avg_loss:0.006126307167624615,current_loss:5.1915645599365234e-05
INFO:root:epoch:1,step:5500,avg_loss:0.0060160887786376,current_loss:6.441771984100342e-05
INFO:root:epoch:1,step:5600,avg_loss:0.005909992164106289,current_loss:6.143748760223389e-05
INFO:root:epoch:1,step:5700,avg_loss:0.005807308029593177,current_loss:4.194676876068115e-05
INFO:root:epoch:1,step:5800,avg_loss:0.005707966397187151,current_loss:3.428757190704346e-05
INFO:root:epoch:1,step:5900,avg_loss:0.005612094404131371,current_loss:3.807246685028076e-05
INFO:root:epoch:1,step:6000,avg_loss:0.005519259032597643,current_loss:3.962218761444092e-05
INFO:root:epoch:1,step:6100,avg_loss:0.005429465872618902,current_loss:3.838539123535156e-05
INFO:root:epoch:1,step:6200,avg_loss:0.005342433328513964,current_loss:3.583729267120361e-05
INFO:root:epoch:1,step:6300,avg_loss:0.005258091105069268,current_loss:2.2977590560913086e-05
INFO:root:epoch:1,step:6400,avg_loss:0.005176404203275017,current_loss:3.287196159362793e-05
INFO:root:epoch:1,step:6500,avg_loss:0.005097436977797078,current_loss:3.439188003540039e-05
INFO:root:epoch:1,step:6600,avg_loss:0.005020981385046524,current_loss:8.709728717803955e-05
INFO:root:epoch:1,step:6700,avg_loss:0.00494661349277855,current_loss:2.6300549507141113e-05
INFO:root:epoch:1,step:6800,avg_loss:0.004874331355445473,current_loss:2.586841583251953e-05
INFO:root:epoch:1,step:6900,avg_loss:0.004804000407435759,current_loss:1.946091651916504e-05
INFO:root:epoch:1,step:7000,avg_loss:0.00473571430060067,current_loss:1.1309981346130371e-05
INFO:root:epoch:1,step:7100,avg_loss:0.004669275378747786,current_loss:1.3470649719238281e-05
INFO:root:epoch:1,step:7200,avg_loss:0.0046046389885833405,current_loss:1.195073127746582e-05
INFO:root:epoch:1,step:7300,avg_loss:0.004541820842033379,current_loss:7.599592208862305e-06
INFO:root:epoch:1,step:7400,avg_loss:0.004480618521935585,current_loss:1.49458646774292e-05
INFO:root:epoch:1,step:7500,avg_loss:0.004421029696304342,current_loss:5.02169132232666e-06
INFO:root:epoch:1,step:7600,avg_loss:0.004363014123703583,current_loss:1.1011958122253418e-05
INFO:root:epoch:1,step:7700,avg_loss:0.0043064780323370105,current_loss:1.0892748832702637e-05
INFO:root:epoch:1,step:7800,avg_loss:0.004251381203984927,current_loss:5.900859832763672e-06
INFO:root:epoch:1,step:7900,avg_loss:0.004197688383582936,current_loss:5.081295967102051e-06
INFO:root:epoch:1,step:8000,avg_loss:0.004145312530519724,current_loss:9.059906005859375e-06
INFO:root:epoch:1,step:8100,avg_loss:0.004094218962384718,current_loss:6.8247318267822266e-06
INFO:root:epoch:1,step:8200,avg_loss:0.004044367209641966,current_loss:5.7220458984375e-06
INFO:root:epoch:1,step:8300,avg_loss:0.0039957473201502405,current_loss:7.227063179016113e-06
INFO:root:epoch:1,step:8400,avg_loss:0.003948283408698745,current_loss:7.569789886474609e-06
INFO:root:epoch:1,step:8500,avg_loss:0.0039019136288743514,current_loss:4.157423973083496e-06
INFO:root:epoch:1,step:8600,avg_loss:0.003856602903300005,current_loss:3.159046173095703e-06
INFO:root:epoch:1,step:8700,avg_loss:0.00381234104627029,current_loss:6.735324859619141e-06
INFO:root:epoch:1,step:8800,avg_loss:0.0037690889966066634,current_loss:4.366040229797363e-06
INFO:root:epoch:1,step:8900,avg_loss:0.00372681871128543,current_loss:2.9802322387695312e-06
INFO:root:epoch:1,step:9000,avg_loss:0.003685466893023086,current_loss:2.041459083557129e-06
INFO:root:epoch:1,step:9100,avg_loss:0.0036450085528878483,current_loss:5.930662155151367e-06
INFO:root:epoch:1,step:9200,avg_loss:0.003605430358882158,current_loss:1.7881393432617188e-06
INFO:root:epoch:1,step:9300,avg_loss:0.003566715915591957,current_loss:7.778406143188477e-06
INFO:root:epoch:1,step:9400,avg_loss:0.0035288160407864,current_loss:1.817941665649414e-06
INFO:root:epoch:1,step:9500,avg_loss:0.003491710213131308,current_loss:2.562999725341797e-06
INFO:root:epoch:1,step:9600,avg_loss:0.0034553766073677494,current_loss:1.817941665649414e-06
INFO:root:epoch:1,step:9700,avg_loss:0.003419788041848176,current_loss:1.049041748046875e-05
INFO:root:epoch:1,step:9800,avg_loss:0.0033849247872567933,current_loss:3.591179847717285e-06
INFO:root:epoch:1,step:9900,avg_loss:0.003350766195623384,current_loss:1.5795230865478516e-06
INFO:root:epoch:1,step:10000,avg_loss:0.003317285292971767,current_loss:3.0547380447387695e-06
INFO:root:epoch:1,step:10100,avg_loss:0.003284491851605728,current_loss:3.2335519790649414e-06
INFO:root:epoch:1,step:10200,avg_loss:0.003252331868256673,current_loss:1.862645149230957e-06
INFO:root:epoch:1,step:10300,avg_loss:0.003220786882909614,current_loss:1.5497207641601562e-06
INFO:root:epoch:1,step:10400,avg_loss:0.0031898411039365804,current_loss:1.4454126358032227e-06
INFO:root:epoch:1,step:10500,avg_loss:0.003159485407561736,current_loss:3.2633543014526367e-06
INFO:root:epoch:1,step:10600,avg_loss:0.0031297073821033713,current_loss:2.384185791015625e-06
INFO:root:epoch:1,step:10700,avg_loss:0.0031005334446401467,current_loss:9.08970832824707e-06
INFO:root:epoch:1,step:10800,avg_loss:0.0030719889483952034,current_loss:1.1339783668518066e-05
INFO:root:epoch:1,step:10900,avg_loss:0.003043876631950394,current_loss:4.082918167114258e-06
INFO:root:epoch:1,step:11000,avg_loss:0.003016252189525181,current_loss:5.4836273193359375e-06
INFO:root:epoch:1,step:11100,avg_loss:0.0029891198558878677,current_loss:7.644295692443848e-06
INFO:root:epoch:1,step:11200,avg_loss:0.0029624994219270054,current_loss:1.9118189811706543e-05
INFO:root:epoch:1,step:11300,avg_loss:0.0029363105103733496,current_loss:1.4901161193847656e-06
INFO:root:epoch:1,step:11400,avg_loss:0.0029105732495006203,current_loss:1.7583370208740234e-06
INFO:root:epoch:1,step:11500,avg_loss:0.0028852858267994657,current_loss:2.130866050720215e-06
INFO:root:epoch:1,step:11600,avg_loss:0.002860433763136649,current_loss:2.3543834686279297e-06
INFO:root:epoch:1,step:11700,avg_loss:0.0028360127121574317,current_loss:6.854534149169922e-06
INFO:root:epoch:1,step:11800,avg_loss:0.0028120078984261287,current_loss:3.3676624298095703e-06
INFO:root:epoch:1,step:11900,avg_loss:0.0027884023060428826,current_loss:8.672475814819336e-06
INFO:root:epoch:1,step:12000,avg_loss:0.002765227552155993,current_loss:5.4389238357543945e-06
INFO:root:epoch:1,step:12100,avg_loss:0.0027424236948101416,current_loss:1.9073486328125e-06
INFO:root:epoch:1,step:12200,avg_loss:0.0027199810818564394,current_loss:1.9818544387817383e-06
INFO:root:epoch:1,step:12300,avg_loss:0.002697908198016512,current_loss:5.140900611877441e-06
INFO:root:epoch:1,step:12400,avg_loss:0.0026761915112068534,current_loss:2.652406692504883e-06
INFO:root:epoch:1,step:12500,avg_loss:0.002654806110832407,current_loss:2.726912498474121e-06
INFO:root:epoch:1,step:12600,avg_loss:0.002633757211085246,current_loss:2.041459083557129e-06
INFO:root:epoch:1,step:12700,avg_loss:0.0026130382939216967,current_loss:3.248453140258789e-06
INFO:root:epoch:1,step:12800,avg_loss:0.0025926412220495156,current_loss:1.4454126358032227e-06
INFO:root:epoch:1,step:12900,avg_loss:0.002572559158096627,current_loss:1.4007091522216797e-06
INFO:root:epoch:1,step:13000,avg_loss:0.002552786210886965,current_loss:4.291534423828125e-06
INFO:root:epoch:1,step:13100,avg_loss:0.0025333115883196013,current_loss:1.6242265701293945e-06
INFO:root:epoch:1,step:13200,avg_loss:0.002514135256453668,current_loss:7.897615432739258e-07
INFO:root:epoch:1,step:13300,avg_loss:0.0024952404573531754,current_loss:1.6093254089355469e-06
INFO:root:epoch:1,step:13400,avg_loss:0.002476627436754161,current_loss:7.897615432739258e-07
INFO:root:epoch:1,step:13500,avg_loss:0.0024582911717362797,current_loss:1.4156103134155273e-06
INFO:root:epoch:1,step:13600,avg_loss:0.002440224019633208,current_loss:5.066394805908203e-07
INFO:root:epoch:1,step:13700,avg_loss:0.0024224190285724234,current_loss:7.897615432739258e-07
INFO:root:epoch:1,step:13800,avg_loss:0.0024048723806791416,current_loss:1.3113021850585938e-06
INFO:root:epoch:1,step:13900,avg_loss:0.00238757782956266,current_loss:5.21540641784668e-07
INFO:root:epoch:1,step:14000,avg_loss:0.0023705303630661297,current_loss:5.662441253662109e-07
INFO:root:epoch:1,step:14100,avg_loss:0.002353723615917295,current_loss:6.854534149169922e-07
INFO:root:epoch:1,step:14200,avg_loss:0.0023371543160509655,current_loss:4.470348358154297e-07
INFO:root:epoch:1,step:14300,avg_loss:0.0023208164425214998,current_loss:8.344650268554688e-07
INFO:root:epoch:1,step:14400,avg_loss:0.00230470577752985,current_loss:1.043081283569336e-06
INFO:root:epoch:1,step:14500,avg_loss:0.002288817330751984,current_loss:5.662441253662109e-07
INFO:root:epoch:1,step:14600,avg_loss:0.002273145230059248,current_loss:4.76837158203125e-07
INFO:root:epoch:1,step:14700,avg_loss:0.0022576866133846673,current_loss:6.109476089477539e-07
INFO:root:epoch:1,step:14800,avg_loss:0.0022424372593524223,current_loss:3.8743019104003906e-07
INFO:root:epoch:1,step:14900,avg_loss:0.0022273918398914142,current_loss:5.066394805908203e-07
INFO:root:epoch:1,step:15000,avg_loss:0.002212548216583967,current_loss:9.98377799987793e-07
INFO:root:Current Loss:1.0386614980986022,Current MRR :{1: 0.0001304631441617743, 2: 0.00019569471624266145, 3: 0.00023918243096325288, 5: 0.0002978908458360513, 10: 0.0003821224075627207, 15: 0.00043290658750541345, 50: 0.000587052713396668, 100: 0.0006768968411752928},Current ans_k:{1: 1, 2: 2, 3: 3, 5: 5, 10: 10, 15: 15, 50: 50, 100: 100}
INFO:root:max_mrr:0.0010371302249971525,current_mrr:{1: 0.0001304631441617743, 2: 0.00019569471624266145, 3: 0.00023918243096325288, 5: 0.0002978908458360513, 10: 0.0003821224075627207, 15: 0.00043290658750541345, 50: 0.000587052713396668, 100: 0.0006768968411752928},ans_k:{1: 1, 2: 2, 3: 3, 5: 5, 10: 10, 15: 15, 50: 50, 100: 100}
INFO:root:evaluation---avg_loss:1.0386614980986022,mrr:{1: 0.0001304631441617743, 2: 0.00019569471624266145, 3: 0.00023918243096325288, 5: 0.0002978908458360513, 10: 0.0003821224075627207, 15: 0.00043290658750541345, 50: 0.000587052713396668, 100: 0.0006768968411752928},ans_k:{1: 1, 2: 2, 3: 3, 5: 5, 10: 10, 15: 15, 50: 50, 100: 100}

INFO:root:epoch:1,step:15100,avg_loss:0.00219790565656531,current_loss:4.470348358154297e-07
INFO:root:epoch:1,step:15200,avg_loss:0.0021834498694457316,current_loss:5.662441253662109e-07
INFO:root:epoch:1,step:15300,avg_loss:0.0021691831328745615,current_loss:4.76837158203125e-07
INFO:root:epoch:1,step:15400,avg_loss:0.0021551015949676537,current_loss:6.854534149169922e-07
INFO:root:epoch:1,step:15500,avg_loss:0.0021412030730460674,current_loss:1.6987323760986328e-06
INFO:root:epoch:1,step:15600,avg_loss:0.0021274966852732648,current_loss:1.296401023864746e-06
INFO:root:epoch:1,step:15700,avg_loss:0.002113952215374917,current_loss:4.023313522338867e-07
INFO:root:epoch:1,step:15800,avg_loss:0.002100577314483479,current_loss:8.791685104370117e-07
INFO:root:epoch:1,step:15900,avg_loss:0.0020873831625697254,current_loss:2.384185791015625e-06
INFO:root:epoch:1,step:16000,avg_loss:0.0020743428284388378,current_loss:5.066394805908203e-07
INFO:root:epoch:1,step:16100,avg_loss:0.0020614635005188867,current_loss:1.5497207641601562e-06
INFO:root:epoch:1,step:16200,avg_loss:0.002048744065446196,current_loss:7.003545761108398e-07
INFO:root:epoch:1,step:16300,avg_loss:0.0020362463290176103,current_loss:5.364418029785156e-06
INFO:root:epoch:1,step:16400,avg_loss:0.002023844841660308,current_loss:1.8775463104248047e-06
INFO:root:epoch:1,step:16500,avg_loss:0.002011588715754179,current_loss:9.685754776000977e-07
INFO:root:epoch:1,step:16600,avg_loss:0.001999483423544394,current_loss:1.2516975402832031e-06
INFO:root:epoch:1,step:16700,avg_loss:0.0019875225653356297,current_loss:2.2351741790771484e-07
INFO:root:epoch:1,step:16800,avg_loss:0.001975695706642736,current_loss:3.5762786865234375e-07
INFO:root:epoch:1,step:16900,avg_loss:0.0019640081385932486,current_loss:2.682209014892578e-07
INFO:root:epoch:1,step:17000,avg_loss:0.0019524582709840351,current_loss:3.5762786865234375e-07
INFO:root:epoch:1,step:17100,avg_loss:0.0019410436350060837,current_loss:4.172325134277344e-07
INFO:root:epoch:1,step:17200,avg_loss:0.0019297618105982453,current_loss:3.725290298461914e-07
INFO:root:epoch:1,step:17300,avg_loss:0.0019186114370530068,current_loss:4.470348358154297e-07
INFO:root:epoch:1,step:17400,avg_loss:0.0019075891314399057,current_loss:1.519918441772461e-06
INFO:root:epoch:1,step:17500,avg_loss:0.001896694374931832,current_loss:4.023313522338867e-07
INFO:root:epoch:1,step:17600,avg_loss:0.001885921204945532,current_loss:4.6193599700927734e-07
INFO:root:epoch:1,step:17700,avg_loss:0.0018752690264279071,current_loss:2.980232238769531e-07
INFO:root:epoch:1,step:17800,avg_loss:0.0018647376285309966,current_loss:4.76837158203125e-07
INFO:root:epoch:1,step:17900,avg_loss:0.0018543237359835033,current_loss:2.980232238769531e-07
INFO:root:epoch:1,step:18000,avg_loss:0.0018440242754301159,current_loss:3.5762786865234375e-07
INFO:root:epoch:1,step:18100,avg_loss:0.0018338388740986751,current_loss:4.172325134277344e-07
INFO:root:epoch:1,step:18200,avg_loss:0.0018237651411265267,current_loss:1.4901161193847656e-07
INFO:root:epoch:1,step:18300,avg_loss:0.0018138015741181826,current_loss:3.2782554626464844e-07
INFO:root:epoch:1,step:18400,avg_loss:0.001803946219075731,current_loss:3.427267074584961e-07
INFO:root:epoch:1,step:18500,avg_loss:0.0017941978255012062,current_loss:5.066394805908203e-07
INFO:root:epoch:1,step:18600,avg_loss:0.0017845540041949415,current_loss:3.2782554626464844e-07
INFO:root:epoch:1,step:18700,avg_loss:0.001775013793949698,current_loss:4.6193599700927734e-07
INFO:root:epoch:1,step:18800,avg_loss:0.001765574330434185,current_loss:2.8312206268310547e-07
INFO:root:epoch:1,step:18900,avg_loss:0.0017562349716712985,current_loss:3.2782554626464844e-07
INFO:root:epoch:1,step:19000,avg_loss:0.0017469934611362907,current_loss:1.4901161193847656e-07
INFO:root:epoch:1,step:19100,avg_loss:0.0017378484882626145,current_loss:2.682209014892578e-07
INFO:root:epoch:1,step:19200,avg_loss:0.001728799871793421,current_loss:2.8312206268310547e-07
INFO:root:epoch:1,step:19300,avg_loss:0.0017198460298859081,current_loss:1.6391277313232422e-07
INFO:root:epoch:1,step:19400,avg_loss:0.001710982435536467,current_loss:2.682209014892578e-07
INFO:root:epoch:1,step:19500,avg_loss:0.0017022103404370364,current_loss:6.407499313354492e-07
INFO:root:epoch:1,step:19600,avg_loss:0.0016935280560352421,current_loss:3.129243850708008e-07
INFO:root:epoch:1,step:19700,avg_loss:0.0016849335566867238,current_loss:5.364418029785156e-07
INFO:root:epoch:1,step:19800,avg_loss:0.0016764255010939012,current_loss:2.2351741790771484e-07
INFO:root:epoch:1,step:19900,avg_loss:0.0016680034981451527,current_loss:2.8312206268310547e-07
INFO:root:epoch:1,step:20000,avg_loss:0.0016596653273293844,current_loss:3.129243850708008e-07
INFO:root:epoch:1,step:20100,avg_loss:0.0016514104854692293,current_loss:2.5331974029541016e-07
INFO:root:epoch:1,step:20200,avg_loss:0.001643236953163789,current_loss:5.066394805908203e-07
INFO:root:epoch:1,step:20300,avg_loss:0.0016351450776168322,current_loss:8.344650268554688e-07
INFO:root:epoch:1,step:20400,avg_loss:0.0016271312403846013,current_loss:1.6391277313232422e-07
INFO:root:epoch:1,step:20500,avg_loss:0.0016191952887421545,current_loss:4.172325134277344e-07
INFO:root:epoch:1,step:20600,avg_loss:0.0016113366425532136,current_loss:2.2351741790771484e-07
INFO:root:epoch:1,step:20700,avg_loss:0.0016035541721452441,current_loss:2.384185791015625e-07
INFO:root:epoch:1,step:20800,avg_loss:0.001595846274559168,current_loss:2.086162567138672e-07
INFO:root:epoch:1,step:20900,avg_loss:0.001588212138220178,current_loss:4.023313522338867e-07
INFO:root:epoch:1,step:21000,avg_loss:0.001580650659778176,current_loss:1.4901161193847656e-07
INFO:root:epoch:1,step:21100,avg_loss:0.001573160948174174,current_loss:1.7881393432617188e-07
INFO:root:epoch:1,step:21200,avg_loss:0.0015657420680127185,current_loss:1.4901161193847656e-07
INFO:root:epoch:1,step:21300,avg_loss:0.0015583927495888905,current_loss:1.7881393432617188e-07
INFO:root:epoch:1,step:21400,avg_loss:0.0015511128568052159,current_loss:2.086162567138672e-07
INFO:root:epoch:1,step:21500,avg_loss:0.0015439000036998004,current_loss:2.2351741790771484e-07
INFO:root:epoch:1,step:21600,avg_loss:0.0015367539614628027,current_loss:2.2351741790771484e-07
INFO:root:epoch:1,step:21700,avg_loss:0.001529675069247944,current_loss:2.086162567138672e-07
INFO:root:epoch:1,step:21800,avg_loss:0.0015226603982853323,current_loss:2.682209014892578e-07
INFO:root:epoch:1,step:21900,avg_loss:0.0015157092838743267,current_loss:2.2351741790771484e-07
INFO:root:epoch:1,step:22000,avg_loss:0.0015088210943953395,current_loss:8.940696716308594e-08
INFO:root:epoch:1,step:22100,avg_loss:0.0015019951550476497,current_loss:3.2782554626464844e-07
INFO:root:epoch:1,step:22200,avg_loss:0.0014952308300362907,current_loss:2.2351741790771484e-07
INFO:root:epoch:1,step:22300,avg_loss:0.0014885273018651337,current_loss:8.940696716308594e-08
INFO:root:epoch:1,step:22400,avg_loss:0.0014818835055464628,current_loss:1.7881393432617188e-07
INFO:root:epoch:1,step:22500,avg_loss:0.0014752985393941141,current_loss:1.6391277313232422e-07
INFO:root:epoch:1,step:22600,avg_loss:0.001468772158533708,current_loss:3.2782554626464844e-07
INFO:root:epoch:1,step:22700,avg_loss:0.0014623031174420818,current_loss:2.086162567138672e-07
INFO:root:epoch:1,step:22800,avg_loss:0.0014558911198069404,current_loss:2.2351741790771484e-07
INFO:root:epoch:1,step:22900,avg_loss:0.001449534968748701,current_loss:2.682209014892578e-07
INFO:root:epoch:1,step:23000,avg_loss:0.0014432339961153234,current_loss:1.6391277313232422e-07
INFO:root:epoch:1,step:23100,avg_loss:0.0014369874337313883,current_loss:1.1920928955078125e-07
INFO:root:epoch:1,step:23200,avg_loss:0.0014307953956481593,current_loss:1.9371509552001953e-07
INFO:root:epoch:1,step:23300,avg_loss:0.001424655714115254,current_loss:2.086162567138672e-07
INFO:root:epoch:1,step:23400,avg_loss:0.001418568967911969,current_loss:7.897615432739258e-07
INFO:root:epoch:1,step:23500,avg_loss:0.0014125338161627256,current_loss:2.5331974029541016e-07
INFO:root:epoch:1,step:23600,avg_loss:0.0014065501030852878,current_loss:3.725290298461914e-07
INFO:root:epoch:1,step:23700,avg_loss:0.0014006166406625596,current_loss:2.682209014892578e-07
INFO:root:epoch:1,step:23800,avg_loss:0.0013947331461103658,current_loss:3.2782554626464844e-07
INFO:root:epoch:1,step:23900,avg_loss:0.0013888988769042941,current_loss:1.4901161193847656e-07
INFO:root:epoch:1,step:24000,avg_loss:0.001383113552394457,current_loss:1.6391277313232422e-07
INFO:root:epoch:1,step:24100,avg_loss:0.0013773756420991713,current_loss:4.172325134277344e-07
INFO:root:epoch:1,step:24200,avg_loss:0.0013716852564953767,current_loss:2.8312206268310547e-07
INFO:root:epoch:1,step:24300,avg_loss:0.0013660421430718766,current_loss:1.043081283569336e-07
INFO:root:epoch:1,step:24400,avg_loss:0.0013604445756153466,current_loss:1.4901161193847656e-07
INFO:root:epoch:1,step:24500,avg_loss:0.001354893251738399,current_loss:8.940696716308594e-08
INFO:root:epoch:1,step:24600,avg_loss:0.0013493871035641187,current_loss:1.6391277313232422e-07
INFO:root:epoch:1,step:24700,avg_loss:0.0013439252940629987,current_loss:2.384185791015625e-07
INFO:root:epoch:1,step:24800,avg_loss:0.0013385101047899783,current_loss:1.043081283569336e-07
INFO:root:epoch:1,step:24900,avg_loss:0.0013331350928439437,current_loss:7.450580596923828e-08
INFO:root:epoch:1,step:25000,avg_loss:0.0013278031370877353,current_loss:1.7881393432617188e-07
INFO:root:epoch:1,step:25100,avg_loss:0.0013225143278534632,current_loss:1.1920928955078125e-07
INFO:root:epoch:1,step:25200,avg_loss:0.0013172673438069443,current_loss:2.2351741790771484e-07
INFO:root:epoch:1,step:25300,avg_loss:0.0013120618445011689,current_loss:8.940696716308594e-08
INFO:root:epoch:1,step:25400,avg_loss:0.001306897630950024,current_loss:1.9371509552001953e-07
INFO:root:epoch:1,step:25500,avg_loss:0.0013017737599224357,current_loss:5.662441253662109e-07
INFO:root:epoch:1,step:25600,avg_loss:0.001296690139336156,current_loss:1.2218952178955078e-06
INFO:root:epoch:1,step:25700,avg_loss:0.0012916457763901342,current_loss:1.043081283569336e-07
INFO:root:epoch:1,step:25800,avg_loss:0.0012866408631975422,current_loss:1.043081283569336e-07
INFO:root:epoch:1,step:25900,avg_loss:0.0012816743842009287,current_loss:1.7881393432617188e-07
INFO:root:epoch:1,step:26000,avg_loss:0.0012767460077002682,current_loss:8.940696716308594e-08
INFO:root:epoch:1,step:26100,avg_loss:0.0012718554264895966,current_loss:3.427267074584961e-07
INFO:root:epoch:1,step:26200,avg_loss:0.0012670024574851677,current_loss:4.023313522338867e-07
INFO:root:epoch:1,step:26300,avg_loss:0.0012621862359801326,current_loss:1.7881393432617188e-07
INFO:root:epoch:1,step:26400,avg_loss:0.0012574063782700806,current_loss:7.450580596923828e-08
INFO:root:epoch:1,step:26500,avg_loss:0.0012526626543235629,current_loss:5.811452865600586e-07
INFO:root:epoch:1,step:26600,avg_loss:0.0012479546555119042,current_loss:2.086162567138672e-07
INFO:root:epoch:1,step:26700,avg_loss:0.0012432820356935558,current_loss:2.384185791015625e-07
INFO:root:epoch:1,step:26800,avg_loss:0.001238643919584053,current_loss:1.7881393432617188e-07
INFO:root:epoch:1,step:26900,avg_loss:0.001234040794277372,current_loss:4.172325134277344e-07
INFO:root:epoch:1,step:27000,avg_loss:0.0012294712257510639,current_loss:8.195638656616211e-07
INFO:root:epoch:1,step:27100,avg_loss:0.001224935573826179,current_loss:1.341104507446289e-07
INFO:root:epoch:1,step:27200,avg_loss:0.0012204333220039727,current_loss:2.384185791015625e-07
INFO:root:epoch:1,step:27300,avg_loss:0.0012159641212755269,current_loss:4.917383193969727e-07
INFO:root:epoch:1,step:27400,avg_loss:0.0012115275863965782,current_loss:4.470348358154297e-08
INFO:root:epoch:1,step:27500,avg_loss:0.001207123096607099,current_loss:1.043081283569336e-07
INFO:root:epoch:1,step:27600,avg_loss:0.0012027507684381192,current_loss:1.6391277313232422e-07
INFO:root:epoch:1,step:27700,avg_loss:0.0011984099055415847,current_loss:3.129243850708008e-07
INFO:root:epoch:1,step:27800,avg_loss:0.001194100331318498,current_loss:2.8312206268310547e-07
INFO:root:epoch:1,step:27900,avg_loss:0.001189821624426016,current_loss:2.2351741790771484e-07
INFO:root:epoch:1,step:28000,avg_loss:0.0011855731715747643,current_loss:1.6391277313232422e-07
INFO:root:epoch:1,step:28100,avg_loss:0.0011813553720092245,current_loss:4.917383193969727e-07
INFO:root:epoch:1,step:28200,avg_loss:0.0011771674198629348,current_loss:1.6391277313232422e-07
INFO:root:epoch:1,step:28300,avg_loss:0.001173008620172443,current_loss:1.4901161193847656e-07
INFO:root:epoch:1,step:28400,avg_loss:0.001168879421574688,current_loss:4.76837158203125e-07
INFO:root:epoch:1,step:28500,avg_loss:0.0011647791496465375,current_loss:3.8743019104003906e-07
INFO:root:epoch:1,step:28600,avg_loss:0.0011607075358790904,current_loss:2.8312206268310547e-07
INFO:root:epoch:1,step:28700,avg_loss:0.0011566643071986213,current_loss:1.4901161193847656e-07
INFO:root:epoch:1,step:28800,avg_loss:0.0011526491637983396,current_loss:4.172325134277344e-07
INFO:root:epoch:1,step:28900,avg_loss:0.0011486616089395089,current_loss:1.7881393432617188e-07
INFO:root:epoch:1,step:29000,avg_loss:0.0011447018335401665,current_loss:2.2351741790771484e-07
INFO:root:epoch:1,step:29100,avg_loss:0.0011407693156810655,current_loss:1.4901161193847656e-07
INFO:root:epoch:1,step:29200,avg_loss:0.0011368637457313915,current_loss:1.9371509552001953e-07
INFO:root:epoch:1,step:29300,avg_loss:0.001132984439922532,current_loss:1.1920928955078125e-07
INFO:root:epoch:1,step:29400,avg_loss:0.0011291317247678655,current_loss:2.086162567138672e-07
INFO:root:epoch:1,step:29500,avg_loss:0.0011253052020710585,current_loss:2.980232238769531e-07
INFO:root:epoch:1,step:29600,avg_loss:0.001121504426662964,current_loss:3.427267074584961e-07
INFO:root:epoch:1,step:29700,avg_loss:0.001117729370266752,current_loss:1.4901161193847656e-08
INFO:root:epoch:1,step:29800,avg_loss:0.0011139794564607947,current_loss:4.470348358154297e-07
INFO:root:epoch:1,step:29900,avg_loss:0.0011102547688745885,current_loss:2.384185791015625e-07
INFO:root:epoch:1,step:30000,avg_loss:0.001106555018002683,current_loss:1.341104507446289e-07
INFO:root:Current Loss:1.0386365961605863,Current MRR :{1: 0.0001304631441617743, 2: 0.00019569471624266145, 3: 0.00023918243096325288, 5: 0.0002978908458360513, 10: 0.0003989480114724734, 15: 0.00042783627910829487, 50: 0.0005942967532242585, 100: 0.0006783772063079777},Current ans_k:{1: 1, 2: 2, 3: 3, 5: 5, 10: 11, 15: 14, 50: 52, 100: 99}
INFO:root:max_mrr:0.0010371302249971525,current_mrr:{1: 0.0001304631441617743, 2: 0.00019569471624266145, 3: 0.00023918243096325288, 5: 0.0002978908458360513, 10: 0.0003989480114724734, 15: 0.00042783627910829487, 50: 0.0005942967532242585, 100: 0.0006783772063079777},ans_k:{1: 1, 2: 2, 3: 3, 5: 5, 10: 11, 15: 14, 50: 52, 100: 99}
INFO:root:evaluation---avg_loss:1.0386365961605863,mrr:{1: 0.0001304631441617743, 2: 0.00019569471624266145, 3: 0.00023918243096325288, 5: 0.0002978908458360513, 10: 0.0003989480114724734, 15: 0.00042783627910829487, 50: 0.0005942967532242585, 100: 0.0006783772063079777},ans_k:{1: 1, 2: 2, 3: 3, 5: 5, 10: 11, 15: 14, 50: 52, 100: 99}

INFO:root:epoch:1,step:30100,avg_loss:0.0011028796295791618,current_loss:4.3213367462158203e-07
INFO:root:epoch:1,step:30200,avg_loss:0.0010992285471192094,current_loss:5.960464477539063e-08
INFO:root:epoch:1,step:30300,avg_loss:0.001095601856022014,current_loss:1.087784767150879e-06
INFO:root:epoch:1,step:30400,avg_loss:0.0010919986764308925,current_loss:1.6391277313232422e-07
INFO:root:epoch:1,step:30500,avg_loss:0.0010884195143095975,current_loss:1.1920928955078125e-07
INFO:root:epoch:1,step:30600,avg_loss:0.0010848633024895965,current_loss:4.470348358154297e-08
INFO:root:epoch:1,step:30700,avg_loss:0.0010813305059250767,current_loss:2.086162567138672e-07
INFO:root:epoch:1,step:30800,avg_loss:0.0010778207436756926,current_loss:1.341104507446289e-07
INFO:root:epoch:1,step:30900,avg_loss:0.0010743332934963646,current_loss:2.086162567138672e-07
INFO:root:epoch:1,step:31000,avg_loss:0.0010708685600120426,current_loss:1.341104507446289e-07
INFO:root:epoch:1,step:31100,avg_loss:0.0010674262958294916,current_loss:1.341104507446289e-07
INFO:root:epoch:1,step:31200,avg_loss:0.0010640059357892818,current_loss:1.341104507446289e-07
INFO:root:epoch:1,step:31300,avg_loss:0.0010606073527887436,current_loss:2.682209014892578e-07
INFO:root:epoch:1,step:31400,avg_loss:0.001057230498694997,current_loss:1.6391277313232422e-07
INFO:root:epoch:1,step:31500,avg_loss:0.001053875053043589,current_loss:1.043081283569336e-07
INFO:root:epoch:1,step:31600,avg_loss:0.0010505409125628974,current_loss:1.341104507446289e-07
INFO:root:epoch:1,step:31700,avg_loss:0.0010472276194539868,current_loss:5.513429641723633e-07
INFO:root:epoch:1,step:31800,avg_loss:0.00104393529427516,current_loss:1.6391277313232422e-07
INFO:root:epoch:1,step:31900,avg_loss:0.0010406635856969218,current_loss:7.450580596923828e-08
INFO:root:epoch:1,step:32000,avg_loss:0.0010374124387417625,current_loss:5.066394805908203e-07
INFO:root:epoch:1,step:32100,avg_loss:0.0010341814050146814,current_loss:3.725290298461914e-07
INFO:root:epoch:1,step:32200,avg_loss:0.0010309705618268114,current_loss:7.599592208862305e-07
INFO:root:epoch:1,step:32300,avg_loss:0.001027779475309794,current_loss:1.7881393432617188e-07
INFO:root:epoch:1,step:32400,avg_loss:0.0010246082200801232,current_loss:1.4901161193847656e-07
INFO:root:epoch:1,step:32500,avg_loss:0.0010214562224577415,current_loss:4.470348358154297e-08
INFO:root:epoch:1,step:32600,avg_loss:0.0010183237472241183,current_loss:1.4901161193847656e-07
INFO:root:epoch:1,step:32700,avg_loss:0.0010152103651124387,current_loss:2.384185791015625e-07
INFO:root:epoch:1,step:32800,avg_loss:0.0010121159710021598,current_loss:3.2782554626464844e-07
INFO:root:epoch:1,step:32900,avg_loss:0.0010090404628623978,current_loss:8.940696716308594e-08
INFO:root:epoch:1,step:33000,avg_loss:0.0010059835190975443,current_loss:6.556510925292969e-07
INFO:root:epoch:1,step:33100,avg_loss:0.0010029452032943654,current_loss:2.9802322387695312e-08
INFO:root:epoch:1,step:33200,avg_loss:0.0009999249485838015,current_loss:1.043081283569336e-07
INFO:root:epoch:1,step:33300,avg_loss:0.000996922909513629,current_loss:8.940696716308594e-08
INFO:root:epoch:1,step:33400,avg_loss:0.0009939388444026014,current_loss:8.940696716308594e-08
INFO:root:epoch:1,step:33500,avg_loss:0.0009909725971874673,current_loss:2.8312206268310547e-07
INFO:root:epoch:1,step:33600,avg_loss:0.0009880240123323952,current_loss:1.1920928955078125e-07
INFO:root:epoch:1,step:33700,avg_loss:0.000985093216033531,current_loss:2.5331974029541016e-07
INFO:root:epoch:1,step:33800,avg_loss:0.0009821793560706518,current_loss:1.043081283569336e-07
INFO:root:epoch:1,step:33900,avg_loss:0.0009792828346430343,current_loss:1.9371509552001953e-07
INFO:root:epoch:1,step:34000,avg_loss:0.0009764032717512052,current_loss:1.341104507446289e-07
INFO:root:epoch:1,step:34100,avg_loss:0.0009735406689593381,current_loss:1.4901161193847656e-07
INFO:root:epoch:1,step:34200,avg_loss:0.0009706947263132525,current_loss:5.960464477539063e-08
INFO:root:epoch:1,step:34300,avg_loss:0.0009678654206090688,current_loss:1.4901161193847656e-07
INFO:root:epoch:1,step:34400,avg_loss:0.000965052626686787,current_loss:4.023313522338867e-07
INFO:root:epoch:1,step:34500,avg_loss:0.000962256098608325,current_loss:5.066394805908203e-07
INFO:root:epoch:1,step:34600,avg_loss:0.0009594756221327492,current_loss:8.940696716308594e-08
INFO:root:epoch:1,step:34700,avg_loss:0.0009567113105565278,current_loss:1.1920928955078125e-07
INFO:root:epoch:1,step:34800,avg_loss:0.0009539627389337019,current_loss:1.341104507446289e-07
INFO:root:epoch:1,step:34900,avg_loss:0.0009512300955996821,current_loss:2.9802322387695312e-08
INFO:root:epoch:1,step:35000,avg_loss:0.0009485130630926774,current_loss:4.6193599700927734e-07
INFO:root:epoch:1,step:35100,avg_loss:0.000945811244362199,current_loss:3.5762786865234375e-07
INFO:root:epoch:1,step:35200,avg_loss:0.0009431249483048701,current_loss:1.1920928955078125e-07
INFO:root:epoch:1,step:35300,avg_loss:0.0009404538433422316,current_loss:3.427267074584961e-07
INFO:root:epoch:1,step:35400,avg_loss:0.0009377978870294272,current_loss:1.4901161193847656e-07
INFO:root:epoch:1,step:35500,avg_loss:0.0009351569433782588,current_loss:3.427267074584961e-07
INFO:root:epoch:1,step:35600,avg_loss:0.0009325306966918823,current_loss:1.043081283569336e-07
INFO:root:epoch:1,step:35700,avg_loss:0.0009299191916771274,current_loss:7.450580596923828e-08
INFO:root:epoch:1,step:35800,avg_loss:0.0009273222706736854,current_loss:1.043081283569336e-07
INFO:root:epoch:1,step:35900,avg_loss:0.0009247399122581313,current_loss:1.1920928955078125e-07
INFO:root:epoch:1,step:36000,avg_loss:0.0009221717748790048,current_loss:3.2782554626464844e-07
INFO:root:epoch:1,step:36100,avg_loss:0.0009196178819369697,current_loss:1.9371509552001953e-07
INFO:root:epoch:1,step:36200,avg_loss:0.0009170781285593989,current_loss:1.4901161193847656e-07
INFO:root:epoch:1,step:36300,avg_loss:0.0009145523773691569,current_loss:4.470348358154297e-08
INFO:root:epoch:1,step:36400,avg_loss:0.0009120405633182126,current_loss:1.341104507446289e-07
INFO:root:epoch:1,step:36500,avg_loss:0.0009095424436705755,current_loss:1.6391277313232422e-07
INFO:root:epoch:1,step:36600,avg_loss:0.0009070579440426766,current_loss:2.9802322387695312e-08
INFO:root:epoch:1,step:36700,avg_loss:0.0009045870420195511,current_loss:2.682209014892578e-07
INFO:root:epoch:1,step:36800,avg_loss:0.0009021295247163848,current_loss:2.384185791015625e-07
INFO:root:epoch:1,step:36900,avg_loss:0.000899685286143967,current_loss:2.2351741790771484e-07
INFO:root:epoch:1,step:37000,avg_loss:0.0008972543736882559,current_loss:3.2782554626464844e-07
INFO:root:epoch:1,step:37100,avg_loss:0.0008948365133157821,current_loss:5.960464477539063e-08
INFO:root:epoch:1,step:37200,avg_loss:0.0008924316306136115,current_loss:3.2782554626464844e-07
INFO:root:epoch:1,step:37300,avg_loss:0.0008900396124178441,current_loss:2.8312206268310547e-07
INFO:root:epoch:1,step:37400,avg_loss:0.0008876603981705357,current_loss:1.6391277313232422e-07
INFO:root:epoch:1,step:37500,avg_loss:0.0008852938643830837,current_loss:1.4901161193847656e-07
INFO:root:epoch:1,step:37600,avg_loss:0.0008829400446252561,current_loss:2.384185791015625e-07
INFO:root:epoch:1,step:37700,avg_loss:0.0008805985405022597,current_loss:4.3213367462158203e-07
INFO:root:epoch:1,step:37800,avg_loss:0.0008782695373092794,current_loss:2.8312206268310547e-07
INFO:root:epoch:1,step:37900,avg_loss:0.0008759527835508522,current_loss:4.917383193969727e-07
INFO:root:epoch:1,step:38000,avg_loss:0.0008736482895737224,current_loss:1.0132789611816406e-06
INFO:root:epoch:1,step:38100,avg_loss:0.0008713557331841317,current_loss:2.682209014892578e-07
INFO:root:epoch:1,step:38200,avg_loss:0.0008690753560962329,current_loss:5.960464477539063e-08
INFO:root:epoch:1,step:38300,avg_loss:0.0008668068364837992,current_loss:8.940696716308594e-08
INFO:root:epoch:1,step:38400,avg_loss:0.0008645499819861871,current_loss:2.086162567138672e-07
INFO:root:epoch:1,step:38500,avg_loss:0.0008623049706967601,current_loss:2.2351741790771484e-07
INFO:root:epoch:1,step:38600,avg_loss:0.0008600715646527351,current_loss:3.725290298461914e-07
INFO:root:epoch:1,step:38700,avg_loss:0.0008578497570604167,current_loss:5.960464477539063e-08
INFO:root:epoch:1,step:38800,avg_loss:0.0008556393015547814,current_loss:2.086162567138672e-07
INFO:root:epoch:1,step:38900,avg_loss:0.0008534402672587034,current_loss:4.470348358154297e-08
INFO:root:epoch:1,step:39000,avg_loss:0.0008512524952537227,current_loss:3.725290298461914e-07
INFO:root:epoch:1,step:39100,avg_loss:0.0008490760473762216,current_loss:2.9802322387695312e-08
INFO:root:epoch:1,step:39200,avg_loss:0.0008469105397087923,current_loss:1.6391277313232422e-07
INFO:root:epoch:1,step:39300,avg_loss:0.0008447560445731118,current_loss:0.0
INFO:root:epoch:1,step:39400,avg_loss:0.0008426126675939673,current_loss:2.384185791015625e-07
INFO:root:epoch:1,step:39500,avg_loss:0.0008404798659912312,current_loss:5.960464477539063e-08
INFO:root:epoch:1,step:39600,avg_loss:0.0008383580811779106,current_loss:5.960464477539063e-08
INFO:root:epoch:1,step:39700,avg_loss:0.0008362468241690412,current_loss:1.043081283569336e-07
INFO:root:epoch:1,step:39800,avg_loss:0.0008341461930729385,current_loss:1.341104507446289e-07
INFO:root:epoch:1,step:39900,avg_loss:0.000832056192771429,current_loss:4.6193599700927734e-07
INFO:root:epoch:1,step:40000,avg_loss:0.0008299765304542685,current_loss:4.470348358154297e-08
INFO:root:epoch:1,step:40100,avg_loss:0.0008280019955321032,current_loss:7.644295692443848e-06
INFO:root:epoch:1,step:40200,avg_loss:0.0008259460269590832,current_loss:7.301568984985352e-07
INFO:root:epoch:1,step:40300,avg_loss:0.0008238982444826934,current_loss:6.109476089477539e-07
INFO:root:epoch:1,step:40400,avg_loss:0.0008218603945909132,current_loss:3.427267074584961e-07
INFO:root:epoch:1,step:40500,avg_loss:0.0008198322672122337,current_loss:3.5762786865234375e-07
INFO:root:epoch:1,step:40600,avg_loss:0.0008178136018616722,current_loss:3.129243850708008e-07
INFO:root:epoch:1,step:40700,avg_loss:0.0008158048343981798,current_loss:3.8743019104003906e-07
INFO:root:epoch:1,step:40800,avg_loss:0.0008138059530359621,current_loss:2.8312206268310547e-07
INFO:root:epoch:1,step:40900,avg_loss:0.000811816916230028,current_loss:2.086162567138672e-07
INFO:root:epoch:1,step:41000,avg_loss:0.0008098377504394344,current_loss:3.725290298461914e-07
INFO:root:epoch:1,step:41100,avg_loss:0.0008078681124274433,current_loss:2.086162567138672e-07
INFO:root:epoch:1,step:41200,avg_loss:0.0008059081234187427,current_loss:4.76837158203125e-07
INFO:root:epoch:1,step:41300,avg_loss:0.0008039576750812321,current_loss:2.086162567138672e-07
INFO:root:epoch:1,step:41400,avg_loss:0.0008020163955862621,current_loss:2.5331974029541016e-07
INFO:root:epoch:1,step:41500,avg_loss:0.0008000843989004879,current_loss:2.086162567138672e-07
INFO:root:epoch:1,step:41600,avg_loss:0.0007981618888756222,current_loss:3.2782554626464844e-07
INFO:root:epoch:1,step:41700,avg_loss:0.0007962485071092008,current_loss:2.8312206268310547e-07
INFO:root:epoch:1,step:41800,avg_loss:0.0007943441631354738,current_loss:2.086162567138672e-07
INFO:root:epoch:1,step:41900,avg_loss:0.0007924488839982293,current_loss:3.725290298461914e-07
INFO:root:epoch:1,step:42000,avg_loss:0.0007905627262853151,current_loss:2.8312206268310547e-07
INFO:root:epoch:1,step:42100,avg_loss:0.0007886858140031153,current_loss:1.7881393432617188e-07
INFO:root:epoch:1,step:42200,avg_loss:0.0007868174606780724,current_loss:2.2351741790771484e-07
INFO:root:epoch:1,step:42300,avg_loss:0.000784957834582039,current_loss:1.341104507446289e-07
INFO:root:epoch:1,step:42400,avg_loss:0.000783106982560375,current_loss:2.384185791015625e-07
INFO:root:epoch:1,step:42500,avg_loss:0.0007812649019325299,current_loss:2.2351741790771484e-07
INFO:root:epoch:1,step:42600,avg_loss:0.0007794314655199099,current_loss:1.6391277313232422e-07
INFO:root:epoch:1,step:42700,avg_loss:0.0007776065532676688,current_loss:2.086162567138672e-07
INFO:root:epoch:1,step:42800,avg_loss:0.0007757902036066693,current_loss:3.8743019104003906e-07
INFO:root:epoch:1,step:42900,avg_loss:0.0007739822934444727,current_loss:1.9371509552001953e-07
INFO:root:epoch:1,step:43000,avg_loss:0.0007721830986507582,current_loss:2.5331974029541016e-07
INFO:root:epoch:1,step:43100,avg_loss:0.0007703920638283838,current_loss:3.129243850708008e-07
INFO:root:epoch:1,step:43200,avg_loss:0.0007686092188886954,current_loss:1.6391277313232422e-07
INFO:root:epoch:1,step:43300,avg_loss:0.0007668349788920196,current_loss:1.9371509552001953e-07
INFO:root:epoch:1,step:43400,avg_loss:0.0007650686522754738,current_loss:1.6391277313232422e-07
INFO:root:epoch:1,step:43500,avg_loss:0.0007633104143146865,current_loss:2.384185791015625e-07
INFO:root:epoch:1,step:43600,avg_loss:0.000761560222341999,current_loss:1.7881393432617188e-07
INFO:root:epoch:1,step:43700,avg_loss:0.0007598179975954477,current_loss:2.5331974029541016e-07
INFO:root:epoch:1,step:43800,avg_loss:0.0007580837270108067,current_loss:8.940696716308594e-08
INFO:root:epoch:1,step:43900,avg_loss:0.0007563572072246368,current_loss:2.086162567138672e-07
INFO:root:epoch:1,step:44000,avg_loss:0.0007546387243854986,current_loss:1.7881393432617188e-07
INFO:root:epoch:1,step:44100,avg_loss:0.000752928034942606,current_loss:2.5331974029541016e-07
INFO:root:epoch:1,step:44200,avg_loss:0.0007512251308381225,current_loss:2.5331974029541016e-07
INFO:root:epoch:1,step:44300,avg_loss:0.0007495298977966586,current_loss:2.086162567138672e-07
INFO:root:epoch:1,step:44400,avg_loss:0.0007478422161958305,current_loss:4.470348358154297e-08
INFO:root:epoch:1,step:44500,avg_loss:0.0007461623230992198,current_loss:1.9371509552001953e-07
INFO:root:epoch:1,step:44600,avg_loss:0.0007444897448197894,current_loss:2.5331974029541016e-07
INFO:root:epoch:1,step:44700,avg_loss:0.0007428248382884622,current_loss:3.2782554626464844e-07
INFO:root:epoch:1,step:44800,avg_loss:0.00074116724513609,current_loss:2.5331974029541016e-07
INFO:root:epoch:1,step:44900,avg_loss:0.0007395169347519997,current_loss:2.086162567138672e-07
INFO:root:epoch:1,step:45000,avg_loss:0.0007378740046136165,current_loss:1.1920928955078125e-07
INFO:root:Current Loss:1.0386366017543487,Current MRR :{1: 0.0001304631441617743, 2: 0.00019569471624266145, 3: 0.00023918243096325288, 5: 0.0002717982170036965, 10: 0.0003479017177647315, 15: 0.0004032888181616166, 50: 0.0005523368759162867, 100: 0.0006433414938091562},Current ans_k:{1: 1, 2: 2, 3: 3, 5: 4, 10: 9, 15: 15, 50: 48, 100: 98}
INFO:root:max_mrr:0.0010371302249971525,current_mrr:{1: 0.0001304631441617743, 2: 0.00019569471624266145, 3: 0.00023918243096325288, 5: 0.0002717982170036965, 10: 0.0003479017177647315, 15: 0.0004032888181616166, 50: 0.0005523368759162867, 100: 0.0006433414938091562},ans_k:{1: 1, 2: 2, 3: 3, 5: 4, 10: 9, 15: 15, 50: 48, 100: 98}
INFO:root:evaluation---avg_loss:1.0386366017543487,mrr:{1: 0.0001304631441617743, 2: 0.00019569471624266145, 3: 0.00023918243096325288, 5: 0.0002717982170036965, 10: 0.0003479017177647315, 15: 0.0004032888181616166, 50: 0.0005523368759162867, 100: 0.0006433414938091562},ans_k:{1: 1, 2: 2, 3: 3, 5: 4, 10: 9, 15: 15, 50: 48, 100: 98}

INFO:root:epoch:1,step:45100,avg_loss:0.0007362383739115306,current_loss:1.7881393432617188e-07
INFO:root:epoch:1,step:45200,avg_loss:0.0007346099641997663,current_loss:2.8312206268310547e-07
INFO:root:epoch:1,step:45300,avg_loss:0.0007329889391645454,current_loss:1.7881393432617188e-07
INFO:root:epoch:1,step:45400,avg_loss:0.0007313750002400517,current_loss:1.7881393432617188e-07
INFO:root:epoch:1,step:45500,avg_loss:0.0007297679572647104,current_loss:4.470348358154297e-08
INFO:root:epoch:1,step:45600,avg_loss:0.0007281679508050872,current_loss:1.7881393432617188e-07
INFO:root:epoch:1,step:45700,avg_loss:0.0007265750683542649,current_loss:1.4901161193847656e-07
INFO:root:epoch:1,step:45800,avg_loss:0.0007249890709701047,current_loss:2.086162567138672e-07
INFO:root:epoch:1,step:45900,avg_loss:0.0007234099678675237,current_loss:2.2351741790771484e-07
INFO:root:epoch:1,step:46000,avg_loss:0.0007218378025180233,current_loss:1.043081283569336e-07
INFO:root:epoch:1,step:46100,avg_loss:0.0007202724105031657,current_loss:1.4901161193847656e-07
INFO:root:epoch:1,step:46200,avg_loss:0.0007187139458740014,current_loss:5.21540641784668e-07
INFO:root:epoch:1,step:46300,avg_loss:0.0007171620200286454,current_loss:1.6391277313232422e-07
INFO:root:epoch:1,step:46400,avg_loss:0.0007156168077812146,current_loss:2.384185791015625e-07
INFO:root:epoch:1,step:46500,avg_loss:0.0007140782699849318,current_loss:1.4901161193847656e-07
INFO:root:epoch:1,step:46600,avg_loss:0.0007125462268146357,current_loss:8.940696716308594e-08
INFO:root:epoch:1,step:46700,avg_loss:0.0007110208544786583,current_loss:2.2351741790771484e-07
INFO:root:epoch:1,step:46800,avg_loss:0.0007095019580237858,current_loss:1.6391277313232422e-07
INFO:root:epoch:1,step:46900,avg_loss:0.0007079894582192447,current_loss:2.2351741790771484e-07
INFO:root:epoch:1,step:47000,avg_loss:0.0007064836002056128,current_loss:3.427267074584961e-07
INFO:root:epoch:1,step:47100,avg_loss:0.0007049839152178414,current_loss:1.9371509552001953e-07
INFO:root:epoch:1,step:47200,avg_loss:0.0007034906658266881,current_loss:1.043081283569336e-07
INFO:root:epoch:1,step:47300,avg_loss:0.0007020037661662089,current_loss:1.4901161193847656e-07
INFO:root:epoch:1,step:47400,avg_loss:0.0007005230880272026,current_loss:1.4901161193847656e-07
INFO:root:epoch:1,step:47500,avg_loss:0.0006990486755614225,current_loss:2.086162567138672e-07
INFO:root:epoch:1,step:47600,avg_loss:0.0006975804776975692,current_loss:1.6391277313232422e-07
INFO:root:epoch:1,step:47700,avg_loss:0.0006961184041194852,current_loss:2.384185791015625e-07
INFO:root:epoch:1,step:47800,avg_loss:0.0006946624444470277,current_loss:1.043081283569336e-07
INFO:root:epoch:1,step:47900,avg_loss:0.0006932125790542592,current_loss:1.4901161193847656e-07
INFO:root:epoch:1,step:48000,avg_loss:0.0006917687170788789,current_loss:2.682209014892578e-07
INFO:root:epoch:1,step:48100,avg_loss:0.000690330953358221,current_loss:1.043081283569336e-07
INFO:root:epoch:1,step:48200,avg_loss:0.0006888990050932547,current_loss:2.9802322387695312e-08
INFO:root:epoch:1,step:48300,avg_loss:0.0006874730764902669,current_loss:2.5331974029541016e-07
INFO:root:epoch:1,step:48400,avg_loss:0.0006860530366459374,current_loss:1.1920928955078125e-07
INFO:root:epoch:1,step:48500,avg_loss:0.0006846388196412324,current_loss:1.6391277313232422e-07
INFO:root:epoch:1,step:48600,avg_loss:0.0006832304051701359,current_loss:1.1920928955078125e-07
INFO:root:epoch:1,step:48700,avg_loss:0.0006818278453028968,current_loss:2.682209014892578e-07
INFO:root:epoch:1,step:48800,avg_loss:0.00068043101000245,current_loss:2.086162567138672e-07
INFO:root:epoch:1,step:48900,avg_loss:0.0006790398739005439,current_loss:1.4901161193847656e-07
INFO:root:epoch:1,step:49000,avg_loss:0.000677654430994255,current_loss:1.4901161193847656e-07
INFO:root:epoch:1,step:49100,avg_loss:0.0006762746452850634,current_loss:2.384185791015625e-07
INFO:root:epoch:1,step:49200,avg_loss:0.0006749003859681401,current_loss:4.470348358154297e-08
INFO:root:epoch:1,step:49300,avg_loss:0.0006735317895810011,current_loss:8.940696716308594e-08
INFO:root:epoch:1,step:49400,avg_loss:0.0006721686606600116,current_loss:1.9371509552001953e-07
INFO:root:epoch:1,step:49500,avg_loss:0.0006708110491532667,current_loss:1.341104507446289e-07
INFO:root:epoch:1,step:49600,avg_loss:0.0006694589451227873,current_loss:8.940696716308594e-08
INFO:root:epoch:1,step:49700,avg_loss:0.0006681122466670261,current_loss:1.1920928955078125e-07
INFO:root:epoch:1,step:49800,avg_loss:0.0006667710313337212,current_loss:5.066394805908203e-07
INFO:root:epoch:1,step:49900,avg_loss:0.0006654350998306038,current_loss:1.6391277313232422e-07
INFO:root:epoch:1,step:50000,avg_loss:0.0006641045339999038,current_loss:8.940696716308594e-08
INFO:root:epoch:1,step:50100,avg_loss:0.0006627792981434186,current_loss:1.043081283569336e-07
INFO:root:epoch:1,step:50200,avg_loss:0.0006614593238992611,current_loss:8.940696716308594e-08
INFO:root:epoch:1,step:50300,avg_loss:0.0006601446441707192,current_loss:8.940696716308594e-08
INFO:root:epoch:1,step:50400,avg_loss:0.0006588351304695574,current_loss:1.1920928955078125e-07
INFO:root:epoch:1,step:50500,avg_loss:0.0006575308279392425,current_loss:2.086162567138672e-07
INFO:root:epoch:1,step:50600,avg_loss:0.0006562316729964429,current_loss:1.043081283569336e-07
INFO:root:epoch:1,step:50700,avg_loss:0.0006549376369460781,current_loss:1.1920928955078125e-07
INFO:root:epoch:1,step:50800,avg_loss:0.0006536486924923052,current_loss:0.0
INFO:root:epoch:1,step:50900,avg_loss:0.0006523648263129342,current_loss:1.9371509552001953e-07
INFO:root:epoch:1,step:51000,avg_loss:0.0006510859381224379,current_loss:1.1920928955078125e-07
INFO:root:epoch:1,step:51100,avg_loss:0.0006498121054227897,current_loss:7.450580596923828e-08
INFO:root:epoch:1,step:51200,avg_loss:0.0006485432662879305,current_loss:7.450580596923828e-08
INFO:root:epoch:1,step:51300,avg_loss:0.0006472793305185798,current_loss:1.1920928955078125e-07
INFO:root:epoch:1,step:51400,avg_loss:0.0006460203347239791,current_loss:7.450580596923828e-08
INFO:root:epoch:1,step:51500,avg_loss:0.000644766202676815,current_loss:1.1920928955078125e-07
INFO:root:epoch:1,step:51600,avg_loss:0.0006435169514379599,current_loss:2.384185791015625e-07
INFO:root:epoch:1,step:51700,avg_loss:0.0006422725596032898,current_loss:1.043081283569336e-07
INFO:root:epoch:1,step:51800,avg_loss:0.000641032905252382,current_loss:1.6391277313232422e-07
INFO:root:epoch:1,step:51900,avg_loss:0.0006397981013969838,current_loss:3.725290298461914e-07
INFO:root:epoch:1,step:52000,avg_loss:0.0006385679830805811,current_loss:1.1920928955078125e-07
