INFO:root:Loading train dataset...
INFO:root:Loading eval dataset...
INFO:root:Loading encoder...
INFO:root:Start training...
INFO:root:Epoch:1, Step:500, Average Loss:0.2883745753467083, Current Loss:0.1764671802520752
INFO:root:Epoch:1, Step:1000, Average Loss:0.1836968330591917, Current Loss:0.0018357187509536743
INFO:root:Epoch:1, Step:1500, Average Loss:0.14288585113485655, Current Loss:0.03698699176311493
INFO:root:Epoch:1, Step:2000, Average Loss:0.12000361448526382, Current Loss:0.0
INFO:root:Epoch:1, Step:2500, Average Loss:0.10669937969446182, Current Loss:0.015578687191009521
INFO:root:Epoch:1, Step:3000, Average Loss:0.09641343640784422, Current Loss:0.026441290974617004
INFO:root:Epoch:1, Step:3500, Average Loss:0.08857593394603049, Current Loss:0.05658724904060364
INFO:root:Epoch:1, Step:4000, Average Loss:0.08275625500828028, Current Loss:0.013201236724853516
INFO:root:Epoch:1, Step:4500, Average Loss:0.07749832472205162, Current Loss:0.05407840013504028
INFO:root:Epoch:1, Step:5000, Average Loss:0.07353367285430432, Current Loss:0.06899213790893555
INFO:root:Epoch:1, Step:5500, Average Loss:0.0706075955900279, Current Loss:0.11655695736408234
INFO:root:Epoch:1, Step:6000, Average Loss:0.06782549092173576, Current Loss:0.0
INFO:root:Epoch:1, Step:6500, Average Loss:0.06539386083300297, Current Loss:0.0
INFO:root:Epoch:1, Step:7000, Average Loss:0.06324495936078685, Current Loss:0.0
INFO:root:Epoch:1, Step:7500, Average Loss:0.06126575290958087, Current Loss:0.09411866962909698
INFO:root:Epoch:1, Step:8000, Average Loss:0.059311826195567845, Current Loss:0.013389527797698975
INFO:root:Epoch:1, Step:8500, Average Loss:0.057897994393811505, Current Loss:0.09640628099441528
INFO:root:Epoch:1, Step:9000, Average Loss:0.05641946553852823, Current Loss:0.062396496534347534
INFO:root:Epoch:1, Step:9500, Average Loss:0.0551811930145088, Current Loss:0.0
INFO:root:Epoch:1, Step:10000, Average Loss:0.054009510517120364, Current Loss:0.0007914453744888306
INFO:root:Epoch:1, Step:10500, Average Loss:0.052850795931759335, Current Loss:0.0
INFO:root:Epoch:1, Step:11000, Average Loss:0.051776832860979165, Current Loss:0.08957479894161224
INFO:root:Epoch:1, Step:11500, Average Loss:0.05080720158504403, Current Loss:0.0
INFO:root:Epoch:1, Step:12000, Average Loss:0.049985052692393464, Current Loss:0.008683264255523682
INFO:root:Epoch:1, Step:12500, Average Loss:0.04915982606768608, Current Loss:0.0
INFO:root:Epoch:1, Step:13000, Average Loss:0.04838480497438174, Current Loss:0.0
INFO:root:Epoch:1, Step:13500, Average Loss:0.04762848294112417, Current Loss:0.0
INFO:root:Epoch:1, Step:14000, Average Loss:0.046942195098314966, Current Loss:0.0
INFO:root:Epoch:1, Step:14500, Average Loss:0.04640677391044025, Current Loss:0.0
INFO:root:Epoch:1, Step:15000, Average Loss:0.0457594424188137, Current Loss:0.0
INFO:root:Epoch:1, Step:15500, Average Loss:0.04524103218893851, Current Loss:0.004427626729011536
INFO:root:Epoch:1, Step:16000, Average Loss:0.04464546973537654, Current Loss:0.0
INFO:root:Epoch:1, Step:16500, Average Loss:0.044251217975760954, Current Loss:0.0
INFO:root:Epoch:1, Step:17000, Average Loss:0.0438026943180491, Current Loss:0.008552640676498413
INFO:root:Epoch:1, Step:17500, Average Loss:0.043334771771941866, Current Loss:0.0
INFO:root:Epoch:1, Step:18000, Average Loss:0.04276767306774855, Current Loss:0.02201010286808014
INFO:root:Epoch:1, Step:18500, Average Loss:0.04232916795321413, Current Loss:5.2601099014282227e-05
INFO:root:Epoch:1, Step:19000, Average Loss:0.04188277130691629, Current Loss:0.0059823691844940186
INFO:root:Epoch:1, Step:19500, Average Loss:0.04153291044326929, Current Loss:0.0
INFO:root:Epoch:1, Step:20000, Average Loss:0.04119820055067539, Current Loss:0.03785261511802673
INFO:root:Epoch:1, Step:20500, Average Loss:0.04080516246833452, Current Loss:0.0
INFO:root:Epoch:1, Step:21000, Average Loss:0.040457754137260576, Current Loss:0.0
INFO:root:Epoch:1, Step:21500, Average Loss:0.04010282538588657, Current Loss:0.012455761432647705
INFO:root:Epoch:1, Step:22000, Average Loss:0.03980268520252271, Current Loss:0.15924444794654846
INFO:root:Epoch:1, Step:22500, Average Loss:0.03945792273945278, Current Loss:0.0
INFO:root:Epoch:1, Step:23000, Average Loss:0.03916503464139026, Current Loss:0.0
INFO:root:Epoch:1, Step:23500, Average Loss:0.038901929878173994, Current Loss:0.015403568744659424
INFO:root:Epoch:1, Step:24000, Average Loss:0.038622143377860386, Current Loss:0.047716230154037476
INFO:root:Epoch:1, Step:24500, Average Loss:0.03836493972126318, Current Loss:0.0
INFO:root:Epoch:1, Step:25000, Average Loss:0.038129280560612676, Current Loss:0.017236366868019104
INFO:root:Epoch:1, Step:25500, Average Loss:0.03786039567227457, Current Loss:0.024882912635803223
INFO:root:Epoch:1, Step:26000, Average Loss:0.03754864489115201, Current Loss:0.001552492380142212
INFO:root:Epoch:1, Step:26500, Average Loss:0.03730829616931249, Current Loss:0.06031230092048645
INFO:root:Epoch:1, Step:27000, Average Loss:0.037075553213004715, Current Loss:0.0
INFO:root:Epoch:1, Step:27500, Average Loss:0.03686678862463344, Current Loss:0.0004694610834121704
INFO:root:Epoch:1, Step:28000, Average Loss:0.036683209725256474, Current Loss:0.0
INFO:root:Epoch:1, Step:28500, Average Loss:0.03641645370606791, Current Loss:0.03943893313407898
INFO:root:Epoch:1, Step:29000, Average Loss:0.03617043017570315, Current Loss:0.16998128592967987
INFO:root:Epoch:1, Step:29500, Average Loss:0.035948508573285604, Current Loss:0.031706005334854126
INFO:root:Epoch:1, Step:30000, Average Loss:0.03576613651663065, Current Loss:0.011924907565116882
INFO:root:Evaluation --- MRR :{1: 0.4268754076973255, 2: 0.4922374429223744, 3: 0.5125027179821735, 5: 0.5293976951511212, 10: 0.5402378881537419, 15: 0.5433326624813917, 50: 0.5467909982756234, 100: 0.5472309073436767}, HIT:{1: 0.4268754076973255, 2: 0.5575994781474234, 3: 0.6183953033268101, 5: 0.6921069797782127, 10: 0.7723418134377038, 15: 0.8114807566862361, 50: 0.8991519895629485, 100: 0.9292889758643184}
INFO:root:Evaluation --- Max MRR:0, Current MRR:{1: 0.4268754076973255, 2: 0.4922374429223744, 3: 0.5125027179821735, 5: 0.5293976951511212, 10: 0.5402378881537419, 15: 0.5433326624813917, 50: 0.5467909982756234, 100: 0.5472309073436767}, Current HIT:{1: 0.4268754076973255, 2: 0.5575994781474234, 3: 0.6183953033268101, 5: 0.6921069797782127, 10: 0.7723418134377038, 15: 0.8114807566862361, 50: 0.8991519895629485, 100: 0.9292889758643184}
INFO:root:Epoch:1, Step:30500, Average Loss:0.035505464500579675, Current Loss:0.02605031430721283
INFO:root:Epoch:1, Step:31000, Average Loss:0.03526288660880058, Current Loss:0.0766923576593399
INFO:root:Epoch:1, Step:31500, Average Loss:0.03503275103086517, Current Loss:0.0
INFO:root:Epoch:1, Step:32000, Average Loss:0.034800126353278754, Current Loss:0.0
INFO:root:Epoch:1, Step:32500, Average Loss:0.03458288569450378, Current Loss:0.0
INFO:root:Epoch:1, Step:33000, Average Loss:0.034348231493523625, Current Loss:0.0869617611169815
INFO:root:Epoch:1, Step:33500, Average Loss:0.034122249729597744, Current Loss:0.0
INFO:root:Epoch:1, Step:34000, Average Loss:0.03394544772321687, Current Loss:0.058197230100631714
INFO:root:Epoch:1, Step:34500, Average Loss:0.033747700846281606, Current Loss:0.0
INFO:root:Epoch:1, Step:35000, Average Loss:0.03351171550878457, Current Loss:0.06204463541507721
INFO:root:Epoch:1, Step:35500, Average Loss:0.03328296616547544, Current Loss:0.0
INFO:root:Epoch:1, Step:36000, Average Loss:0.033112672386484014, Current Loss:0.0
INFO:root:Epoch:1, Step:36500, Average Loss:0.03290535756047458, Current Loss:0.049979522824287415
INFO:root:Epoch:1, Step:37000, Average Loss:0.03269955092346346, Current Loss:0.0
INFO:root:Epoch:1, Step:37500, Average Loss:0.032482690667311354, Current Loss:0.0
INFO:root:Epoch:1, Step:38000, Average Loss:0.03230605339062841, Current Loss:0.0
INFO:root:Epoch:1, Step:38500, Average Loss:0.0321007765810211, Current Loss:0.0
INFO:root:Epoch:1, Step:39000, Average Loss:0.031962959967744654, Current Loss:0.0
INFO:root:Epoch:1, Step:39500, Average Loss:0.031803395466336724, Current Loss:0.04864676296710968
INFO:root:Epoch:1, Step:40000, Average Loss:0.03163443173058331, Current Loss:0.0
INFO:root:Epoch:1, Step:40500, Average Loss:0.03145887831037427, Current Loss:0.0
INFO:root:Epoch:1, Step:41000, Average Loss:0.03128151232622019, Current Loss:0.0015444159507751465
INFO:root:Epoch:1, Step:41500, Average Loss:0.031125110746507183, Current Loss:0.0
INFO:root:Epoch:1, Step:42000, Average Loss:0.030967866835140048, Current Loss:0.0
INFO:root:Epoch:1, Step:42500, Average Loss:0.030837013088604984, Current Loss:0.10584424436092377
INFO:root:Epoch:1, Step:43000, Average Loss:0.030717111171331517, Current Loss:0.04545797407627106
INFO:root:Epoch:1, Step:43500, Average Loss:0.030564838949291184, Current Loss:0.11815914511680603
INFO:root:Epoch:1, Step:44000, Average Loss:0.030401913568716157, Current Loss:0.0
INFO:root:Epoch:1, Step:44500, Average Loss:0.03024927745642287, Current Loss:0.0
INFO:root:Epoch:1, Step:45000, Average Loss:0.03005268587006463, Current Loss:0.0
INFO:root:Epoch:1, Step:45500, Average Loss:0.029913023997466644, Current Loss:0.01382032036781311
INFO:root:Epoch:1, Step:46000, Average Loss:0.02978575520185025, Current Loss:0.0
INFO:root:Epoch:1, Step:46500, Average Loss:0.029648163105531405, Current Loss:0.0
INFO:root:Epoch:1, Step:47000, Average Loss:0.029532272852164632, Current Loss:0.0
INFO:root:Epoch:1, Step:47500, Average Loss:0.02941219029583429, Current Loss:0.07489737868309021
INFO:root:Epoch:1, Step:48000, Average Loss:0.029304551008467874, Current Loss:0.06939350068569183
INFO:root:Epoch:1, Step:48500, Average Loss:0.02917357668065533, Current Loss:0.035343289375305176
INFO:root:Epoch:1, Step:49000, Average Loss:0.029071536426033294, Current Loss:0.0
INFO:root:Epoch:1, Step:49500, Average Loss:0.028952037866067405, Current Loss:0.014803484082221985
INFO:root:Epoch:1, Step:50000, Average Loss:0.028825738757252695, Current Loss:0.0
INFO:root:Epoch:1, Step:50500, Average Loss:0.028688163918728877, Current Loss:0.0
INFO:root:Epoch:1, Step:51000, Average Loss:0.028559538239941878, Current Loss:0.032528847455978394
INFO:root:Epoch:1, Step:51500, Average Loss:0.028448408450027114, Current Loss:0.0
INFO:root:Epoch:1, Step:52000, Average Loss:0.02834857182061443, Current Loss:0.0
INFO:root:Epoch:1, Step:52500, Average Loss:0.028256609423103787, Current Loss:0.002607107162475586
INFO:root:Epoch:1, Step:53000, Average Loss:0.02814274180891379, Current Loss:0.0011112093925476074
INFO:root:Epoch:1, Step:53500, Average Loss:0.02804846644039466, Current Loss:0.005557700991630554
INFO:root:Epoch:1, Step:54000, Average Loss:0.027957308067215813, Current Loss:0.0
INFO:root:Epoch:1, Step:54500, Average Loss:0.02784902018418006, Current Loss:0.0
INFO:root:Epoch:1, Step:55000, Average Loss:0.02775336669033224, Current Loss:0.0
INFO:root:Epoch:1, Step:55500, Average Loss:0.027673824491533074, Current Loss:0.12242522835731506
INFO:root:Epoch:1, Step:56000, Average Loss:0.02756579503150923, Current Loss:0.0
INFO:root:Epoch:1, Step:56500, Average Loss:0.02745859784098853, Current Loss:0.0
INFO:root:Epoch:1, Step:57000, Average Loss:0.0273955419084482, Current Loss:0.0
INFO:root:Epoch:1, Step:57500, Average Loss:0.027300978610049122, Current Loss:0.0
INFO:root:Epoch:1, Step:58000, Average Loss:0.02723224222505915, Current Loss:0.003626599907875061
INFO:root:Epoch:1, Step:58500, Average Loss:0.027118443055794788, Current Loss:0.0
INFO:root:Epoch:1, Step:59000, Average Loss:0.02702866104371467, Current Loss:0.07870453596115112
INFO:root:Epoch:1, Step:59500, Average Loss:0.026926804016618167, Current Loss:0.0
INFO:root:Epoch:1, Step:60000, Average Loss:0.026844932724535465, Current Loss:0.0
INFO:root:Evaluation --- MRR :{1: 0.4703196347031963, 2: 0.5365949119373777, 3: 0.5574255272885442, 5: 0.5733485540334852, 10: 0.5836600606757166, 15: 0.5864008923597952, 50: 0.589393388875168, 100: 0.5897257309003707}, HIT:{1: 0.4703196347031963, 2: 0.602870189171559, 3: 0.6653620352250489, 5: 0.7348988910632747, 10: 0.810437051532942, 15: 0.8448793215916504, 50: 0.9200260926288324, 100: 0.9423352902804958}
INFO:root:Evaluation --- Max MRR:0.5402378881537419, Current MRR:{1: 0.4703196347031963, 2: 0.5365949119373777, 3: 0.5574255272885442, 5: 0.5733485540334852, 10: 0.5836600606757166, 15: 0.5864008923597952, 50: 0.589393388875168, 100: 0.5897257309003707}, Current HIT:{1: 0.4703196347031963, 2: 0.602870189171559, 3: 0.6653620352250489, 5: 0.7348988910632747, 10: 0.810437051532942, 15: 0.8448793215916504, 50: 0.9200260926288324, 100: 0.9423352902804958}
INFO:root:Epoch:1, Step:60500, Average Loss:0.02676066501672603, Current Loss:0.0
INFO:root:Epoch:1, Step:61000, Average Loss:0.026663206265353765, Current Loss:0.0
INFO:root:Epoch:1, Step:61500, Average Loss:0.02661699311205042, Current Loss:0.02192586660385132
INFO:root:Epoch:1, Step:62000, Average Loss:0.026538090505667272, Current Loss:0.0
INFO:root:Epoch:1, Step:62500, Average Loss:0.02645896955871582, Current Loss:0.0018197447061538696
INFO:root:Epoch:1, Step:63000, Average Loss:0.026384234088044318, Current Loss:0.06616874039173126
INFO:root:Epoch:1, Step:63500, Average Loss:0.026317397720701113, Current Loss:0.0
INFO:root:Epoch:1, Step:64000, Average Loss:0.02624253051285632, Current Loss:0.028635308146476746
INFO:root:Epoch:1, Step:64500, Average Loss:0.02617663008944933, Current Loss:0.07231223583221436
INFO:root:Epoch:1, Step:65000, Average Loss:0.026092281057513676, Current Loss:0.0
INFO:root:Epoch:1, Step:65500, Average Loss:0.02599868330882706, Current Loss:0.0
INFO:root:Epoch:1, Step:66000, Average Loss:0.02590712299107602, Current Loss:0.0
INFO:root:Epoch:1, Step:66500, Average Loss:0.02584467959583254, Current Loss:0.0
INFO:root:Epoch:1, Step:67000, Average Loss:0.025779393235249307, Current Loss:0.0
INFO:root:Epoch:1, Step:67500, Average Loss:0.02570597623321745, Current Loss:0.0017730742692947388
INFO:root:Epoch:1, Step:68000, Average Loss:0.025662363655207788, Current Loss:0.0
INFO:root:Epoch:1, Step:68500, Average Loss:0.025579849329308003, Current Loss:0.03040364384651184
INFO:root:Epoch:1, Step:69000, Average Loss:0.02552435631704503, Current Loss:0.0
INFO:root:Epoch:1, Step:69500, Average Loss:0.025461204761009423, Current Loss:0.0
INFO:root:Epoch:2, Step:500, Average Loss:0.018866511821746826, Current Loss:0.0024013370275497437
INFO:root:Epoch:2, Step:1000, Average Loss:0.018222464501857757, Current Loss:0.1537417620420456
INFO:root:Epoch:2, Step:1500, Average Loss:0.01863083260258039, Current Loss:0.0
INFO:root:Epoch:2, Step:2000, Average Loss:0.01887627489119768, Current Loss:0.0
INFO:root:Epoch:2, Step:2500, Average Loss:0.01873656162023544, Current Loss:0.0
INFO:root:Epoch:2, Step:3000, Average Loss:0.018257382238904635, Current Loss:0.1364518254995346
INFO:root:Epoch:2, Step:3500, Average Loss:0.01775140491127968, Current Loss:0.015915945172309875
INFO:root:Epoch:2, Step:4000, Average Loss:0.01758598618209362, Current Loss:0.0
INFO:root:Epoch:2, Step:4500, Average Loss:0.017300895783636305, Current Loss:0.0
INFO:root:Epoch:2, Step:5000, Average Loss:0.016961099770665167, Current Loss:0.00190792977809906
INFO:root:Epoch:2, Step:5500, Average Loss:0.016985717570239846, Current Loss:0.0
INFO:root:Epoch:2, Step:6000, Average Loss:0.017170967819790047, Current Loss:0.0
INFO:root:Epoch:2, Step:6500, Average Loss:0.017119578641194563, Current Loss:0.0
INFO:root:Epoch:2, Step:7000, Average Loss:0.01725791192480496, Current Loss:0.0
INFO:root:Epoch:2, Step:7500, Average Loss:0.017117096356550853, Current Loss:0.0
INFO:root:Epoch:2, Step:8000, Average Loss:0.01714933723397553, Current Loss:0.05800811946392059
INFO:root:Epoch:2, Step:8500, Average Loss:0.01723794557767756, Current Loss:0.052778735756874084
INFO:root:Epoch:2, Step:9000, Average Loss:0.0171610979123248, Current Loss:0.05748338997364044
INFO:root:Epoch:2, Step:9500, Average Loss:0.017188351331572784, Current Loss:0.0
INFO:root:Epoch:2, Step:10000, Average Loss:0.017270622842013836, Current Loss:0.007045567035675049
INFO:root:Epoch:2, Step:10500, Average Loss:0.017210019083250136, Current Loss:0.0
INFO:root:Epoch:2, Step:11000, Average Loss:0.017070690006017686, Current Loss:0.0
INFO:root:Epoch:2, Step:11500, Average Loss:0.01709371592817099, Current Loss:0.0
INFO:root:Epoch:2, Step:12000, Average Loss:0.017034865096211434, Current Loss:0.0
INFO:root:Epoch:2, Step:12500, Average Loss:0.017017386438846586, Current Loss:0.042858585715293884
INFO:root:Epoch:2, Step:13000, Average Loss:0.01691288784948679, Current Loss:0.0
INFO:root:Epoch:2, Step:13500, Average Loss:0.016857834608466536, Current Loss:0.12347075343132019
INFO:root:Epoch:2, Step:14000, Average Loss:0.016775440229901246, Current Loss:0.0
INFO:root:Epoch:2, Step:14500, Average Loss:0.01676967081941407, Current Loss:0.0
INFO:root:Epoch:2, Step:15000, Average Loss:0.01671499074002107, Current Loss:0.037575364112854004
INFO:root:Epoch:2, Step:15500, Average Loss:0.01676830511612277, Current Loss:0.0
INFO:root:Epoch:2, Step:16000, Average Loss:0.016728512678295372, Current Loss:0.0
INFO:root:Epoch:2, Step:16500, Average Loss:0.016727538578438037, Current Loss:0.0
INFO:root:Epoch:2, Step:17000, Average Loss:0.01673784177092945, Current Loss:0.02335454523563385
INFO:root:Epoch:2, Step:17500, Average Loss:0.016763298096827098, Current Loss:0.11107407510280609
INFO:root:Epoch:2, Step:18000, Average Loss:0.016722360048857, Current Loss:0.07517458498477936
INFO:root:Epoch:2, Step:18500, Average Loss:0.016665146109220146, Current Loss:0.0
INFO:root:Epoch:2, Step:19000, Average Loss:0.01661160023981019, Current Loss:0.07111135125160217
INFO:root:Epoch:2, Step:19500, Average Loss:0.01660084900107139, Current Loss:0.0
INFO:root:Epoch:2, Step:20000, Average Loss:0.016557179037481547, Current Loss:0.07462143898010254
INFO:root:Epoch:2, Step:20500, Average Loss:0.016451192935792412, Current Loss:0.0
INFO:root:Epoch:2, Step:21000, Average Loss:0.016363200426811265, Current Loss:0.0
INFO:root:Epoch:2, Step:21500, Average Loss:0.01633491164931031, Current Loss:0.01628100872039795
INFO:root:Epoch:2, Step:22000, Average Loss:0.01625661903213371, Current Loss:0.02066051959991455
INFO:root:Epoch:2, Step:22500, Average Loss:0.01626321924461259, Current Loss:0.0
INFO:root:Epoch:2, Step:23000, Average Loss:0.016246936722942022, Current Loss:0.0
INFO:root:Epoch:2, Step:23500, Average Loss:0.01620333722424, Current Loss:0.0
INFO:root:Epoch:2, Step:24000, Average Loss:0.016214533543214203, Current Loss:0.0
INFO:root:Epoch:2, Step:24500, Average Loss:0.016212172656643146, Current Loss:0.019918292760849
INFO:root:Epoch:2, Step:25000, Average Loss:0.01618056734263897, Current Loss:0.12335669994354248
INFO:root:Epoch:2, Step:25500, Average Loss:0.016183835930684034, Current Loss:0.0
INFO:root:Epoch:2, Step:26000, Average Loss:0.016181684150145603, Current Loss:0.06452448666095734
INFO:root:Epoch:2, Step:26500, Average Loss:0.016141379526763592, Current Loss:0.0
INFO:root:Epoch:2, Step:27000, Average Loss:0.016130386016435093, Current Loss:0.0
INFO:root:Epoch:2, Step:27500, Average Loss:0.016054644425890663, Current Loss:0.0043764859437942505
INFO:root:Epoch:2, Step:28000, Average Loss:0.016057505471897975, Current Loss:0.007879674434661865
INFO:root:Epoch:2, Step:28500, Average Loss:0.01606808863920078, Current Loss:0.025742828845977783
INFO:root:Epoch:2, Step:29000, Average Loss:0.016020402504452344, Current Loss:0.0
INFO:root:Epoch:2, Step:29500, Average Loss:0.015982844083996143, Current Loss:0.05370590090751648
INFO:root:Epoch:2, Step:30000, Average Loss:0.015933017357687155, Current Loss:0.0
INFO:root:Evaluation --- MRR :{1: 0.45101108936725376, 2: 0.5201565557729941, 3: 0.5428136551424262, 5: 0.5592520113068069, 10: 0.5693867196802632, 15: 0.5724231505249111, 50: 0.5754925622906992, 100: 0.575859777453435}, HIT:{1: 0.45101108936725376, 2: 0.5893020221787345, 3: 0.6572733202870189, 5: 0.728897586431833, 10: 0.8037834311806915, 15: 0.8422700587084149, 50: 0.9193737769080235, 100: 0.9442922374429223}
INFO:root:Evaluation --- Max MRR:0.5836600606757166, Current MRR:{1: 0.45101108936725376, 2: 0.5201565557729941, 3: 0.5428136551424262, 5: 0.5592520113068069, 10: 0.5693867196802632, 15: 0.5724231505249111, 50: 0.5754925622906992, 100: 0.575859777453435}, Current HIT:{1: 0.45101108936725376, 2: 0.5893020221787345, 3: 0.6572733202870189, 5: 0.728897586431833, 10: 0.8037834311806915, 15: 0.8422700587084149, 50: 0.9193737769080235, 100: 0.9442922374429223}
INFO:root:Epoch:2, Step:30500, Average Loss:0.015831678669960773, Current Loss:0.0
INFO:root:Epoch:2, Step:31000, Average Loss:0.015790854964044785, Current Loss:0.0
INFO:root:Epoch:2, Step:31500, Average Loss:0.015724989498891527, Current Loss:0.0
INFO:root:Epoch:2, Step:32000, Average Loss:0.015657506725750864, Current Loss:0.05097159743309021
INFO:root:Epoch:2, Step:32500, Average Loss:0.015592936206780946, Current Loss:0.017622411251068115
INFO:root:Epoch:2, Step:33000, Average Loss:0.015539718996394765, Current Loss:0.0
INFO:root:Epoch:2, Step:33500, Average Loss:0.015486330407768933, Current Loss:0.0
INFO:root:Epoch:2, Step:34000, Average Loss:0.015410175739842302, Current Loss:0.0
INFO:root:Epoch:2, Step:34500, Average Loss:0.015370745420455932, Current Loss:0.0
INFO:root:Epoch:2, Step:35000, Average Loss:0.01531043563059398, Current Loss:0.0
INFO:root:Epoch:2, Step:35500, Average Loss:0.015258677258877687, Current Loss:0.0
INFO:root:Epoch:2, Step:36000, Average Loss:0.015188920329428382, Current Loss:0.0
INFO:root:Epoch:2, Step:36500, Average Loss:0.015142105790033732, Current Loss:0.09527646005153656
INFO:root:Epoch:2, Step:37000, Average Loss:0.015106253321509104, Current Loss:0.009342402219772339
INFO:root:Epoch:2, Step:37500, Average Loss:0.015045325982173284, Current Loss:0.0
INFO:root:Epoch:2, Step:38000, Average Loss:0.01497368487911789, Current Loss:0.0
INFO:root:Epoch:2, Step:38500, Average Loss:0.014945951056557816, Current Loss:0.03997977077960968
INFO:root:Epoch:2, Step:39000, Average Loss:0.014881838984214343, Current Loss:0.0
INFO:root:Epoch:2, Step:39500, Average Loss:0.014837569633993922, Current Loss:0.0962752103805542
INFO:root:Epoch:2, Step:40000, Average Loss:0.0148049907900393, Current Loss:0.0
INFO:root:Epoch:2, Step:40500, Average Loss:0.014751407772302627, Current Loss:0.0
INFO:root:Epoch:2, Step:41000, Average Loss:0.014693011084707773, Current Loss:0.0
INFO:root:Epoch:2, Step:41500, Average Loss:0.014690128676144474, Current Loss:0.0
INFO:root:Epoch:2, Step:42000, Average Loss:0.014660328371184212, Current Loss:0.039330512285232544
INFO:root:Epoch:2, Step:42500, Average Loss:0.014589663831977283, Current Loss:0.024804219603538513
INFO:root:Epoch:2, Step:43000, Average Loss:0.014568351472186488, Current Loss:0.01234184205532074
INFO:root:Epoch:2, Step:43500, Average Loss:0.014530119134434338, Current Loss:0.0
INFO:root:Epoch:2, Step:44000, Average Loss:0.01447250180014155, Current Loss:0.0
INFO:root:Epoch:2, Step:44500, Average Loss:0.014429247886277316, Current Loss:0.0
INFO:root:Epoch:2, Step:45000, Average Loss:0.014401713716321521, Current Loss:0.049697667360305786
INFO:root:Epoch:2, Step:45500, Average Loss:0.01436417796258088, Current Loss:0.0
INFO:root:Epoch:2, Step:46000, Average Loss:0.014324113295777985, Current Loss:0.0
INFO:root:Epoch:2, Step:46500, Average Loss:0.014305551211039226, Current Loss:0.04593352973461151
INFO:root:Epoch:2, Step:47000, Average Loss:0.01426637520244781, Current Loss:0.09178537130355835
INFO:root:Epoch:2, Step:47500, Average Loss:0.014235043500599108, Current Loss:0.0
INFO:root:Epoch:2, Step:48000, Average Loss:0.014200736577933033, Current Loss:0.0
INFO:root:Epoch:2, Step:48500, Average Loss:0.014181983476139836, Current Loss:0.042296916246414185
INFO:root:Epoch:2, Step:49000, Average Loss:0.014155778617275004, Current Loss:0.042801231145858765
INFO:root:Epoch:2, Step:49500, Average Loss:0.01413138441816725, Current Loss:0.0
INFO:root:Epoch:2, Step:50000, Average Loss:0.014098741660416126, Current Loss:0.0
INFO:root:Epoch:2, Step:50500, Average Loss:0.01406627286395224, Current Loss:0.0
INFO:root:Epoch:2, Step:51000, Average Loss:0.014036241574030297, Current Loss:0.0
INFO:root:Epoch:2, Step:51500, Average Loss:0.014006367692090932, Current Loss:0.012682631611824036
INFO:root:Epoch:2, Step:52000, Average Loss:0.013984380948142363, Current Loss:0.0
INFO:root:Epoch:2, Step:52500, Average Loss:0.013950433905635561, Current Loss:0.0
INFO:root:Epoch:2, Step:53000, Average Loss:0.013935760187090567, Current Loss:0.0
INFO:root:Epoch:2, Step:53500, Average Loss:0.013903527226403496, Current Loss:0.0005730539560317993
INFO:root:Epoch:2, Step:54000, Average Loss:0.013872013509825424, Current Loss:0.0
INFO:root:Epoch:2, Step:54500, Average Loss:0.01385537033398217, Current Loss:0.0711173266172409
INFO:root:Epoch:2, Step:55000, Average Loss:0.013815961483391849, Current Loss:0.0
INFO:root:Epoch:2, Step:55500, Average Loss:0.013776463781391178, Current Loss:0.0
INFO:root:Epoch:2, Step:56000, Average Loss:0.013742564251646399, Current Loss:0.0
INFO:root:Epoch:2, Step:56500, Average Loss:0.01373986182328874, Current Loss:0.1337144672870636
INFO:root:Epoch:2, Step:57000, Average Loss:0.01373102402634788, Current Loss:0.0
INFO:root:Epoch:2, Step:57500, Average Loss:0.013711565017700196, Current Loss:0.041176095604896545
INFO:root:Epoch:2, Step:58000, Average Loss:0.013686051109484558, Current Loss:0.006050914525985718
INFO:root:Epoch:2, Step:58500, Average Loss:0.013683534366452796, Current Loss:0.0
INFO:root:Epoch:2, Step:59000, Average Loss:0.013637638579738343, Current Loss:0.0
INFO:root:Epoch:2, Step:59500, Average Loss:0.013605296374869947, Current Loss:0.0
INFO:root:Epoch:2, Step:60000, Average Loss:0.013570199058949947, Current Loss:0.042545318603515625
INFO:root:Evaluation --- MRR :{1: 0.4876712328767123, 2: 0.5557077625570777, 3: 0.5793650793650824, 5: 0.595444661883018, 10: 0.60448182317067, 15: 0.6070502375786133, 50: 0.6095134966438555, 100: 0.6098770091119019}, HIT:{1: 0.4876712328767123, 2: 0.6237442922374429, 3: 0.6947162426614482, 5: 0.7649054142204827, 10: 0.8315720808871494, 15: 0.864187866927593, 50: 0.9261578604044357, 100: 0.9509458577951728}
INFO:root:Evaluation --- Max MRR:0.5836600606757166, Current MRR:{1: 0.4876712328767123, 2: 0.5557077625570777, 3: 0.5793650793650824, 5: 0.595444661883018, 10: 0.60448182317067, 15: 0.6070502375786133, 50: 0.6095134966438555, 100: 0.6098770091119019}, Current HIT:{1: 0.4876712328767123, 2: 0.6237442922374429, 3: 0.6947162426614482, 5: 0.7649054142204827, 10: 0.8315720808871494, 15: 0.864187866927593, 50: 0.9261578604044357, 100: 0.9509458577951728}
INFO:root:Epoch:2, Step:60500, Average Loss:0.013543385764045164, Current Loss:0.0
INFO:root:Epoch:2, Step:61000, Average Loss:0.013503535469780203, Current Loss:0.0
INFO:root:Epoch:2, Step:61500, Average Loss:0.013476027694174914, Current Loss:0.0
INFO:root:Epoch:2, Step:62000, Average Loss:0.013447984979037316, Current Loss:0.06706596910953522
INFO:root:Epoch:2, Step:62500, Average Loss:0.013425758378505707, Current Loss:0.0
INFO:root:Epoch:2, Step:63000, Average Loss:0.013398424842291408, Current Loss:0.0
INFO:root:Epoch:2, Step:63500, Average Loss:0.013374804934648078, Current Loss:0.0192643404006958
INFO:root:Epoch:2, Step:64000, Average Loss:0.0133461646810174, Current Loss:0.0
INFO:root:Epoch:2, Step:64500, Average Loss:0.013309429486823636, Current Loss:0.0
INFO:root:Epoch:2, Step:65000, Average Loss:0.013293333446979522, Current Loss:0.0
INFO:root:Epoch:2, Step:65500, Average Loss:0.013273687070107641, Current Loss:0.0
INFO:root:Epoch:2, Step:66000, Average Loss:0.013257396176457405, Current Loss:0.0
INFO:root:Epoch:2, Step:66500, Average Loss:0.013256694580155208, Current Loss:0.0
INFO:root:Epoch:2, Step:67000, Average Loss:0.013231749231913196, Current Loss:0.0
INFO:root:Epoch:2, Step:67500, Average Loss:0.013215433631340662, Current Loss:0.0
INFO:root:Epoch:2, Step:68000, Average Loss:0.013195668788517223, Current Loss:0.0
INFO:root:Epoch:2, Step:68500, Average Loss:0.013177229891293241, Current Loss:0.0
INFO:root:Epoch:2, Step:69000, Average Loss:0.013165549306981805, Current Loss:0.0
INFO:root:Epoch:2, Step:69500, Average Loss:0.013143084782919437, Current Loss:0.0
INFO:root:Epoch:3, Step:500, Average Loss:0.013739412635564803, Current Loss:0.0
INFO:root:Epoch:3, Step:1000, Average Loss:0.013022319033741951, Current Loss:0.0
INFO:root:Epoch:3, Step:1500, Average Loss:0.012077649464209875, Current Loss:0.0
INFO:root:Epoch:3, Step:2000, Average Loss:0.011759662948548794, Current Loss:0.008426561951637268
INFO:root:Epoch:3, Step:2500, Average Loss:0.01150721824169159, Current Loss:0.059297531843185425
INFO:root:Epoch:3, Step:3000, Average Loss:0.011509483337402343, Current Loss:0.0
INFO:root:Epoch:3, Step:3500, Average Loss:0.011567481747695377, Current Loss:0.0
INFO:root:Epoch:3, Step:4000, Average Loss:0.011359316624701023, Current Loss:0.0
INFO:root:Epoch:3, Step:4500, Average Loss:0.011454511046409608, Current Loss:0.00852145254611969
INFO:root:Epoch:3, Step:5000, Average Loss:0.011557065415382385, Current Loss:0.0
INFO:root:Epoch:3, Step:5500, Average Loss:0.01149266120520505, Current Loss:0.0
INFO:root:Epoch:3, Step:6000, Average Loss:0.011560006774961948, Current Loss:0.0
INFO:root:Epoch:3, Step:6500, Average Loss:0.01165433757350995, Current Loss:0.0362764447927475
INFO:root:Epoch:3, Step:7000, Average Loss:0.01164772094999041, Current Loss:0.0
INFO:root:Epoch:3, Step:7500, Average Loss:0.011542503090699513, Current Loss:0.0
INFO:root:Epoch:3, Step:8000, Average Loss:0.011633733280003071, Current Loss:0.0
INFO:root:Epoch:3, Step:8500, Average Loss:0.011597091818557066, Current Loss:0.0
INFO:root:Epoch:3, Step:9000, Average Loss:0.011564143755369715, Current Loss:0.0
INFO:root:Epoch:3, Step:9500, Average Loss:0.011751615601150614, Current Loss:0.0
INFO:root:Epoch:3, Step:10000, Average Loss:0.01172420893162489, Current Loss:0.0
INFO:root:Epoch:3, Step:10500, Average Loss:0.011673895131973993, Current Loss:0.0
INFO:root:Epoch:3, Step:11000, Average Loss:0.01168081809580326, Current Loss:0.0036422908306121826
INFO:root:Epoch:3, Step:11500, Average Loss:0.011600851419179336, Current Loss:0.0
INFO:root:Epoch:3, Step:12000, Average Loss:0.011565638929605484, Current Loss:0.12232166528701782
INFO:root:Epoch:3, Step:12500, Average Loss:0.011486533470153808, Current Loss:0.0
INFO:root:Epoch:3, Step:13000, Average Loss:0.011518828982344041, Current Loss:0.0
INFO:root:Epoch:3, Step:13500, Average Loss:0.011546299508324375, Current Loss:0.0
INFO:root:Epoch:3, Step:14000, Average Loss:0.011550665907561779, Current Loss:0.0
INFO:root:Epoch:3, Step:14500, Average Loss:0.011595430929085304, Current Loss:0.0
INFO:root:Epoch:3, Step:15000, Average Loss:0.011635918159286182, Current Loss:0.0
INFO:root:Epoch:3, Step:15500, Average Loss:0.011608712373241301, Current Loss:0.021855875849723816
INFO:root:Epoch:3, Step:16000, Average Loss:0.011601508133113385, Current Loss:0.0
INFO:root:Epoch:3, Step:16500, Average Loss:0.011547615377288876, Current Loss:0.013893574476242065
INFO:root:Epoch:3, Step:17000, Average Loss:0.011508015114594908, Current Loss:0.0
INFO:root:Epoch:3, Step:17500, Average Loss:0.011476478685651506, Current Loss:0.0
INFO:root:Epoch:3, Step:18000, Average Loss:0.01143005614893304, Current Loss:0.00122833251953125
INFO:root:Epoch:3, Step:18500, Average Loss:0.011396196255007306, Current Loss:0.0
INFO:root:Epoch:3, Step:19000, Average Loss:0.011372003628235114, Current Loss:0.04111845791339874
INFO:root:Epoch:3, Step:19500, Average Loss:0.011341233406311426, Current Loss:0.0
INFO:root:Epoch:3, Step:20000, Average Loss:0.011267789306491614, Current Loss:0.0
INFO:root:Epoch:3, Step:20500, Average Loss:0.011262465156433058, Current Loss:0.0
INFO:root:Epoch:3, Step:21000, Average Loss:0.011250924404887926, Current Loss:0.0
INFO:root:Epoch:3, Step:21500, Average Loss:0.01120286300293235, Current Loss:0.014852732419967651
INFO:root:Epoch:3, Step:22000, Average Loss:0.011221982208165256, Current Loss:0.0
INFO:root:Epoch:3, Step:22500, Average Loss:0.011207581096225315, Current Loss:0.0
INFO:root:Epoch:3, Step:23000, Average Loss:0.011176784456424092, Current Loss:0.02418532967567444
INFO:root:Epoch:3, Step:23500, Average Loss:0.011188078260802209, Current Loss:0.0
INFO:root:Epoch:3, Step:24000, Average Loss:0.011198289985458056, Current Loss:0.0
INFO:root:Epoch:3, Step:24500, Average Loss:0.011216296883870144, Current Loss:0.0
INFO:root:Epoch:3, Step:25000, Average Loss:0.011208527405261993, Current Loss:0.0
INFO:root:Epoch:3, Step:25500, Average Loss:0.011194910650159798, Current Loss:0.06480225920677185
INFO:root:Epoch:3, Step:26000, Average Loss:0.011180967145241224, Current Loss:0.0
INFO:root:Epoch:3, Step:26500, Average Loss:0.011176420216852764, Current Loss:0.0
INFO:root:Epoch:3, Step:27000, Average Loss:0.01117786511834021, Current Loss:0.020492374897003174
INFO:root:Epoch:3, Step:27500, Average Loss:0.011177579229528254, Current Loss:0.0
INFO:root:Epoch:3, Step:28000, Average Loss:0.011176382617758853, Current Loss:0.0
INFO:root:Epoch:3, Step:28500, Average Loss:0.011172124674445704, Current Loss:0.0
INFO:root:Epoch:3, Step:29000, Average Loss:0.011179704774042655, Current Loss:0.0
INFO:root:Epoch:3, Step:29500, Average Loss:0.011155079358715122, Current Loss:0.015683621168136597
INFO:root:Epoch:3, Step:30000, Average Loss:0.011148781416316826, Current Loss:0.0
INFO:root:Evaluation --- MRR :{1: 0.48819308545335943, 2: 0.5600130463144162, 3: 0.5827571211132874, 5: 0.5976560121765587, 10: 0.6070045247931747, 15: 0.6094631403241954, 50: 0.6121889306665508, 100: 0.6124827740320591}, HIT:{1: 0.48819308545335943, 2: 0.631833007175473, 3: 0.7000652315720809, 5: 0.765296803652968, 10: 0.8343118069145466, 15: 0.865362035225049, 50: 0.9324200913242009, 100: 0.9522504892367906}
INFO:root:Evaluation --- Max MRR:0.60448182317067, Current MRR:{1: 0.48819308545335943, 2: 0.5600130463144162, 3: 0.5827571211132874, 5: 0.5976560121765587, 10: 0.6070045247931747, 15: 0.6094631403241954, 50: 0.6121889306665508, 100: 0.6124827740320591}, Current HIT:{1: 0.48819308545335943, 2: 0.631833007175473, 3: 0.7000652315720809, 5: 0.765296803652968, 10: 0.8343118069145466, 15: 0.865362035225049, 50: 0.9324200913242009, 100: 0.9522504892367906}
INFO:root:Epoch:3, Step:30500, Average Loss:0.011096885651350022, Current Loss:0.0
INFO:root:Epoch:3, Step:31000, Average Loss:0.011075927983849279, Current Loss:0.0
INFO:root:Epoch:3, Step:31500, Average Loss:0.011002761606186155, Current Loss:0.0
INFO:root:Epoch:3, Step:32000, Average Loss:0.01094831714546308, Current Loss:0.010624006390571594
INFO:root:Epoch:3, Step:32500, Average Loss:0.010873306531172532, Current Loss:0.0
INFO:root:Epoch:3, Step:33000, Average Loss:0.010830952297557483, Current Loss:0.0
INFO:root:Epoch:3, Step:33500, Average Loss:0.010769005074429868, Current Loss:0.0
INFO:root:Epoch:3, Step:34000, Average Loss:0.01073007730964352, Current Loss:0.0
INFO:root:Epoch:3, Step:34500, Average Loss:0.010695139660351518, Current Loss:0.0
INFO:root:Epoch:3, Step:35000, Average Loss:0.010665149887970515, Current Loss:0.0
INFO:root:Epoch:3, Step:35500, Average Loss:0.010608828773381004, Current Loss:0.0
INFO:root:Epoch:3, Step:36000, Average Loss:0.010578703090548515, Current Loss:0.0
INFO:root:Epoch:3, Step:36500, Average Loss:0.01054710163890499, Current Loss:0.007294371724128723
INFO:root:Epoch:3, Step:37000, Average Loss:0.010524904239419344, Current Loss:0.0
INFO:root:Epoch:3, Step:37500, Average Loss:0.010488004781007768, Current Loss:0.0
INFO:root:Epoch:3, Step:38000, Average Loss:0.010459027146038255, Current Loss:0.011622786521911621
INFO:root:Epoch:3, Step:38500, Average Loss:0.010421388097784735, Current Loss:0.0
INFO:root:Epoch:3, Step:39000, Average Loss:0.01037965873380502, Current Loss:0.0
INFO:root:Epoch:3, Step:39500, Average Loss:0.010348453099214578, Current Loss:0.0
INFO:root:Epoch:3, Step:40000, Average Loss:0.01032803211696446, Current Loss:0.0074889808893203735
INFO:root:Epoch:3, Step:40500, Average Loss:0.01028039202167664, Current Loss:0.027969330549240112
INFO:root:Epoch:3, Step:41000, Average Loss:0.010242050484186265, Current Loss:0.08780214190483093
INFO:root:Epoch:3, Step:41500, Average Loss:0.01020791448634791, Current Loss:0.0
INFO:root:Epoch:3, Step:42000, Average Loss:0.010165231862948054, Current Loss:0.0
INFO:root:Epoch:3, Step:42500, Average Loss:0.01013818861561663, Current Loss:0.0
INFO:root:Epoch:3, Step:43000, Average Loss:0.0101287005949159, Current Loss:0.0
INFO:root:Epoch:3, Step:43500, Average Loss:0.010098304142212045, Current Loss:0.0
INFO:root:Epoch:3, Step:44000, Average Loss:0.01006003993309357, Current Loss:0.0
INFO:root:Epoch:3, Step:44500, Average Loss:0.010029698023970208, Current Loss:0.0
INFO:root:Epoch:3, Step:45000, Average Loss:0.010020671608712938, Current Loss:0.0
INFO:root:Epoch:3, Step:45500, Average Loss:0.009981058203912043, Current Loss:0.039267539978027344
INFO:root:Epoch:3, Step:46000, Average Loss:0.009961803238676943, Current Loss:0.0
INFO:root:Epoch:3, Step:46500, Average Loss:0.009938134221940913, Current Loss:0.0
INFO:root:Epoch:3, Step:47000, Average Loss:0.009907238181601179, Current Loss:0.0
INFO:root:Epoch:3, Step:47500, Average Loss:0.009876318967656086, Current Loss:0.12483356893062592
INFO:root:Epoch:3, Step:48000, Average Loss:0.009849227005615831, Current Loss:0.0
INFO:root:Epoch:3, Step:48500, Average Loss:0.009817112391756982, Current Loss:0.0
INFO:root:Epoch:3, Step:49000, Average Loss:0.00978791191961084, Current Loss:0.0021208077669143677
INFO:root:Epoch:3, Step:49500, Average Loss:0.00975935636746763, Current Loss:0.0
INFO:root:Epoch:3, Step:50000, Average Loss:0.009737584985494614, Current Loss:0.006653741002082825
INFO:root:Epoch:3, Step:50500, Average Loss:0.009726688528710073, Current Loss:0.0
INFO:root:Epoch:3, Step:51000, Average Loss:0.009688442144615977, Current Loss:0.035315096378326416
INFO:root:Epoch:3, Step:51500, Average Loss:0.009660015636856116, Current Loss:0.0
INFO:root:Epoch:3, Step:52000, Average Loss:0.009629197722444168, Current Loss:0.0
INFO:root:Epoch:3, Step:52500, Average Loss:0.009606673382577442, Current Loss:0.0
INFO:root:Epoch:3, Step:53000, Average Loss:0.009580089483902139, Current Loss:0.0
INFO:root:Epoch:3, Step:53500, Average Loss:0.00956101901230411, Current Loss:0.0
INFO:root:Epoch:3, Step:54000, Average Loss:0.00953947540400205, Current Loss:0.0
INFO:root:Epoch:3, Step:54500, Average Loss:0.009526732408945714, Current Loss:0.0
INFO:root:Epoch:3, Step:55000, Average Loss:0.009505217049609532, Current Loss:0.013768196105957031
INFO:root:Epoch:3, Step:55500, Average Loss:0.009498630936886814, Current Loss:0.0103922039270401
INFO:root:Epoch:3, Step:56000, Average Loss:0.009503774891208325, Current Loss:0.0
INFO:root:Epoch:3, Step:56500, Average Loss:0.009487220156245526, Current Loss:0.0
INFO:root:Epoch:3, Step:57000, Average Loss:0.009465267934035836, Current Loss:0.0
INFO:root:Epoch:3, Step:57500, Average Loss:0.009447608857828638, Current Loss:0.0
INFO:root:Epoch:3, Step:58000, Average Loss:0.009441208511077125, Current Loss:0.0
INFO:root:Epoch:3, Step:58500, Average Loss:0.009428597669061433, Current Loss:0.0
INFO:root:Epoch:3, Step:59000, Average Loss:0.00942292899827836, Current Loss:0.0643850713968277
INFO:root:Epoch:3, Step:59500, Average Loss:0.009389789315582323, Current Loss:0.01746918261051178
INFO:root:Epoch:3, Step:60000, Average Loss:0.009370837911218404, Current Loss:0.0
INFO:root:Evaluation --- MRR :{1: 0.5084148727984344, 2: 0.5794520547945206, 3: 0.6007175472928915, 5: 0.6158251793868218, 10: 0.6253560815498181, 15: 0.6277845619626419, 50: 0.6301372502339863, 100: 0.630408896413177}, HIT:{1: 0.5084148727984344, 2: 0.6504892367906067, 3: 0.7142857142857143, 5: 0.780300065231572, 10: 0.8489236790606653, 15: 0.8795825179386824, 50: 0.9365949119373776, 100: 0.9547292889758643}
INFO:root:Evaluation --- Max MRR:0.6070045247931747, Current MRR:{1: 0.5084148727984344, 2: 0.5794520547945206, 3: 0.6007175472928915, 5: 0.6158251793868218, 10: 0.6253560815498181, 15: 0.6277845619626419, 50: 0.6301372502339863, 100: 0.630408896413177}, Current HIT:{1: 0.5084148727984344, 2: 0.6504892367906067, 3: 0.7142857142857143, 5: 0.780300065231572, 10: 0.8489236790606653, 15: 0.8795825179386824, 50: 0.9365949119373776, 100: 0.9547292889758643}
INFO:root:Epoch:3, Step:60500, Average Loss:0.009368394857595774, Current Loss:0.04541672766208649
INFO:root:Epoch:3, Step:61000, Average Loss:0.009359322570386481, Current Loss:0.0
INFO:root:Epoch:3, Step:61500, Average Loss:0.009327754432108344, Current Loss:0.0
INFO:root:Epoch:3, Step:62000, Average Loss:0.009299033059227852, Current Loss:0.0
INFO:root:Epoch:3, Step:62500, Average Loss:0.009282216048955917, Current Loss:0.0
INFO:root:Epoch:3, Step:63000, Average Loss:0.009256123922410465, Current Loss:0.0
INFO:root:Epoch:3, Step:63500, Average Loss:0.009253460782484745, Current Loss:0.0
INFO:root:Epoch:3, Step:64000, Average Loss:0.009241598603315651, Current Loss:0.0
INFO:root:Epoch:3, Step:64500, Average Loss:0.009226102580626805, Current Loss:0.0
INFO:root:Epoch:3, Step:65000, Average Loss:0.009206861642920054, Current Loss:0.0
INFO:root:Epoch:3, Step:65500, Average Loss:0.009179914267008541, Current Loss:0.0
INFO:root:Epoch:3, Step:66000, Average Loss:0.009168944783960327, Current Loss:0.0
INFO:root:Epoch:3, Step:66500, Average Loss:0.009151736026419733, Current Loss:0.0
INFO:root:Epoch:3, Step:67000, Average Loss:0.009134296409007328, Current Loss:0.0
INFO:root:Epoch:3, Step:67500, Average Loss:0.009113348913855023, Current Loss:0.0
INFO:root:Epoch:3, Step:68000, Average Loss:0.009102257624706801, Current Loss:0.0
INFO:root:Epoch:3, Step:68500, Average Loss:0.009094586059559871, Current Loss:0.0
INFO:root:Epoch:3, Step:69000, Average Loss:0.009087342455335285, Current Loss:0.0
INFO:root:Epoch:3, Step:69500, Average Loss:0.00906823289287176, Current Loss:0.0
INFO:root:Epoch:4, Step:500, Average Loss:0.008429247826337815, Current Loss:0.03657101094722748
INFO:root:Epoch:4, Step:1000, Average Loss:0.008964376002550125, Current Loss:0.0
INFO:root:Epoch:4, Step:1500, Average Loss:0.008719447056452433, Current Loss:0.09958884119987488
INFO:root:Epoch:4, Step:2000, Average Loss:0.009220372542738914, Current Loss:0.0
INFO:root:Epoch:4, Step:2500, Average Loss:0.00884404672384262, Current Loss:0.05319228768348694
INFO:root:Epoch:4, Step:3000, Average Loss:0.008819905196626981, Current Loss:0.0
INFO:root:Epoch:4, Step:3500, Average Loss:0.0088003819669996, Current Loss:0.0
INFO:root:Epoch:4, Step:4000, Average Loss:0.008603808548301459, Current Loss:0.0
INFO:root:Epoch:4, Step:4500, Average Loss:0.008617363545629713, Current Loss:0.0
INFO:root:Epoch:4, Step:5000, Average Loss:0.008674714824557304, Current Loss:0.0
INFO:root:Epoch:4, Step:5500, Average Loss:0.008630253052169627, Current Loss:0.04853074252605438
INFO:root:Epoch:4, Step:6000, Average Loss:0.008581204866369565, Current Loss:0.0
INFO:root:Epoch:4, Step:6500, Average Loss:0.00860732639523653, Current Loss:0.0
INFO:root:Epoch:4, Step:7000, Average Loss:0.008700412337269103, Current Loss:0.0
INFO:root:Epoch:4, Step:7500, Average Loss:0.008688944268226624, Current Loss:0.0
INFO:root:Epoch:4, Step:8000, Average Loss:0.008653726693242788, Current Loss:0.0
INFO:root:Epoch:4, Step:8500, Average Loss:0.008625102605889825, Current Loss:0.0
INFO:root:Epoch:4, Step:9000, Average Loss:0.008671730723645951, Current Loss:0.0
INFO:root:Epoch:4, Step:9500, Average Loss:0.00866604439208382, Current Loss:0.0381954163312912
INFO:root:Epoch:4, Step:10000, Average Loss:0.008592741651833057, Current Loss:0.0
INFO:root:Epoch:4, Step:10500, Average Loss:0.008541086695023946, Current Loss:0.0
INFO:root:Epoch:4, Step:11000, Average Loss:0.008487911362539638, Current Loss:0.0
INFO:root:Epoch:4, Step:11500, Average Loss:0.008481823402902355, Current Loss:0.0033871829509735107
INFO:root:Epoch:4, Step:12000, Average Loss:0.008464283818999926, Current Loss:0.03445295989513397
INFO:root:Epoch:4, Step:12500, Average Loss:0.00849300373673439, Current Loss:0.002793431282043457
INFO:root:Epoch:4, Step:13000, Average Loss:0.00847865316271782, Current Loss:0.0
INFO:root:Epoch:4, Step:13500, Average Loss:0.00845398841963874, Current Loss:0.01599481701850891
INFO:root:Epoch:4, Step:14000, Average Loss:0.00848810229769775, Current Loss:0.0
INFO:root:Epoch:4, Step:14500, Average Loss:0.00848575577859221, Current Loss:0.0
INFO:root:Epoch:4, Step:15000, Average Loss:0.008445860214034717, Current Loss:0.0
INFO:root:Epoch:4, Step:15500, Average Loss:0.008396254777908325, Current Loss:0.0
INFO:root:Epoch:4, Step:16000, Average Loss:0.00837067054770887, Current Loss:0.0
INFO:root:Epoch:4, Step:16500, Average Loss:0.008345278143882752, Current Loss:0.0
INFO:root:Epoch:4, Step:17000, Average Loss:0.008354644709650208, Current Loss:0.0
INFO:root:Epoch:4, Step:17500, Average Loss:0.008374673108543668, Current Loss:0.0
INFO:root:Epoch:4, Step:18000, Average Loss:0.008383445521195729, Current Loss:0.0
INFO:root:Epoch:4, Step:18500, Average Loss:0.008377634969917504, Current Loss:0.0
INFO:root:Epoch:4, Step:19000, Average Loss:0.008350934992495337, Current Loss:0.015711739659309387
INFO:root:Epoch:4, Step:19500, Average Loss:0.008356983453799517, Current Loss:0.0
INFO:root:Epoch:4, Step:20000, Average Loss:0.008383620619773866, Current Loss:0.0
INFO:root:Epoch:4, Step:20500, Average Loss:0.008335229275430121, Current Loss:0.0
INFO:root:Epoch:4, Step:21000, Average Loss:0.008383888571035295, Current Loss:0.0
INFO:root:Epoch:4, Step:21500, Average Loss:0.008397397868855055, Current Loss:0.0
INFO:root:Epoch:4, Step:22000, Average Loss:0.008371959982947869, Current Loss:0.0
INFO:root:Epoch:4, Step:22500, Average Loss:0.008355360205305947, Current Loss:0.0
INFO:root:Epoch:4, Step:23000, Average Loss:0.00834876307780328, Current Loss:0.0
INFO:root:Epoch:4, Step:23500, Average Loss:0.008346743505685887, Current Loss:0.0
INFO:root:Epoch:4, Step:24000, Average Loss:0.008330442188307642, Current Loss:0.0
INFO:root:Epoch:4, Step:24500, Average Loss:0.008329497460808072, Current Loss:0.0
INFO:root:Epoch:4, Step:25000, Average Loss:0.008276502137184142, Current Loss:0.0
INFO:root:Epoch:4, Step:25500, Average Loss:0.008267669733248505, Current Loss:0.0
INFO:root:Epoch:4, Step:26000, Average Loss:0.008252685345136202, Current Loss:0.0
INFO:root:Epoch:4, Step:26500, Average Loss:0.008235879356568714, Current Loss:0.030240774154663086
INFO:root:Epoch:4, Step:27000, Average Loss:0.008224693181890029, Current Loss:0.0
INFO:root:Epoch:4, Step:27500, Average Loss:0.00820279490460049, Current Loss:0.0
INFO:root:Epoch:4, Step:28000, Average Loss:0.008183216205132859, Current Loss:0.0
INFO:root:Epoch:4, Step:28500, Average Loss:0.008182580890362723, Current Loss:0.0
INFO:root:Epoch:4, Step:29000, Average Loss:0.008161079725828664, Current Loss:0.012062668800354004
INFO:root:Epoch:4, Step:29500, Average Loss:0.008147685078746181, Current Loss:0.0
INFO:root:Epoch:4, Step:30000, Average Loss:0.008147234211862087, Current Loss:0.0
INFO:root:Evaluation --- MRR :{1: 0.5050228310502283, 2: 0.5765818656229615, 3: 0.597412480974126, 5: 0.6134203087627725, 10: 0.6226944263245622, 15: 0.6249477937442686, 50: 0.6275031422390024, 100: 0.6277642544067413}, HIT:{1: 0.5050228310502283, 2: 0.6481409001956947, 3: 0.7106327462491846, 5: 0.7806914546640574, 10: 0.8486627527723418, 15: 0.8768427919112851, 50: 0.9388127853881278, 100: 0.9562948467058056}
INFO:root:Evaluation --- Max MRR:0.6253560815498181, Current MRR:{1: 0.5050228310502283, 2: 0.5765818656229615, 3: 0.597412480974126, 5: 0.6134203087627725, 10: 0.6226944263245622, 15: 0.6249477937442686, 50: 0.6275031422390024, 100: 0.6277642544067413}, Current HIT:{1: 0.5050228310502283, 2: 0.6481409001956947, 3: 0.7106327462491846, 5: 0.7806914546640574, 10: 0.8486627527723418, 15: 0.8768427919112851, 50: 0.9388127853881278, 100: 0.9562948467058056}
INFO:root:Epoch:4, Step:30500, Average Loss:0.008107773518464605, Current Loss:0.03814111649990082
INFO:root:Epoch:4, Step:31000, Average Loss:0.00807195622449921, Current Loss:0.0
INFO:root:Epoch:4, Step:31500, Average Loss:0.008027463106882005, Current Loss:0.0
INFO:root:Epoch:4, Step:32000, Average Loss:0.008010659337509423, Current Loss:0.0
INFO:root:Epoch:4, Step:32500, Average Loss:0.007973887751194147, Current Loss:0.004162341356277466
INFO:root:Epoch:4, Step:33000, Average Loss:0.007953498366655725, Current Loss:0.0
INFO:root:Epoch:4, Step:33500, Average Loss:0.007950091722296245, Current Loss:0.0
INFO:root:Epoch:4, Step:34000, Average Loss:0.007938535596079686, Current Loss:0.0
INFO:root:Epoch:4, Step:34500, Average Loss:0.007883791038955467, Current Loss:0.0
INFO:root:Epoch:4, Step:35000, Average Loss:0.007852630363191877, Current Loss:0.0
INFO:root:Epoch:4, Step:35500, Average Loss:0.007824119223675258, Current Loss:0.0
INFO:root:Epoch:4, Step:36000, Average Loss:0.007766910405208667, Current Loss:0.0
INFO:root:Epoch:4, Step:36500, Average Loss:0.007746178085673345, Current Loss:0.0
INFO:root:Epoch:4, Step:37000, Average Loss:0.007722768881433719, Current Loss:0.0
INFO:root:Epoch:4, Step:37500, Average Loss:0.007689883737166722, Current Loss:0.007036268711090088
INFO:root:Epoch:4, Step:38000, Average Loss:0.00766629755379338, Current Loss:0.005924224853515625
INFO:root:Epoch:4, Step:38500, Average Loss:0.007615869421463508, Current Loss:0.0
INFO:root:Epoch:4, Step:39000, Average Loss:0.0075685003648201625, Current Loss:0.0
INFO:root:Epoch:4, Step:39500, Average Loss:0.007536604653808135, Current Loss:0.0
INFO:root:Epoch:4, Step:40000, Average Loss:0.007507108851894736, Current Loss:0.0
INFO:root:Epoch:4, Step:40500, Average Loss:0.007455512992761753, Current Loss:0.0
INFO:root:Epoch:4, Step:41000, Average Loss:0.007437709078556154, Current Loss:0.0
INFO:root:Epoch:4, Step:41500, Average Loss:0.007434737636382321, Current Loss:0.0
INFO:root:Epoch:4, Step:42000, Average Loss:0.007410095025031339, Current Loss:0.0
INFO:root:Epoch:4, Step:42500, Average Loss:0.007389298933744431, Current Loss:0.0
INFO:root:Epoch:4, Step:43000, Average Loss:0.007363140927151192, Current Loss:0.0
INFO:root:Epoch:4, Step:43500, Average Loss:0.007360014320104972, Current Loss:0.0
INFO:root:Epoch:4, Step:44000, Average Loss:0.007355526427653703, Current Loss:0.0
INFO:root:Epoch:4, Step:44500, Average Loss:0.007327762016419615, Current Loss:0.0
INFO:root:Epoch:4, Step:45000, Average Loss:0.007301434324516191, Current Loss:0.0
INFO:root:Epoch:4, Step:45500, Average Loss:0.007270441890417875, Current Loss:0.0
INFO:root:Epoch:4, Step:46000, Average Loss:0.007241235515669636, Current Loss:0.0
INFO:root:Epoch:4, Step:46500, Average Loss:0.007236871133888921, Current Loss:0.0
INFO:root:Epoch:4, Step:47000, Average Loss:0.007214870611403851, Current Loss:0.0
INFO:root:Epoch:4, Step:47500, Average Loss:0.007204815709590912, Current Loss:0.0
INFO:root:Epoch:4, Step:48000, Average Loss:0.007197533419666191, Current Loss:0.0
INFO:root:Epoch:4, Step:48500, Average Loss:0.007173408562375098, Current Loss:0.067326620221138
INFO:root:Epoch:4, Step:49000, Average Loss:0.007162386101423478, Current Loss:0.0
INFO:root:Epoch:4, Step:49500, Average Loss:0.007141670079845371, Current Loss:0.003254920244216919
INFO:root:Epoch:4, Step:50000, Average Loss:0.007128013947010041, Current Loss:0.0
INFO:root:Epoch:4, Step:50500, Average Loss:0.007110151621964898, Current Loss:0.0
INFO:root:Epoch:4, Step:51000, Average Loss:0.007093413303880131, Current Loss:0.0
INFO:root:Epoch:4, Step:51500, Average Loss:0.007076121876540694, Current Loss:0.0
INFO:root:Epoch:4, Step:52000, Average Loss:0.00705143508200462, Current Loss:0.0
INFO:root:Epoch:4, Step:52500, Average Loss:0.007037090889896665, Current Loss:0.0
INFO:root:Epoch:4, Step:53000, Average Loss:0.007013064144073792, Current Loss:0.0
INFO:root:Epoch:4, Step:53500, Average Loss:0.0069878331328106814, Current Loss:0.0
INFO:root:Epoch:4, Step:54000, Average Loss:0.006974553748965264, Current Loss:0.0
INFO:root:Epoch:4, Step:54500, Average Loss:0.006969119182693849, Current Loss:0.0
INFO:root:Epoch:4, Step:55000, Average Loss:0.006957966350154443, Current Loss:0.0
INFO:root:Epoch:4, Step:55500, Average Loss:0.0069452458099201995, Current Loss:0.0
INFO:root:Epoch:4, Step:56000, Average Loss:0.006933954281466348, Current Loss:0.0027748197317123413
INFO:root:Epoch:4, Step:56500, Average Loss:0.00692253675344771, Current Loss:0.0
INFO:root:Epoch:4, Step:57000, Average Loss:0.006909670255686107, Current Loss:0.0
INFO:root:Epoch:4, Step:57500, Average Loss:0.006880992469061976, Current Loss:0.0
INFO:root:Epoch:4, Step:58000, Average Loss:0.006860513811995243, Current Loss:0.0
INFO:root:Epoch:4, Step:58500, Average Loss:0.006840428971836709, Current Loss:0.0
INFO:root:Epoch:4, Step:59000, Average Loss:0.00681859860859685, Current Loss:0.0
INFO:root:Epoch:4, Step:59500, Average Loss:0.006812560915195641, Current Loss:0.03682142496109009
INFO:root:Epoch:4, Step:60000, Average Loss:0.00679756010423104, Current Loss:0.0
INFO:root:Evaluation --- MRR :{1: 0.5201565557729941, 2: 0.5908675799086758, 3: 0.61317677756034, 5: 0.6273972602739708, 10: 0.6365663342962756, 15: 0.6387337667768183, 50: 0.6410892713027582, 100: 0.6413416546122466}, HIT:{1: 0.5201565557729941, 2: 0.6615786040443574, 3: 0.7285061969993477, 5: 0.7902152641878669, 10: 0.8575342465753425, 15: 0.8848010437051533, 50: 0.9409001956947163, 100: 0.9581213307240705}
INFO:root:Evaluation --- Max MRR:0.6253560815498181, Current MRR:{1: 0.5201565557729941, 2: 0.5908675799086758, 3: 0.61317677756034, 5: 0.6273972602739708, 10: 0.6365663342962756, 15: 0.6387337667768183, 50: 0.6410892713027582, 100: 0.6413416546122466}, Current HIT:{1: 0.5201565557729941, 2: 0.6615786040443574, 3: 0.7285061969993477, 5: 0.7902152641878669, 10: 0.8575342465753425, 15: 0.8848010437051533, 50: 0.9409001956947163, 100: 0.9581213307240705}
INFO:root:Epoch:4, Step:60500, Average Loss:0.006786742135512927, Current Loss:0.0
INFO:root:Epoch:4, Step:61000, Average Loss:0.00677497472992686, Current Loss:0.0
INFO:root:Epoch:4, Step:61500, Average Loss:0.00675010386884697, Current Loss:0.062121450901031494
INFO:root:Epoch:4, Step:62000, Average Loss:0.006742799636817748, Current Loss:0.0
INFO:root:Epoch:4, Step:62500, Average Loss:0.006726524303197861, Current Loss:0.0
INFO:root:Epoch:4, Step:63000, Average Loss:0.00671023266797974, Current Loss:0.0
INFO:root:Epoch:4, Step:63500, Average Loss:0.006696498726061949, Current Loss:0.0
INFO:root:Epoch:4, Step:64000, Average Loss:0.006683070339728147, Current Loss:0.0
INFO:root:Epoch:4, Step:64500, Average Loss:0.006675805336052133, Current Loss:0.0
INFO:root:Epoch:4, Step:65000, Average Loss:0.006655086907515159, Current Loss:0.0
INFO:root:Epoch:4, Step:65500, Average Loss:0.006641966281501392, Current Loss:0.0
INFO:root:Epoch:4, Step:66000, Average Loss:0.006629449477701476, Current Loss:0.0
INFO:root:Epoch:4, Step:66500, Average Loss:0.006620587665111499, Current Loss:0.0
INFO:root:Epoch:4, Step:67000, Average Loss:0.006608388613631476, Current Loss:0.0
INFO:root:Epoch:4, Step:67500, Average Loss:0.006597527446790978, Current Loss:0.0
INFO:root:Epoch:4, Step:68000, Average Loss:0.006588670872370987, Current Loss:0.0
INFO:root:Epoch:4, Step:68500, Average Loss:0.0065816569965686245, Current Loss:0.0
INFO:root:Epoch:4, Step:69000, Average Loss:0.006570428036261296, Current Loss:0.0
INFO:root:Epoch:4, Step:69500, Average Loss:0.006565111894401715, Current Loss:0.0
INFO:root:Loading test dataset...
INFO:root:Start testing...
INFO:root:Evaluation --- MRR :{1: 0.46533834107836275, 2: 0.5302056146158253, 3: 0.5511702421117357, 5: 0.566215757421431, 10: 0.5764147435450504, 15: 0.579173010804559, 50: 0.5821272056150086, 100: 0.5825444028622571}, HIT:{1: 0.46533834107836275, 2: 0.595072888153288, 3: 0.6579667706410338, 5: 0.7232159908332803, 10: 0.7985867973772997, 15: 0.8335349162900249, 50: 0.9082054873002737, 100: 0.9368514864090649}
