INFO:root:Loading train dataset...
INFO:root:Loading eval dataset...
INFO:root:Loading encoder...
INFO:root:Start training...
INFO:root:Epoch:1, Step:500, Average Loss:0.28613645255565645, Current Loss:0.0
INFO:root:Epoch:1, Step:1000, Average Loss:0.18401620368659496, Current Loss:0.12832552194595337
INFO:root:Epoch:1, Step:1500, Average Loss:0.14408773492773375, Current Loss:0.056594088673591614
INFO:root:Epoch:1, Step:2000, Average Loss:0.12131519570201635, Current Loss:0.06529772281646729
INFO:root:Epoch:1, Step:2500, Average Loss:0.10696326862573624, Current Loss:0.2188715934753418
INFO:root:Epoch:1, Step:3000, Average Loss:0.09724510699013869, Current Loss:0.03558477759361267
INFO:root:Epoch:1, Step:3500, Average Loss:0.08940377353770393, Current Loss:0.06631414592266083
INFO:root:Epoch:1, Step:4000, Average Loss:0.08310100125148892, Current Loss:0.0
INFO:root:Epoch:1, Step:4500, Average Loss:0.07878157317638397, Current Loss:0.02877366542816162
INFO:root:Epoch:1, Step:5000, Average Loss:0.07481788181960583, Current Loss:0.0
INFO:root:Epoch:1, Step:5500, Average Loss:0.07151739777489143, Current Loss:0.0
INFO:root:Epoch:1, Step:6000, Average Loss:0.0688530217334628, Current Loss:0.0
INFO:root:Epoch:1, Step:6500, Average Loss:0.06609126216402421, Current Loss:0.0
INFO:root:Epoch:1, Step:7000, Average Loss:0.06380741066379207, Current Loss:0.0
INFO:root:Epoch:1, Step:7500, Average Loss:0.06200995186964671, Current Loss:0.06370818614959717
INFO:root:Epoch:1, Step:8000, Average Loss:0.06033016317337751, Current Loss:0.0
INFO:root:Epoch:1, Step:8500, Average Loss:0.05888301636366283, Current Loss:0.0
INFO:root:Epoch:1, Step:9000, Average Loss:0.05727588091790676, Current Loss:0.033578261733055115
INFO:root:Epoch:1, Step:9500, Average Loss:0.055955051982089096, Current Loss:0.13004563748836517
INFO:root:Epoch:1, Step:10000, Average Loss:0.054826064428687094, Current Loss:0.13749584555625916
INFO:root:Epoch:1, Step:10500, Average Loss:0.05372582639399029, Current Loss:0.07290996611118317
INFO:root:Epoch:1, Step:11000, Average Loss:0.052749132252552296, Current Loss:0.08907563984394073
INFO:root:Epoch:1, Step:11500, Average Loss:0.051880621172811676, Current Loss:0.07790862023830414
INFO:root:Epoch:1, Step:12000, Average Loss:0.051003728214651343, Current Loss:0.0
INFO:root:Epoch:1, Step:12500, Average Loss:0.050123652540445325, Current Loss:0.005609557032585144
INFO:root:Epoch:1, Step:13000, Average Loss:0.04928178031054827, Current Loss:0.041131481528282166
INFO:root:Epoch:1, Step:13500, Average Loss:0.04859549806404997, Current Loss:0.025060072541236877
INFO:root:Epoch:1, Step:14000, Average Loss:0.048021071799099445, Current Loss:0.0
INFO:root:Epoch:1, Step:14500, Average Loss:0.04737012536258533, Current Loss:0.0
INFO:root:Epoch:1, Step:15000, Average Loss:0.04696630161603292, Current Loss:0.03830084204673767
INFO:root:Epoch:1, Step:15500, Average Loss:0.046291052265513326, Current Loss:0.0
INFO:root:Epoch:1, Step:16000, Average Loss:0.04564346032310277, Current Loss:0.005869582295417786
INFO:root:Epoch:1, Step:16500, Average Loss:0.04508759276523735, Current Loss:0.19235149025917053
INFO:root:Epoch:1, Step:17000, Average Loss:0.04462190793104032, Current Loss:0.02992233633995056
INFO:root:Epoch:1, Step:17500, Average Loss:0.04420040860772133, Current Loss:0.04021608829498291
INFO:root:Epoch:1, Step:18000, Average Loss:0.04390152046415541, Current Loss:0.0
INFO:root:Epoch:1, Step:18500, Average Loss:0.04346090391117173, Current Loss:0.02991357445716858
INFO:root:Epoch:1, Step:19000, Average Loss:0.04313580703813779, Current Loss:0.0666106641292572
INFO:root:Epoch:1, Step:19500, Average Loss:0.042690393259127934, Current Loss:0.039492279291152954
INFO:root:Epoch:1, Step:20000, Average Loss:0.04228830744996667, Current Loss:0.01408703625202179
INFO:root:Epoch:1, Step:20500, Average Loss:0.04192822309383532, Current Loss:0.0
INFO:root:Epoch:1, Step:21000, Average Loss:0.04156781275144645, Current Loss:0.01128077507019043
INFO:root:Epoch:1, Step:21500, Average Loss:0.04121402110124743, Current Loss:0.007931575179100037
INFO:root:Epoch:1, Step:22000, Average Loss:0.040899292659353124, Current Loss:0.007418841123580933
INFO:root:Epoch:1, Step:22500, Average Loss:0.04055130675037702, Current Loss:0.043153971433639526
INFO:root:Epoch:1, Step:23000, Average Loss:0.040260359721987146, Current Loss:0.11193208396434784
INFO:root:Epoch:1, Step:23500, Average Loss:0.0399349700421729, Current Loss:0.0
INFO:root:Epoch:1, Step:24000, Average Loss:0.03963760032691061, Current Loss:0.003832384943962097
INFO:root:Epoch:1, Step:24500, Average Loss:0.03941298392962436, Current Loss:0.11333324015140533
INFO:root:Epoch:1, Step:25000, Average Loss:0.039117038255929944, Current Loss:0.0
INFO:root:Epoch:1, Step:25500, Average Loss:0.03877060677023495, Current Loss:0.03769487142562866
INFO:root:Epoch:1, Step:26000, Average Loss:0.038520612291418586, Current Loss:0.15800036489963531
INFO:root:Epoch:1, Step:26500, Average Loss:0.03827389520969031, Current Loss:0.0
INFO:root:Epoch:1, Step:27000, Average Loss:0.03807984636061722, Current Loss:0.054665520787239075
INFO:root:Epoch:1, Step:27500, Average Loss:0.037821143634752794, Current Loss:0.0
INFO:root:Epoch:1, Step:28000, Average Loss:0.03764023221018059, Current Loss:0.0
INFO:root:Epoch:1, Step:28500, Average Loss:0.03741494414471743, Current Loss:0.0
INFO:root:Epoch:1, Step:29000, Average Loss:0.03718706694348105, Current Loss:0.0
INFO:root:Epoch:1, Step:29500, Average Loss:0.037020834240872984, Current Loss:0.06966380774974823
INFO:root:Epoch:1, Step:30000, Average Loss:0.03681432405461867, Current Loss:0.05418606102466583
INFO:root:Evaluation --- MRR :{1: 0.40769732550554466, 2: 0.4700587084148728, 3: 0.4930202217873488, 5: 0.5084931506849337, 10: 0.5195850029509553, 15: 0.5229909251435686, 50: 0.5267246038729686, 100: 0.5272316958564741}, HIT:{1: 0.40769732550554466, 2: 0.5324200913242009, 3: 0.6013046314416177, 5: 0.6691454664057404, 10: 0.7510763209393346, 15: 0.7941291585127201, 50: 0.8891063274624919, 100: 0.9235485975212002}
INFO:root:Evaluation --- Max MRR:0, Current MRR:{1: 0.40769732550554466, 2: 0.4700587084148728, 3: 0.4930202217873488, 5: 0.5084931506849337, 10: 0.5195850029509553, 15: 0.5229909251435686, 50: 0.5267246038729686, 100: 0.5272316958564741}, Current HIT:{1: 0.40769732550554466, 2: 0.5324200913242009, 3: 0.6013046314416177, 5: 0.6691454664057404, 10: 0.7510763209393346, 15: 0.7941291585127201, 50: 0.8891063274624919, 100: 0.9235485975212002}
INFO:root:Epoch:1, Step:30500, Average Loss:0.03654724372752377, Current Loss:0.006026402115821838
INFO:root:Epoch:1, Step:31000, Average Loss:0.03628838141118326, Current Loss:0.0
INFO:root:Epoch:1, Step:31500, Average Loss:0.03599620933286728, Current Loss:0.0
INFO:root:Epoch:1, Step:32000, Average Loss:0.03577793163433671, Current Loss:0.0
INFO:root:Epoch:1, Step:32500, Average Loss:0.03553127058515182, Current Loss:0.13472850620746613
INFO:root:Epoch:1, Step:33000, Average Loss:0.03530837158407226, Current Loss:0.08067409694194794
INFO:root:Epoch:1, Step:33500, Average Loss:0.03511627840150648, Current Loss:0.008148685097694397
INFO:root:Epoch:1, Step:34000, Average Loss:0.0348807576982414, Current Loss:0.0976564884185791
INFO:root:Epoch:1, Step:34500, Average Loss:0.03470554406573807, Current Loss:0.0
INFO:root:Epoch:1, Step:35000, Average Loss:0.034460123393365315, Current Loss:0.0
INFO:root:Epoch:1, Step:35500, Average Loss:0.03429059845209122, Current Loss:0.021046236157417297
INFO:root:Epoch:1, Step:36000, Average Loss:0.034116555308716164, Current Loss:0.014255881309509277
INFO:root:Epoch:1, Step:36500, Average Loss:0.033929889521778445, Current Loss:0.0
INFO:root:Epoch:1, Step:37000, Average Loss:0.03375623704170858, Current Loss:0.0
INFO:root:Epoch:1, Step:37500, Average Loss:0.0335713840007782, Current Loss:0.0
INFO:root:Epoch:1, Step:38000, Average Loss:0.0333685843062244, Current Loss:0.0
INFO:root:Epoch:1, Step:38500, Average Loss:0.033212737405842, Current Loss:0.0
INFO:root:Epoch:1, Step:39000, Average Loss:0.03302902319416022, Current Loss:0.0
INFO:root:Epoch:1, Step:39500, Average Loss:0.03282674865707567, Current Loss:0.0
INFO:root:Epoch:1, Step:40000, Average Loss:0.032623627474159, Current Loss:0.0
INFO:root:Epoch:1, Step:40500, Average Loss:0.03246694107004154, Current Loss:0.011751234531402588
INFO:root:Epoch:1, Step:41000, Average Loss:0.0322808489465132, Current Loss:0.022398680448532104
INFO:root:Epoch:1, Step:41500, Average Loss:0.03215979947598584, Current Loss:0.0
INFO:root:Epoch:1, Step:42000, Average Loss:0.03205043786551271, Current Loss:0.0
INFO:root:Epoch:1, Step:42500, Average Loss:0.031910399127357145, Current Loss:0.025813579559326172
INFO:root:Epoch:1, Step:43000, Average Loss:0.03172847882744878, Current Loss:0.0
INFO:root:Epoch:1, Step:43500, Average Loss:0.03155016945148337, Current Loss:0.1570500135421753
INFO:root:Epoch:1, Step:44000, Average Loss:0.03138869003748352, Current Loss:0.0011642873287200928
INFO:root:Epoch:1, Step:44500, Average Loss:0.031226881199003607, Current Loss:0.07989779114723206
INFO:root:Epoch:1, Step:45000, Average Loss:0.031085782407389746, Current Loss:0.0
INFO:root:Epoch:1, Step:45500, Average Loss:0.03097192687025437, Current Loss:0.0
INFO:root:Epoch:1, Step:46000, Average Loss:0.03082142848391896, Current Loss:0.03364686667919159
INFO:root:Epoch:1, Step:46500, Average Loss:0.030691178684593527, Current Loss:0.0
INFO:root:Epoch:1, Step:47000, Average Loss:0.03056181798558286, Current Loss:0.05393378436565399
INFO:root:Epoch:1, Step:47500, Average Loss:0.030430171048954912, Current Loss:0.0
INFO:root:Epoch:1, Step:48000, Average Loss:0.030313643588063616, Current Loss:0.08381041884422302
INFO:root:Epoch:1, Step:48500, Average Loss:0.030205620046436173, Current Loss:0.07070402801036835
INFO:root:Epoch:1, Step:49000, Average Loss:0.030098947459945874, Current Loss:0.0
INFO:root:Epoch:1, Step:49500, Average Loss:0.029977896060606447, Current Loss:0.0
INFO:root:Epoch:1, Step:50000, Average Loss:0.029843162482976915, Current Loss:0.0
INFO:root:Epoch:1, Step:50500, Average Loss:0.029695260404065105, Current Loss:0.0
INFO:root:Epoch:1, Step:51000, Average Loss:0.029555530814271348, Current Loss:0.0
INFO:root:Epoch:1, Step:51500, Average Loss:0.02943151972652639, Current Loss:0.0
INFO:root:Epoch:1, Step:52000, Average Loss:0.029307320705686625, Current Loss:0.0
INFO:root:Epoch:1, Step:52500, Average Loss:0.02921129165802683, Current Loss:0.0
INFO:root:Epoch:1, Step:53000, Average Loss:0.02912785879058658, Current Loss:0.018067359924316406
INFO:root:Epoch:1, Step:53500, Average Loss:0.029003776412143887, Current Loss:0.0
INFO:root:Epoch:1, Step:54000, Average Loss:0.02889165334707057, Current Loss:0.0
INFO:root:Epoch:1, Step:54500, Average Loss:0.028773210553674523, Current Loss:0.0
INFO:root:Epoch:1, Step:55000, Average Loss:0.028668895198811183, Current Loss:0.0
INFO:root:Epoch:1, Step:55500, Average Loss:0.028555671939710238, Current Loss:0.0
INFO:root:Epoch:1, Step:56000, Average Loss:0.02846393823011645, Current Loss:0.0
INFO:root:Epoch:1, Step:56500, Average Loss:0.028353935804778494, Current Loss:0.0
INFO:root:Epoch:1, Step:57000, Average Loss:0.02824397910059544, Current Loss:0.028435975313186646
INFO:root:Epoch:1, Step:57500, Average Loss:0.02813377706227095, Current Loss:0.0
INFO:root:Epoch:1, Step:58000, Average Loss:0.028011699714280407, Current Loss:0.034787774085998535
INFO:root:Epoch:1, Step:58500, Average Loss:0.027922117616376307, Current Loss:0.002865523099899292
INFO:root:Epoch:1, Step:59000, Average Loss:0.027832359274565163, Current Loss:0.0
INFO:root:Epoch:1, Step:59500, Average Loss:0.02775007040185087, Current Loss:0.026340261101722717
INFO:root:Epoch:1, Step:60000, Average Loss:0.02765056398808956, Current Loss:0.16533398628234863
INFO:root:Evaluation --- MRR :{1: 0.46966731898238745, 2: 0.5365296803652968, 3: 0.5578821482931101, 5: 0.5743335507719071, 10: 0.5843565889064923, 15: 0.5873729376371244, 50: 0.5902270705350576, 100: 0.590589133304815}, HIT:{1: 0.46966731898238745, 2: 0.6033920417482062, 3: 0.6674494455316373, 5: 0.7393346379647749, 10: 0.812133072407045, 15: 0.8502283105022831, 50: 0.919634703196347, 100: 0.9453359425962166}
INFO:root:Evaluation --- Max MRR:0.5195850029509553, Current MRR:{1: 0.46966731898238745, 2: 0.5365296803652968, 3: 0.5578821482931101, 5: 0.5743335507719071, 10: 0.5843565889064923, 15: 0.5873729376371244, 50: 0.5902270705350576, 100: 0.590589133304815}, Current HIT:{1: 0.46966731898238745, 2: 0.6033920417482062, 3: 0.6674494455316373, 5: 0.7393346379647749, 10: 0.812133072407045, 15: 0.8502283105022831, 50: 0.919634703196347, 100: 0.9453359425962166}
INFO:root:Epoch:1, Step:60500, Average Loss:0.027580123890529978, Current Loss:0.0
INFO:root:Epoch:1, Step:61000, Average Loss:0.027496636704343266, Current Loss:0.0
INFO:root:Epoch:1, Step:61500, Average Loss:0.02742247641571169, Current Loss:0.0025200247764587402
INFO:root:Epoch:1, Step:62000, Average Loss:0.027325813921468874, Current Loss:0.0
INFO:root:Epoch:1, Step:62500, Average Loss:0.027243641696929933, Current Loss:0.0
INFO:root:Epoch:1, Step:63000, Average Loss:0.027151878199170507, Current Loss:0.0215376615524292
INFO:root:Epoch:1, Step:63500, Average Loss:0.02705200342306002, Current Loss:0.0
INFO:root:Epoch:1, Step:64000, Average Loss:0.026973757473519072, Current Loss:0.0
INFO:root:Epoch:1, Step:64500, Average Loss:0.026905585920394853, Current Loss:0.0
INFO:root:Epoch:1, Step:65000, Average Loss:0.026807976602591002, Current Loss:0.0
INFO:root:Epoch:1, Step:65500, Average Loss:0.02671612640601078, Current Loss:0.0
INFO:root:Epoch:1, Step:66000, Average Loss:0.026646160223944622, Current Loss:0.13286885619163513
INFO:root:Epoch:1, Step:66500, Average Loss:0.026558512475929764, Current Loss:0.0
INFO:root:Epoch:1, Step:67000, Average Loss:0.026467409875855517, Current Loss:0.0
INFO:root:Epoch:1, Step:67500, Average Loss:0.026393060302734375, Current Loss:0.0027565956115722656
INFO:root:Epoch:1, Step:68000, Average Loss:0.02631450206545346, Current Loss:0.0
INFO:root:Epoch:1, Step:68500, Average Loss:0.026253344395517433, Current Loss:0.0
INFO:root:Epoch:1, Step:69000, Average Loss:0.02618926396685234, Current Loss:0.053578346967697144
INFO:root:Epoch:1, Step:69500, Average Loss:0.026104538780965393, Current Loss:0.0
INFO:root:Epoch:2, Step:500, Average Loss:0.01998793175816536, Current Loss:0.0
INFO:root:Epoch:2, Step:1000, Average Loss:0.01724825358390808, Current Loss:0.0
INFO:root:Epoch:2, Step:1500, Average Loss:0.017595840990543364, Current Loss:0.01523500680923462
INFO:root:Epoch:2, Step:2000, Average Loss:0.017823717780411242, Current Loss:0.0
INFO:root:Epoch:2, Step:2500, Average Loss:0.017294038379192352, Current Loss:0.0
INFO:root:Epoch:2, Step:3000, Average Loss:0.01713351833820343, Current Loss:0.07832708954811096
INFO:root:Epoch:2, Step:3500, Average Loss:0.01729309887971197, Current Loss:0.0
INFO:root:Epoch:2, Step:4000, Average Loss:0.017112090356647968, Current Loss:0.0
INFO:root:Epoch:2, Step:4500, Average Loss:0.016912295973963206, Current Loss:0.0
INFO:root:Epoch:2, Step:5000, Average Loss:0.01683375228047371, Current Loss:0.0
INFO:root:Epoch:2, Step:5500, Average Loss:0.016715352952480316, Current Loss:0.0
INFO:root:Epoch:2, Step:6000, Average Loss:0.016705639297763506, Current Loss:0.008882388472557068
INFO:root:Epoch:2, Step:6500, Average Loss:0.016559607072518422, Current Loss:0.011257722973823547
INFO:root:Epoch:2, Step:7000, Average Loss:0.01655997276519026, Current Loss:0.0
INFO:root:Epoch:2, Step:7500, Average Loss:0.016585945808887483, Current Loss:0.0
INFO:root:Epoch:2, Step:8000, Average Loss:0.016477915223687887, Current Loss:0.050688132643699646
INFO:root:Epoch:2, Step:8500, Average Loss:0.016467012996182723, Current Loss:0.03998374938964844
INFO:root:Epoch:2, Step:9000, Average Loss:0.016620371936096084, Current Loss:0.0
INFO:root:Epoch:2, Step:9500, Average Loss:0.016688559295315493, Current Loss:0.03048233687877655
INFO:root:Epoch:2, Step:10000, Average Loss:0.016747474209964277, Current Loss:0.0
INFO:root:Epoch:2, Step:10500, Average Loss:0.016696255390133176, Current Loss:0.0
INFO:root:Epoch:2, Step:11000, Average Loss:0.016690034530379556, Current Loss:0.0
INFO:root:Epoch:2, Step:11500, Average Loss:0.0166386858522892, Current Loss:0.013670772314071655
INFO:root:Epoch:2, Step:12000, Average Loss:0.016668079944948355, Current Loss:0.07616522908210754
INFO:root:Epoch:2, Step:12500, Average Loss:0.016653642013072966, Current Loss:0.0
INFO:root:Epoch:2, Step:13000, Average Loss:0.01671444062773998, Current Loss:0.022584617137908936
INFO:root:Epoch:2, Step:13500, Average Loss:0.016735422030643182, Current Loss:0.0
INFO:root:Epoch:2, Step:14000, Average Loss:0.016664561918803625, Current Loss:0.014473885297775269
INFO:root:Epoch:2, Step:14500, Average Loss:0.016709072833431177, Current Loss:0.0
INFO:root:Epoch:2, Step:15000, Average Loss:0.01672929561237494, Current Loss:0.01956331729888916
INFO:root:Epoch:2, Step:15500, Average Loss:0.01666499188734639, Current Loss:0.0
INFO:root:Epoch:2, Step:16000, Average Loss:0.01660781800094992, Current Loss:0.0
INFO:root:Epoch:2, Step:16500, Average Loss:0.016582467558709058, Current Loss:0.0
INFO:root:Epoch:2, Step:17000, Average Loss:0.01650805246479371, Current Loss:0.0
INFO:root:Epoch:2, Step:17500, Average Loss:0.016441808594124658, Current Loss:0.0
INFO:root:Epoch:2, Step:18000, Average Loss:0.016397996350295013, Current Loss:0.029003113508224487
INFO:root:Epoch:2, Step:18500, Average Loss:0.016423244481151168, Current Loss:0.0
INFO:root:Epoch:2, Step:19000, Average Loss:0.016418555721640585, Current Loss:0.026264235377311707
INFO:root:Epoch:2, Step:19500, Average Loss:0.01635704500629352, Current Loss:0.0
INFO:root:Epoch:2, Step:20000, Average Loss:0.016321833001822234, Current Loss:0.0
INFO:root:Epoch:2, Step:20500, Average Loss:0.01630633580830039, Current Loss:0.0
INFO:root:Epoch:2, Step:21000, Average Loss:0.01627633372658775, Current Loss:0.0
INFO:root:Epoch:2, Step:21500, Average Loss:0.01622690810782965, Current Loss:0.0
INFO:root:Epoch:2, Step:22000, Average Loss:0.0161657060587948, Current Loss:0.03983652591705322
INFO:root:Epoch:2, Step:22500, Average Loss:0.016158103868696424, Current Loss:0.008265882730484009
INFO:root:Epoch:2, Step:23000, Average Loss:0.016112820683614068, Current Loss:0.0
INFO:root:Epoch:2, Step:23500, Average Loss:0.016122604840613425, Current Loss:0.0
INFO:root:Epoch:2, Step:24000, Average Loss:0.016052377741162974, Current Loss:0.0011601746082305908
INFO:root:Epoch:2, Step:24500, Average Loss:0.016101490732358427, Current Loss:0.0
INFO:root:Epoch:2, Step:25000, Average Loss:0.016071880704164505, Current Loss:0.0
INFO:root:Epoch:2, Step:25500, Average Loss:0.016070857241457584, Current Loss:0.0
INFO:root:Epoch:2, Step:26000, Average Loss:0.01605334466466537, Current Loss:0.0
INFO:root:Epoch:2, Step:26500, Average Loss:0.016077947550787116, Current Loss:0.0
INFO:root:Epoch:2, Step:27000, Average Loss:0.016103880324297482, Current Loss:0.05973334610462189
INFO:root:Epoch:2, Step:27500, Average Loss:0.016080014074390584, Current Loss:0.013980701565742493
INFO:root:Epoch:2, Step:28000, Average Loss:0.016063881465366907, Current Loss:0.030215829610824585
INFO:root:Epoch:2, Step:28500, Average Loss:0.016041473934524937, Current Loss:0.0
INFO:root:Epoch:2, Step:29000, Average Loss:0.016039079605505383, Current Loss:0.0
INFO:root:Epoch:2, Step:29500, Average Loss:0.01606669024693764, Current Loss:0.05766169726848602
INFO:root:Epoch:2, Step:30000, Average Loss:0.016060244463384152, Current Loss:0.0
INFO:root:Evaluation --- MRR :{1: 0.4757990867579909, 2: 0.543313763861709, 3: 0.5639269406392715, 5: 0.580273972602739, 10: 0.5907713374543127, 15: 0.5933340693516812, 50: 0.5961221332815466, 100: 0.5964679764051642}, HIT:{1: 0.4757990867579909, 2: 0.6108284409654273, 3: 0.6726679712981083, 5: 0.7440313111545989, 10: 0.8217873450750163, 15: 0.8541422048271363, 50: 0.9242009132420091, 100: 0.9483365949119373}
INFO:root:Evaluation --- Max MRR:0.5843565889064923, Current MRR:{1: 0.4757990867579909, 2: 0.543313763861709, 3: 0.5639269406392715, 5: 0.580273972602739, 10: 0.5907713374543127, 15: 0.5933340693516812, 50: 0.5961221332815466, 100: 0.5964679764051642}, Current HIT:{1: 0.4757990867579909, 2: 0.6108284409654273, 3: 0.6726679712981083, 5: 0.7440313111545989, 10: 0.8217873450750163, 15: 0.8541422048271363, 50: 0.9242009132420091, 100: 0.9483365949119373}
INFO:root:Epoch:2, Step:30500, Average Loss:0.015961890767832273, Current Loss:0.0
INFO:root:Epoch:2, Step:31000, Average Loss:0.015886020749326674, Current Loss:0.004868894815444946
INFO:root:Epoch:2, Step:31500, Average Loss:0.015802066850283788, Current Loss:0.0
INFO:root:Epoch:2, Step:32000, Average Loss:0.015737115252763032, Current Loss:0.1828913688659668
INFO:root:Epoch:2, Step:32500, Average Loss:0.015669812041062575, Current Loss:0.0
INFO:root:Epoch:2, Step:33000, Average Loss:0.015581432938124194, Current Loss:0.0
INFO:root:Epoch:2, Step:33500, Average Loss:0.015525005660839935, Current Loss:0.0
INFO:root:Epoch:2, Step:34000, Average Loss:0.015469670062994255, Current Loss:0.0
INFO:root:Epoch:2, Step:34500, Average Loss:0.015409410012373026, Current Loss:0.0
INFO:root:Epoch:2, Step:35000, Average Loss:0.015373919451662473, Current Loss:0.0
INFO:root:Epoch:2, Step:35500, Average Loss:0.01531541204620415, Current Loss:0.004562109708786011
INFO:root:Epoch:2, Step:36000, Average Loss:0.015264433553235398, Current Loss:0.06851907074451447
INFO:root:Epoch:2, Step:36500, Average Loss:0.015243464131061346, Current Loss:0.1258724331855774
INFO:root:Epoch:2, Step:37000, Average Loss:0.015178472905948355, Current Loss:0.005883723497390747
INFO:root:Epoch:2, Step:37500, Average Loss:0.015122754201889039, Current Loss:0.0
INFO:root:Epoch:2, Step:38000, Average Loss:0.015064472212995353, Current Loss:0.0
INFO:root:Epoch:2, Step:38500, Average Loss:0.015060389018678046, Current Loss:0.0
INFO:root:Epoch:2, Step:39000, Average Loss:0.015015856739420156, Current Loss:0.0
INFO:root:Epoch:2, Step:39500, Average Loss:0.01495650747531577, Current Loss:0.0
INFO:root:Epoch:2, Step:40000, Average Loss:0.014928553109988571, Current Loss:0.0
INFO:root:Epoch:2, Step:40500, Average Loss:0.014897881759169661, Current Loss:0.0
INFO:root:Epoch:2, Step:41000, Average Loss:0.014837179151250095, Current Loss:0.0
INFO:root:Epoch:2, Step:41500, Average Loss:0.014786455588168409, Current Loss:0.006691113114356995
INFO:root:Epoch:2, Step:42000, Average Loss:0.014758442228393896, Current Loss:0.07687418162822723
INFO:root:Epoch:2, Step:42500, Average Loss:0.014739259532619925, Current Loss:0.0
INFO:root:Epoch:2, Step:43000, Average Loss:0.014701843883755596, Current Loss:0.08926628530025482
INFO:root:Epoch:2, Step:43500, Average Loss:0.014693392194208057, Current Loss:0.060134708881378174
INFO:root:Epoch:2, Step:44000, Average Loss:0.01466033375601877, Current Loss:0.004525661468505859
INFO:root:Epoch:2, Step:44500, Average Loss:0.014646424972944045, Current Loss:0.0
INFO:root:Epoch:2, Step:45000, Average Loss:0.014611690367592706, Current Loss:0.0
INFO:root:Epoch:2, Step:45500, Average Loss:0.01454770224926236, Current Loss:0.06558868288993835
INFO:root:Epoch:2, Step:46000, Average Loss:0.01450725024258313, Current Loss:0.0
INFO:root:Epoch:2, Step:46500, Average Loss:0.01445503403486744, Current Loss:0.0
INFO:root:Epoch:2, Step:47000, Average Loss:0.01442882110622335, Current Loss:0.0
INFO:root:Epoch:2, Step:47500, Average Loss:0.014401846433626977, Current Loss:0.0
INFO:root:Epoch:2, Step:48000, Average Loss:0.014392600644690294, Current Loss:0.037034764885902405
INFO:root:Epoch:2, Step:48500, Average Loss:0.014346709115910777, Current Loss:0.02853754162788391
INFO:root:Epoch:2, Step:49000, Average Loss:0.014324711795668212, Current Loss:0.0
INFO:root:Epoch:2, Step:49500, Average Loss:0.014309132748481, Current Loss:0.0
INFO:root:Epoch:2, Step:50000, Average Loss:0.014293494810461998, Current Loss:0.0
INFO:root:Epoch:2, Step:50500, Average Loss:0.01426109239252487, Current Loss:0.0
INFO:root:Epoch:2, Step:51000, Average Loss:0.014229102721985649, Current Loss:0.0
INFO:root:Epoch:2, Step:51500, Average Loss:0.014219022687488389, Current Loss:0.0
INFO:root:Epoch:2, Step:52000, Average Loss:0.01417480282428173, Current Loss:0.0
INFO:root:Epoch:2, Step:52500, Average Loss:0.014142752469437463, Current Loss:0.0
INFO:root:Epoch:2, Step:53000, Average Loss:0.014112265577574945, Current Loss:0.002042427659034729
INFO:root:Epoch:2, Step:53500, Average Loss:0.014086457903697112, Current Loss:0.0
INFO:root:Epoch:2, Step:54000, Average Loss:0.01407417678170734, Current Loss:0.0
INFO:root:Epoch:2, Step:54500, Average Loss:0.014059269076367037, Current Loss:0.0
INFO:root:Epoch:2, Step:55000, Average Loss:0.014022879284891215, Current Loss:0.0
INFO:root:Epoch:2, Step:55500, Average Loss:0.01398202550142735, Current Loss:0.0
INFO:root:Epoch:2, Step:56000, Average Loss:0.013963815270257848, Current Loss:0.0
INFO:root:Epoch:2, Step:56500, Average Loss:0.013936465015189838, Current Loss:0.0
INFO:root:Epoch:2, Step:57000, Average Loss:0.013922343010703723, Current Loss:0.0
INFO:root:Epoch:2, Step:57500, Average Loss:0.013898826567763868, Current Loss:0.046467944979667664
INFO:root:Epoch:2, Step:58000, Average Loss:0.01387671421237033, Current Loss:0.12483227252960205
INFO:root:Epoch:2, Step:58500, Average Loss:0.013840105127829771, Current Loss:0.06849744915962219
INFO:root:Epoch:2, Step:59000, Average Loss:0.013803220695863335, Current Loss:0.0
INFO:root:Epoch:2, Step:59500, Average Loss:0.013768866623399639, Current Loss:0.0
INFO:root:Epoch:2, Step:60000, Average Loss:0.01375381554638346, Current Loss:0.0
INFO:root:Evaluation --- MRR :{1: 0.4837573385518591, 2: 0.55146771037182, 3: 0.5718199608610596, 5: 0.5887606001304629, 10: 0.5984147692562574, 15: 0.6009694378970303, 50: 0.6035610937301075, 100: 0.6039196534962273}, HIT:{1: 0.4837573385518591, 2: 0.6191780821917808, 3: 0.6802348336594912, 5: 0.7542074363992172, 10: 0.8262230919765167, 15: 0.8584474885844748, 50: 0.9240704500978474, 100: 0.9482061317677756}
INFO:root:Evaluation --- Max MRR:0.5907713374543127, Current MRR:{1: 0.4837573385518591, 2: 0.55146771037182, 3: 0.5718199608610596, 5: 0.5887606001304629, 10: 0.5984147692562574, 15: 0.6009694378970303, 50: 0.6035610937301075, 100: 0.6039196534962273}, Current HIT:{1: 0.4837573385518591, 2: 0.6191780821917808, 3: 0.6802348336594912, 5: 0.7542074363992172, 10: 0.8262230919765167, 15: 0.8584474885844748, 50: 0.9240704500978474, 100: 0.9482061317677756}
INFO:root:Epoch:2, Step:60500, Average Loss:0.013732829495895008, Current Loss:0.0
INFO:root:Epoch:2, Step:61000, Average Loss:0.013723925913699338, Current Loss:0.07253022491931915
INFO:root:Epoch:2, Step:61500, Average Loss:0.013701245246137061, Current Loss:0.1177867203950882
INFO:root:Epoch:2, Step:62000, Average Loss:0.013675759912258195, Current Loss:0.0
INFO:root:Epoch:2, Step:62500, Average Loss:0.013654605116844177, Current Loss:0.030763283371925354
INFO:root:Epoch:2, Step:63000, Average Loss:0.013634163115469236, Current Loss:0.0
INFO:root:Epoch:2, Step:63500, Average Loss:0.013609203088940598, Current Loss:0.0
INFO:root:Epoch:2, Step:64000, Average Loss:0.013590251074172556, Current Loss:0.0
INFO:root:Epoch:2, Step:64500, Average Loss:0.013567279668279397, Current Loss:0.0
INFO:root:Epoch:2, Step:65000, Average Loss:0.013581491765609154, Current Loss:0.0
INFO:root:Epoch:2, Step:65500, Average Loss:0.013560514951707752, Current Loss:0.0
INFO:root:Epoch:2, Step:66000, Average Loss:0.013528867629667124, Current Loss:0.0
INFO:root:Epoch:2, Step:66500, Average Loss:0.013529255438568, Current Loss:0.0
INFO:root:Epoch:2, Step:67000, Average Loss:0.013500918362345269, Current Loss:0.0
INFO:root:Epoch:2, Step:67500, Average Loss:0.01346507903072569, Current Loss:0.0
INFO:root:Epoch:2, Step:68000, Average Loss:0.01343380698123399, Current Loss:0.0
INFO:root:Epoch:2, Step:68500, Average Loss:0.013413436728454855, Current Loss:0.0
INFO:root:Epoch:2, Step:69000, Average Loss:0.013385808360965356, Current Loss:0.0
INFO:root:Epoch:2, Step:69500, Average Loss:0.013377866711333501, Current Loss:0.0
INFO:root:Epoch:3, Step:500, Average Loss:0.010021930158138275, Current Loss:0.0
INFO:root:Epoch:3, Step:1000, Average Loss:0.011568049117922783, Current Loss:0.0
INFO:root:Epoch:3, Step:1500, Average Loss:0.011887229144573212, Current Loss:0.013792097568511963
INFO:root:Epoch:3, Step:2000, Average Loss:0.011906932458281517, Current Loss:0.0
INFO:root:Epoch:3, Step:2500, Average Loss:0.012057950758934021, Current Loss:0.008465409278869629
INFO:root:Epoch:3, Step:3000, Average Loss:0.012281850079695384, Current Loss:0.0
INFO:root:Epoch:3, Step:3500, Average Loss:0.012292798272200993, Current Loss:0.0
INFO:root:Epoch:3, Step:4000, Average Loss:0.012302204139530658, Current Loss:0.13407324254512787
INFO:root:Epoch:3, Step:4500, Average Loss:0.012254251347647772, Current Loss:0.0
INFO:root:Epoch:3, Step:5000, Average Loss:0.012052484932541848, Current Loss:0.001133739948272705
INFO:root:Epoch:3, Step:5500, Average Loss:0.011970574907281182, Current Loss:0.0
INFO:root:Epoch:3, Step:6000, Average Loss:0.01184723986685276, Current Loss:0.0
INFO:root:Epoch:3, Step:6500, Average Loss:0.011842674480034754, Current Loss:0.0
INFO:root:Epoch:3, Step:7000, Average Loss:0.01174118240603379, Current Loss:0.0
INFO:root:Epoch:3, Step:7500, Average Loss:0.011745233790079752, Current Loss:0.011637076735496521
INFO:root:Epoch:3, Step:8000, Average Loss:0.011851581873372197, Current Loss:0.0
INFO:root:Epoch:3, Step:8500, Average Loss:0.01180518869792714, Current Loss:0.0
INFO:root:Epoch:3, Step:9000, Average Loss:0.011680684770147005, Current Loss:0.0
INFO:root:Epoch:3, Step:9500, Average Loss:0.011719319530223545, Current Loss:0.0
INFO:root:Epoch:3, Step:10000, Average Loss:0.011596187742054462, Current Loss:0.05068725347518921
INFO:root:Epoch:3, Step:10500, Average Loss:0.011509197760195959, Current Loss:0.06982254981994629
INFO:root:Epoch:3, Step:11000, Average Loss:0.011479922038587657, Current Loss:0.03396013379096985
INFO:root:Epoch:3, Step:11500, Average Loss:0.011476611706225768, Current Loss:0.0
INFO:root:Epoch:3, Step:12000, Average Loss:0.011400646209716796, Current Loss:0.0
INFO:root:Epoch:3, Step:12500, Average Loss:0.01136157629609108, Current Loss:0.0
INFO:root:Epoch:3, Step:13000, Average Loss:0.011361650539132266, Current Loss:0.0
INFO:root:Epoch:3, Step:13500, Average Loss:0.011359458701478111, Current Loss:0.0
INFO:root:Epoch:3, Step:14000, Average Loss:0.011351645754916328, Current Loss:0.0
INFO:root:Epoch:3, Step:14500, Average Loss:0.011312117498496484, Current Loss:0.001805722713470459
INFO:root:Epoch:3, Step:15000, Average Loss:0.011314675721526146, Current Loss:0.039972856640815735
INFO:root:Epoch:3, Step:15500, Average Loss:0.01126911030084856, Current Loss:0.0
INFO:root:Epoch:3, Step:16000, Average Loss:0.011245960437692703, Current Loss:0.0
INFO:root:Epoch:3, Step:16500, Average Loss:0.011235723082766389, Current Loss:0.0
INFO:root:Epoch:3, Step:17000, Average Loss:0.011237887744517887, Current Loss:0.0
INFO:root:Epoch:3, Step:17500, Average Loss:0.011235511959450585, Current Loss:0.0
INFO:root:Epoch:3, Step:18000, Average Loss:0.011305337905055947, Current Loss:0.0
INFO:root:Epoch:3, Step:18500, Average Loss:0.011273582646975646, Current Loss:0.0
INFO:root:Epoch:3, Step:19000, Average Loss:0.011293829994766335, Current Loss:0.009280145168304443
INFO:root:Epoch:3, Step:19500, Average Loss:0.011317018919266187, Current Loss:0.005143105983734131
INFO:root:Epoch:3, Step:20000, Average Loss:0.011363652057945728, Current Loss:0.0
INFO:root:Epoch:3, Step:20500, Average Loss:0.011334795123920207, Current Loss:0.019919365644454956
INFO:root:Epoch:3, Step:21000, Average Loss:0.011383795787181173, Current Loss:0.047022104263305664
INFO:root:Epoch:3, Step:21500, Average Loss:0.011372186841659767, Current Loss:0.008570462465286255
INFO:root:Epoch:3, Step:22000, Average Loss:0.011335832280191508, Current Loss:0.0
INFO:root:Epoch:3, Step:22500, Average Loss:0.011321711715062459, Current Loss:0.0
INFO:root:Epoch:3, Step:23000, Average Loss:0.01127962360109972, Current Loss:0.0
INFO:root:Epoch:3, Step:23500, Average Loss:0.011276284872851473, Current Loss:0.0
INFO:root:Epoch:3, Step:24000, Average Loss:0.011239771973341703, Current Loss:0.0
INFO:root:Epoch:3, Step:24500, Average Loss:0.011194018676572916, Current Loss:0.0
INFO:root:Epoch:3, Step:25000, Average Loss:0.01120423170387745, Current Loss:0.0
INFO:root:Epoch:3, Step:25500, Average Loss:0.011187491840591618, Current Loss:0.0
INFO:root:Epoch:3, Step:26000, Average Loss:0.01120042690118918, Current Loss:0.0
INFO:root:Epoch:3, Step:26500, Average Loss:0.011209125957961353, Current Loss:0.0
INFO:root:Epoch:3, Step:27000, Average Loss:0.011217605352401733, Current Loss:0.009681016206741333
INFO:root:Epoch:3, Step:27500, Average Loss:0.01120171164816076, Current Loss:0.0
INFO:root:Epoch:3, Step:28000, Average Loss:0.01121911352181009, Current Loss:0.08482807874679565
INFO:root:Epoch:3, Step:28500, Average Loss:0.011193661696032474, Current Loss:0.0
INFO:root:Epoch:3, Step:29000, Average Loss:0.011191739007830619, Current Loss:0.0
INFO:root:Epoch:3, Step:29500, Average Loss:0.011165694418094925, Current Loss:0.0
INFO:root:Epoch:3, Step:30000, Average Loss:0.011142778837184111, Current Loss:0.0
INFO:root:Evaluation --- MRR :{1: 0.48806262230919767, 2: 0.5557729941291585, 3: 0.5776473146336184, 5: 0.5933159382474451, 10: 0.6034334068482808, 15: 0.6059810114506778, 50: 0.6085608041523222, 100: 0.6088787436115232}, HIT:{1: 0.48806262230919767, 2: 0.6234833659491194, 3: 0.6891063274624919, 5: 0.7574690150032616, 10: 0.8318330071754729, 15: 0.8639269406392694, 50: 0.9283757338551859, 100: 0.9508153946510111}
INFO:root:Evaluation --- Max MRR:0.5984147692562574, Current MRR:{1: 0.48806262230919767, 2: 0.5557729941291585, 3: 0.5776473146336184, 5: 0.5933159382474451, 10: 0.6034334068482808, 15: 0.6059810114506778, 50: 0.6085608041523222, 100: 0.6088787436115232}, Current HIT:{1: 0.48806262230919767, 2: 0.6234833659491194, 3: 0.6891063274624919, 5: 0.7574690150032616, 10: 0.8318330071754729, 15: 0.8639269406392694, 50: 0.9283757338551859, 100: 0.9508153946510111}
INFO:root:Epoch:3, Step:30500, Average Loss:0.0111114397601026, Current Loss:0.0
INFO:root:Epoch:3, Step:31000, Average Loss:0.011041659702216424, Current Loss:0.0
INFO:root:Epoch:3, Step:31500, Average Loss:0.010981334046238944, Current Loss:0.0
INFO:root:Epoch:3, Step:32000, Average Loss:0.010949446649756283, Current Loss:0.0
INFO:root:Epoch:3, Step:32500, Average Loss:0.010860358536243439, Current Loss:0.0
INFO:root:Epoch:3, Step:33000, Average Loss:0.01080536116433866, Current Loss:0.0
INFO:root:Epoch:3, Step:33500, Average Loss:0.010757900815846315, Current Loss:0.0
INFO:root:Epoch:3, Step:34000, Average Loss:0.01070578824290458, Current Loss:0.0
INFO:root:Epoch:3, Step:34500, Average Loss:0.010661589493354162, Current Loss:0.0
INFO:root:Epoch:3, Step:35000, Average Loss:0.01061222877885614, Current Loss:0.0
INFO:root:Epoch:3, Step:35500, Average Loss:0.010569042117662833, Current Loss:0.0
INFO:root:Epoch:3, Step:36000, Average Loss:0.010522388174302047, Current Loss:0.0
INFO:root:Epoch:3, Step:36500, Average Loss:0.010506689765273709, Current Loss:0.043423160910606384
INFO:root:Epoch:3, Step:37000, Average Loss:0.010473045029350229, Current Loss:0.0
INFO:root:Epoch:3, Step:37500, Average Loss:0.010457847964366277, Current Loss:0.0
INFO:root:Epoch:3, Step:38000, Average Loss:0.010428518439986203, Current Loss:0.008984684944152832
INFO:root:Epoch:3, Step:38500, Average Loss:0.010393328195268458, Current Loss:0.0
INFO:root:Epoch:3, Step:39000, Average Loss:0.010356779366731643, Current Loss:0.0
INFO:root:Epoch:3, Step:39500, Average Loss:0.010309829335423964, Current Loss:0.0
INFO:root:Epoch:3, Step:40000, Average Loss:0.010271541590243578, Current Loss:0.0
INFO:root:Epoch:3, Step:40500, Average Loss:0.010244535370373432, Current Loss:0.0
INFO:root:Epoch:3, Step:41000, Average Loss:0.01020748191381373, Current Loss:0.01595357060432434
INFO:root:Epoch:3, Step:41500, Average Loss:0.0101742834222604, Current Loss:0.0
INFO:root:Epoch:3, Step:42000, Average Loss:0.010133837489854722, Current Loss:0.0
INFO:root:Epoch:3, Step:42500, Average Loss:0.010109510067280602, Current Loss:0.0
INFO:root:Epoch:3, Step:43000, Average Loss:0.010061149136964665, Current Loss:0.0
INFO:root:Epoch:3, Step:43500, Average Loss:0.010025565930481616, Current Loss:0.08206285536289215
INFO:root:Epoch:3, Step:44000, Average Loss:0.010001251450993799, Current Loss:0.0
INFO:root:Epoch:3, Step:44500, Average Loss:0.009980955683783198, Current Loss:0.02705666422843933
INFO:root:Epoch:3, Step:45000, Average Loss:0.009945952100555102, Current Loss:0.0
INFO:root:Epoch:3, Step:45500, Average Loss:0.009934436450292777, Current Loss:0.0
INFO:root:Epoch:3, Step:46000, Average Loss:0.00990338490806196, Current Loss:0.0
INFO:root:Epoch:3, Step:46500, Average Loss:0.009849844546407782, Current Loss:0.0
INFO:root:Epoch:3, Step:47000, Average Loss:0.009836966228611925, Current Loss:0.0
INFO:root:Epoch:3, Step:47500, Average Loss:0.009809636141751942, Current Loss:0.04982197284698486
INFO:root:Epoch:3, Step:48000, Average Loss:0.009792886317397158, Current Loss:0.0
INFO:root:Epoch:3, Step:48500, Average Loss:0.00979363320383829, Current Loss:0.0
INFO:root:Epoch:3, Step:49000, Average Loss:0.009776868798598952, Current Loss:0.0
INFO:root:Epoch:3, Step:49500, Average Loss:0.009757259692206527, Current Loss:0.0
INFO:root:Epoch:3, Step:50000, Average Loss:0.00973020927131176, Current Loss:0.0
INFO:root:Epoch:3, Step:50500, Average Loss:0.009705450656095354, Current Loss:0.0
INFO:root:Epoch:3, Step:51000, Average Loss:0.009669519537804174, Current Loss:0.0
INFO:root:Epoch:3, Step:51500, Average Loss:0.009653580398814192, Current Loss:0.0
INFO:root:Epoch:3, Step:52000, Average Loss:0.009635766987330638, Current Loss:0.0
INFO:root:Epoch:3, Step:52500, Average Loss:0.009633668170372645, Current Loss:0.0
INFO:root:Epoch:3, Step:53000, Average Loss:0.009640227990049237, Current Loss:0.0
INFO:root:Epoch:3, Step:53500, Average Loss:0.00961234164321534, Current Loss:0.0
INFO:root:Epoch:3, Step:54000, Average Loss:0.0095862350590803, Current Loss:0.0
INFO:root:Epoch:3, Step:54500, Average Loss:0.009540766292208925, Current Loss:0.0
INFO:root:Epoch:3, Step:55000, Average Loss:0.00951465847438032, Current Loss:0.0
INFO:root:Epoch:3, Step:55500, Average Loss:0.00948485425356272, Current Loss:0.0
INFO:root:Epoch:3, Step:56000, Average Loss:0.009459115243383817, Current Loss:0.0
INFO:root:Epoch:3, Step:56500, Average Loss:0.009445586703519906, Current Loss:0.004523903131484985
INFO:root:Epoch:3, Step:57000, Average Loss:0.00942730164109615, Current Loss:0.0
INFO:root:Epoch:3, Step:57500, Average Loss:0.009408896388955739, Current Loss:0.0
INFO:root:Epoch:3, Step:58000, Average Loss:0.009394784897822759, Current Loss:0.0
INFO:root:Epoch:3, Step:58500, Average Loss:0.00938505733700899, Current Loss:0.0
INFO:root:Epoch:3, Step:59000, Average Loss:0.009373326078814975, Current Loss:0.0
INFO:root:Epoch:3, Step:59500, Average Loss:0.009348429813104518, Current Loss:0.0
INFO:root:Epoch:3, Step:60000, Average Loss:0.00933037533313036, Current Loss:0.0
INFO:root:Evaluation --- MRR :{1: 0.509849967384214, 2: 0.5804957599478148, 3: 0.6019786910197885, 5: 0.6170537073276778, 10: 0.6264389774174501, 15: 0.6286709854615893, 50: 0.6310447165949702, 100: 0.6313080406677034}, HIT:{1: 0.509849967384214, 2: 0.6511415525114155, 3: 0.715590345727332, 5: 0.7819960861056752, 10: 0.8500978473581213, 15: 0.8782778864970646, 50: 0.936986301369863, 100: 0.954859752120026}
INFO:root:Evaluation --- Max MRR:0.6034334068482808, Current MRR:{1: 0.509849967384214, 2: 0.5804957599478148, 3: 0.6019786910197885, 5: 0.6170537073276778, 10: 0.6264389774174501, 15: 0.6286709854615893, 50: 0.6310447165949702, 100: 0.6313080406677034}, Current HIT:{1: 0.509849967384214, 2: 0.6511415525114155, 3: 0.715590345727332, 5: 0.7819960861056752, 10: 0.8500978473581213, 15: 0.8782778864970646, 50: 0.936986301369863, 100: 0.954859752120026}
INFO:root:Epoch:3, Step:60500, Average Loss:0.00930789045410708, Current Loss:0.0
INFO:root:Epoch:3, Step:61000, Average Loss:0.009290127312062217, Current Loss:0.006412416696548462
INFO:root:Epoch:3, Step:61500, Average Loss:0.00927607905016682, Current Loss:0.0
INFO:root:Epoch:3, Step:62000, Average Loss:0.009256560204250197, Current Loss:0.0
INFO:root:Epoch:3, Step:62500, Average Loss:0.00922169796204567, Current Loss:0.0
INFO:root:Epoch:3, Step:63000, Average Loss:0.009202627512670699, Current Loss:0.0
INFO:root:Epoch:3, Step:63500, Average Loss:0.00918608550410571, Current Loss:0.0
INFO:root:Epoch:3, Step:64000, Average Loss:0.009171019971137867, Current Loss:0.0
INFO:root:Epoch:3, Step:64500, Average Loss:0.009153506275064262, Current Loss:0.0
INFO:root:Epoch:3, Step:65000, Average Loss:0.009145938248129992, Current Loss:0.025473684072494507
INFO:root:Epoch:3, Step:65500, Average Loss:0.009132225036393595, Current Loss:0.0
INFO:root:Epoch:3, Step:66000, Average Loss:0.009114180128682743, Current Loss:0.0
INFO:root:Epoch:3, Step:66500, Average Loss:0.009096516819600772, Current Loss:0.028072968125343323
INFO:root:Epoch:3, Step:67000, Average Loss:0.009100394673534294, Current Loss:0.0
INFO:root:Epoch:3, Step:67500, Average Loss:0.00908513793570024, Current Loss:0.0
INFO:root:Epoch:3, Step:68000, Average Loss:0.00906258633097305, Current Loss:0.0
INFO:root:Epoch:3, Step:68500, Average Loss:0.009032917401216325, Current Loss:0.016283929347991943
INFO:root:Epoch:3, Step:69000, Average Loss:0.009014710682025855, Current Loss:0.004495888948440552
INFO:root:Epoch:3, Step:69500, Average Loss:0.009005294141366327, Current Loss:0.0
INFO:root:Epoch:4, Step:500, Average Loss:0.009322951316833496, Current Loss:0.0
INFO:root:Epoch:4, Step:1000, Average Loss:0.009747257322072983, Current Loss:0.05391430854797363
INFO:root:Epoch:4, Step:1500, Average Loss:0.008998569339513778, Current Loss:0.0
INFO:root:Epoch:4, Step:2000, Average Loss:0.008841766715049744, Current Loss:0.0
INFO:root:Epoch:4, Step:2500, Average Loss:0.008321503418684005, Current Loss:0.0055249035358428955
INFO:root:Epoch:4, Step:3000, Average Loss:0.008428091143568357, Current Loss:0.0
INFO:root:Epoch:4, Step:3500, Average Loss:0.008500629016331264, Current Loss:0.0
INFO:root:Epoch:4, Step:4000, Average Loss:0.008627479273825884, Current Loss:0.0
INFO:root:Epoch:4, Step:4500, Average Loss:0.008537461900048785, Current Loss:0.06025394797325134
INFO:root:Epoch:4, Step:5000, Average Loss:0.008460246467590332, Current Loss:0.039202168583869934
INFO:root:Epoch:4, Step:5500, Average Loss:0.008458469851450486, Current Loss:0.0
INFO:root:Epoch:4, Step:6000, Average Loss:0.008436280123889446, Current Loss:0.0
INFO:root:Epoch:4, Step:6500, Average Loss:0.008313567787408828, Current Loss:0.0
INFO:root:Epoch:4, Step:7000, Average Loss:0.008204509732978685, Current Loss:0.0
INFO:root:Epoch:4, Step:7500, Average Loss:0.008315977440277735, Current Loss:0.0
INFO:root:Epoch:4, Step:8000, Average Loss:0.008231812791898847, Current Loss:0.0
INFO:root:Epoch:4, Step:8500, Average Loss:0.008365876208333407, Current Loss:0.006678670644760132
INFO:root:Epoch:4, Step:9000, Average Loss:0.008331368169850773, Current Loss:0.0022877901792526245
INFO:root:Epoch:4, Step:9500, Average Loss:0.008403350803412889, Current Loss:0.0
INFO:root:Epoch:4, Step:10000, Average Loss:0.008405118738114834, Current Loss:0.0
INFO:root:Epoch:4, Step:10500, Average Loss:0.008384911182380859, Current Loss:0.0
INFO:root:Epoch:4, Step:11000, Average Loss:0.008379158731211315, Current Loss:0.0
INFO:root:Epoch:4, Step:11500, Average Loss:0.008342591771612997, Current Loss:0.0
INFO:root:Epoch:4, Step:12000, Average Loss:0.00835685146227479, Current Loss:0.0
INFO:root:Epoch:4, Step:12500, Average Loss:0.00830037749171257, Current Loss:0.026808783411979675
INFO:root:Epoch:4, Step:13000, Average Loss:0.008312355373914426, Current Loss:0.0
INFO:root:Epoch:4, Step:13500, Average Loss:0.008297174170061395, Current Loss:0.0
INFO:root:Epoch:4, Step:14000, Average Loss:0.008348435874496187, Current Loss:0.0
INFO:root:Epoch:4, Step:14500, Average Loss:0.00836544944500101, Current Loss:0.0
INFO:root:Epoch:4, Step:15000, Average Loss:0.008327540667851767, Current Loss:0.0
INFO:root:Epoch:4, Step:15500, Average Loss:0.008328059196472167, Current Loss:0.0
INFO:root:Epoch:4, Step:16000, Average Loss:0.008322388680651783, Current Loss:0.05365082621574402
INFO:root:Epoch:4, Step:16500, Average Loss:0.008333743337428931, Current Loss:0.0
INFO:root:Epoch:4, Step:17000, Average Loss:0.008348612934350968, Current Loss:0.01586376130580902
INFO:root:Epoch:4, Step:17500, Average Loss:0.008342578505618231, Current Loss:0.0
INFO:root:Epoch:4, Step:18000, Average Loss:0.00836785054537985, Current Loss:0.0
INFO:root:Epoch:4, Step:18500, Average Loss:0.008360963992975853, Current Loss:0.016051650047302246
INFO:root:Epoch:4, Step:19000, Average Loss:0.008308735739243659, Current Loss:0.0
INFO:root:Epoch:4, Step:19500, Average Loss:0.008295417451705688, Current Loss:0.0
INFO:root:Epoch:4, Step:20000, Average Loss:0.008287279342859983, Current Loss:0.0
INFO:root:Epoch:4, Step:20500, Average Loss:0.00828379640201243, Current Loss:0.0
INFO:root:Epoch:4, Step:21000, Average Loss:0.008260811419714065, Current Loss:0.002868562936782837
INFO:root:Epoch:4, Step:21500, Average Loss:0.008271443331657455, Current Loss:0.0
INFO:root:Epoch:4, Step:22000, Average Loss:0.008326822620901194, Current Loss:0.01934865117073059
INFO:root:Epoch:4, Step:22500, Average Loss:0.00831981545885404, Current Loss:0.017095372080802917
INFO:root:Epoch:4, Step:23000, Average Loss:0.008342256401544032, Current Loss:0.014275386929512024
INFO:root:Epoch:4, Step:23500, Average Loss:0.008372996717057329, Current Loss:0.0
INFO:root:Epoch:4, Step:24000, Average Loss:0.008379408741369844, Current Loss:0.0
INFO:root:Epoch:4, Step:24500, Average Loss:0.008375219638858523, Current Loss:0.0
INFO:root:Epoch:4, Step:25000, Average Loss:0.008399312881231307, Current Loss:0.0
INFO:root:Epoch:4, Step:25500, Average Loss:0.008385608466232524, Current Loss:0.0
INFO:root:Epoch:4, Step:26000, Average Loss:0.008418880625413015, Current Loss:0.0565711110830307
INFO:root:Epoch:4, Step:26500, Average Loss:0.008419230652867623, Current Loss:0.0
INFO:root:Epoch:4, Step:27000, Average Loss:0.0084151071668775, Current Loss:0.016924560070037842
INFO:root:Epoch:4, Step:27500, Average Loss:0.008432651932673021, Current Loss:0.0
INFO:root:Epoch:4, Step:28000, Average Loss:0.008431554502142327, Current Loss:0.0
INFO:root:Epoch:4, Step:28500, Average Loss:0.008424966250595294, Current Loss:0.0
INFO:root:Epoch:4, Step:29000, Average Loss:0.008441963164456959, Current Loss:0.0
INFO:root:Epoch:4, Step:29500, Average Loss:0.008392526582641117, Current Loss:0.0
INFO:root:Epoch:4, Step:30000, Average Loss:0.008390484661857288, Current Loss:0.015592128038406372
INFO:root:Evaluation --- MRR :{1: 0.5178082191780822, 2: 0.5842139595564253, 3: 0.604522722330943, 5: 0.6201261143726883, 10: 0.6298633760962522, 15: 0.6321685508084707, 50: 0.634409373964677, 100: 0.6346813907030981}, HIT:{1: 0.5178082191780822, 2: 0.6506196999347684, 3: 0.711545988258317, 5: 0.779778212654925, 10: 0.8515329419439008, 15: 0.8806262230919765, 50: 0.9362035225048924, 100: 0.954337899543379}
INFO:root:Evaluation --- Max MRR:0.6264389774174501, Current MRR:{1: 0.5178082191780822, 2: 0.5842139595564253, 3: 0.604522722330943, 5: 0.6201261143726883, 10: 0.6298633760962522, 15: 0.6321685508084707, 50: 0.634409373964677, 100: 0.6346813907030981}, Current HIT:{1: 0.5178082191780822, 2: 0.6506196999347684, 3: 0.711545988258317, 5: 0.779778212654925, 10: 0.8515329419439008, 15: 0.8806262230919765, 50: 0.9362035225048924, 100: 0.954337899543379}
INFO:root:Epoch:4, Step:30500, Average Loss:0.008323587925219145, Current Loss:0.0
INFO:root:Epoch:4, Step:31000, Average Loss:0.008278935306975918, Current Loss:0.0
INFO:root:Epoch:4, Step:31500, Average Loss:0.008240200961393024, Current Loss:0.0
INFO:root:Epoch:4, Step:32000, Average Loss:0.008180192765779793, Current Loss:0.0
INFO:root:Epoch:4, Step:32500, Average Loss:0.008165160788481052, Current Loss:0.0
INFO:root:Epoch:4, Step:33000, Average Loss:0.008112782097224033, Current Loss:0.0
INFO:root:Epoch:4, Step:33500, Average Loss:0.008056940922096594, Current Loss:0.0
INFO:root:Epoch:4, Step:34000, Average Loss:0.008009304583072663, Current Loss:0.0
INFO:root:Epoch:4, Step:34500, Average Loss:0.007981983182222947, Current Loss:0.0
INFO:root:Epoch:4, Step:35000, Average Loss:0.00794582198560238, Current Loss:0.0
INFO:root:Epoch:4, Step:35500, Average Loss:0.007917544749421133, Current Loss:0.0
INFO:root:Epoch:4, Step:36000, Average Loss:0.007885225829150942, Current Loss:0.0025065839290618896
INFO:root:Epoch:4, Step:36500, Average Loss:0.007840920293576097, Current Loss:0.0
INFO:root:Epoch:4, Step:37000, Average Loss:0.00780316786065295, Current Loss:0.0
INFO:root:Epoch:4, Step:37500, Average Loss:0.0077776858814557395, Current Loss:0.0
INFO:root:Epoch:4, Step:38000, Average Loss:0.007743374322590075, Current Loss:0.041109561920166016
INFO:root:Epoch:4, Step:38500, Average Loss:0.00771953652857186, Current Loss:0.0
INFO:root:Epoch:4, Step:39000, Average Loss:0.007696877340857799, Current Loss:0.021731168031692505
INFO:root:Epoch:4, Step:39500, Average Loss:0.007669558243283743, Current Loss:0.0
INFO:root:Epoch:4, Step:40000, Average Loss:0.0076362348347902296, Current Loss:0.0
INFO:root:Epoch:4, Step:40500, Average Loss:0.0076145012937946085, Current Loss:0.0
INFO:root:Epoch:4, Step:41000, Average Loss:0.00757633767113453, Current Loss:0.0
INFO:root:Epoch:4, Step:41500, Average Loss:0.007564005500939955, Current Loss:0.0
INFO:root:Epoch:4, Step:42000, Average Loss:0.007562966264074757, Current Loss:0.0
INFO:root:Epoch:4, Step:42500, Average Loss:0.007542681736455244, Current Loss:0.025492951273918152
INFO:root:Epoch:4, Step:43000, Average Loss:0.007515302947094274, Current Loss:0.0
INFO:root:Epoch:4, Step:43500, Average Loss:0.007490744176609763, Current Loss:0.0
INFO:root:Epoch:4, Step:44000, Average Loss:0.007485730788585814, Current Loss:0.0
INFO:root:Epoch:4, Step:44500, Average Loss:0.007452664638503214, Current Loss:0.0
INFO:root:Epoch:4, Step:45000, Average Loss:0.0074318003469043305, Current Loss:0.00037385523319244385
INFO:root:Epoch:4, Step:45500, Average Loss:0.007411761357561573, Current Loss:0.0
INFO:root:Epoch:4, Step:46000, Average Loss:0.007376133943705455, Current Loss:0.0
INFO:root:Epoch:4, Step:46500, Average Loss:0.007350203092380237, Current Loss:0.010406494140625
INFO:root:Epoch:4, Step:47000, Average Loss:0.0073286819226564244, Current Loss:0.020569592714309692
INFO:root:Epoch:4, Step:47500, Average Loss:0.007317040236058988, Current Loss:0.020991891622543335
INFO:root:Epoch:4, Step:48000, Average Loss:0.007292078983659546, Current Loss:0.0
INFO:root:Epoch:4, Step:48500, Average Loss:0.007269813672783449, Current Loss:0.0
INFO:root:Epoch:4, Step:49000, Average Loss:0.007248219496133376, Current Loss:0.0
INFO:root:Epoch:4, Step:49500, Average Loss:0.0072311984710019045, Current Loss:0.0
INFO:root:Epoch:4, Step:50000, Average Loss:0.0072183219191432, Current Loss:0.009996533393859863
INFO:root:Epoch:4, Step:50500, Average Loss:0.007206320983053434, Current Loss:0.0
INFO:root:Epoch:4, Step:51000, Average Loss:0.007173628486254636, Current Loss:0.0
INFO:root:Epoch:4, Step:51500, Average Loss:0.007161437549348016, Current Loss:0.0
INFO:root:Epoch:4, Step:52000, Average Loss:0.007129986892239405, Current Loss:0.00886961817741394
INFO:root:Epoch:4, Step:52500, Average Loss:0.007113922938846407, Current Loss:0.04093275964260101
INFO:root:Epoch:4, Step:53000, Average Loss:0.007099693750435451, Current Loss:0.01061086356639862
INFO:root:Epoch:4, Step:53500, Average Loss:0.007081691653093445, Current Loss:0.0
INFO:root:Epoch:4, Step:54000, Average Loss:0.007059281600846185, Current Loss:0.09141135215759277
INFO:root:Epoch:4, Step:54500, Average Loss:0.0070470588439648305, Current Loss:0.0
INFO:root:Epoch:4, Step:55000, Average Loss:0.007035597119006243, Current Loss:0.0
INFO:root:Epoch:4, Step:55500, Average Loss:0.00701898036883758, Current Loss:0.0
INFO:root:Epoch:4, Step:56000, Average Loss:0.006998225513845682, Current Loss:0.0
INFO:root:Epoch:4, Step:56500, Average Loss:0.006994964127783227, Current Loss:0.0
INFO:root:Epoch:4, Step:57000, Average Loss:0.0069720239900706105, Current Loss:0.0
INFO:root:Epoch:4, Step:57500, Average Loss:0.0069475703039894934, Current Loss:0.0
INFO:root:Epoch:4, Step:58000, Average Loss:0.0069353744683080705, Current Loss:0.0
INFO:root:Epoch:4, Step:58500, Average Loss:0.006923831667655553, Current Loss:0.0
INFO:root:Epoch:4, Step:59000, Average Loss:0.006913265438403113, Current Loss:0.13524335622787476
INFO:root:Epoch:4, Step:59500, Average Loss:0.006876544768319411, Current Loss:0.0
INFO:root:Epoch:4, Step:60000, Average Loss:0.006855671140054862, Current Loss:0.0
INFO:root:Evaluation --- MRR :{1: 0.5269406392694064, 2: 0.5960861056751467, 3: 0.6174820613176794, 5: 0.631435094585779, 10: 0.6408734300417281, 15: 0.6430258090825598, 50: 0.6452062907509122, 100: 0.6454672720510763}, HIT:{1: 0.5269406392694064, 2: 0.6652315720808871, 3: 0.72941943900848, 5: 0.7898238747553816, 10: 0.8590998043052838, 15: 0.8864970645792564, 50: 0.9397260273972603, 100: 0.9574690150032615}
INFO:root:Evaluation --- Max MRR:0.6298633760962522, Current MRR:{1: 0.5269406392694064, 2: 0.5960861056751467, 3: 0.6174820613176794, 5: 0.631435094585779, 10: 0.6408734300417281, 15: 0.6430258090825598, 50: 0.6452062907509122, 100: 0.6454672720510763}, Current HIT:{1: 0.5269406392694064, 2: 0.6652315720808871, 3: 0.72941943900848, 5: 0.7898238747553816, 10: 0.8590998043052838, 15: 0.8864970645792564, 50: 0.9397260273972603, 100: 0.9574690150032615}
INFO:root:Epoch:4, Step:60500, Average Loss:0.006829083731105505, Current Loss:0.00011233985424041748
INFO:root:Epoch:4, Step:61000, Average Loss:0.006816130012273789, Current Loss:0.0
INFO:root:Epoch:4, Step:61500, Average Loss:0.00680792710960396, Current Loss:0.05892132222652435
INFO:root:Epoch:4, Step:62000, Average Loss:0.006790217793276233, Current Loss:0.0
INFO:root:Epoch:4, Step:62500, Average Loss:0.006767843067407608, Current Loss:0.0
INFO:root:Epoch:4, Step:63000, Average Loss:0.006766648413879531, Current Loss:0.0
INFO:root:Epoch:4, Step:63500, Average Loss:0.006761585050211178, Current Loss:0.0
INFO:root:Epoch:4, Step:64000, Average Loss:0.006754363518673927, Current Loss:0.0
INFO:root:Epoch:4, Step:64500, Average Loss:0.006741820733214533, Current Loss:0.0
INFO:root:Epoch:4, Step:65000, Average Loss:0.006728411507606506, Current Loss:0.0
INFO:root:Epoch:4, Step:65500, Average Loss:0.0067083159810259144, Current Loss:0.0
INFO:root:Epoch:4, Step:66000, Average Loss:0.006694572306266337, Current Loss:0.005767062306404114
INFO:root:Epoch:4, Step:66500, Average Loss:0.006678848342563873, Current Loss:0.0
INFO:root:Epoch:4, Step:67000, Average Loss:0.006666903796480663, Current Loss:0.0
INFO:root:Epoch:4, Step:67500, Average Loss:0.006657363945908016, Current Loss:0.1312902569770813
INFO:root:Epoch:4, Step:68000, Average Loss:0.00663967628075796, Current Loss:0.0
INFO:root:Epoch:4, Step:68500, Average Loss:0.006630942513907913, Current Loss:0.0
INFO:root:Epoch:4, Step:69000, Average Loss:0.006625566207628319, Current Loss:0.0
INFO:root:Epoch:4, Step:69500, Average Loss:0.006614837673285024, Current Loss:0.0
INFO:root:Loading test dataset...
INFO:root:Start testing...
INFO:root:Evaluation --- MRR :{1: 0.4755872429817302, 2: 0.5387994143484627, 3: 0.5592972181551935, 5: 0.5747151314533024, 10: 0.5846054531473702, 15: 0.5873986632898702, 50: 0.5903551674085107, 100: 0.5907062153357545}, HIT:{1: 0.4755872429817302, 2: 0.6020115857151951, 3: 0.6635049971354001, 5: 0.7306002928257687, 10: 0.8037430772168821, 15: 0.8389458272327965, 50: 0.9132981093640589, 100: 0.9374244063912407}
