INFO:root:learning_rate: 1e-05
INFO:root:train_batch_size: 5
INFO:root:valid_batch_size: 5
INFO:root:epochs: 2
INFO:root:adam_epsilon: 1e-08
INFO:root:weight_decay: 0
INFO:root:warmup_steps: 0.1
INFO:root:max_grad_norm: 1.0
INFO:root:train_sampling: None
INFO:root:valid_sampling: None
INFO:root:save_dir: data/param_exp_tuning/
INFO:root:log_step: 500
INFO:root:
INFO:root:
INFO:root:***** Running training *****
INFO:root:  Training examples = 424695
INFO:root:  Validation examples = 13929
INFO:root:  Training Batch size = 5
INFO:root:  Training Batch num = 84939
INFO:root:  Validation Batch size = 5
INFO:root:  Validation Batch num = 2786
INFO:root:  Epoch = 2
INFO:root:Epoch 1/2, Batch 500/84939,  Train loss 4.110657
INFO:root:Epoch 1/2, Batch 1000/84939,  Train loss 3.036271
INFO:root:Epoch 1/2, Batch 1500/84939,  Train loss 2.422382
INFO:root:Epoch 1/2, Batch 2000/84939,  Train loss 2.092315
INFO:root:Epoch 1/2, Batch 2500/84939,  Train loss 1.885575
INFO:root:Epoch 1/2, Batch 3000/84939,  Train loss 1.735608
INFO:root:Epoch 1/2, Batch 3500/84939,  Train loss 1.625856
INFO:root:Epoch 1/2, Batch 4000/84939,  Train loss 1.540489
INFO:root:Epoch 1/2, Batch 4500/84939,  Train loss 1.471717
INFO:root:Epoch 1/2, Batch 5000/84939,  Train loss 1.415297
INFO:root:Epoch 1/2, Batch 5500/84939,  Train loss 1.368935
INFO:root:Epoch 1/2, Batch 6000/84939,  Train loss 1.328422
INFO:root:Epoch 1/2, Batch 6500/84939,  Train loss 1.293474
INFO:root:Epoch 1/2, Batch 7000/84939,  Train loss 1.262549
INFO:root:Epoch 1/2, Batch 7500/84939,  Train loss 1.233869
INFO:root:Epoch 1/2, Batch 8000/84939,  Train loss 1.210063
INFO:root:Epoch 1/2, Batch 8500/84939,  Train loss 1.189401
INFO:root:Epoch 1/2, Batch 9000/84939,  Train loss 1.169115
INFO:root:Epoch 1/2, Batch 9500/84939,  Train loss 1.150141
INFO:root:Epoch 1/2, Batch 10000/84939,  Train loss 1.134652
INFO:root:Epoch 1/2, Batch 10500/84939,  Train loss 1.119146
INFO:root:Epoch 1/2, Batch 11000/84939,  Train loss 1.106852
INFO:root:Epoch 1/2, Batch 11500/84939,  Train loss 1.094774
INFO:root:Epoch 1/2, Batch 12000/84939,  Train loss 1.083651
INFO:root:Epoch 1/2, Batch 12500/84939,  Train loss 1.072991
INFO:root:Epoch 1/2, Batch 13000/84939,  Train loss 1.06324
INFO:root:Epoch 1/2, Batch 13500/84939,  Train loss 1.054875
INFO:root:Epoch 1/2, Batch 14000/84939,  Train loss 1.045844
INFO:root:Epoch 1/2, Batch 14500/84939,  Train loss 1.037853
INFO:root:Epoch 1/2, Batch 15000/84939,  Train loss 1.029649
INFO:root:Epoch 1/2, Batch 15500/84939,  Train loss 1.022125
INFO:root:Epoch 1/2, Batch 16000/84939,  Train loss 1.015424
INFO:root:Epoch 1/2, Batch 16500/84939,  Train loss 1.008267
INFO:root:Epoch 1/2, Batch 17000/84939,  Train loss 1.001723
INFO:root:Epoch 1/2, Batch 17500/84939,  Train loss 0.995256
INFO:root:Epoch 1/2, Batch 18000/84939,  Train loss 0.988948
INFO:root:Epoch 1/2, Batch 18500/84939,  Train loss 0.984021
INFO:root:Epoch 1/2, Batch 19000/84939,  Train loss 0.978731
INFO:root:Epoch 1/2, Batch 19500/84939,  Train loss 0.973237
INFO:root:Epoch 1/2, Batch 20000/84939,  Train loss 0.968197
INFO:root:Epoch 1/2, Batch 20500/84939,  Train loss 0.96371
INFO:root:Epoch 1/2, Batch 21000/84939,  Train loss 0.959351
INFO:root:Epoch 1/2, Batch 21500/84939,  Train loss 0.954546
INFO:root:Epoch 1/2, Batch 22000/84939,  Train loss 0.949747
INFO:root:Epoch 1/2, Batch 22500/84939,  Train loss 0.944837
INFO:root:Epoch 1/2, Batch 23000/84939,  Train loss 0.940252
INFO:root:Epoch 1/2, Batch 23500/84939,  Train loss 0.936407
INFO:root:Epoch 1/2, Batch 24000/84939,  Train loss 0.932422
INFO:root:Epoch 1/2, Batch 24500/84939,  Train loss 0.928803
INFO:root:Epoch 1/2, Batch 25000/84939,  Train loss 0.92534
INFO:root:Epoch 1/2, Batch 25500/84939,  Train loss 0.922203
INFO:root:Epoch 1/2, Batch 26000/84939,  Train loss 0.918571
INFO:root:Epoch 1/2, Batch 26500/84939,  Train loss 0.915353
INFO:root:Epoch 1/2, Batch 27000/84939,  Train loss 0.912181
INFO:root:Epoch 1/2, Batch 27500/84939,  Train loss 0.908746
INFO:root:Epoch 1/2, Batch 28000/84939,  Train loss 0.905778
INFO:root:Epoch 1/2, Batch 28500/84939,  Train loss 0.902716
INFO:root:Epoch 1/2, Batch 29000/84939,  Train loss 0.899959
INFO:root:Epoch 1/2, Batch 29500/84939,  Train loss 0.897344
INFO:root:Epoch 1/2, Batch 30000/84939,  Train loss 0.894864
INFO:root:Epoch 1/2, Batch 30500/84939,  Train loss 0.891952
INFO:root:Epoch 1/2, Batch 31000/84939,  Train loss 0.889403
INFO:root:Epoch 1/2, Batch 31500/84939,  Train loss 0.886887
INFO:root:Epoch 1/2, Batch 32000/84939,  Train loss 0.884274
INFO:root:Epoch 1/2, Batch 32500/84939,  Train loss 0.881679
INFO:root:Epoch 1/2, Batch 33000/84939,  Train loss 0.878775
INFO:root:Epoch 1/2, Batch 33500/84939,  Train loss 0.876237
INFO:root:Epoch 1/2, Batch 34000/84939,  Train loss 0.874209
INFO:root:Epoch 1/2, Batch 34500/84939,  Train loss 0.871678
INFO:root:Epoch 1/2, Batch 35000/84939,  Train loss 0.869597
INFO:root:Epoch 1/2, Batch 35500/84939,  Train loss 0.867861
INFO:root:Epoch 1/2, Batch 36000/84939,  Train loss 0.865825
INFO:root:Epoch 1/2, Batch 36500/84939,  Train loss 0.863796
INFO:root:Epoch 1/2, Batch 37000/84939,  Train loss 0.861662
INFO:root:Epoch 1/2, Batch 37500/84939,  Train loss 0.859923
INFO:root:Epoch 1/2, Batch 38000/84939,  Train loss 0.85792
INFO:root:Epoch 1/2, Batch 38500/84939,  Train loss 0.856048
INFO:root:Epoch 1/2, Batch 39000/84939,  Train loss 0.854019
INFO:root:Epoch 1/2, Batch 39500/84939,  Train loss 0.852245
INFO:root:Epoch 1/2, Batch 40000/84939,  Train loss 0.850036
INFO:root:Epoch 1/2, Batch 40500/84939,  Train loss 0.848496
INFO:root:Epoch 1/2, Batch 41000/84939,  Train loss 0.846557
INFO:root:Epoch 1/2, Batch 41500/84939,  Train loss 0.845016
INFO:root:Epoch 1/2, Batch 42000/84939,  Train loss 0.843235
INFO:root:Epoch 1/2, Batch 42500/84939,  Train loss 0.84151
INFO:root:Epoch 1/2, Batch 43000/84939,  Train loss 0.840169
INFO:root:Epoch 1/2, Batch 43500/84939,  Train loss 0.838532
INFO:root:Epoch 1/2, Batch 44000/84939,  Train loss 0.836994
INFO:root:Epoch 1/2, Batch 44500/84939,  Train loss 0.835748
INFO:root:Epoch 1/2, Batch 45000/84939,  Train loss 0.834005
INFO:root:Epoch 1/2, Batch 45500/84939,  Train loss 0.832474
INFO:root:Epoch 1/2, Batch 46000/84939,  Train loss 0.830982
INFO:root:Epoch 1/2, Batch 46500/84939,  Train loss 0.829345
INFO:root:Epoch 1/2, Batch 47000/84939,  Train loss 0.828172
INFO:root:Epoch 1/2, Batch 47500/84939,  Train loss 0.826639
INFO:root:Epoch 1/2, Batch 48000/84939,  Train loss 0.825207
INFO:root:Epoch 1/2, Batch 48500/84939,  Train loss 0.82395
INFO:root:Epoch 1/2, Batch 49000/84939,  Train loss 0.822761
INFO:root:Epoch 1/2, Batch 49500/84939,  Train loss 0.821113
INFO:root:Epoch 1/2, Batch 50000/84939,  Train loss 0.819698
INFO:root:Epoch 1/2, Batch 50500/84939,  Train loss 0.818443
INFO:root:Epoch 1/2, Batch 51000/84939,  Train loss 0.816991
INFO:root:Epoch 1/2, Batch 51500/84939,  Train loss 0.8157
INFO:root:Epoch 1/2, Batch 52000/84939,  Train loss 0.814386
INFO:root:Epoch 1/2, Batch 52500/84939,  Train loss 0.813191
INFO:root:Epoch 1/2, Batch 53000/84939,  Train loss 0.812064
INFO:root:Epoch 1/2, Batch 53500/84939,  Train loss 0.810841
INFO:root:Epoch 1/2, Batch 54000/84939,  Train loss 0.810085
INFO:root:Epoch 1/2, Batch 54500/84939,  Train loss 0.808964
INFO:root:Epoch 1/2, Batch 55000/84939,  Train loss 0.807715
INFO:root:Epoch 1/2, Batch 55500/84939,  Train loss 0.806647
INFO:root:Epoch 1/2, Batch 56000/84939,  Train loss 0.80568
INFO:root:Epoch 1/2, Batch 56500/84939,  Train loss 0.804709
INFO:root:Epoch 1/2, Batch 57000/84939,  Train loss 0.803509
INFO:root:Epoch 1/2, Batch 57500/84939,  Train loss 0.802618
INFO:root:Epoch 1/2, Batch 58000/84939,  Train loss 0.801489
INFO:root:Epoch 1/2, Batch 58500/84939,  Train loss 0.80051
INFO:root:Epoch 1/2, Batch 59000/84939,  Train loss 0.79947
INFO:root:Epoch 1/2, Batch 59500/84939,  Train loss 0.798721
INFO:root:Epoch 1/2, Batch 60000/84939,  Train loss 0.797743
INFO:root:Epoch 1/2, Batch 60500/84939,  Train loss 0.796766
INFO:root:Epoch 1/2, Batch 61000/84939,  Train loss 0.79571
INFO:root:Epoch 1/2, Batch 61500/84939,  Train loss 0.79481
INFO:root:Epoch 1/2, Batch 62000/84939,  Train loss 0.793904
INFO:root:Epoch 1/2, Batch 62500/84939,  Train loss 0.792928
INFO:root:Epoch 1/2, Batch 63000/84939,  Train loss 0.792086
INFO:root:Epoch 1/2, Batch 63500/84939,  Train loss 0.791014
INFO:root:Epoch 1/2, Batch 64000/84939,  Train loss 0.790042
INFO:root:Epoch 1/2, Batch 64500/84939,  Train loss 0.78918
INFO:root:Epoch 1/2, Batch 65000/84939,  Train loss 0.788356
INFO:root:Epoch 1/2, Batch 65500/84939,  Train loss 0.787482
INFO:root:Epoch 1/2, Batch 66000/84939,  Train loss 0.786736
INFO:root:Epoch 1/2, Batch 66500/84939,  Train loss 0.785797
INFO:root:Epoch 1/2, Batch 67000/84939,  Train loss 0.785085
INFO:root:Epoch 1/2, Batch 67500/84939,  Train loss 0.784298
INFO:root:Epoch 1/2, Batch 68000/84939,  Train loss 0.783409
INFO:root:Epoch 1/2, Batch 68500/84939,  Train loss 0.782676
INFO:root:Epoch 1/2, Batch 69000/84939,  Train loss 0.782074
INFO:root:Epoch 1/2, Batch 69500/84939,  Train loss 0.781251
INFO:root:Epoch 1/2, Batch 70000/84939,  Train loss 0.780624
INFO:root:Epoch 1/2, Batch 70500/84939,  Train loss 0.779802
INFO:root:Epoch 1/2, Batch 71000/84939,  Train loss 0.779104
INFO:root:Epoch 1/2, Batch 71500/84939,  Train loss 0.778386
INFO:root:Epoch 1/2, Batch 72000/84939,  Train loss 0.777297
INFO:root:Epoch 1/2, Batch 72500/84939,  Train loss 0.776431
INFO:root:Epoch 1/2, Batch 73000/84939,  Train loss 0.775642
INFO:root:Epoch 1/2, Batch 73500/84939,  Train loss 0.774763
INFO:root:Epoch 1/2, Batch 74000/84939,  Train loss 0.774065
INFO:root:Epoch 1/2, Batch 74500/84939,  Train loss 0.773283
INFO:root:Epoch 1/2, Batch 75000/84939,  Train loss 0.772569
INFO:root:Epoch 1/2, Batch 75500/84939,  Train loss 0.771837
INFO:root:Epoch 1/2, Batch 76000/84939,  Train loss 0.770933
INFO:root:Epoch 1/2, Batch 76500/84939,  Train loss 0.770224
INFO:root:Epoch 1/2, Batch 77000/84939,  Train loss 0.769522
INFO:root:Epoch 1/2, Batch 77500/84939,  Train loss 0.768918
INFO:root:Epoch 1/2, Batch 78000/84939,  Train loss 0.768237
INFO:root:Epoch 1/2, Batch 78500/84939,  Train loss 0.767462
INFO:root:Epoch 1/2, Batch 79000/84939,  Train loss 0.76668
INFO:root:Epoch 1/2, Batch 79500/84939,  Train loss 0.766116
INFO:root:Epoch 1/2, Batch 80000/84939,  Train loss 0.765478
INFO:root:Epoch 1/2, Batch 80500/84939,  Train loss 0.764739
INFO:root:Epoch 1/2, Batch 81000/84939,  Train loss 0.764123
INFO:root:Epoch 1/2, Batch 81500/84939,  Train loss 0.763375
INFO:root:Epoch 1/2, Batch 82000/84939,  Train loss 0.762704
INFO:root:Epoch 1/2, Batch 82500/84939,  Train loss 0.762164
INFO:root:Epoch 1/2, Batch 83000/84939,  Train loss 0.761672
INFO:root:Epoch 1/2, Batch 83500/84939,  Train loss 0.760997
INFO:root:Epoch 1/2, Batch 84000/84939,  Train loss 0.760295
INFO:root:Epoch 1/2, Batch 84500/84939,  Train loss 0.759655
INFO:root:Epoch 1/2, Batch 84939/84939,  Train loss 0.759157
INFO:root:vaild_loss@ 0.8742020595842713
INFO:root:Save the latest model into data/param_exp_tuning//csn_multi_param_at_end-epoch1-1019-2128.bin
INFO:root:Epoch 2/2, Batch 500/84939,  Train loss 0.628657
INFO:root:Epoch 2/2, Batch 1000/84939,  Train loss 0.618922
INFO:root:Epoch 2/2, Batch 1500/84939,  Train loss 0.618128
INFO:root:Epoch 2/2, Batch 2000/84939,  Train loss 0.619846
INFO:root:Epoch 2/2, Batch 2500/84939,  Train loss 0.611943
INFO:root:Epoch 2/2, Batch 3000/84939,  Train loss 0.613615
INFO:root:Epoch 2/2, Batch 3500/84939,  Train loss 0.612815
INFO:root:Epoch 2/2, Batch 4000/84939,  Train loss 0.611893
INFO:root:Epoch 2/2, Batch 4500/84939,  Train loss 0.614066
INFO:root:Epoch 2/2, Batch 5000/84939,  Train loss 0.615722
INFO:root:Epoch 2/2, Batch 5500/84939,  Train loss 0.614492
INFO:root:Epoch 2/2, Batch 6000/84939,  Train loss 0.612709
INFO:root:Epoch 2/2, Batch 6500/84939,  Train loss 0.611608
INFO:root:Epoch 2/2, Batch 7000/84939,  Train loss 0.611646
INFO:root:Epoch 2/2, Batch 7500/84939,  Train loss 0.609772
INFO:root:Epoch 2/2, Batch 8000/84939,  Train loss 0.609051
INFO:root:Epoch 2/2, Batch 8500/84939,  Train loss 0.608175
INFO:root:Epoch 2/2, Batch 9000/84939,  Train loss 0.609043
INFO:root:Epoch 2/2, Batch 9500/84939,  Train loss 0.609182
INFO:root:Epoch 2/2, Batch 10000/84939,  Train loss 0.609433
INFO:root:Epoch 2/2, Batch 10500/84939,  Train loss 0.610157
INFO:root:Epoch 2/2, Batch 11000/84939,  Train loss 0.610273
INFO:root:Epoch 2/2, Batch 11500/84939,  Train loss 0.610476
INFO:root:Epoch 2/2, Batch 12000/84939,  Train loss 0.610742
INFO:root:Epoch 2/2, Batch 12500/84939,  Train loss 0.609941
INFO:root:Epoch 2/2, Batch 13000/84939,  Train loss 0.609389
INFO:root:Epoch 2/2, Batch 13500/84939,  Train loss 0.60986
INFO:root:Epoch 2/2, Batch 14000/84939,  Train loss 0.610609
INFO:root:Epoch 2/2, Batch 14500/84939,  Train loss 0.610221
INFO:root:Epoch 2/2, Batch 15000/84939,  Train loss 0.609975
INFO:root:Epoch 2/2, Batch 15500/84939,  Train loss 0.609642
INFO:root:Epoch 2/2, Batch 16000/84939,  Train loss 0.610066
INFO:root:Epoch 2/2, Batch 16500/84939,  Train loss 0.610513
INFO:root:Epoch 2/2, Batch 17000/84939,  Train loss 0.610534
INFO:root:Epoch 2/2, Batch 17500/84939,  Train loss 0.610631
INFO:root:Epoch 2/2, Batch 18000/84939,  Train loss 0.610319
INFO:root:Epoch 2/2, Batch 18500/84939,  Train loss 0.610749
INFO:root:Epoch 2/2, Batch 19000/84939,  Train loss 0.610056
INFO:root:Epoch 2/2, Batch 19500/84939,  Train loss 0.609927
INFO:root:Epoch 2/2, Batch 20000/84939,  Train loss 0.609006
INFO:root:Epoch 2/2, Batch 20500/84939,  Train loss 0.609053
INFO:root:Epoch 2/2, Batch 21000/84939,  Train loss 0.608963
INFO:root:Epoch 2/2, Batch 21500/84939,  Train loss 0.608912
INFO:root:Epoch 2/2, Batch 22000/84939,  Train loss 0.608787
INFO:root:Epoch 2/2, Batch 22500/84939,  Train loss 0.608442
INFO:root:Epoch 2/2, Batch 23000/84939,  Train loss 0.608463
INFO:root:Epoch 2/2, Batch 23500/84939,  Train loss 0.607975
INFO:root:Epoch 2/2, Batch 24000/84939,  Train loss 0.608449
INFO:root:Epoch 2/2, Batch 24500/84939,  Train loss 0.608929
INFO:root:Epoch 2/2, Batch 25000/84939,  Train loss 0.608751
INFO:root:Epoch 2/2, Batch 25500/84939,  Train loss 0.608626
INFO:root:Epoch 2/2, Batch 26000/84939,  Train loss 0.608436
INFO:root:Epoch 2/2, Batch 26500/84939,  Train loss 0.6079
INFO:root:Epoch 2/2, Batch 27000/84939,  Train loss 0.607854
INFO:root:Epoch 2/2, Batch 27500/84939,  Train loss 0.607474
INFO:root:Epoch 2/2, Batch 28000/84939,  Train loss 0.607686
INFO:root:Epoch 2/2, Batch 28500/84939,  Train loss 0.607684
INFO:root:Epoch 2/2, Batch 29000/84939,  Train loss 0.607812
INFO:root:Epoch 2/2, Batch 29500/84939,  Train loss 0.607553
INFO:root:Epoch 2/2, Batch 30000/84939,  Train loss 0.606599
INFO:root:Epoch 2/2, Batch 30500/84939,  Train loss 0.606085
INFO:root:Epoch 2/2, Batch 31000/84939,  Train loss 0.606265
INFO:root:Epoch 2/2, Batch 31500/84939,  Train loss 0.606227
INFO:root:Epoch 2/2, Batch 32000/84939,  Train loss 0.606014
INFO:root:Epoch 2/2, Batch 32500/84939,  Train loss 0.606149
INFO:root:Epoch 2/2, Batch 33000/84939,  Train loss 0.60581
INFO:root:Epoch 2/2, Batch 33500/84939,  Train loss 0.60588
INFO:root:Epoch 2/2, Batch 34000/84939,  Train loss 0.606025
INFO:root:Epoch 2/2, Batch 34500/84939,  Train loss 0.605895
INFO:root:Epoch 2/2, Batch 35000/84939,  Train loss 0.605692
INFO:root:Epoch 2/2, Batch 35500/84939,  Train loss 0.605514
INFO:root:Epoch 2/2, Batch 36000/84939,  Train loss 0.605321
INFO:root:Epoch 2/2, Batch 36500/84939,  Train loss 0.60551
INFO:root:Epoch 2/2, Batch 37000/84939,  Train loss 0.605516
INFO:root:Epoch 2/2, Batch 37500/84939,  Train loss 0.605118
INFO:root:Epoch 2/2, Batch 38000/84939,  Train loss 0.605281
INFO:root:Epoch 2/2, Batch 38500/84939,  Train loss 0.60498
INFO:root:Epoch 2/2, Batch 39000/84939,  Train loss 0.605042
INFO:root:Epoch 2/2, Batch 39500/84939,  Train loss 0.604757
INFO:root:Epoch 2/2, Batch 40000/84939,  Train loss 0.604479
INFO:root:Epoch 2/2, Batch 40500/84939,  Train loss 0.604233
INFO:root:Epoch 2/2, Batch 41000/84939,  Train loss 0.604193
INFO:root:Epoch 2/2, Batch 41500/84939,  Train loss 0.603919
INFO:root:Epoch 2/2, Batch 42000/84939,  Train loss 0.603771
INFO:root:Epoch 2/2, Batch 42500/84939,  Train loss 0.603715
INFO:root:Epoch 2/2, Batch 43000/84939,  Train loss 0.60357
INFO:root:Epoch 2/2, Batch 43500/84939,  Train loss 0.603688
INFO:root:Epoch 2/2, Batch 44000/84939,  Train loss 0.603806
INFO:root:Epoch 2/2, Batch 44500/84939,  Train loss 0.603824
INFO:root:Epoch 2/2, Batch 45000/84939,  Train loss 0.603799
INFO:root:Epoch 2/2, Batch 45500/84939,  Train loss 0.603717
INFO:root:Epoch 2/2, Batch 46000/84939,  Train loss 0.603445
INFO:root:Epoch 2/2, Batch 46500/84939,  Train loss 0.603298
INFO:root:Epoch 2/2, Batch 47000/84939,  Train loss 0.603204
INFO:root:Epoch 2/2, Batch 47500/84939,  Train loss 0.603315
INFO:root:Epoch 2/2, Batch 48000/84939,  Train loss 0.603059
INFO:root:Epoch 2/2, Batch 48500/84939,  Train loss 0.602981
INFO:root:Epoch 2/2, Batch 49000/84939,  Train loss 0.602976
INFO:root:Epoch 2/2, Batch 49500/84939,  Train loss 0.602802
INFO:root:Epoch 2/2, Batch 50000/84939,  Train loss 0.603052
INFO:root:Epoch 2/2, Batch 50500/84939,  Train loss 0.602871
INFO:root:Epoch 2/2, Batch 51000/84939,  Train loss 0.602878
INFO:root:Epoch 2/2, Batch 51500/84939,  Train loss 0.603031
INFO:root:Epoch 2/2, Batch 52000/84939,  Train loss 0.603013
INFO:root:Epoch 2/2, Batch 52500/84939,  Train loss 0.602852
INFO:root:Epoch 2/2, Batch 53000/84939,  Train loss 0.602648
INFO:root:Epoch 2/2, Batch 53500/84939,  Train loss 0.60274
INFO:root:Epoch 2/2, Batch 54000/84939,  Train loss 0.602648
INFO:root:Epoch 2/2, Batch 54500/84939,  Train loss 0.602652
INFO:root:Epoch 2/2, Batch 55000/84939,  Train loss 0.602629
INFO:root:Epoch 2/2, Batch 55500/84939,  Train loss 0.602547
INFO:root:Epoch 2/2, Batch 56000/84939,  Train loss 0.602528
INFO:root:Epoch 2/2, Batch 56500/84939,  Train loss 0.602634
INFO:root:Epoch 2/2, Batch 57000/84939,  Train loss 0.602418
INFO:root:Epoch 2/2, Batch 57500/84939,  Train loss 0.602256
INFO:root:Epoch 2/2, Batch 58000/84939,  Train loss 0.602085
INFO:root:Epoch 2/2, Batch 58500/84939,  Train loss 0.602026
INFO:root:Epoch 2/2, Batch 59000/84939,  Train loss 0.601853
INFO:root:Epoch 2/2, Batch 59500/84939,  Train loss 0.601759
INFO:root:Epoch 2/2, Batch 60000/84939,  Train loss 0.601757
INFO:root:Epoch 2/2, Batch 60500/84939,  Train loss 0.601696
INFO:root:Epoch 2/2, Batch 61000/84939,  Train loss 0.601718
INFO:root:Epoch 2/2, Batch 61500/84939,  Train loss 0.601491
INFO:root:Epoch 2/2, Batch 62000/84939,  Train loss 0.601251
INFO:root:Epoch 2/2, Batch 62500/84939,  Train loss 0.601163
INFO:root:Epoch 2/2, Batch 63000/84939,  Train loss 0.601162
INFO:root:Epoch 2/2, Batch 63500/84939,  Train loss 0.601031
INFO:root:Epoch 2/2, Batch 64000/84939,  Train loss 0.600854
INFO:root:Epoch 2/2, Batch 64500/84939,  Train loss 0.600782
INFO:root:Epoch 2/2, Batch 65000/84939,  Train loss 0.600863
INFO:root:Epoch 2/2, Batch 65500/84939,  Train loss 0.600786
INFO:root:Epoch 2/2, Batch 66000/84939,  Train loss 0.600468
INFO:root:Epoch 2/2, Batch 66500/84939,  Train loss 0.60046
INFO:root:Epoch 2/2, Batch 67000/84939,  Train loss 0.600607
INFO:root:Epoch 2/2, Batch 67500/84939,  Train loss 0.600523
INFO:root:Epoch 2/2, Batch 68000/84939,  Train loss 0.600426
INFO:root:Epoch 2/2, Batch 68500/84939,  Train loss 0.600482
INFO:root:Epoch 2/2, Batch 69000/84939,  Train loss 0.60059
INFO:root:Epoch 2/2, Batch 69500/84939,  Train loss 0.600571
INFO:root:Epoch 2/2, Batch 70000/84939,  Train loss 0.6006
INFO:root:Epoch 2/2, Batch 70500/84939,  Train loss 0.60033
INFO:root:Epoch 2/2, Batch 71000/84939,  Train loss 0.600207
INFO:root:Epoch 2/2, Batch 71500/84939,  Train loss 0.600103
INFO:root:Epoch 2/2, Batch 72000/84939,  Train loss 0.600124
INFO:root:Epoch 2/2, Batch 72500/84939,  Train loss 0.599963
INFO:root:Epoch 2/2, Batch 73000/84939,  Train loss 0.599818
INFO:root:Epoch 2/2, Batch 73500/84939,  Train loss 0.599835
INFO:root:Epoch 2/2, Batch 74000/84939,  Train loss 0.599664
INFO:root:Epoch 2/2, Batch 74500/84939,  Train loss 0.599572
INFO:root:Epoch 2/2, Batch 75000/84939,  Train loss 0.599456
INFO:root:Epoch 2/2, Batch 75500/84939,  Train loss 0.599426
INFO:root:Epoch 2/2, Batch 76000/84939,  Train loss 0.599358
INFO:root:Epoch 2/2, Batch 76500/84939,  Train loss 0.599161
INFO:root:Epoch 2/2, Batch 77000/84939,  Train loss 0.599095
INFO:root:Epoch 2/2, Batch 77500/84939,  Train loss 0.598976
INFO:root:Epoch 2/2, Batch 78000/84939,  Train loss 0.598973
INFO:root:Epoch 2/2, Batch 78500/84939,  Train loss 0.598987
INFO:root:Epoch 2/2, Batch 79000/84939,  Train loss 0.59902
INFO:root:Epoch 2/2, Batch 79500/84939,  Train loss 0.599012
INFO:root:Epoch 2/2, Batch 80000/84939,  Train loss 0.598854
INFO:root:Epoch 2/2, Batch 80500/84939,  Train loss 0.598629
INFO:root:Epoch 2/2, Batch 81000/84939,  Train loss 0.598457
INFO:root:Epoch 2/2, Batch 81500/84939,  Train loss 0.598342
INFO:root:Epoch 2/2, Batch 82000/84939,  Train loss 0.598312
INFO:root:Epoch 2/2, Batch 82500/84939,  Train loss 0.59831
INFO:root:Epoch 2/2, Batch 83000/84939,  Train loss 0.598092
INFO:root:Epoch 2/2, Batch 83500/84939,  Train loss 0.598049
INFO:root:Epoch 2/2, Batch 84000/84939,  Train loss 0.597889
INFO:root:Epoch 2/2, Batch 84500/84939,  Train loss 0.597899
INFO:root:Epoch 2/2, Batch 84939/84939,  Train loss 0.59772
INFO:root:vaild_loss@ 0.8719034745390895
INFO:root:Save the latest model into data/param_exp_tuning//csn_multi_param_at_end-epoch2-1020-0147.bin
