INFO:root:learning_rate: 1e-05
INFO:root:train_batch_size: 5
INFO:root:valid_batch_size: 5
INFO:root:epochs: 2
INFO:root:adam_epsilon: 1e-08
INFO:root:weight_decay: 0
INFO:root:warmup_steps: 0.1
INFO:root:max_grad_norm: 1.0
INFO:root:train_sampling: None
INFO:root:valid_sampling: None
INFO:root:save_dir: data/param_exp_tuning/
INFO:root:log_step: 500
INFO:root:
INFO:root:
INFO:root:***** Running training *****
INFO:root:  Training examples = 424701
INFO:root:  Validation examples = 13929
INFO:root:  Training Batch size = 5
INFO:root:  Training Batch num = 84941
INFO:root:  Validation Batch size = 5
INFO:root:  Validation Batch num = 2786
INFO:root:  Epoch = 2
INFO:root:Epoch 1/2, Batch 500/84941,  Train loss 4.591048
INFO:root:Epoch 1/2, Batch 1000/84941,  Train loss 3.453096
INFO:root:Epoch 1/2, Batch 1500/84941,  Train loss 2.77545
INFO:root:Epoch 1/2, Batch 2000/84941,  Train loss 2.411346
INFO:root:Epoch 1/2, Batch 2500/84941,  Train loss 2.182025
INFO:root:Epoch 1/2, Batch 3000/84941,  Train loss 2.024597
INFO:root:Epoch 1/2, Batch 3500/84941,  Train loss 1.90402
INFO:root:Epoch 1/2, Batch 4000/84941,  Train loss 1.812154
INFO:root:Epoch 1/2, Batch 4500/84941,  Train loss 1.734485
INFO:root:Epoch 1/2, Batch 5000/84941,  Train loss 1.6764
INFO:root:Epoch 1/2, Batch 5500/84941,  Train loss 1.624959
INFO:root:Epoch 1/2, Batch 6000/84941,  Train loss 1.577697
INFO:root:Epoch 1/2, Batch 6500/84941,  Train loss 1.539946
INFO:root:Epoch 1/2, Batch 7000/84941,  Train loss 1.507089
INFO:root:Epoch 1/2, Batch 7500/84941,  Train loss 1.477952
INFO:root:Epoch 1/2, Batch 8000/84941,  Train loss 1.450114
INFO:root:Epoch 1/2, Batch 8500/84941,  Train loss 1.427101
INFO:root:Epoch 1/2, Batch 9000/84941,  Train loss 1.404622
INFO:root:Epoch 1/2, Batch 9500/84941,  Train loss 1.385695
INFO:root:Epoch 1/2, Batch 10000/84941,  Train loss 1.366189
INFO:root:Epoch 1/2, Batch 10500/84941,  Train loss 1.349059
INFO:root:Epoch 1/2, Batch 11000/84941,  Train loss 1.33332
INFO:root:Epoch 1/2, Batch 11500/84941,  Train loss 1.319961
INFO:root:Epoch 1/2, Batch 12000/84941,  Train loss 1.306661
INFO:root:Epoch 1/2, Batch 12500/84941,  Train loss 1.295211
INFO:root:Epoch 1/2, Batch 13000/84941,  Train loss 1.283705
INFO:root:Epoch 1/2, Batch 13500/84941,  Train loss 1.273288
INFO:root:Epoch 1/2, Batch 14000/84941,  Train loss 1.263172
INFO:root:Epoch 1/2, Batch 14500/84941,  Train loss 1.252994
INFO:root:Epoch 1/2, Batch 15000/84941,  Train loss 1.244455
INFO:root:Epoch 1/2, Batch 15500/84941,  Train loss 1.235658
INFO:root:Epoch 1/2, Batch 16000/84941,  Train loss 1.227712
INFO:root:Epoch 1/2, Batch 16500/84941,  Train loss 1.220289
INFO:root:Epoch 1/2, Batch 17000/84941,  Train loss 1.213462
INFO:root:Epoch 1/2, Batch 17500/84941,  Train loss 1.205899
INFO:root:Epoch 1/2, Batch 18000/84941,  Train loss 1.198469
INFO:root:Epoch 1/2, Batch 18500/84941,  Train loss 1.192093
INFO:root:Epoch 1/2, Batch 19000/84941,  Train loss 1.185556
INFO:root:Epoch 1/2, Batch 19500/84941,  Train loss 1.179921
INFO:root:Epoch 1/2, Batch 20000/84941,  Train loss 1.173482
INFO:root:Epoch 1/2, Batch 20500/84941,  Train loss 1.167397
INFO:root:Epoch 1/2, Batch 21000/84941,  Train loss 1.161628
INFO:root:Epoch 1/2, Batch 21500/84941,  Train loss 1.155732
INFO:root:Epoch 1/2, Batch 22000/84941,  Train loss 1.151075
INFO:root:Epoch 1/2, Batch 22500/84941,  Train loss 1.146063
INFO:root:Epoch 1/2, Batch 23000/84941,  Train loss 1.141384
INFO:root:Epoch 1/2, Batch 23500/84941,  Train loss 1.136742
INFO:root:Epoch 1/2, Batch 24000/84941,  Train loss 1.13226
INFO:root:Epoch 1/2, Batch 24500/84941,  Train loss 1.127808
INFO:root:Epoch 1/2, Batch 25000/84941,  Train loss 1.123292
INFO:root:Epoch 1/2, Batch 25500/84941,  Train loss 1.119295
INFO:root:Epoch 1/2, Batch 26000/84941,  Train loss 1.115877
INFO:root:Epoch 1/2, Batch 26500/84941,  Train loss 1.112277
INFO:root:Epoch 1/2, Batch 27000/84941,  Train loss 1.108324
INFO:root:Epoch 1/2, Batch 27500/84941,  Train loss 1.105485
INFO:root:Epoch 1/2, Batch 28000/84941,  Train loss 1.101697
INFO:root:Epoch 1/2, Batch 28500/84941,  Train loss 1.097955
INFO:root:Epoch 1/2, Batch 29000/84941,  Train loss 1.094477
INFO:root:Epoch 1/2, Batch 29500/84941,  Train loss 1.091385
INFO:root:Epoch 1/2, Batch 30000/84941,  Train loss 1.087846
INFO:root:Epoch 1/2, Batch 30500/84941,  Train loss 1.084742
INFO:root:Epoch 1/2, Batch 31000/84941,  Train loss 1.081692
INFO:root:Epoch 1/2, Batch 31500/84941,  Train loss 1.07851
INFO:root:Epoch 1/2, Batch 32000/84941,  Train loss 1.075699
INFO:root:Epoch 1/2, Batch 32500/84941,  Train loss 1.072583
INFO:root:Epoch 1/2, Batch 33000/84941,  Train loss 1.070106
INFO:root:Epoch 1/2, Batch 33500/84941,  Train loss 1.067283
INFO:root:Epoch 1/2, Batch 34000/84941,  Train loss 1.064541
INFO:root:Epoch 1/2, Batch 34500/84941,  Train loss 1.061858
INFO:root:Epoch 1/2, Batch 35000/84941,  Train loss 1.059128
INFO:root:Epoch 1/2, Batch 35500/84941,  Train loss 1.056449
INFO:root:Epoch 1/2, Batch 36000/84941,  Train loss 1.053963
INFO:root:Epoch 1/2, Batch 36500/84941,  Train loss 1.050887
INFO:root:Epoch 1/2, Batch 37000/84941,  Train loss 1.048321
INFO:root:Epoch 1/2, Batch 37500/84941,  Train loss 1.046155
INFO:root:Epoch 1/2, Batch 38000/84941,  Train loss 1.043754
INFO:root:Epoch 1/2, Batch 38500/84941,  Train loss 1.041516
INFO:root:Epoch 1/2, Batch 39000/84941,  Train loss 1.03922
INFO:root:Epoch 1/2, Batch 39500/84941,  Train loss 1.037178
INFO:root:Epoch 1/2, Batch 40000/84941,  Train loss 1.034766
INFO:root:Epoch 1/2, Batch 40500/84941,  Train loss 1.03277
INFO:root:Epoch 1/2, Batch 41000/84941,  Train loss 1.030524
INFO:root:Epoch 1/2, Batch 41500/84941,  Train loss 1.028058
INFO:root:Epoch 1/2, Batch 42000/84941,  Train loss 1.025828
INFO:root:Epoch 1/2, Batch 42500/84941,  Train loss 1.023513
INFO:root:Epoch 1/2, Batch 43000/84941,  Train loss 1.021373
INFO:root:Epoch 1/2, Batch 43500/84941,  Train loss 1.01941
INFO:root:Epoch 1/2, Batch 44000/84941,  Train loss 1.017498
INFO:root:Epoch 1/2, Batch 44500/84941,  Train loss 1.01562
INFO:root:Epoch 1/2, Batch 45000/84941,  Train loss 1.013863
INFO:root:Epoch 1/2, Batch 45500/84941,  Train loss 1.012349
INFO:root:Epoch 1/2, Batch 46000/84941,  Train loss 1.0107
INFO:root:Epoch 1/2, Batch 46500/84941,  Train loss 1.00887
INFO:root:Epoch 1/2, Batch 47000/84941,  Train loss 1.007163
INFO:root:Epoch 1/2, Batch 47500/84941,  Train loss 1.004997
INFO:root:Epoch 1/2, Batch 48000/84941,  Train loss 1.00351
INFO:root:Epoch 1/2, Batch 48500/84941,  Train loss 1.001668
INFO:root:Epoch 1/2, Batch 49000/84941,  Train loss 1.000057
INFO:root:Epoch 1/2, Batch 49500/84941,  Train loss 0.998441
INFO:root:Epoch 1/2, Batch 50000/84941,  Train loss 0.996698
INFO:root:Epoch 1/2, Batch 50500/84941,  Train loss 0.995009
INFO:root:Epoch 1/2, Batch 51000/84941,  Train loss 0.993199
INFO:root:Epoch 1/2, Batch 51500/84941,  Train loss 0.991583
INFO:root:Epoch 1/2, Batch 52000/84941,  Train loss 0.990035
INFO:root:Epoch 1/2, Batch 52500/84941,  Train loss 0.988742
INFO:root:Epoch 1/2, Batch 53000/84941,  Train loss 0.987367
INFO:root:Epoch 1/2, Batch 53500/84941,  Train loss 0.985855
INFO:root:Epoch 1/2, Batch 54000/84941,  Train loss 0.984457
INFO:root:Epoch 1/2, Batch 54500/84941,  Train loss 0.983005
INFO:root:Epoch 1/2, Batch 55000/84941,  Train loss 0.981505
INFO:root:Epoch 1/2, Batch 55500/84941,  Train loss 0.980275
INFO:root:Epoch 1/2, Batch 56000/84941,  Train loss 0.978848
INFO:root:Epoch 1/2, Batch 56500/84941,  Train loss 0.977381
INFO:root:Epoch 1/2, Batch 57000/84941,  Train loss 0.976331
INFO:root:Epoch 1/2, Batch 57500/84941,  Train loss 0.975142
INFO:root:Epoch 1/2, Batch 58000/84941,  Train loss 0.974102
INFO:root:Epoch 1/2, Batch 58500/84941,  Train loss 0.972722
INFO:root:Epoch 1/2, Batch 59000/84941,  Train loss 0.971502
INFO:root:Epoch 1/2, Batch 59500/84941,  Train loss 0.970228
INFO:root:Epoch 1/2, Batch 60000/84941,  Train loss 0.969198
INFO:root:Epoch 1/2, Batch 60500/84941,  Train loss 0.967952
INFO:root:Epoch 1/2, Batch 61000/84941,  Train loss 0.966632
INFO:root:Epoch 1/2, Batch 61500/84941,  Train loss 0.965338
INFO:root:Epoch 1/2, Batch 62000/84941,  Train loss 0.964135
INFO:root:Epoch 1/2, Batch 62500/84941,  Train loss 0.962874
INFO:root:Epoch 1/2, Batch 63000/84941,  Train loss 0.961674
INFO:root:Epoch 1/2, Batch 63500/84941,  Train loss 0.960654
INFO:root:Epoch 1/2, Batch 64000/84941,  Train loss 0.95948
INFO:root:Epoch 1/2, Batch 64500/84941,  Train loss 0.958202
INFO:root:Epoch 1/2, Batch 65000/84941,  Train loss 0.956902
INFO:root:Epoch 1/2, Batch 65500/84941,  Train loss 0.955618
INFO:root:Epoch 1/2, Batch 66000/84941,  Train loss 0.954513
INFO:root:Epoch 1/2, Batch 66500/84941,  Train loss 0.953325
INFO:root:Epoch 1/2, Batch 67000/84941,  Train loss 0.952223
INFO:root:Epoch 1/2, Batch 67500/84941,  Train loss 0.951048
INFO:root:Epoch 1/2, Batch 68000/84941,  Train loss 0.949773
INFO:root:Epoch 1/2, Batch 68500/84941,  Train loss 0.948676
INFO:root:Epoch 1/2, Batch 69000/84941,  Train loss 0.947819
INFO:root:Epoch 1/2, Batch 69500/84941,  Train loss 0.946824
INFO:root:Epoch 1/2, Batch 70000/84941,  Train loss 0.945745
INFO:root:Epoch 1/2, Batch 70500/84941,  Train loss 0.944894
INFO:root:Epoch 1/2, Batch 71000/84941,  Train loss 0.943789
INFO:root:Epoch 1/2, Batch 71500/84941,  Train loss 0.942901
INFO:root:Epoch 1/2, Batch 72000/84941,  Train loss 0.941981
INFO:root:Epoch 1/2, Batch 72500/84941,  Train loss 0.941035
INFO:root:Epoch 1/2, Batch 73000/84941,  Train loss 0.940215
INFO:root:Epoch 1/2, Batch 73500/84941,  Train loss 0.939476
INFO:root:Epoch 1/2, Batch 74000/84941,  Train loss 0.938457
INFO:root:Epoch 1/2, Batch 74500/84941,  Train loss 0.937483
INFO:root:Epoch 1/2, Batch 75000/84941,  Train loss 0.936328
INFO:root:Epoch 1/2, Batch 75500/84941,  Train loss 0.935317
INFO:root:Epoch 1/2, Batch 76000/84941,  Train loss 0.934387
INFO:root:Epoch 1/2, Batch 76500/84941,  Train loss 0.933526
INFO:root:Epoch 1/2, Batch 77000/84941,  Train loss 0.932547
INFO:root:Epoch 1/2, Batch 77500/84941,  Train loss 0.931635
INFO:root:Epoch 1/2, Batch 78000/84941,  Train loss 0.930696
INFO:root:Epoch 1/2, Batch 78500/84941,  Train loss 0.929788
INFO:root:Epoch 1/2, Batch 79000/84941,  Train loss 0.928913
INFO:root:Epoch 1/2, Batch 79500/84941,  Train loss 0.928185
INFO:root:Epoch 1/2, Batch 80000/84941,  Train loss 0.927174
INFO:root:Epoch 1/2, Batch 80500/84941,  Train loss 0.926318
INFO:root:Epoch 1/2, Batch 81000/84941,  Train loss 0.925398
INFO:root:Epoch 1/2, Batch 81500/84941,  Train loss 0.924463
INFO:root:Epoch 1/2, Batch 82000/84941,  Train loss 0.923851
INFO:root:Epoch 1/2, Batch 82500/84941,  Train loss 0.923101
INFO:root:Epoch 1/2, Batch 83000/84941,  Train loss 0.922211
INFO:root:Epoch 1/2, Batch 83500/84941,  Train loss 0.921377
INFO:root:Epoch 1/2, Batch 84000/84941,  Train loss 0.920589
INFO:root:Epoch 1/2, Batch 84500/84941,  Train loss 0.919823
INFO:root:Epoch 1/2, Batch 84941/84941,  Train loss 0.919193
INFO:root:vaild_loss@ 1.171961455120467
INFO:root:Save the latest model into data/param_exp_tuning//csn_single_param-epoch1-1020-1751.bin
INFO:root:Epoch 2/2, Batch 500/84941,  Train loss 0.70524
INFO:root:Epoch 2/2, Batch 1000/84941,  Train loss 0.721661
INFO:root:Epoch 2/2, Batch 1500/84941,  Train loss 0.728015
INFO:root:Epoch 2/2, Batch 2000/84941,  Train loss 0.732882
INFO:root:Epoch 2/2, Batch 2500/84941,  Train loss 0.734854
INFO:root:Epoch 2/2, Batch 3000/84941,  Train loss 0.734461
INFO:root:Epoch 2/2, Batch 3500/84941,  Train loss 0.733784
INFO:root:Epoch 2/2, Batch 4000/84941,  Train loss 0.73325
INFO:root:Epoch 2/2, Batch 4500/84941,  Train loss 0.734736
INFO:root:Epoch 2/2, Batch 5000/84941,  Train loss 0.736305
INFO:root:Epoch 2/2, Batch 5500/84941,  Train loss 0.737393
INFO:root:Epoch 2/2, Batch 6000/84941,  Train loss 0.738379
INFO:root:Epoch 2/2, Batch 6500/84941,  Train loss 0.740937
INFO:root:Epoch 2/2, Batch 7000/84941,  Train loss 0.742724
INFO:root:Epoch 2/2, Batch 7500/84941,  Train loss 0.741912
INFO:root:Epoch 2/2, Batch 8000/84941,  Train loss 0.741235
INFO:root:Epoch 2/2, Batch 8500/84941,  Train loss 0.74011
INFO:root:Epoch 2/2, Batch 9000/84941,  Train loss 0.739923
INFO:root:Epoch 2/2, Batch 9500/84941,  Train loss 0.740727
INFO:root:Epoch 2/2, Batch 10000/84941,  Train loss 0.740906
INFO:root:Epoch 2/2, Batch 10500/84941,  Train loss 0.740984
INFO:root:Epoch 2/2, Batch 11000/84941,  Train loss 0.740977
INFO:root:Epoch 2/2, Batch 11500/84941,  Train loss 0.740526
INFO:root:Epoch 2/2, Batch 12000/84941,  Train loss 0.740099
INFO:root:Epoch 2/2, Batch 12500/84941,  Train loss 0.740099
INFO:root:Epoch 2/2, Batch 13000/84941,  Train loss 0.739893
INFO:root:Epoch 2/2, Batch 13500/84941,  Train loss 0.740146
INFO:root:Epoch 2/2, Batch 14000/84941,  Train loss 0.739852
INFO:root:Epoch 2/2, Batch 14500/84941,  Train loss 0.740282
INFO:root:Epoch 2/2, Batch 15000/84941,  Train loss 0.740197
INFO:root:Epoch 2/2, Batch 15500/84941,  Train loss 0.739954
INFO:root:Epoch 2/2, Batch 16000/84941,  Train loss 0.740035
INFO:root:Epoch 2/2, Batch 16500/84941,  Train loss 0.739638
INFO:root:Epoch 2/2, Batch 17000/84941,  Train loss 0.739338
INFO:root:Epoch 2/2, Batch 17500/84941,  Train loss 0.73926
INFO:root:Epoch 2/2, Batch 18000/84941,  Train loss 0.738913
INFO:root:Epoch 2/2, Batch 18500/84941,  Train loss 0.739012
INFO:root:Epoch 2/2, Batch 19000/84941,  Train loss 0.739069
INFO:root:Epoch 2/2, Batch 19500/84941,  Train loss 0.738948
INFO:root:Epoch 2/2, Batch 20000/84941,  Train loss 0.738565
INFO:root:Epoch 2/2, Batch 20500/84941,  Train loss 0.738249
INFO:root:Epoch 2/2, Batch 21000/84941,  Train loss 0.738643
INFO:root:Epoch 2/2, Batch 21500/84941,  Train loss 0.738486
INFO:root:Epoch 2/2, Batch 22000/84941,  Train loss 0.738149
INFO:root:Epoch 2/2, Batch 22500/84941,  Train loss 0.737649
INFO:root:Epoch 2/2, Batch 23000/84941,  Train loss 0.737602
INFO:root:Epoch 2/2, Batch 23500/84941,  Train loss 0.737564
INFO:root:Epoch 2/2, Batch 24000/84941,  Train loss 0.737186
INFO:root:Epoch 2/2, Batch 24500/84941,  Train loss 0.736589
INFO:root:Epoch 2/2, Batch 25000/84941,  Train loss 0.736631
INFO:root:Epoch 2/2, Batch 25500/84941,  Train loss 0.737199
INFO:root:Epoch 2/2, Batch 26000/84941,  Train loss 0.736948
INFO:root:Epoch 2/2, Batch 26500/84941,  Train loss 0.736443
INFO:root:Epoch 2/2, Batch 27000/84941,  Train loss 0.736402
INFO:root:Epoch 2/2, Batch 27500/84941,  Train loss 0.735713
INFO:root:Epoch 2/2, Batch 28000/84941,  Train loss 0.735788
INFO:root:Epoch 2/2, Batch 28500/84941,  Train loss 0.736196
INFO:root:Epoch 2/2, Batch 29000/84941,  Train loss 0.736115
INFO:root:Epoch 2/2, Batch 29500/84941,  Train loss 0.735773
INFO:root:Epoch 2/2, Batch 30000/84941,  Train loss 0.735527
INFO:root:Epoch 2/2, Batch 30500/84941,  Train loss 0.73553
INFO:root:Epoch 2/2, Batch 31000/84941,  Train loss 0.735026
INFO:root:Epoch 2/2, Batch 31500/84941,  Train loss 0.734795
INFO:root:Epoch 2/2, Batch 32000/84941,  Train loss 0.734564
INFO:root:Epoch 2/2, Batch 32500/84941,  Train loss 0.734337
INFO:root:Epoch 2/2, Batch 33000/84941,  Train loss 0.734017
INFO:root:Epoch 2/2, Batch 33500/84941,  Train loss 0.7337
INFO:root:Epoch 2/2, Batch 34000/84941,  Train loss 0.733498
INFO:root:Epoch 2/2, Batch 34500/84941,  Train loss 0.733767
INFO:root:Epoch 2/2, Batch 35000/84941,  Train loss 0.733431
INFO:root:Epoch 2/2, Batch 35500/84941,  Train loss 0.733083
INFO:root:Epoch 2/2, Batch 36000/84941,  Train loss 0.733192
INFO:root:Epoch 2/2, Batch 36500/84941,  Train loss 0.733066
INFO:root:Epoch 2/2, Batch 37000/84941,  Train loss 0.732443
INFO:root:Epoch 2/2, Batch 37500/84941,  Train loss 0.732306
INFO:root:Epoch 2/2, Batch 38000/84941,  Train loss 0.732254
INFO:root:Epoch 2/2, Batch 38500/84941,  Train loss 0.731996
INFO:root:Epoch 2/2, Batch 39000/84941,  Train loss 0.731851
INFO:root:Epoch 2/2, Batch 39500/84941,  Train loss 0.731478
INFO:root:Epoch 2/2, Batch 40000/84941,  Train loss 0.731431
INFO:root:Epoch 2/2, Batch 40500/84941,  Train loss 0.731175
INFO:root:Epoch 2/2, Batch 41000/84941,  Train loss 0.731075
INFO:root:Epoch 2/2, Batch 41500/84941,  Train loss 0.730894
INFO:root:Epoch 2/2, Batch 42000/84941,  Train loss 0.730733
INFO:root:Epoch 2/2, Batch 42500/84941,  Train loss 0.730316
INFO:root:Epoch 2/2, Batch 43000/84941,  Train loss 0.730312
INFO:root:Epoch 2/2, Batch 43500/84941,  Train loss 0.73035
INFO:root:Epoch 2/2, Batch 44000/84941,  Train loss 0.730422
INFO:root:Epoch 2/2, Batch 44500/84941,  Train loss 0.730009
INFO:root:Epoch 2/2, Batch 45000/84941,  Train loss 0.729816
INFO:root:Epoch 2/2, Batch 45500/84941,  Train loss 0.72982
INFO:root:Epoch 2/2, Batch 46000/84941,  Train loss 0.729622
INFO:root:Epoch 2/2, Batch 46500/84941,  Train loss 0.729465
INFO:root:Epoch 2/2, Batch 47000/84941,  Train loss 0.729344
INFO:root:Epoch 2/2, Batch 47500/84941,  Train loss 0.72899
INFO:root:Epoch 2/2, Batch 48000/84941,  Train loss 0.728844
INFO:root:Epoch 2/2, Batch 48500/84941,  Train loss 0.728905
INFO:root:Epoch 2/2, Batch 49000/84941,  Train loss 0.728703
INFO:root:Epoch 2/2, Batch 49500/84941,  Train loss 0.728612
INFO:root:Epoch 2/2, Batch 50000/84941,  Train loss 0.72887
INFO:root:Epoch 2/2, Batch 50500/84941,  Train loss 0.728854
INFO:root:Epoch 2/2, Batch 51000/84941,  Train loss 0.728799
INFO:root:Epoch 2/2, Batch 51500/84941,  Train loss 0.728578
INFO:root:Epoch 2/2, Batch 52000/84941,  Train loss 0.728396
INFO:root:Epoch 2/2, Batch 52500/84941,  Train loss 0.728142
INFO:root:Epoch 2/2, Batch 53000/84941,  Train loss 0.727941
INFO:root:Epoch 2/2, Batch 53500/84941,  Train loss 0.727804
INFO:root:Epoch 2/2, Batch 54000/84941,  Train loss 0.727747
INFO:root:Epoch 2/2, Batch 54500/84941,  Train loss 0.727631
INFO:root:Epoch 2/2, Batch 55000/84941,  Train loss 0.727457
INFO:root:Epoch 2/2, Batch 55500/84941,  Train loss 0.727256
INFO:root:Epoch 2/2, Batch 56000/84941,  Train loss 0.727203
INFO:root:Epoch 2/2, Batch 56500/84941,  Train loss 0.727217
INFO:root:Epoch 2/2, Batch 57000/84941,  Train loss 0.727022
INFO:root:Epoch 2/2, Batch 57500/84941,  Train loss 0.726912
INFO:root:Epoch 2/2, Batch 58000/84941,  Train loss 0.726615
INFO:root:Epoch 2/2, Batch 58500/84941,  Train loss 0.726553
INFO:root:Epoch 2/2, Batch 59000/84941,  Train loss 0.726458
INFO:root:Epoch 2/2, Batch 59500/84941,  Train loss 0.726243
INFO:root:Epoch 2/2, Batch 60000/84941,  Train loss 0.72624
INFO:root:Epoch 2/2, Batch 60500/84941,  Train loss 0.726169
INFO:root:Epoch 2/2, Batch 61000/84941,  Train loss 0.725971
INFO:root:Epoch 2/2, Batch 61500/84941,  Train loss 0.725924
INFO:root:Epoch 2/2, Batch 62000/84941,  Train loss 0.72565
INFO:root:Epoch 2/2, Batch 62500/84941,  Train loss 0.725535
INFO:root:Epoch 2/2, Batch 63000/84941,  Train loss 0.725257
INFO:root:Epoch 2/2, Batch 63500/84941,  Train loss 0.724858
INFO:root:Epoch 2/2, Batch 64000/84941,  Train loss 0.724615
INFO:root:Epoch 2/2, Batch 64500/84941,  Train loss 0.724628
INFO:root:Epoch 2/2, Batch 65000/84941,  Train loss 0.724418
INFO:root:Epoch 2/2, Batch 65500/84941,  Train loss 0.724383
INFO:root:Epoch 2/2, Batch 66000/84941,  Train loss 0.72421
INFO:root:Epoch 2/2, Batch 66500/84941,  Train loss 0.724355
INFO:root:Epoch 2/2, Batch 67000/84941,  Train loss 0.724183
INFO:root:Epoch 2/2, Batch 67500/84941,  Train loss 0.724094
INFO:root:Epoch 2/2, Batch 68000/84941,  Train loss 0.723969
INFO:root:Epoch 2/2, Batch 68500/84941,  Train loss 0.72387
INFO:root:Epoch 2/2, Batch 69000/84941,  Train loss 0.723586
INFO:root:Epoch 2/2, Batch 69500/84941,  Train loss 0.723276
INFO:root:Epoch 2/2, Batch 70000/84941,  Train loss 0.723091
INFO:root:Epoch 2/2, Batch 70500/84941,  Train loss 0.722782
INFO:root:Epoch 2/2, Batch 71000/84941,  Train loss 0.722781
INFO:root:Epoch 2/2, Batch 71500/84941,  Train loss 0.722795
INFO:root:Epoch 2/2, Batch 72000/84941,  Train loss 0.722652
INFO:root:Epoch 2/2, Batch 72500/84941,  Train loss 0.722484
INFO:root:Epoch 2/2, Batch 73000/84941,  Train loss 0.722429
INFO:root:Epoch 2/2, Batch 73500/84941,  Train loss 0.722507
INFO:root:Epoch 2/2, Batch 74000/84941,  Train loss 0.722284
INFO:root:Epoch 2/2, Batch 74500/84941,  Train loss 0.722345
INFO:root:Epoch 2/2, Batch 75000/84941,  Train loss 0.722175
INFO:root:Epoch 2/2, Batch 75500/84941,  Train loss 0.722185
INFO:root:Epoch 2/2, Batch 76000/84941,  Train loss 0.722113
INFO:root:Epoch 2/2, Batch 76500/84941,  Train loss 0.721988
INFO:root:Epoch 2/2, Batch 77000/84941,  Train loss 0.721827
INFO:root:Epoch 2/2, Batch 77500/84941,  Train loss 0.721619
INFO:root:Epoch 2/2, Batch 78000/84941,  Train loss 0.721461
INFO:root:Epoch 2/2, Batch 78500/84941,  Train loss 0.721526
INFO:root:Epoch 2/2, Batch 79000/84941,  Train loss 0.721353
INFO:root:Epoch 2/2, Batch 79500/84941,  Train loss 0.721298
INFO:root:Epoch 2/2, Batch 80000/84941,  Train loss 0.721091
INFO:root:Epoch 2/2, Batch 80500/84941,  Train loss 0.720853
INFO:root:Epoch 2/2, Batch 81000/84941,  Train loss 0.720715
INFO:root:Epoch 2/2, Batch 81500/84941,  Train loss 0.720637
INFO:root:Epoch 2/2, Batch 82000/84941,  Train loss 0.720617
INFO:root:Epoch 2/2, Batch 82500/84941,  Train loss 0.720551
INFO:root:Epoch 2/2, Batch 83000/84941,  Train loss 0.720398
INFO:root:Epoch 2/2, Batch 83500/84941,  Train loss 0.720214
INFO:root:Epoch 2/2, Batch 84000/84941,  Train loss 0.720146
INFO:root:Epoch 2/2, Batch 84500/84941,  Train loss 0.720038
INFO:root:Epoch 2/2, Batch 84941/84941,  Train loss 0.719921
INFO:root:vaild_loss@ 1.183594897244227
INFO:root:Save the latest model into data/param_exp_tuning//csn_single_param-epoch2-1020-2201.bin
