INFO:root:learning_rate: 1e-05
INFO:root:train_batch_size: 5
INFO:root:valid_batch_size: 5
INFO:root:epochs: 2
INFO:root:adam_epsilon: 1e-08
INFO:root:weight_decay: 0
INFO:root:warmup_steps: 0.1
INFO:root:max_grad_norm: 1.0
INFO:root:train_sampling: None
INFO:root:valid_sampling: None
INFO:root:save_dir: data/param_exp_tuning/
INFO:root:log_step: 500
INFO:root:
INFO:root:
INFO:root:***** Running training *****
INFO:root:  Training examples = 424695
INFO:root:  Validation examples = 13929
INFO:root:  Training Batch size = 5
INFO:root:  Training Batch num = 84939
INFO:root:  Validation Batch size = 5
INFO:root:  Validation Batch num = 2786
INFO:root:  Epoch = 2
INFO:root:Epoch 1/2, Batch 500/84939,  Train loss 4.072917
INFO:root:Epoch 1/2, Batch 1000/84939,  Train loss 2.976149
INFO:root:Epoch 1/2, Batch 1500/84939,  Train loss 2.372067
INFO:root:Epoch 1/2, Batch 2000/84939,  Train loss 2.046005
INFO:root:Epoch 1/2, Batch 2500/84939,  Train loss 1.840639
INFO:root:Epoch 1/2, Batch 3000/84939,  Train loss 1.70362
INFO:root:Epoch 1/2, Batch 3500/84939,  Train loss 1.596605
INFO:root:Epoch 1/2, Batch 4000/84939,  Train loss 1.514601
INFO:root:Epoch 1/2, Batch 4500/84939,  Train loss 1.444838
INFO:root:Epoch 1/2, Batch 5000/84939,  Train loss 1.391374
INFO:root:Epoch 1/2, Batch 5500/84939,  Train loss 1.345915
INFO:root:Epoch 1/2, Batch 6000/84939,  Train loss 1.30666
INFO:root:Epoch 1/2, Batch 6500/84939,  Train loss 1.273898
INFO:root:Epoch 1/2, Batch 7000/84939,  Train loss 1.245641
INFO:root:Epoch 1/2, Batch 7500/84939,  Train loss 1.218404
INFO:root:Epoch 1/2, Batch 8000/84939,  Train loss 1.193984
INFO:root:Epoch 1/2, Batch 8500/84939,  Train loss 1.176024
INFO:root:Epoch 1/2, Batch 9000/84939,  Train loss 1.156755
INFO:root:Epoch 1/2, Batch 9500/84939,  Train loss 1.139582
INFO:root:Epoch 1/2, Batch 10000/84939,  Train loss 1.123565
INFO:root:Epoch 1/2, Batch 10500/84939,  Train loss 1.108736
INFO:root:Epoch 1/2, Batch 11000/84939,  Train loss 1.097154
INFO:root:Epoch 1/2, Batch 11500/84939,  Train loss 1.084469
INFO:root:Epoch 1/2, Batch 12000/84939,  Train loss 1.07263
INFO:root:Epoch 1/2, Batch 12500/84939,  Train loss 1.062213
INFO:root:Epoch 1/2, Batch 13000/84939,  Train loss 1.052391
INFO:root:Epoch 1/2, Batch 13500/84939,  Train loss 1.043309
INFO:root:Epoch 1/2, Batch 14000/84939,  Train loss 1.034381
INFO:root:Epoch 1/2, Batch 14500/84939,  Train loss 1.024812
INFO:root:Epoch 1/2, Batch 15000/84939,  Train loss 1.017308
INFO:root:Epoch 1/2, Batch 15500/84939,  Train loss 1.009965
INFO:root:Epoch 1/2, Batch 16000/84939,  Train loss 1.003179
INFO:root:Epoch 1/2, Batch 16500/84939,  Train loss 0.996287
INFO:root:Epoch 1/2, Batch 17000/84939,  Train loss 0.98996
INFO:root:Epoch 1/2, Batch 17500/84939,  Train loss 0.983679
INFO:root:Epoch 1/2, Batch 18000/84939,  Train loss 0.978437
INFO:root:Epoch 1/2, Batch 18500/84939,  Train loss 0.973052
INFO:root:Epoch 1/2, Batch 19000/84939,  Train loss 0.96782
INFO:root:Epoch 1/2, Batch 19500/84939,  Train loss 0.962449
INFO:root:Epoch 1/2, Batch 20000/84939,  Train loss 0.957474
INFO:root:Epoch 1/2, Batch 20500/84939,  Train loss 0.95247
INFO:root:Epoch 1/2, Batch 21000/84939,  Train loss 0.947485
INFO:root:Epoch 1/2, Batch 21500/84939,  Train loss 0.943147
INFO:root:Epoch 1/2, Batch 22000/84939,  Train loss 0.93875
INFO:root:Epoch 1/2, Batch 22500/84939,  Train loss 0.934609
INFO:root:Epoch 1/2, Batch 23000/84939,  Train loss 0.930745
INFO:root:Epoch 1/2, Batch 23500/84939,  Train loss 0.926762
INFO:root:Epoch 1/2, Batch 24000/84939,  Train loss 0.92288
INFO:root:Epoch 1/2, Batch 24500/84939,  Train loss 0.919367
INFO:root:Epoch 1/2, Batch 25000/84939,  Train loss 0.915968
INFO:root:Epoch 1/2, Batch 25500/84939,  Train loss 0.912313
INFO:root:Epoch 1/2, Batch 26000/84939,  Train loss 0.908551
INFO:root:Epoch 1/2, Batch 26500/84939,  Train loss 0.905688
INFO:root:Epoch 1/2, Batch 27000/84939,  Train loss 0.902847
INFO:root:Epoch 1/2, Batch 27500/84939,  Train loss 0.900021
INFO:root:Epoch 1/2, Batch 28000/84939,  Train loss 0.896356
INFO:root:Epoch 1/2, Batch 28500/84939,  Train loss 0.893421
INFO:root:Epoch 1/2, Batch 29000/84939,  Train loss 0.890858
INFO:root:Epoch 1/2, Batch 29500/84939,  Train loss 0.888264
INFO:root:Epoch 1/2, Batch 30000/84939,  Train loss 0.885514
INFO:root:Epoch 1/2, Batch 30500/84939,  Train loss 0.882911
INFO:root:Epoch 1/2, Batch 31000/84939,  Train loss 0.880564
INFO:root:Epoch 1/2, Batch 31500/84939,  Train loss 0.878006
INFO:root:Epoch 1/2, Batch 32000/84939,  Train loss 0.87555
INFO:root:Epoch 1/2, Batch 32500/84939,  Train loss 0.873347
INFO:root:Epoch 1/2, Batch 33000/84939,  Train loss 0.871012
INFO:root:Epoch 1/2, Batch 33500/84939,  Train loss 0.868766
INFO:root:Epoch 1/2, Batch 34000/84939,  Train loss 0.866626
INFO:root:Epoch 1/2, Batch 34500/84939,  Train loss 0.864403
INFO:root:Epoch 1/2, Batch 35000/84939,  Train loss 0.862199
INFO:root:Epoch 1/2, Batch 35500/84939,  Train loss 0.860195
INFO:root:Epoch 1/2, Batch 36000/84939,  Train loss 0.858214
INFO:root:Epoch 1/2, Batch 36500/84939,  Train loss 0.856611
INFO:root:Epoch 1/2, Batch 37000/84939,  Train loss 0.854632
INFO:root:Epoch 1/2, Batch 37500/84939,  Train loss 0.852866
INFO:root:Epoch 1/2, Batch 38000/84939,  Train loss 0.850914
INFO:root:Epoch 1/2, Batch 38500/84939,  Train loss 0.84954
INFO:root:Epoch 1/2, Batch 39000/84939,  Train loss 0.847971
INFO:root:Epoch 1/2, Batch 39500/84939,  Train loss 0.846313
INFO:root:Epoch 1/2, Batch 40000/84939,  Train loss 0.844335
INFO:root:Epoch 1/2, Batch 40500/84939,  Train loss 0.842705
INFO:root:Epoch 1/2, Batch 41000/84939,  Train loss 0.840999
INFO:root:Epoch 1/2, Batch 41500/84939,  Train loss 0.839206
INFO:root:Epoch 1/2, Batch 42000/84939,  Train loss 0.837695
INFO:root:Epoch 1/2, Batch 42500/84939,  Train loss 0.836008
INFO:root:Epoch 1/2, Batch 43000/84939,  Train loss 0.833915
INFO:root:Epoch 1/2, Batch 43500/84939,  Train loss 0.83237
INFO:root:Epoch 1/2, Batch 44000/84939,  Train loss 0.830726
INFO:root:Epoch 1/2, Batch 44500/84939,  Train loss 0.829423
INFO:root:Epoch 1/2, Batch 45000/84939,  Train loss 0.827984
INFO:root:Epoch 1/2, Batch 45500/84939,  Train loss 0.826424
INFO:root:Epoch 1/2, Batch 46000/84939,  Train loss 0.824961
INFO:root:Epoch 1/2, Batch 46500/84939,  Train loss 0.823515
INFO:root:Epoch 1/2, Batch 47000/84939,  Train loss 0.822179
INFO:root:Epoch 1/2, Batch 47500/84939,  Train loss 0.820911
INFO:root:Epoch 1/2, Batch 48000/84939,  Train loss 0.81974
INFO:root:Epoch 1/2, Batch 48500/84939,  Train loss 0.818691
INFO:root:Epoch 1/2, Batch 49000/84939,  Train loss 0.817387
INFO:root:Epoch 1/2, Batch 49500/84939,  Train loss 0.816044
INFO:root:Epoch 1/2, Batch 50000/84939,  Train loss 0.815082
INFO:root:Epoch 1/2, Batch 50500/84939,  Train loss 0.813719
INFO:root:Epoch 1/2, Batch 51000/84939,  Train loss 0.812428
INFO:root:Epoch 1/2, Batch 51500/84939,  Train loss 0.811083
INFO:root:Epoch 1/2, Batch 52000/84939,  Train loss 0.809914
INFO:root:Epoch 1/2, Batch 52500/84939,  Train loss 0.808981
INFO:root:Epoch 1/2, Batch 53000/84939,  Train loss 0.80768
INFO:root:Epoch 1/2, Batch 53500/84939,  Train loss 0.806714
INFO:root:Epoch 1/2, Batch 54000/84939,  Train loss 0.805765
INFO:root:Epoch 1/2, Batch 54500/84939,  Train loss 0.804445
INFO:root:Epoch 1/2, Batch 55000/84939,  Train loss 0.803282
INFO:root:Epoch 1/2, Batch 55500/84939,  Train loss 0.80207
INFO:root:Epoch 1/2, Batch 56000/84939,  Train loss 0.800993
INFO:root:Epoch 1/2, Batch 56500/84939,  Train loss 0.79997
INFO:root:Epoch 1/2, Batch 57000/84939,  Train loss 0.798907
INFO:root:Epoch 1/2, Batch 57500/84939,  Train loss 0.79805
INFO:root:Epoch 1/2, Batch 58000/84939,  Train loss 0.797297
INFO:root:Epoch 1/2, Batch 58500/84939,  Train loss 0.796374
INFO:root:Epoch 1/2, Batch 59000/84939,  Train loss 0.795486
INFO:root:Epoch 1/2, Batch 59500/84939,  Train loss 0.794378
INFO:root:Epoch 1/2, Batch 60000/84939,  Train loss 0.793426
INFO:root:Epoch 1/2, Batch 60500/84939,  Train loss 0.79268
INFO:root:Epoch 1/2, Batch 61000/84939,  Train loss 0.791626
INFO:root:Epoch 1/2, Batch 61500/84939,  Train loss 0.790832
INFO:root:Epoch 1/2, Batch 62000/84939,  Train loss 0.79009
INFO:root:Epoch 1/2, Batch 62500/84939,  Train loss 0.789386
INFO:root:Epoch 1/2, Batch 63000/84939,  Train loss 0.788442
INFO:root:Epoch 1/2, Batch 63500/84939,  Train loss 0.787436
INFO:root:Epoch 1/2, Batch 64000/84939,  Train loss 0.786748
INFO:root:Epoch 1/2, Batch 64500/84939,  Train loss 0.785846
INFO:root:Epoch 1/2, Batch 65000/84939,  Train loss 0.784977
INFO:root:Epoch 1/2, Batch 65500/84939,  Train loss 0.784043
INFO:root:Epoch 1/2, Batch 66000/84939,  Train loss 0.783222
INFO:root:Epoch 1/2, Batch 66500/84939,  Train loss 0.782494
INFO:root:Epoch 1/2, Batch 67000/84939,  Train loss 0.781716
INFO:root:Epoch 1/2, Batch 67500/84939,  Train loss 0.780936
INFO:root:Epoch 1/2, Batch 68000/84939,  Train loss 0.780181
INFO:root:Epoch 1/2, Batch 68500/84939,  Train loss 0.779554
INFO:root:Epoch 1/2, Batch 69000/84939,  Train loss 0.778749
INFO:root:Epoch 1/2, Batch 69500/84939,  Train loss 0.777899
INFO:root:Epoch 1/2, Batch 70000/84939,  Train loss 0.777029
INFO:root:Epoch 1/2, Batch 70500/84939,  Train loss 0.776275
INFO:root:Epoch 1/2, Batch 71000/84939,  Train loss 0.775452
INFO:root:Epoch 1/2, Batch 71500/84939,  Train loss 0.77459
INFO:root:Epoch 1/2, Batch 72000/84939,  Train loss 0.773678
INFO:root:Epoch 1/2, Batch 72500/84939,  Train loss 0.772764
INFO:root:Epoch 1/2, Batch 73000/84939,  Train loss 0.771986
INFO:root:Epoch 1/2, Batch 73500/84939,  Train loss 0.771154
INFO:root:Epoch 1/2, Batch 74000/84939,  Train loss 0.770307
INFO:root:Epoch 1/2, Batch 74500/84939,  Train loss 0.769559
INFO:root:Epoch 1/2, Batch 75000/84939,  Train loss 0.7687
INFO:root:Epoch 1/2, Batch 75500/84939,  Train loss 0.768072
INFO:root:Epoch 1/2, Batch 76000/84939,  Train loss 0.76745
INFO:root:Epoch 1/2, Batch 76500/84939,  Train loss 0.76665
INFO:root:Epoch 1/2, Batch 77000/84939,  Train loss 0.765731
INFO:root:Epoch 1/2, Batch 77500/84939,  Train loss 0.764993
INFO:root:Epoch 1/2, Batch 78000/84939,  Train loss 0.764257
INFO:root:Epoch 1/2, Batch 78500/84939,  Train loss 0.76348
INFO:root:Epoch 1/2, Batch 79000/84939,  Train loss 0.76291
INFO:root:Epoch 1/2, Batch 79500/84939,  Train loss 0.762193
INFO:root:Epoch 1/2, Batch 80000/84939,  Train loss 0.761577
INFO:root:Epoch 1/2, Batch 80500/84939,  Train loss 0.760928
INFO:root:Epoch 1/2, Batch 81000/84939,  Train loss 0.760332
INFO:root:Epoch 1/2, Batch 81500/84939,  Train loss 0.75956
INFO:root:Epoch 1/2, Batch 82000/84939,  Train loss 0.758914
INFO:root:Epoch 1/2, Batch 82500/84939,  Train loss 0.758328
INFO:root:Epoch 1/2, Batch 83000/84939,  Train loss 0.757624
INFO:root:Epoch 1/2, Batch 83500/84939,  Train loss 0.75707
INFO:root:Epoch 1/2, Batch 84000/84939,  Train loss 0.756391
INFO:root:Epoch 1/2, Batch 84500/84939,  Train loss 0.755698
INFO:root:Epoch 1/2, Batch 84939/84939,  Train loss 0.755068
INFO:root:vaild_loss@ 0.8793413913926417
INFO:root:Save the latest model into data/param_exp_tuning//model-epoch1-1019-2119.bin
INFO:root:Epoch 2/2, Batch 500/84939,  Train loss 0.60845
INFO:root:Epoch 2/2, Batch 1000/84939,  Train loss 0.616493
INFO:root:Epoch 2/2, Batch 1500/84939,  Train loss 0.618006
INFO:root:Epoch 2/2, Batch 2000/84939,  Train loss 0.613909
INFO:root:Epoch 2/2, Batch 2500/84939,  Train loss 0.612945
INFO:root:Epoch 2/2, Batch 3000/84939,  Train loss 0.617942
INFO:root:Epoch 2/2, Batch 3500/84939,  Train loss 0.616799
INFO:root:Epoch 2/2, Batch 4000/84939,  Train loss 0.616408
INFO:root:Epoch 2/2, Batch 4500/84939,  Train loss 0.614923
INFO:root:Epoch 2/2, Batch 5000/84939,  Train loss 0.615334
INFO:root:Epoch 2/2, Batch 5500/84939,  Train loss 0.615429
INFO:root:Epoch 2/2, Batch 6000/84939,  Train loss 0.615481
INFO:root:Epoch 2/2, Batch 6500/84939,  Train loss 0.614577
INFO:root:Epoch 2/2, Batch 7000/84939,  Train loss 0.613006
INFO:root:Epoch 2/2, Batch 7500/84939,  Train loss 0.613199
INFO:root:Epoch 2/2, Batch 8000/84939,  Train loss 0.611711
INFO:root:Epoch 2/2, Batch 8500/84939,  Train loss 0.61211
INFO:root:Epoch 2/2, Batch 9000/84939,  Train loss 0.611176
INFO:root:Epoch 2/2, Batch 9500/84939,  Train loss 0.611121
INFO:root:Epoch 2/2, Batch 10000/84939,  Train loss 0.610641
INFO:root:Epoch 2/2, Batch 10500/84939,  Train loss 0.611132
INFO:root:Epoch 2/2, Batch 11000/84939,  Train loss 0.611019
INFO:root:Epoch 2/2, Batch 11500/84939,  Train loss 0.610016
INFO:root:Epoch 2/2, Batch 12000/84939,  Train loss 0.609747
INFO:root:Epoch 2/2, Batch 12500/84939,  Train loss 0.609064
INFO:root:Epoch 2/2, Batch 13000/84939,  Train loss 0.608422
INFO:root:Epoch 2/2, Batch 13500/84939,  Train loss 0.608071
INFO:root:Epoch 2/2, Batch 14000/84939,  Train loss 0.60869
INFO:root:Epoch 2/2, Batch 14500/84939,  Train loss 0.608345
INFO:root:Epoch 2/2, Batch 15000/84939,  Train loss 0.608747
INFO:root:Epoch 2/2, Batch 15500/84939,  Train loss 0.609194
INFO:root:Epoch 2/2, Batch 16000/84939,  Train loss 0.608943
INFO:root:Epoch 2/2, Batch 16500/84939,  Train loss 0.608999
INFO:root:Epoch 2/2, Batch 17000/84939,  Train loss 0.608039
INFO:root:Epoch 2/2, Batch 17500/84939,  Train loss 0.607938
INFO:root:Epoch 2/2, Batch 18000/84939,  Train loss 0.607919
INFO:root:Epoch 2/2, Batch 18500/84939,  Train loss 0.60706
INFO:root:Epoch 2/2, Batch 19000/84939,  Train loss 0.606526
INFO:root:Epoch 2/2, Batch 19500/84939,  Train loss 0.606816
INFO:root:Epoch 2/2, Batch 20000/84939,  Train loss 0.606998
INFO:root:Epoch 2/2, Batch 20500/84939,  Train loss 0.607172
INFO:root:Epoch 2/2, Batch 21000/84939,  Train loss 0.607063
INFO:root:Epoch 2/2, Batch 21500/84939,  Train loss 0.60696
INFO:root:Epoch 2/2, Batch 22000/84939,  Train loss 0.607199
INFO:root:Epoch 2/2, Batch 22500/84939,  Train loss 0.60726
INFO:root:Epoch 2/2, Batch 23000/84939,  Train loss 0.606868
INFO:root:Epoch 2/2, Batch 23500/84939,  Train loss 0.606566
INFO:root:Epoch 2/2, Batch 24000/84939,  Train loss 0.606381
INFO:root:Epoch 2/2, Batch 24500/84939,  Train loss 0.606145
INFO:root:Epoch 2/2, Batch 25000/84939,  Train loss 0.606233
INFO:root:Epoch 2/2, Batch 25500/84939,  Train loss 0.606206
INFO:root:Epoch 2/2, Batch 26000/84939,  Train loss 0.606567
INFO:root:Epoch 2/2, Batch 26500/84939,  Train loss 0.606364
INFO:root:Epoch 2/2, Batch 27000/84939,  Train loss 0.606591
INFO:root:Epoch 2/2, Batch 27500/84939,  Train loss 0.606404
INFO:root:Epoch 2/2, Batch 28000/84939,  Train loss 0.606173
INFO:root:Epoch 2/2, Batch 28500/84939,  Train loss 0.605861
INFO:root:Epoch 2/2, Batch 29000/84939,  Train loss 0.605589
INFO:root:Epoch 2/2, Batch 29500/84939,  Train loss 0.605298
INFO:root:Epoch 2/2, Batch 30000/84939,  Train loss 0.604883
INFO:root:Epoch 2/2, Batch 30500/84939,  Train loss 0.604403
INFO:root:Epoch 2/2, Batch 31000/84939,  Train loss 0.604233
INFO:root:Epoch 2/2, Batch 31500/84939,  Train loss 0.604027
INFO:root:Epoch 2/2, Batch 32000/84939,  Train loss 0.604042
INFO:root:Epoch 2/2, Batch 32500/84939,  Train loss 0.603733
INFO:root:Epoch 2/2, Batch 33000/84939,  Train loss 0.603643
INFO:root:Epoch 2/2, Batch 33500/84939,  Train loss 0.603756
INFO:root:Epoch 2/2, Batch 34000/84939,  Train loss 0.603464
INFO:root:Epoch 2/2, Batch 34500/84939,  Train loss 0.603799
INFO:root:Epoch 2/2, Batch 35000/84939,  Train loss 0.603307
INFO:root:Epoch 2/2, Batch 35500/84939,  Train loss 0.603328
INFO:root:Epoch 2/2, Batch 36000/84939,  Train loss 0.603552
INFO:root:Epoch 2/2, Batch 36500/84939,  Train loss 0.60336
INFO:root:Epoch 2/2, Batch 37000/84939,  Train loss 0.603347
INFO:root:Epoch 2/2, Batch 37500/84939,  Train loss 0.60318
INFO:root:Epoch 2/2, Batch 38000/84939,  Train loss 0.603239
INFO:root:Epoch 2/2, Batch 38500/84939,  Train loss 0.603199
INFO:root:Epoch 2/2, Batch 39000/84939,  Train loss 0.603316
INFO:root:Epoch 2/2, Batch 39500/84939,  Train loss 0.60288
INFO:root:Epoch 2/2, Batch 40000/84939,  Train loss 0.602973
INFO:root:Epoch 2/2, Batch 40500/84939,  Train loss 0.603188
INFO:root:Epoch 2/2, Batch 41000/84939,  Train loss 0.60334
INFO:root:Epoch 2/2, Batch 41500/84939,  Train loss 0.603242
INFO:root:Epoch 2/2, Batch 42000/84939,  Train loss 0.603166
INFO:root:Epoch 2/2, Batch 42500/84939,  Train loss 0.603223
INFO:root:Epoch 2/2, Batch 43000/84939,  Train loss 0.603129
INFO:root:Epoch 2/2, Batch 43500/84939,  Train loss 0.603031
INFO:root:Epoch 2/2, Batch 44000/84939,  Train loss 0.603237
INFO:root:Epoch 2/2, Batch 44500/84939,  Train loss 0.603057
INFO:root:Epoch 2/2, Batch 45000/84939,  Train loss 0.603109
INFO:root:Epoch 2/2, Batch 45500/84939,  Train loss 0.602794
INFO:root:Epoch 2/2, Batch 46000/84939,  Train loss 0.602529
INFO:root:Epoch 2/2, Batch 46500/84939,  Train loss 0.602216
INFO:root:Epoch 2/2, Batch 47000/84939,  Train loss 0.602004
INFO:root:Epoch 2/2, Batch 47500/84939,  Train loss 0.602015
INFO:root:Epoch 2/2, Batch 48000/84939,  Train loss 0.602012
INFO:root:Epoch 2/2, Batch 48500/84939,  Train loss 0.602028
INFO:root:Epoch 2/2, Batch 49000/84939,  Train loss 0.601956
INFO:root:Epoch 2/2, Batch 49500/84939,  Train loss 0.601711
INFO:root:Epoch 2/2, Batch 50000/84939,  Train loss 0.601587
INFO:root:Epoch 2/2, Batch 50500/84939,  Train loss 0.601446
INFO:root:Epoch 2/2, Batch 51000/84939,  Train loss 0.601357
INFO:root:Epoch 2/2, Batch 51500/84939,  Train loss 0.601519
INFO:root:Epoch 2/2, Batch 52000/84939,  Train loss 0.601501
INFO:root:Epoch 2/2, Batch 52500/84939,  Train loss 0.601314
INFO:root:Epoch 2/2, Batch 53000/84939,  Train loss 0.601324
INFO:root:Epoch 2/2, Batch 53500/84939,  Train loss 0.601253
INFO:root:Epoch 2/2, Batch 54000/84939,  Train loss 0.601166
INFO:root:Epoch 2/2, Batch 54500/84939,  Train loss 0.601166
INFO:root:Epoch 2/2, Batch 55000/84939,  Train loss 0.60121
INFO:root:Epoch 2/2, Batch 55500/84939,  Train loss 0.601217
INFO:root:Epoch 2/2, Batch 56000/84939,  Train loss 0.6011
INFO:root:Epoch 2/2, Batch 56500/84939,  Train loss 0.601075
INFO:root:Epoch 2/2, Batch 57000/84939,  Train loss 0.60079
INFO:root:Epoch 2/2, Batch 57500/84939,  Train loss 0.600768
INFO:root:Epoch 2/2, Batch 58000/84939,  Train loss 0.600668
INFO:root:Epoch 2/2, Batch 58500/84939,  Train loss 0.600787
INFO:root:Epoch 2/2, Batch 59000/84939,  Train loss 0.600602
INFO:root:Epoch 2/2, Batch 59500/84939,  Train loss 0.600306
INFO:root:Epoch 2/2, Batch 60000/84939,  Train loss 0.60037
INFO:root:Epoch 2/2, Batch 60500/84939,  Train loss 0.600321
INFO:root:Epoch 2/2, Batch 61000/84939,  Train loss 0.600416
INFO:root:Epoch 2/2, Batch 61500/84939,  Train loss 0.600325
INFO:root:Epoch 2/2, Batch 62000/84939,  Train loss 0.600299
INFO:root:Epoch 2/2, Batch 62500/84939,  Train loss 0.600208
INFO:root:Epoch 2/2, Batch 63000/84939,  Train loss 0.600188
INFO:root:Epoch 2/2, Batch 63500/84939,  Train loss 0.600113
INFO:root:Epoch 2/2, Batch 64000/84939,  Train loss 0.599868
INFO:root:Epoch 2/2, Batch 64500/84939,  Train loss 0.599801
INFO:root:Epoch 2/2, Batch 65000/84939,  Train loss 0.599699
INFO:root:Epoch 2/2, Batch 65500/84939,  Train loss 0.599603
INFO:root:Epoch 2/2, Batch 66000/84939,  Train loss 0.599439
INFO:root:Epoch 2/2, Batch 66500/84939,  Train loss 0.599336
INFO:root:Epoch 2/2, Batch 67000/84939,  Train loss 0.599403
INFO:root:Epoch 2/2, Batch 67500/84939,  Train loss 0.599328
INFO:root:Epoch 2/2, Batch 68000/84939,  Train loss 0.599134
INFO:root:Epoch 2/2, Batch 68500/84939,  Train loss 0.599073
INFO:root:Epoch 2/2, Batch 69000/84939,  Train loss 0.59898
INFO:root:Epoch 2/2, Batch 69500/84939,  Train loss 0.598915
INFO:root:Epoch 2/2, Batch 70000/84939,  Train loss 0.5988
INFO:root:Epoch 2/2, Batch 70500/84939,  Train loss 0.598672
INFO:root:Epoch 2/2, Batch 71000/84939,  Train loss 0.598678
INFO:root:Epoch 2/2, Batch 71500/84939,  Train loss 0.598564
INFO:root:Epoch 2/2, Batch 72000/84939,  Train loss 0.598468
INFO:root:Epoch 2/2, Batch 72500/84939,  Train loss 0.598215
INFO:root:Epoch 2/2, Batch 73000/84939,  Train loss 0.598151
INFO:root:Epoch 2/2, Batch 73500/84939,  Train loss 0.598082
INFO:root:Epoch 2/2, Batch 74000/84939,  Train loss 0.597858
INFO:root:Epoch 2/2, Batch 74500/84939,  Train loss 0.597698
INFO:root:Epoch 2/2, Batch 75000/84939,  Train loss 0.597655
INFO:root:Epoch 2/2, Batch 75500/84939,  Train loss 0.597511
INFO:root:Epoch 2/2, Batch 76000/84939,  Train loss 0.597356
INFO:root:Epoch 2/2, Batch 76500/84939,  Train loss 0.597508
INFO:root:Epoch 2/2, Batch 77000/84939,  Train loss 0.597486
INFO:root:Epoch 2/2, Batch 77500/84939,  Train loss 0.59738
INFO:root:Epoch 2/2, Batch 78000/84939,  Train loss 0.597346
INFO:root:Epoch 2/2, Batch 78500/84939,  Train loss 0.597492
INFO:root:Epoch 2/2, Batch 79000/84939,  Train loss 0.597434
INFO:root:Epoch 2/2, Batch 79500/84939,  Train loss 0.597441
INFO:root:Epoch 2/2, Batch 80000/84939,  Train loss 0.597441
INFO:root:Epoch 2/2, Batch 80500/84939,  Train loss 0.597354
INFO:root:Epoch 2/2, Batch 81000/84939,  Train loss 0.597297
INFO:root:Epoch 2/2, Batch 81500/84939,  Train loss 0.597191
INFO:root:Epoch 2/2, Batch 82000/84939,  Train loss 0.597233
INFO:root:Epoch 2/2, Batch 82500/84939,  Train loss 0.5972
INFO:root:Epoch 2/2, Batch 83000/84939,  Train loss 0.597162
INFO:root:Epoch 2/2, Batch 83500/84939,  Train loss 0.59712
INFO:root:Epoch 2/2, Batch 84000/84939,  Train loss 0.597015
INFO:root:Epoch 2/2, Batch 84500/84939,  Train loss 0.597074
INFO:root:Epoch 2/2, Batch 84939/84939,  Train loss 0.596986
INFO:root:vaild_loss@ 0.8738529384965003
INFO:root:Save the latest model into data/param_exp_tuning//model-epoch2-1020-0135.bin
