INFO:root:learning_rate: 1e-05
INFO:root:train_batch_size: 5
INFO:root:valid_batch_size: 5
INFO:root:epochs: 2
INFO:root:adam_epsilon: 1e-08
INFO:root:weight_decay: 0
INFO:root:warmup_steps: 0.1
INFO:root:max_grad_norm: 1.0
INFO:root:train_sampling: None
INFO:root:valid_sampling: None
INFO:root:save_dir: data/param_exp_tuning/
INFO:root:log_step: 500
INFO:root:
INFO:root:
INFO:root:***** Running training *****
INFO:root:  Training examples = 485460
INFO:root:  Validation examples = 16709
INFO:root:  Training Batch size = 5
INFO:root:  Training Batch num = 97092
INFO:root:  Validation Batch size = 5
INFO:root:  Validation Batch num = 3342
INFO:root:  Epoch = 2
INFO:root:Epoch 1/2, Batch 500/97092,  Train loss 3.901708
INFO:root:Epoch 1/2, Batch 1000/97092,  Train loss 2.963847
INFO:root:Epoch 1/2, Batch 1500/97092,  Train loss 2.388879
INFO:root:Epoch 1/2, Batch 2000/97092,  Train loss 2.064839
INFO:root:Epoch 1/2, Batch 2500/97092,  Train loss 1.85361
INFO:root:Epoch 1/2, Batch 3000/97092,  Train loss 1.706202
INFO:root:Epoch 1/2, Batch 3500/97092,  Train loss 1.601974
INFO:root:Epoch 1/2, Batch 4000/97092,  Train loss 1.518261
INFO:root:Epoch 1/2, Batch 4500/97092,  Train loss 1.450184
INFO:root:Epoch 1/2, Batch 5000/97092,  Train loss 1.395798
INFO:root:Epoch 1/2, Batch 5500/97092,  Train loss 1.346024
INFO:root:Epoch 1/2, Batch 6000/97092,  Train loss 1.303518
INFO:root:Epoch 1/2, Batch 6500/97092,  Train loss 1.271633
INFO:root:Epoch 1/2, Batch 7000/97092,  Train loss 1.240335
INFO:root:Epoch 1/2, Batch 7500/97092,  Train loss 1.211841
INFO:root:Epoch 1/2, Batch 8000/97092,  Train loss 1.187784
INFO:root:Epoch 1/2, Batch 8500/97092,  Train loss 1.166032
INFO:root:Epoch 1/2, Batch 9000/97092,  Train loss 1.146141
INFO:root:Epoch 1/2, Batch 9500/97092,  Train loss 1.128903
INFO:root:Epoch 1/2, Batch 10000/97092,  Train loss 1.111486
INFO:root:Epoch 1/2, Batch 10500/97092,  Train loss 1.09657
INFO:root:Epoch 1/2, Batch 11000/97092,  Train loss 1.083053
INFO:root:Epoch 1/2, Batch 11500/97092,  Train loss 1.070419
INFO:root:Epoch 1/2, Batch 12000/97092,  Train loss 1.057717
INFO:root:Epoch 1/2, Batch 12500/97092,  Train loss 1.046164
INFO:root:Epoch 1/2, Batch 13000/97092,  Train loss 1.035633
INFO:root:Epoch 1/2, Batch 13500/97092,  Train loss 1.026247
INFO:root:Epoch 1/2, Batch 14000/97092,  Train loss 1.017637
INFO:root:Epoch 1/2, Batch 14500/97092,  Train loss 1.00902
INFO:root:Epoch 1/2, Batch 15000/97092,  Train loss 1.001006
INFO:root:Epoch 1/2, Batch 15500/97092,  Train loss 0.993945
INFO:root:Epoch 1/2, Batch 16000/97092,  Train loss 0.9874
INFO:root:Epoch 1/2, Batch 16500/97092,  Train loss 0.980532
INFO:root:Epoch 1/2, Batch 17000/97092,  Train loss 0.974448
INFO:root:Epoch 1/2, Batch 17500/97092,  Train loss 0.968346
INFO:root:Epoch 1/2, Batch 18000/97092,  Train loss 0.962201
INFO:root:Epoch 1/2, Batch 18500/97092,  Train loss 0.956627
INFO:root:Epoch 1/2, Batch 19000/97092,  Train loss 0.951127
INFO:root:Epoch 1/2, Batch 19500/97092,  Train loss 0.946873
INFO:root:Epoch 1/2, Batch 20000/97092,  Train loss 0.941305
INFO:root:Epoch 1/2, Batch 20500/97092,  Train loss 0.936266
INFO:root:Epoch 1/2, Batch 21000/97092,  Train loss 0.931517
INFO:root:Epoch 1/2, Batch 21500/97092,  Train loss 0.92687
INFO:root:Epoch 1/2, Batch 22000/97092,  Train loss 0.922631
INFO:root:Epoch 1/2, Batch 22500/97092,  Train loss 0.918738
INFO:root:Epoch 1/2, Batch 23000/97092,  Train loss 0.914412
INFO:root:Epoch 1/2, Batch 23500/97092,  Train loss 0.910552
INFO:root:Epoch 1/2, Batch 24000/97092,  Train loss 0.90662
INFO:root:Epoch 1/2, Batch 24500/97092,  Train loss 0.902355
INFO:root:Epoch 1/2, Batch 25000/97092,  Train loss 0.898396
INFO:root:Epoch 1/2, Batch 25500/97092,  Train loss 0.894811
INFO:root:Epoch 1/2, Batch 26000/97092,  Train loss 0.89121
INFO:root:Epoch 1/2, Batch 26500/97092,  Train loss 0.888004
INFO:root:Epoch 1/2, Batch 27000/97092,  Train loss 0.88487
INFO:root:Epoch 1/2, Batch 27500/97092,  Train loss 0.881267
INFO:root:Epoch 1/2, Batch 28000/97092,  Train loss 0.878498
INFO:root:Epoch 1/2, Batch 28500/97092,  Train loss 0.875968
INFO:root:Epoch 1/2, Batch 29000/97092,  Train loss 0.873571
INFO:root:Epoch 1/2, Batch 29500/97092,  Train loss 0.871438
INFO:root:Epoch 1/2, Batch 30000/97092,  Train loss 0.868672
INFO:root:Epoch 1/2, Batch 30500/97092,  Train loss 0.865953
INFO:root:Epoch 1/2, Batch 31000/97092,  Train loss 0.863484
INFO:root:Epoch 1/2, Batch 31500/97092,  Train loss 0.860773
INFO:root:Epoch 1/2, Batch 32000/97092,  Train loss 0.8584
INFO:root:Epoch 1/2, Batch 32500/97092,  Train loss 0.855762
INFO:root:Epoch 1/2, Batch 33000/97092,  Train loss 0.853212
INFO:root:Epoch 1/2, Batch 33500/97092,  Train loss 0.851107
INFO:root:Epoch 1/2, Batch 34000/97092,  Train loss 0.849013
INFO:root:Epoch 1/2, Batch 34500/97092,  Train loss 0.84677
INFO:root:Epoch 1/2, Batch 35000/97092,  Train loss 0.844724
INFO:root:Epoch 1/2, Batch 35500/97092,  Train loss 0.842611
INFO:root:Epoch 1/2, Batch 36000/97092,  Train loss 0.840584
INFO:root:Epoch 1/2, Batch 36500/97092,  Train loss 0.83828
INFO:root:Epoch 1/2, Batch 37000/97092,  Train loss 0.836362
INFO:root:Epoch 1/2, Batch 37500/97092,  Train loss 0.834192
INFO:root:Epoch 1/2, Batch 38000/97092,  Train loss 0.832239
INFO:root:Epoch 1/2, Batch 38500/97092,  Train loss 0.830633
INFO:root:Epoch 1/2, Batch 39000/97092,  Train loss 0.829187
INFO:root:Epoch 1/2, Batch 39500/97092,  Train loss 0.827663
INFO:root:Epoch 1/2, Batch 40000/97092,  Train loss 0.826068
INFO:root:Epoch 1/2, Batch 40500/97092,  Train loss 0.824608
INFO:root:Epoch 1/2, Batch 41000/97092,  Train loss 0.822786
INFO:root:Epoch 1/2, Batch 41500/97092,  Train loss 0.820973
INFO:root:Epoch 1/2, Batch 42000/97092,  Train loss 0.81926
INFO:root:Epoch 1/2, Batch 42500/97092,  Train loss 0.817474
INFO:root:Epoch 1/2, Batch 43000/97092,  Train loss 0.815841
INFO:root:Epoch 1/2, Batch 43500/97092,  Train loss 0.814381
INFO:root:Epoch 1/2, Batch 44000/97092,  Train loss 0.812859
INFO:root:Epoch 1/2, Batch 44500/97092,  Train loss 0.811353
INFO:root:Epoch 1/2, Batch 45000/97092,  Train loss 0.809889
INFO:root:Epoch 1/2, Batch 45500/97092,  Train loss 0.808258
INFO:root:Epoch 1/2, Batch 46000/97092,  Train loss 0.806653
INFO:root:Epoch 1/2, Batch 46500/97092,  Train loss 0.805364
INFO:root:Epoch 1/2, Batch 47000/97092,  Train loss 0.804104
INFO:root:Epoch 1/2, Batch 47500/97092,  Train loss 0.802916
INFO:root:Epoch 1/2, Batch 48000/97092,  Train loss 0.801504
INFO:root:Epoch 1/2, Batch 48500/97092,  Train loss 0.800292
INFO:root:Epoch 1/2, Batch 49000/97092,  Train loss 0.79867
INFO:root:Epoch 1/2, Batch 49500/97092,  Train loss 0.797111
INFO:root:Epoch 1/2, Batch 50000/97092,  Train loss 0.795843
INFO:root:Epoch 1/2, Batch 50500/97092,  Train loss 0.794589
INFO:root:Epoch 1/2, Batch 51000/97092,  Train loss 0.793172
INFO:root:Epoch 1/2, Batch 51500/97092,  Train loss 0.792062
INFO:root:Epoch 1/2, Batch 52000/97092,  Train loss 0.79061
INFO:root:Epoch 1/2, Batch 52500/97092,  Train loss 0.789344
INFO:root:Epoch 1/2, Batch 53000/97092,  Train loss 0.788163
INFO:root:Epoch 1/2, Batch 53500/97092,  Train loss 0.78724
INFO:root:Epoch 1/2, Batch 54000/97092,  Train loss 0.786002
INFO:root:Epoch 1/2, Batch 54500/97092,  Train loss 0.784972
INFO:root:Epoch 1/2, Batch 55000/97092,  Train loss 0.784005
INFO:root:Epoch 1/2, Batch 55500/97092,  Train loss 0.782771
INFO:root:Epoch 1/2, Batch 56000/97092,  Train loss 0.781938
INFO:root:Epoch 1/2, Batch 56500/97092,  Train loss 0.780758
INFO:root:Epoch 1/2, Batch 57000/97092,  Train loss 0.779541
INFO:root:Epoch 1/2, Batch 57500/97092,  Train loss 0.778681
INFO:root:Epoch 1/2, Batch 58000/97092,  Train loss 0.77766
INFO:root:Epoch 1/2, Batch 58500/97092,  Train loss 0.776863
INFO:root:Epoch 1/2, Batch 59000/97092,  Train loss 0.776037
INFO:root:Epoch 1/2, Batch 59500/97092,  Train loss 0.774977
INFO:root:Epoch 1/2, Batch 60000/97092,  Train loss 0.77394
INFO:root:Epoch 1/2, Batch 60500/97092,  Train loss 0.773176
INFO:root:Epoch 1/2, Batch 61000/97092,  Train loss 0.77207
INFO:root:Epoch 1/2, Batch 61500/97092,  Train loss 0.770885
INFO:root:Epoch 1/2, Batch 62000/97092,  Train loss 0.76983
INFO:root:Epoch 1/2, Batch 62500/97092,  Train loss 0.768772
INFO:root:Epoch 1/2, Batch 63000/97092,  Train loss 0.767823
INFO:root:Epoch 1/2, Batch 63500/97092,  Train loss 0.766778
INFO:root:Epoch 1/2, Batch 64000/97092,  Train loss 0.765763
INFO:root:Epoch 1/2, Batch 64500/97092,  Train loss 0.76486
INFO:root:Epoch 1/2, Batch 65000/97092,  Train loss 0.764004
INFO:root:Epoch 1/2, Batch 65500/97092,  Train loss 0.76288
INFO:root:Epoch 1/2, Batch 66000/97092,  Train loss 0.761794
INFO:root:Epoch 1/2, Batch 66500/97092,  Train loss 0.760778
INFO:root:Epoch 1/2, Batch 67000/97092,  Train loss 0.759892
INFO:root:Epoch 1/2, Batch 67500/97092,  Train loss 0.759235
INFO:root:Epoch 1/2, Batch 68000/97092,  Train loss 0.75844
INFO:root:Epoch 1/2, Batch 68500/97092,  Train loss 0.757716
INFO:root:Epoch 1/2, Batch 69000/97092,  Train loss 0.75691
INFO:root:Epoch 1/2, Batch 69500/97092,  Train loss 0.756123
INFO:root:Epoch 1/2, Batch 70000/97092,  Train loss 0.755578
INFO:root:Epoch 1/2, Batch 70500/97092,  Train loss 0.754967
INFO:root:Epoch 1/2, Batch 71000/97092,  Train loss 0.75416
INFO:root:Epoch 1/2, Batch 71500/97092,  Train loss 0.753365
INFO:root:Epoch 1/2, Batch 72000/97092,  Train loss 0.752726
INFO:root:Epoch 1/2, Batch 72500/97092,  Train loss 0.752079
INFO:root:Epoch 1/2, Batch 73000/97092,  Train loss 0.751208
INFO:root:Epoch 1/2, Batch 73500/97092,  Train loss 0.750503
INFO:root:Epoch 1/2, Batch 74000/97092,  Train loss 0.74961
INFO:root:Epoch 1/2, Batch 74500/97092,  Train loss 0.748848
INFO:root:Epoch 1/2, Batch 75000/97092,  Train loss 0.748137
INFO:root:Epoch 1/2, Batch 75500/97092,  Train loss 0.74751
INFO:root:Epoch 1/2, Batch 76000/97092,  Train loss 0.746783
INFO:root:Epoch 1/2, Batch 76500/97092,  Train loss 0.746036
INFO:root:Epoch 1/2, Batch 77000/97092,  Train loss 0.745499
INFO:root:Epoch 1/2, Batch 77500/97092,  Train loss 0.744789
INFO:root:Epoch 1/2, Batch 78000/97092,  Train loss 0.743978
INFO:root:Epoch 1/2, Batch 78500/97092,  Train loss 0.743378
INFO:root:Epoch 1/2, Batch 79000/97092,  Train loss 0.742556
INFO:root:Epoch 1/2, Batch 79500/97092,  Train loss 0.741701
INFO:root:Epoch 1/2, Batch 80000/97092,  Train loss 0.741149
INFO:root:Epoch 1/2, Batch 80500/97092,  Train loss 0.740563
INFO:root:Epoch 1/2, Batch 81000/97092,  Train loss 0.739943
INFO:root:Epoch 1/2, Batch 81500/97092,  Train loss 0.739273
INFO:root:Epoch 1/2, Batch 82000/97092,  Train loss 0.738781
INFO:root:Epoch 1/2, Batch 82500/97092,  Train loss 0.73797
INFO:root:Epoch 1/2, Batch 83000/97092,  Train loss 0.737322
INFO:root:Epoch 1/2, Batch 83500/97092,  Train loss 0.736749
INFO:root:Epoch 1/2, Batch 84000/97092,  Train loss 0.736065
INFO:root:Epoch 1/2, Batch 84500/97092,  Train loss 0.735503
INFO:root:Epoch 1/2, Batch 85000/97092,  Train loss 0.734845
INFO:root:Epoch 1/2, Batch 85500/97092,  Train loss 0.734268
INFO:root:Epoch 1/2, Batch 86000/97092,  Train loss 0.733495
INFO:root:Epoch 1/2, Batch 86500/97092,  Train loss 0.732839
INFO:root:Epoch 1/2, Batch 87000/97092,  Train loss 0.732162
INFO:root:Epoch 1/2, Batch 87500/97092,  Train loss 0.731526
INFO:root:Epoch 1/2, Batch 88000/97092,  Train loss 0.730909
INFO:root:Epoch 1/2, Batch 88500/97092,  Train loss 0.73044
INFO:root:Epoch 1/2, Batch 89000/97092,  Train loss 0.72979
INFO:root:Epoch 1/2, Batch 89500/97092,  Train loss 0.729234
INFO:root:Epoch 1/2, Batch 90000/97092,  Train loss 0.728595
INFO:root:Epoch 1/2, Batch 90500/97092,  Train loss 0.727963
INFO:root:Epoch 1/2, Batch 91000/97092,  Train loss 0.727372
INFO:root:Epoch 1/2, Batch 91500/97092,  Train loss 0.726876
INFO:root:Epoch 1/2, Batch 92000/97092,  Train loss 0.726487
INFO:root:Epoch 1/2, Batch 92500/97092,  Train loss 0.726056
INFO:root:Epoch 1/2, Batch 93000/97092,  Train loss 0.725524
INFO:root:Epoch 1/2, Batch 93500/97092,  Train loss 0.725001
INFO:root:Epoch 1/2, Batch 94000/97092,  Train loss 0.724327
INFO:root:Epoch 1/2, Batch 94500/97092,  Train loss 0.723669
INFO:root:Epoch 1/2, Batch 95000/97092,  Train loss 0.723175
INFO:root:Epoch 1/2, Batch 95500/97092,  Train loss 0.722567
INFO:root:Epoch 1/2, Batch 96000/97092,  Train loss 0.721921
INFO:root:Epoch 1/2, Batch 96500/97092,  Train loss 0.7214
INFO:root:Epoch 1/2, Batch 97000/97092,  Train loss 0.720815
INFO:root:Epoch 1/2, Batch 97092/97092,  Train loss 0.720691
INFO:root:vaild_loss@ 0.8225385316518778
INFO:root:Save the latest model into data/param_exp_tuning//model-epoch1-1009-0155.bin
INFO:root:Epoch 2/2, Batch 500/97092,  Train loss 0.598542
INFO:root:Epoch 2/2, Batch 1000/97092,  Train loss 0.589017
INFO:root:Epoch 2/2, Batch 1500/97092,  Train loss 0.592773
INFO:root:Epoch 2/2, Batch 2000/97092,  Train loss 0.586105
INFO:root:Epoch 2/2, Batch 2500/97092,  Train loss 0.583271
INFO:root:Epoch 2/2, Batch 3000/97092,  Train loss 0.581825
INFO:root:Epoch 2/2, Batch 3500/97092,  Train loss 0.581037
INFO:root:Epoch 2/2, Batch 4000/97092,  Train loss 0.580387
INFO:root:Epoch 2/2, Batch 4500/97092,  Train loss 0.583836
INFO:root:Epoch 2/2, Batch 5000/97092,  Train loss 0.58501
INFO:root:Epoch 2/2, Batch 5500/97092,  Train loss 0.58329
INFO:root:Epoch 2/2, Batch 6000/97092,  Train loss 0.583231
INFO:root:Epoch 2/2, Batch 6500/97092,  Train loss 0.583045
INFO:root:Epoch 2/2, Batch 7000/97092,  Train loss 0.582332
INFO:root:Epoch 2/2, Batch 7500/97092,  Train loss 0.582356
INFO:root:Epoch 2/2, Batch 8000/97092,  Train loss 0.582564
INFO:root:Epoch 2/2, Batch 8500/97092,  Train loss 0.58322
INFO:root:Epoch 2/2, Batch 9000/97092,  Train loss 0.582572
INFO:root:Epoch 2/2, Batch 9500/97092,  Train loss 0.583531
INFO:root:Epoch 2/2, Batch 10000/97092,  Train loss 0.584376
INFO:root:Epoch 2/2, Batch 10500/97092,  Train loss 0.584557
INFO:root:Epoch 2/2, Batch 11000/97092,  Train loss 0.58363
INFO:root:Epoch 2/2, Batch 11500/97092,  Train loss 0.583234
INFO:root:Epoch 2/2, Batch 12000/97092,  Train loss 0.583657
INFO:root:Epoch 2/2, Batch 12500/97092,  Train loss 0.583306
INFO:root:Epoch 2/2, Batch 13000/97092,  Train loss 0.582944
INFO:root:Epoch 2/2, Batch 13500/97092,  Train loss 0.582723
INFO:root:Epoch 2/2, Batch 14000/97092,  Train loss 0.582713
INFO:root:Epoch 2/2, Batch 14500/97092,  Train loss 0.583529
INFO:root:Epoch 2/2, Batch 15000/97092,  Train loss 0.582165
INFO:root:Epoch 2/2, Batch 15500/97092,  Train loss 0.581177
INFO:root:Epoch 2/2, Batch 16000/97092,  Train loss 0.580907
INFO:root:Epoch 2/2, Batch 16500/97092,  Train loss 0.580698
INFO:root:Epoch 2/2, Batch 17000/97092,  Train loss 0.5805
INFO:root:Epoch 2/2, Batch 17500/97092,  Train loss 0.580727
INFO:root:Epoch 2/2, Batch 18000/97092,  Train loss 0.581116
INFO:root:Epoch 2/2, Batch 18500/97092,  Train loss 0.580751
INFO:root:Epoch 2/2, Batch 19000/97092,  Train loss 0.581427
INFO:root:Epoch 2/2, Batch 19500/97092,  Train loss 0.581091
INFO:root:Epoch 2/2, Batch 20000/97092,  Train loss 0.580915
INFO:root:Epoch 2/2, Batch 20500/97092,  Train loss 0.580919
INFO:root:Epoch 2/2, Batch 21000/97092,  Train loss 0.580712
INFO:root:Epoch 2/2, Batch 21500/97092,  Train loss 0.580584
INFO:root:Epoch 2/2, Batch 22000/97092,  Train loss 0.580274
INFO:root:Epoch 2/2, Batch 22500/97092,  Train loss 0.580334
INFO:root:Epoch 2/2, Batch 23000/97092,  Train loss 0.580183
INFO:root:Epoch 2/2, Batch 23500/97092,  Train loss 0.580035
INFO:root:Epoch 2/2, Batch 24000/97092,  Train loss 0.579923
INFO:root:Epoch 2/2, Batch 24500/97092,  Train loss 0.579882
INFO:root:Epoch 2/2, Batch 25000/97092,  Train loss 0.580043
INFO:root:Epoch 2/2, Batch 25500/97092,  Train loss 0.579958
INFO:root:Epoch 2/2, Batch 26000/97092,  Train loss 0.579966
INFO:root:Epoch 2/2, Batch 26500/97092,  Train loss 0.579671
INFO:root:Epoch 2/2, Batch 27000/97092,  Train loss 0.579513
INFO:root:Epoch 2/2, Batch 27500/97092,  Train loss 0.579449
INFO:root:Epoch 2/2, Batch 28000/97092,  Train loss 0.578953
INFO:root:Epoch 2/2, Batch 28500/97092,  Train loss 0.579159
INFO:root:Epoch 2/2, Batch 29000/97092,  Train loss 0.579197
INFO:root:Epoch 2/2, Batch 29500/97092,  Train loss 0.579012
INFO:root:Epoch 2/2, Batch 30000/97092,  Train loss 0.578621
INFO:root:Epoch 2/2, Batch 30500/97092,  Train loss 0.578491
INFO:root:Epoch 2/2, Batch 31000/97092,  Train loss 0.57819
INFO:root:Epoch 2/2, Batch 31500/97092,  Train loss 0.577742
INFO:root:Epoch 2/2, Batch 32000/97092,  Train loss 0.577577
INFO:root:Epoch 2/2, Batch 32500/97092,  Train loss 0.577949
INFO:root:Epoch 2/2, Batch 33000/97092,  Train loss 0.578077
INFO:root:Epoch 2/2, Batch 33500/97092,  Train loss 0.57778
INFO:root:Epoch 2/2, Batch 34000/97092,  Train loss 0.577667
INFO:root:Epoch 2/2, Batch 34500/97092,  Train loss 0.577533
INFO:root:Epoch 2/2, Batch 35000/97092,  Train loss 0.577514
INFO:root:Epoch 2/2, Batch 35500/97092,  Train loss 0.57762
INFO:root:Epoch 2/2, Batch 36000/97092,  Train loss 0.57747
INFO:root:Epoch 2/2, Batch 36500/97092,  Train loss 0.577254
INFO:root:Epoch 2/2, Batch 37000/97092,  Train loss 0.577375
INFO:root:Epoch 2/2, Batch 37500/97092,  Train loss 0.577142
INFO:root:Epoch 2/2, Batch 38000/97092,  Train loss 0.577213
INFO:root:Epoch 2/2, Batch 38500/97092,  Train loss 0.577215
INFO:root:Epoch 2/2, Batch 39000/97092,  Train loss 0.5769
INFO:root:Epoch 2/2, Batch 39500/97092,  Train loss 0.577115
INFO:root:Epoch 2/2, Batch 40000/97092,  Train loss 0.577173
INFO:root:Epoch 2/2, Batch 40500/97092,  Train loss 0.576945
INFO:root:Epoch 2/2, Batch 41000/97092,  Train loss 0.577029
INFO:root:Epoch 2/2, Batch 41500/97092,  Train loss 0.576597
INFO:root:Epoch 2/2, Batch 42000/97092,  Train loss 0.576473
INFO:root:Epoch 2/2, Batch 42500/97092,  Train loss 0.57657
INFO:root:Epoch 2/2, Batch 43000/97092,  Train loss 0.576605
INFO:root:Epoch 2/2, Batch 43500/97092,  Train loss 0.576242
INFO:root:Epoch 2/2, Batch 44000/97092,  Train loss 0.576286
INFO:root:Epoch 2/2, Batch 44500/97092,  Train loss 0.576211
INFO:root:Epoch 2/2, Batch 45000/97092,  Train loss 0.576216
INFO:root:Epoch 2/2, Batch 45500/97092,  Train loss 0.576065
INFO:root:Epoch 2/2, Batch 46000/97092,  Train loss 0.57588
INFO:root:Epoch 2/2, Batch 46500/97092,  Train loss 0.575735
INFO:root:Epoch 2/2, Batch 47000/97092,  Train loss 0.575411
INFO:root:Epoch 2/2, Batch 47500/97092,  Train loss 0.575308
INFO:root:Epoch 2/2, Batch 48000/97092,  Train loss 0.575312
INFO:root:Epoch 2/2, Batch 48500/97092,  Train loss 0.575339
INFO:root:Epoch 2/2, Batch 49000/97092,  Train loss 0.575173
INFO:root:Epoch 2/2, Batch 49500/97092,  Train loss 0.574859
INFO:root:Epoch 2/2, Batch 50000/97092,  Train loss 0.574753
INFO:root:Epoch 2/2, Batch 50500/97092,  Train loss 0.574816
INFO:root:Epoch 2/2, Batch 51000/97092,  Train loss 0.574747
INFO:root:Epoch 2/2, Batch 51500/97092,  Train loss 0.57437
INFO:root:Epoch 2/2, Batch 52000/97092,  Train loss 0.574289
INFO:root:Epoch 2/2, Batch 52500/97092,  Train loss 0.574183
INFO:root:Epoch 2/2, Batch 53000/97092,  Train loss 0.573968
INFO:root:Epoch 2/2, Batch 53500/97092,  Train loss 0.574137
INFO:root:Epoch 2/2, Batch 54000/97092,  Train loss 0.574209
INFO:root:Epoch 2/2, Batch 54500/97092,  Train loss 0.574013
INFO:root:Epoch 2/2, Batch 55000/97092,  Train loss 0.573818
INFO:root:Epoch 2/2, Batch 55500/97092,  Train loss 0.573873
INFO:root:Epoch 2/2, Batch 56000/97092,  Train loss 0.573684
INFO:root:Epoch 2/2, Batch 56500/97092,  Train loss 0.573641
INFO:root:Epoch 2/2, Batch 57000/97092,  Train loss 0.573524
INFO:root:Epoch 2/2, Batch 57500/97092,  Train loss 0.573355
INFO:root:Epoch 2/2, Batch 58000/97092,  Train loss 0.573486
INFO:root:Epoch 2/2, Batch 58500/97092,  Train loss 0.573369
INFO:root:Epoch 2/2, Batch 59000/97092,  Train loss 0.573169
INFO:root:Epoch 2/2, Batch 59500/97092,  Train loss 0.573199
INFO:root:Epoch 2/2, Batch 60000/97092,  Train loss 0.573145
INFO:root:Epoch 2/2, Batch 60500/97092,  Train loss 0.573035
INFO:root:Epoch 2/2, Batch 61000/97092,  Train loss 0.572791
INFO:root:Epoch 2/2, Batch 61500/97092,  Train loss 0.572483
INFO:root:Epoch 2/2, Batch 62000/97092,  Train loss 0.572538
INFO:root:Epoch 2/2, Batch 62500/97092,  Train loss 0.57248
INFO:root:Epoch 2/2, Batch 63000/97092,  Train loss 0.572628
INFO:root:Epoch 2/2, Batch 63500/97092,  Train loss 0.572586
INFO:root:Epoch 2/2, Batch 64000/97092,  Train loss 0.572438
INFO:root:Epoch 2/2, Batch 64500/97092,  Train loss 0.572423
INFO:root:Epoch 2/2, Batch 65000/97092,  Train loss 0.572442
INFO:root:Epoch 2/2, Batch 65500/97092,  Train loss 0.572168
INFO:root:Epoch 2/2, Batch 66000/97092,  Train loss 0.572067
INFO:root:Epoch 2/2, Batch 66500/97092,  Train loss 0.571917
INFO:root:Epoch 2/2, Batch 67000/97092,  Train loss 0.57176
INFO:root:Epoch 2/2, Batch 67500/97092,  Train loss 0.571528
INFO:root:Epoch 2/2, Batch 68000/97092,  Train loss 0.5713
INFO:root:Epoch 2/2, Batch 68500/97092,  Train loss 0.570956
INFO:root:Epoch 2/2, Batch 69000/97092,  Train loss 0.570991
INFO:root:Epoch 2/2, Batch 69500/97092,  Train loss 0.571134
INFO:root:Epoch 2/2, Batch 70000/97092,  Train loss 0.570958
INFO:root:Epoch 2/2, Batch 70500/97092,  Train loss 0.570742
INFO:root:Epoch 2/2, Batch 71000/97092,  Train loss 0.570582
INFO:root:Epoch 2/2, Batch 71500/97092,  Train loss 0.570412
INFO:root:Epoch 2/2, Batch 72000/97092,  Train loss 0.570316
INFO:root:Epoch 2/2, Batch 72500/97092,  Train loss 0.570264
INFO:root:Epoch 2/2, Batch 73000/97092,  Train loss 0.570223
INFO:root:Epoch 2/2, Batch 73500/97092,  Train loss 0.570124
INFO:root:Epoch 2/2, Batch 74000/97092,  Train loss 0.570162
INFO:root:Epoch 2/2, Batch 74500/97092,  Train loss 0.570009
INFO:root:Epoch 2/2, Batch 75000/97092,  Train loss 0.570027
INFO:root:Epoch 2/2, Batch 75500/97092,  Train loss 0.569871
INFO:root:Epoch 2/2, Batch 76000/97092,  Train loss 0.569583
INFO:root:Epoch 2/2, Batch 76500/97092,  Train loss 0.569564
INFO:root:Epoch 2/2, Batch 77000/97092,  Train loss 0.569471
INFO:root:Epoch 2/2, Batch 77500/97092,  Train loss 0.569373
INFO:root:Epoch 2/2, Batch 78000/97092,  Train loss 0.5693
INFO:root:Epoch 2/2, Batch 78500/97092,  Train loss 0.569111
INFO:root:Epoch 2/2, Batch 79000/97092,  Train loss 0.569231
INFO:root:Epoch 2/2, Batch 79500/97092,  Train loss 0.569263
INFO:root:Epoch 2/2, Batch 80000/97092,  Train loss 0.569047
INFO:root:Epoch 2/2, Batch 80500/97092,  Train loss 0.56904
INFO:root:Epoch 2/2, Batch 81000/97092,  Train loss 0.569117
INFO:root:Epoch 2/2, Batch 81500/97092,  Train loss 0.56908
INFO:root:Epoch 2/2, Batch 82000/97092,  Train loss 0.569113
INFO:root:Epoch 2/2, Batch 82500/97092,  Train loss 0.569064
INFO:root:Epoch 2/2, Batch 83000/97092,  Train loss 0.569069
INFO:root:Epoch 2/2, Batch 83500/97092,  Train loss 0.568856
INFO:root:Epoch 2/2, Batch 84000/97092,  Train loss 0.568927
INFO:root:Epoch 2/2, Batch 84500/97092,  Train loss 0.568885
INFO:root:Epoch 2/2, Batch 85000/97092,  Train loss 0.568871
INFO:root:Epoch 2/2, Batch 85500/97092,  Train loss 0.568727
INFO:root:Epoch 2/2, Batch 86000/97092,  Train loss 0.568746
INFO:root:Epoch 2/2, Batch 86500/97092,  Train loss 0.568722
INFO:root:Epoch 2/2, Batch 87000/97092,  Train loss 0.568637
INFO:root:Epoch 2/2, Batch 87500/97092,  Train loss 0.568569
INFO:root:Epoch 2/2, Batch 88000/97092,  Train loss 0.568593
INFO:root:Epoch 2/2, Batch 88500/97092,  Train loss 0.568535
INFO:root:Epoch 2/2, Batch 89000/97092,  Train loss 0.568392
INFO:root:Epoch 2/2, Batch 89500/97092,  Train loss 0.568462
INFO:root:Epoch 2/2, Batch 90000/97092,  Train loss 0.568389
INFO:root:Epoch 2/2, Batch 90500/97092,  Train loss 0.568245
INFO:root:Epoch 2/2, Batch 91000/97092,  Train loss 0.568166
INFO:root:Epoch 2/2, Batch 91500/97092,  Train loss 0.568028
INFO:root:Epoch 2/2, Batch 92000/97092,  Train loss 0.568081
INFO:root:Epoch 2/2, Batch 92500/97092,  Train loss 0.568028
INFO:root:Epoch 2/2, Batch 93000/97092,  Train loss 0.56798
INFO:root:Epoch 2/2, Batch 93500/97092,  Train loss 0.567902
INFO:root:Epoch 2/2, Batch 94000/97092,  Train loss 0.567872
INFO:root:Epoch 2/2, Batch 94500/97092,  Train loss 0.567834
INFO:root:Epoch 2/2, Batch 95000/97092,  Train loss 0.56782
INFO:root:Epoch 2/2, Batch 95500/97092,  Train loss 0.567749
INFO:root:Epoch 2/2, Batch 96000/97092,  Train loss 0.567772
INFO:root:Epoch 2/2, Batch 96500/97092,  Train loss 0.567649
INFO:root:Epoch 2/2, Batch 97000/97092,  Train loss 0.567543
INFO:root:Epoch 2/2, Batch 97092/97092,  Train loss 0.567524
INFO:root:vaild_loss@ 0.8153701306661761
INFO:root:Save the latest model into data/param_exp_tuning//model-epoch2-1009-0731.bin
