INFO:root:learning_rate: 1e-05
INFO:root:train_batch_size: 5
INFO:root:valid_batch_size: 5
INFO:root:epochs: 2
INFO:root:adam_epsilon: 1e-08
INFO:root:weight_decay: 0
INFO:root:warmup_steps: 0.1
INFO:root:max_grad_norm: 1.0
INFO:root:train_sampling: None
INFO:root:valid_sampling: None
INFO:root:save_dir: data/param_exp_tuning/
INFO:root:log_step: 500
INFO:root:
INFO:root:
INFO:root:***** Running training *****
INFO:root:  Training examples = 485460
INFO:root:  Validation examples = 16709
INFO:root:  Training Batch size = 5
INFO:root:  Training Batch num = 97092
INFO:root:  Validation Batch size = 5
INFO:root:  Validation Batch num = 3342
INFO:root:  Epoch = 2
INFO:root:Epoch 1/2, Batch 500/97092,  Train loss 3.860209
INFO:root:Epoch 1/2, Batch 1000/97092,  Train loss 2.934892
INFO:root:Epoch 1/2, Batch 1500/97092,  Train loss 2.367931
INFO:root:Epoch 1/2, Batch 2000/97092,  Train loss 2.051251
INFO:root:Epoch 1/2, Batch 2500/97092,  Train loss 1.847977
INFO:root:Epoch 1/2, Batch 3000/97092,  Train loss 1.705828
INFO:root:Epoch 1/2, Batch 3500/97092,  Train loss 1.597616
INFO:root:Epoch 1/2, Batch 4000/97092,  Train loss 1.513528
INFO:root:Epoch 1/2, Batch 4500/97092,  Train loss 1.445293
INFO:root:Epoch 1/2, Batch 5000/97092,  Train loss 1.388159
INFO:root:Epoch 1/2, Batch 5500/97092,  Train loss 1.337312
INFO:root:Epoch 1/2, Batch 6000/97092,  Train loss 1.297095
INFO:root:Epoch 1/2, Batch 6500/97092,  Train loss 1.262911
INFO:root:Epoch 1/2, Batch 7000/97092,  Train loss 1.232656
INFO:root:Epoch 1/2, Batch 7500/97092,  Train loss 1.204465
INFO:root:Epoch 1/2, Batch 8000/97092,  Train loss 1.179504
INFO:root:Epoch 1/2, Batch 8500/97092,  Train loss 1.156711
INFO:root:Epoch 1/2, Batch 9000/97092,  Train loss 1.136372
INFO:root:Epoch 1/2, Batch 9500/97092,  Train loss 1.118216
INFO:root:Epoch 1/2, Batch 10000/97092,  Train loss 1.103132
INFO:root:Epoch 1/2, Batch 10500/97092,  Train loss 1.088357
INFO:root:Epoch 1/2, Batch 11000/97092,  Train loss 1.07483
INFO:root:Epoch 1/2, Batch 11500/97092,  Train loss 1.06133
INFO:root:Epoch 1/2, Batch 12000/97092,  Train loss 1.048809
INFO:root:Epoch 1/2, Batch 12500/97092,  Train loss 1.03776
INFO:root:Epoch 1/2, Batch 13000/97092,  Train loss 1.027092
INFO:root:Epoch 1/2, Batch 13500/97092,  Train loss 1.017488
INFO:root:Epoch 1/2, Batch 14000/97092,  Train loss 1.008727
INFO:root:Epoch 1/2, Batch 14500/97092,  Train loss 1.000216
INFO:root:Epoch 1/2, Batch 15000/97092,  Train loss 0.992751
INFO:root:Epoch 1/2, Batch 15500/97092,  Train loss 0.985251
INFO:root:Epoch 1/2, Batch 16000/97092,  Train loss 0.978671
INFO:root:Epoch 1/2, Batch 16500/97092,  Train loss 0.972508
INFO:root:Epoch 1/2, Batch 17000/97092,  Train loss 0.966289
INFO:root:Epoch 1/2, Batch 17500/97092,  Train loss 0.95996
INFO:root:Epoch 1/2, Batch 18000/97092,  Train loss 0.95432
INFO:root:Epoch 1/2, Batch 18500/97092,  Train loss 0.948666
INFO:root:Epoch 1/2, Batch 19000/97092,  Train loss 0.943089
INFO:root:Epoch 1/2, Batch 19500/97092,  Train loss 0.938238
INFO:root:Epoch 1/2, Batch 20000/97092,  Train loss 0.93347
INFO:root:Epoch 1/2, Batch 20500/97092,  Train loss 0.928272
INFO:root:Epoch 1/2, Batch 21000/97092,  Train loss 0.923475
INFO:root:Epoch 1/2, Batch 21500/97092,  Train loss 0.919217
INFO:root:Epoch 1/2, Batch 22000/97092,  Train loss 0.915495
INFO:root:Epoch 1/2, Batch 22500/97092,  Train loss 0.910716
INFO:root:Epoch 1/2, Batch 23000/97092,  Train loss 0.906967
INFO:root:Epoch 1/2, Batch 23500/97092,  Train loss 0.903221
INFO:root:Epoch 1/2, Batch 24000/97092,  Train loss 0.898899
INFO:root:Epoch 1/2, Batch 24500/97092,  Train loss 0.894692
INFO:root:Epoch 1/2, Batch 25000/97092,  Train loss 0.891525
INFO:root:Epoch 1/2, Batch 25500/97092,  Train loss 0.887932
INFO:root:Epoch 1/2, Batch 26000/97092,  Train loss 0.884931
INFO:root:Epoch 1/2, Batch 26500/97092,  Train loss 0.881787
INFO:root:Epoch 1/2, Batch 27000/97092,  Train loss 0.878578
INFO:root:Epoch 1/2, Batch 27500/97092,  Train loss 0.875682
INFO:root:Epoch 1/2, Batch 28000/97092,  Train loss 0.872911
INFO:root:Epoch 1/2, Batch 28500/97092,  Train loss 0.870642
INFO:root:Epoch 1/2, Batch 29000/97092,  Train loss 0.867743
INFO:root:Epoch 1/2, Batch 29500/97092,  Train loss 0.864817
INFO:root:Epoch 1/2, Batch 30000/97092,  Train loss 0.862106
INFO:root:Epoch 1/2, Batch 30500/97092,  Train loss 0.859381
INFO:root:Epoch 1/2, Batch 31000/97092,  Train loss 0.856842
INFO:root:Epoch 1/2, Batch 31500/97092,  Train loss 0.854661
INFO:root:Epoch 1/2, Batch 32000/97092,  Train loss 0.852091
INFO:root:Epoch 1/2, Batch 32500/97092,  Train loss 0.849393
INFO:root:Epoch 1/2, Batch 33000/97092,  Train loss 0.847037
INFO:root:Epoch 1/2, Batch 33500/97092,  Train loss 0.844678
INFO:root:Epoch 1/2, Batch 34000/97092,  Train loss 0.842344
INFO:root:Epoch 1/2, Batch 34500/97092,  Train loss 0.840053
INFO:root:Epoch 1/2, Batch 35000/97092,  Train loss 0.838205
INFO:root:Epoch 1/2, Batch 35500/97092,  Train loss 0.83629
INFO:root:Epoch 1/2, Batch 36000/97092,  Train loss 0.834468
INFO:root:Epoch 1/2, Batch 36500/97092,  Train loss 0.83266
INFO:root:Epoch 1/2, Batch 37000/97092,  Train loss 0.830797
INFO:root:Epoch 1/2, Batch 37500/97092,  Train loss 0.828839
INFO:root:Epoch 1/2, Batch 38000/97092,  Train loss 0.826781
INFO:root:Epoch 1/2, Batch 38500/97092,  Train loss 0.825144
INFO:root:Epoch 1/2, Batch 39000/97092,  Train loss 0.823042
INFO:root:Epoch 1/2, Batch 39500/97092,  Train loss 0.821113
INFO:root:Epoch 1/2, Batch 40000/97092,  Train loss 0.819258
INFO:root:Epoch 1/2, Batch 40500/97092,  Train loss 0.817712
INFO:root:Epoch 1/2, Batch 41000/97092,  Train loss 0.815863
INFO:root:Epoch 1/2, Batch 41500/97092,  Train loss 0.814329
INFO:root:Epoch 1/2, Batch 42000/97092,  Train loss 0.812883
INFO:root:Epoch 1/2, Batch 42500/97092,  Train loss 0.811261
INFO:root:Epoch 1/2, Batch 43000/97092,  Train loss 0.809537
INFO:root:Epoch 1/2, Batch 43500/97092,  Train loss 0.808122
INFO:root:Epoch 1/2, Batch 44000/97092,  Train loss 0.806456
INFO:root:Epoch 1/2, Batch 44500/97092,  Train loss 0.8047
INFO:root:Epoch 1/2, Batch 45000/97092,  Train loss 0.803338
INFO:root:Epoch 1/2, Batch 45500/97092,  Train loss 0.802104
INFO:root:Epoch 1/2, Batch 46000/97092,  Train loss 0.800681
INFO:root:Epoch 1/2, Batch 46500/97092,  Train loss 0.799329
INFO:root:Epoch 1/2, Batch 47000/97092,  Train loss 0.798089
INFO:root:Epoch 1/2, Batch 47500/97092,  Train loss 0.796849
INFO:root:Epoch 1/2, Batch 48000/97092,  Train loss 0.795476
INFO:root:Epoch 1/2, Batch 48500/97092,  Train loss 0.79426
INFO:root:Epoch 1/2, Batch 49000/97092,  Train loss 0.792937
INFO:root:Epoch 1/2, Batch 49500/97092,  Train loss 0.791701
INFO:root:Epoch 1/2, Batch 50000/97092,  Train loss 0.790459
INFO:root:Epoch 1/2, Batch 50500/97092,  Train loss 0.789536
INFO:root:Epoch 1/2, Batch 51000/97092,  Train loss 0.788243
INFO:root:Epoch 1/2, Batch 51500/97092,  Train loss 0.78692
INFO:root:Epoch 1/2, Batch 52000/97092,  Train loss 0.785839
INFO:root:Epoch 1/2, Batch 52500/97092,  Train loss 0.784827
INFO:root:Epoch 1/2, Batch 53000/97092,  Train loss 0.783708
INFO:root:Epoch 1/2, Batch 53500/97092,  Train loss 0.782532
INFO:root:Epoch 1/2, Batch 54000/97092,  Train loss 0.781481
INFO:root:Epoch 1/2, Batch 54500/97092,  Train loss 0.780522
INFO:root:Epoch 1/2, Batch 55000/97092,  Train loss 0.779292
INFO:root:Epoch 1/2, Batch 55500/97092,  Train loss 0.778091
INFO:root:Epoch 1/2, Batch 56000/97092,  Train loss 0.776809
INFO:root:Epoch 1/2, Batch 56500/97092,  Train loss 0.775473
INFO:root:Epoch 1/2, Batch 57000/97092,  Train loss 0.774289
INFO:root:Epoch 1/2, Batch 57500/97092,  Train loss 0.773292
INFO:root:Epoch 1/2, Batch 58000/97092,  Train loss 0.772293
INFO:root:Epoch 1/2, Batch 58500/97092,  Train loss 0.771247
INFO:root:Epoch 1/2, Batch 59000/97092,  Train loss 0.770199
INFO:root:Epoch 1/2, Batch 59500/97092,  Train loss 0.769468
INFO:root:Epoch 1/2, Batch 60000/97092,  Train loss 0.768472
INFO:root:Epoch 1/2, Batch 60500/97092,  Train loss 0.767496
INFO:root:Epoch 1/2, Batch 61000/97092,  Train loss 0.76648
INFO:root:Epoch 1/2, Batch 61500/97092,  Train loss 0.765606
INFO:root:Epoch 1/2, Batch 62000/97092,  Train loss 0.764794
INFO:root:Epoch 1/2, Batch 62500/97092,  Train loss 0.763969
INFO:root:Epoch 1/2, Batch 63000/97092,  Train loss 0.762975
INFO:root:Epoch 1/2, Batch 63500/97092,  Train loss 0.761995
INFO:root:Epoch 1/2, Batch 64000/97092,  Train loss 0.761183
INFO:root:Epoch 1/2, Batch 64500/97092,  Train loss 0.760282
INFO:root:Epoch 1/2, Batch 65000/97092,  Train loss 0.759205
INFO:root:Epoch 1/2, Batch 65500/97092,  Train loss 0.758482
INFO:root:Epoch 1/2, Batch 66000/97092,  Train loss 0.757608
INFO:root:Epoch 1/2, Batch 66500/97092,  Train loss 0.756666
INFO:root:Epoch 1/2, Batch 67000/97092,  Train loss 0.755905
INFO:root:Epoch 1/2, Batch 67500/97092,  Train loss 0.755005
INFO:root:Epoch 1/2, Batch 68000/97092,  Train loss 0.754318
INFO:root:Epoch 1/2, Batch 68500/97092,  Train loss 0.753575
INFO:root:Epoch 1/2, Batch 69000/97092,  Train loss 0.752759
INFO:root:Epoch 1/2, Batch 69500/97092,  Train loss 0.752166
INFO:root:Epoch 1/2, Batch 70000/97092,  Train loss 0.751188
INFO:root:Epoch 1/2, Batch 70500/97092,  Train loss 0.75044
INFO:root:Epoch 1/2, Batch 71000/97092,  Train loss 0.749539
INFO:root:Epoch 1/2, Batch 71500/97092,  Train loss 0.748767
INFO:root:Epoch 1/2, Batch 72000/97092,  Train loss 0.748039
INFO:root:Epoch 1/2, Batch 72500/97092,  Train loss 0.747213
INFO:root:Epoch 1/2, Batch 73000/97092,  Train loss 0.746625
INFO:root:Epoch 1/2, Batch 73500/97092,  Train loss 0.746003
INFO:root:Epoch 1/2, Batch 74000/97092,  Train loss 0.744976
INFO:root:Epoch 1/2, Batch 74500/97092,  Train loss 0.744292
INFO:root:Epoch 1/2, Batch 75000/97092,  Train loss 0.743673
INFO:root:Epoch 1/2, Batch 75500/97092,  Train loss 0.742996
INFO:root:Epoch 1/2, Batch 76000/97092,  Train loss 0.742235
INFO:root:Epoch 1/2, Batch 76500/97092,  Train loss 0.741427
INFO:root:Epoch 1/2, Batch 77000/97092,  Train loss 0.740662
INFO:root:Epoch 1/2, Batch 77500/97092,  Train loss 0.739915
INFO:root:Epoch 1/2, Batch 78000/97092,  Train loss 0.73917
INFO:root:Epoch 1/2, Batch 78500/97092,  Train loss 0.738498
INFO:root:Epoch 1/2, Batch 79000/97092,  Train loss 0.737923
INFO:root:Epoch 1/2, Batch 79500/97092,  Train loss 0.737266
INFO:root:Epoch 1/2, Batch 80000/97092,  Train loss 0.736553
INFO:root:Epoch 1/2, Batch 80500/97092,  Train loss 0.735859
INFO:root:Epoch 1/2, Batch 81000/97092,  Train loss 0.735212
INFO:root:Epoch 1/2, Batch 81500/97092,  Train loss 0.734525
INFO:root:Epoch 1/2, Batch 82000/97092,  Train loss 0.733741
INFO:root:Epoch 1/2, Batch 82500/97092,  Train loss 0.733203
INFO:root:Epoch 1/2, Batch 83000/97092,  Train loss 0.732617
INFO:root:Epoch 1/2, Batch 83500/97092,  Train loss 0.731897
INFO:root:Epoch 1/2, Batch 84000/97092,  Train loss 0.73134
INFO:root:Epoch 1/2, Batch 84500/97092,  Train loss 0.730804
INFO:root:Epoch 1/2, Batch 85000/97092,  Train loss 0.730263
INFO:root:Epoch 1/2, Batch 85500/97092,  Train loss 0.729583
INFO:root:Epoch 1/2, Batch 86000/97092,  Train loss 0.728964
INFO:root:Epoch 1/2, Batch 86500/97092,  Train loss 0.728395
INFO:root:Epoch 1/2, Batch 87000/97092,  Train loss 0.727659
INFO:root:Epoch 1/2, Batch 87500/97092,  Train loss 0.72701
INFO:root:Epoch 1/2, Batch 88000/97092,  Train loss 0.726529
INFO:root:Epoch 1/2, Batch 88500/97092,  Train loss 0.725877
INFO:root:Epoch 1/2, Batch 89000/97092,  Train loss 0.725307
INFO:root:Epoch 1/2, Batch 89500/97092,  Train loss 0.72474
INFO:root:Epoch 1/2, Batch 90000/97092,  Train loss 0.724153
INFO:root:Epoch 1/2, Batch 90500/97092,  Train loss 0.72372
INFO:root:Epoch 1/2, Batch 91000/97092,  Train loss 0.723179
INFO:root:Epoch 1/2, Batch 91500/97092,  Train loss 0.722615
INFO:root:Epoch 1/2, Batch 92000/97092,  Train loss 0.72209
INFO:root:Epoch 1/2, Batch 92500/97092,  Train loss 0.721572
INFO:root:Epoch 1/2, Batch 93000/97092,  Train loss 0.72101
INFO:root:Epoch 1/2, Batch 93500/97092,  Train loss 0.72035
INFO:root:Epoch 1/2, Batch 94000/97092,  Train loss 0.719757
INFO:root:Epoch 1/2, Batch 94500/97092,  Train loss 0.719354
INFO:root:Epoch 1/2, Batch 95000/97092,  Train loss 0.718755
INFO:root:Epoch 1/2, Batch 95500/97092,  Train loss 0.718167
INFO:root:Epoch 1/2, Batch 96000/97092,  Train loss 0.717698
INFO:root:Epoch 1/2, Batch 96500/97092,  Train loss 0.717202
INFO:root:Epoch 1/2, Batch 97000/97092,  Train loss 0.716663
INFO:root:Epoch 1/2, Batch 97092/97092,  Train loss 0.71652
INFO:root:vaild_loss@ 0.816063904805524
INFO:root:Save the latest model into data/param_exp_tuning//model-epoch1-0930-0151.bin
INFO:root:Epoch 2/2, Batch 500/97092,  Train loss 0.596042
INFO:root:Epoch 2/2, Batch 1000/97092,  Train loss 0.591663
INFO:root:Epoch 2/2, Batch 1500/97092,  Train loss 0.588475
INFO:root:Epoch 2/2, Batch 2000/97092,  Train loss 0.584297
INFO:root:Epoch 2/2, Batch 2500/97092,  Train loss 0.582629
INFO:root:Epoch 2/2, Batch 3000/97092,  Train loss 0.585988
INFO:root:Epoch 2/2, Batch 3500/97092,  Train loss 0.585294
INFO:root:Epoch 2/2, Batch 4000/97092,  Train loss 0.584114
INFO:root:Epoch 2/2, Batch 4500/97092,  Train loss 0.581319
INFO:root:Epoch 2/2, Batch 5000/97092,  Train loss 0.579722
INFO:root:Epoch 2/2, Batch 5500/97092,  Train loss 0.581137
INFO:root:Epoch 2/2, Batch 6000/97092,  Train loss 0.580955
INFO:root:Epoch 2/2, Batch 6500/97092,  Train loss 0.579694
INFO:root:Epoch 2/2, Batch 7000/97092,  Train loss 0.579224
INFO:root:Epoch 2/2, Batch 7500/97092,  Train loss 0.576913
INFO:root:Epoch 2/2, Batch 8000/97092,  Train loss 0.576415
INFO:root:Epoch 2/2, Batch 8500/97092,  Train loss 0.577251
INFO:root:Epoch 2/2, Batch 9000/97092,  Train loss 0.576707
INFO:root:Epoch 2/2, Batch 9500/97092,  Train loss 0.576752
INFO:root:Epoch 2/2, Batch 10000/97092,  Train loss 0.576829
INFO:root:Epoch 2/2, Batch 10500/97092,  Train loss 0.576755
INFO:root:Epoch 2/2, Batch 11000/97092,  Train loss 0.575579
INFO:root:Epoch 2/2, Batch 11500/97092,  Train loss 0.575224
INFO:root:Epoch 2/2, Batch 12000/97092,  Train loss 0.57597
INFO:root:Epoch 2/2, Batch 12500/97092,  Train loss 0.577043
INFO:root:Epoch 2/2, Batch 13000/97092,  Train loss 0.577286
INFO:root:Epoch 2/2, Batch 13500/97092,  Train loss 0.577301
INFO:root:Epoch 2/2, Batch 14000/97092,  Train loss 0.576411
INFO:root:Epoch 2/2, Batch 14500/97092,  Train loss 0.576061
INFO:root:Epoch 2/2, Batch 15000/97092,  Train loss 0.575824
INFO:root:Epoch 2/2, Batch 15500/97092,  Train loss 0.575194
INFO:root:Epoch 2/2, Batch 16000/97092,  Train loss 0.575133
INFO:root:Epoch 2/2, Batch 16500/97092,  Train loss 0.575518
INFO:root:Epoch 2/2, Batch 17000/97092,  Train loss 0.575455
INFO:root:Epoch 2/2, Batch 17500/97092,  Train loss 0.575332
INFO:root:Epoch 2/2, Batch 18000/97092,  Train loss 0.575551
INFO:root:Epoch 2/2, Batch 18500/97092,  Train loss 0.576197
INFO:root:Epoch 2/2, Batch 19000/97092,  Train loss 0.576351
INFO:root:Epoch 2/2, Batch 19500/97092,  Train loss 0.576719
INFO:root:Epoch 2/2, Batch 20000/97092,  Train loss 0.576987
INFO:root:Epoch 2/2, Batch 20500/97092,  Train loss 0.577013
INFO:root:Epoch 2/2, Batch 21000/97092,  Train loss 0.576385
INFO:root:Epoch 2/2, Batch 21500/97092,  Train loss 0.576373
INFO:root:Epoch 2/2, Batch 22000/97092,  Train loss 0.57581
INFO:root:Epoch 2/2, Batch 22500/97092,  Train loss 0.575759
INFO:root:Epoch 2/2, Batch 23000/97092,  Train loss 0.575439
INFO:root:Epoch 2/2, Batch 23500/97092,  Train loss 0.57532
INFO:root:Epoch 2/2, Batch 24000/97092,  Train loss 0.57537
INFO:root:Epoch 2/2, Batch 24500/97092,  Train loss 0.575325
INFO:root:Epoch 2/2, Batch 25000/97092,  Train loss 0.575163
INFO:root:Epoch 2/2, Batch 25500/97092,  Train loss 0.575123
INFO:root:Epoch 2/2, Batch 26000/97092,  Train loss 0.574732
INFO:root:Epoch 2/2, Batch 26500/97092,  Train loss 0.57456
INFO:root:Epoch 2/2, Batch 27000/97092,  Train loss 0.574771
INFO:root:Epoch 2/2, Batch 27500/97092,  Train loss 0.57463
INFO:root:Epoch 2/2, Batch 28000/97092,  Train loss 0.5746
INFO:root:Epoch 2/2, Batch 28500/97092,  Train loss 0.57464
INFO:root:Epoch 2/2, Batch 29000/97092,  Train loss 0.574719
INFO:root:Epoch 2/2, Batch 29500/97092,  Train loss 0.574599
INFO:root:Epoch 2/2, Batch 30000/97092,  Train loss 0.574415
INFO:root:Epoch 2/2, Batch 30500/97092,  Train loss 0.574924
INFO:root:Epoch 2/2, Batch 31000/97092,  Train loss 0.574641
INFO:root:Epoch 2/2, Batch 31500/97092,  Train loss 0.574557
INFO:root:Epoch 2/2, Batch 32000/97092,  Train loss 0.57408
INFO:root:Epoch 2/2, Batch 32500/97092,  Train loss 0.573977
INFO:root:Epoch 2/2, Batch 33000/97092,  Train loss 0.573752
INFO:root:Epoch 2/2, Batch 33500/97092,  Train loss 0.573709
INFO:root:Epoch 2/2, Batch 34000/97092,  Train loss 0.573598
INFO:root:Epoch 2/2, Batch 34500/97092,  Train loss 0.572972
INFO:root:Epoch 2/2, Batch 35000/97092,  Train loss 0.572828
INFO:root:Epoch 2/2, Batch 35500/97092,  Train loss 0.572546
INFO:root:Epoch 2/2, Batch 36000/97092,  Train loss 0.572334
INFO:root:Epoch 2/2, Batch 36500/97092,  Train loss 0.572294
INFO:root:Epoch 2/2, Batch 37000/97092,  Train loss 0.572457
INFO:root:Epoch 2/2, Batch 37500/97092,  Train loss 0.572497
INFO:root:Epoch 2/2, Batch 38000/97092,  Train loss 0.572226
INFO:root:Epoch 2/2, Batch 38500/97092,  Train loss 0.572423
INFO:root:Epoch 2/2, Batch 39000/97092,  Train loss 0.572051
INFO:root:Epoch 2/2, Batch 39500/97092,  Train loss 0.571874
INFO:root:Epoch 2/2, Batch 40000/97092,  Train loss 0.571653
INFO:root:Epoch 2/2, Batch 40500/97092,  Train loss 0.571329
INFO:root:Epoch 2/2, Batch 41000/97092,  Train loss 0.571335
INFO:root:Epoch 2/2, Batch 41500/97092,  Train loss 0.571236
INFO:root:Epoch 2/2, Batch 42000/97092,  Train loss 0.571002
INFO:root:Epoch 2/2, Batch 42500/97092,  Train loss 0.570735
INFO:root:Epoch 2/2, Batch 43000/97092,  Train loss 0.57067
INFO:root:Epoch 2/2, Batch 43500/97092,  Train loss 0.570224
INFO:root:Epoch 2/2, Batch 44000/97092,  Train loss 0.57009
INFO:root:Epoch 2/2, Batch 44500/97092,  Train loss 0.569885
INFO:root:Epoch 2/2, Batch 45000/97092,  Train loss 0.569874
INFO:root:Epoch 2/2, Batch 45500/97092,  Train loss 0.569794
INFO:root:Epoch 2/2, Batch 46000/97092,  Train loss 0.570023
INFO:root:Epoch 2/2, Batch 46500/97092,  Train loss 0.570015
INFO:root:Epoch 2/2, Batch 47000/97092,  Train loss 0.569757
INFO:root:Epoch 2/2, Batch 47500/97092,  Train loss 0.569598
INFO:root:Epoch 2/2, Batch 48000/97092,  Train loss 0.569423
INFO:root:Epoch 2/2, Batch 48500/97092,  Train loss 0.569548
INFO:root:Epoch 2/2, Batch 49000/97092,  Train loss 0.569438
INFO:root:Epoch 2/2, Batch 49500/97092,  Train loss 0.569445
INFO:root:Epoch 2/2, Batch 50000/97092,  Train loss 0.569195
INFO:root:Epoch 2/2, Batch 50500/97092,  Train loss 0.569079
INFO:root:Epoch 2/2, Batch 51000/97092,  Train loss 0.569058
INFO:root:Epoch 2/2, Batch 51500/97092,  Train loss 0.569141
INFO:root:Epoch 2/2, Batch 52000/97092,  Train loss 0.569135
INFO:root:Epoch 2/2, Batch 52500/97092,  Train loss 0.569151
INFO:root:Epoch 2/2, Batch 53000/97092,  Train loss 0.568984
INFO:root:Epoch 2/2, Batch 53500/97092,  Train loss 0.568943
INFO:root:Epoch 2/2, Batch 54000/97092,  Train loss 0.569184
INFO:root:Epoch 2/2, Batch 54500/97092,  Train loss 0.569464
INFO:root:Epoch 2/2, Batch 55000/97092,  Train loss 0.569353
INFO:root:Epoch 2/2, Batch 55500/97092,  Train loss 0.569426
INFO:root:Epoch 2/2, Batch 56000/97092,  Train loss 0.569259
INFO:root:Epoch 2/2, Batch 56500/97092,  Train loss 0.569063
INFO:root:Epoch 2/2, Batch 57000/97092,  Train loss 0.568927
INFO:root:Epoch 2/2, Batch 57500/97092,  Train loss 0.568964
INFO:root:Epoch 2/2, Batch 58000/97092,  Train loss 0.568954
INFO:root:Epoch 2/2, Batch 58500/97092,  Train loss 0.568943
INFO:root:Epoch 2/2, Batch 59000/97092,  Train loss 0.568674
INFO:root:Epoch 2/2, Batch 59500/97092,  Train loss 0.568663
INFO:root:Epoch 2/2, Batch 60000/97092,  Train loss 0.568661
INFO:root:Epoch 2/2, Batch 60500/97092,  Train loss 0.568566
INFO:root:Epoch 2/2, Batch 61000/97092,  Train loss 0.568415
INFO:root:Epoch 2/2, Batch 61500/97092,  Train loss 0.568143
INFO:root:Epoch 2/2, Batch 62000/97092,  Train loss 0.568345
INFO:root:Epoch 2/2, Batch 62500/97092,  Train loss 0.568362
INFO:root:Epoch 2/2, Batch 63000/97092,  Train loss 0.568328
INFO:root:Epoch 2/2, Batch 63500/97092,  Train loss 0.568444
INFO:root:Epoch 2/2, Batch 64000/97092,  Train loss 0.568376
INFO:root:Epoch 2/2, Batch 64500/97092,  Train loss 0.568257
INFO:root:Epoch 2/2, Batch 65000/97092,  Train loss 0.568159
INFO:root:Epoch 2/2, Batch 65500/97092,  Train loss 0.567976
INFO:root:Epoch 2/2, Batch 66000/97092,  Train loss 0.56785
INFO:root:Epoch 2/2, Batch 66500/97092,  Train loss 0.567731
INFO:root:Epoch 2/2, Batch 67000/97092,  Train loss 0.567732
INFO:root:Epoch 2/2, Batch 67500/97092,  Train loss 0.567628
INFO:root:Epoch 2/2, Batch 68000/97092,  Train loss 0.567451
INFO:root:Epoch 2/2, Batch 68500/97092,  Train loss 0.567408
INFO:root:Epoch 2/2, Batch 69000/97092,  Train loss 0.567334
INFO:root:Epoch 2/2, Batch 69500/97092,  Train loss 0.567251
INFO:root:Epoch 2/2, Batch 70000/97092,  Train loss 0.567261
INFO:root:Epoch 2/2, Batch 70500/97092,  Train loss 0.56732
INFO:root:Epoch 2/2, Batch 71000/97092,  Train loss 0.567299
INFO:root:Epoch 2/2, Batch 71500/97092,  Train loss 0.567305
INFO:root:Epoch 2/2, Batch 72000/97092,  Train loss 0.567212
INFO:root:Epoch 2/2, Batch 72500/97092,  Train loss 0.56705
INFO:root:Epoch 2/2, Batch 73000/97092,  Train loss 0.567066
INFO:root:Epoch 2/2, Batch 73500/97092,  Train loss 0.567024
INFO:root:Epoch 2/2, Batch 74000/97092,  Train loss 0.566889
INFO:root:Epoch 2/2, Batch 74500/97092,  Train loss 0.566811
INFO:root:Epoch 2/2, Batch 75000/97092,  Train loss 0.566764
INFO:root:Epoch 2/2, Batch 75500/97092,  Train loss 0.566718
INFO:root:Epoch 2/2, Batch 76000/97092,  Train loss 0.566588
INFO:root:Epoch 2/2, Batch 76500/97092,  Train loss 0.566534
INFO:root:Epoch 2/2, Batch 77000/97092,  Train loss 0.566564
INFO:root:Epoch 2/2, Batch 77500/97092,  Train loss 0.566536
INFO:root:Epoch 2/2, Batch 78000/97092,  Train loss 0.566494
INFO:root:Epoch 2/2, Batch 78500/97092,  Train loss 0.566418
INFO:root:Epoch 2/2, Batch 79000/97092,  Train loss 0.566387
INFO:root:Epoch 2/2, Batch 79500/97092,  Train loss 0.566432
INFO:root:Epoch 2/2, Batch 80000/97092,  Train loss 0.566318
INFO:root:Epoch 2/2, Batch 80500/97092,  Train loss 0.566349
INFO:root:Epoch 2/2, Batch 81000/97092,  Train loss 0.566171
INFO:root:Epoch 2/2, Batch 81500/97092,  Train loss 0.566115
INFO:root:Epoch 2/2, Batch 82000/97092,  Train loss 0.566043
INFO:root:Epoch 2/2, Batch 82500/97092,  Train loss 0.566097
INFO:root:Epoch 2/2, Batch 83000/97092,  Train loss 0.566033
INFO:root:Epoch 2/2, Batch 83500/97092,  Train loss 0.565981
INFO:root:Epoch 2/2, Batch 84000/97092,  Train loss 0.565941
INFO:root:Epoch 2/2, Batch 84500/97092,  Train loss 0.565938
INFO:root:Epoch 2/2, Batch 85000/97092,  Train loss 0.565879
INFO:root:Epoch 2/2, Batch 85500/97092,  Train loss 0.565888
INFO:root:Epoch 2/2, Batch 86000/97092,  Train loss 0.565873
INFO:root:Epoch 2/2, Batch 86500/97092,  Train loss 0.56578
INFO:root:Epoch 2/2, Batch 87000/97092,  Train loss 0.565656
INFO:root:Epoch 2/2, Batch 87500/97092,  Train loss 0.565615
INFO:root:Epoch 2/2, Batch 88000/97092,  Train loss 0.565508
INFO:root:Epoch 2/2, Batch 88500/97092,  Train loss 0.565376
INFO:root:Epoch 2/2, Batch 89000/97092,  Train loss 0.565435
INFO:root:Epoch 2/2, Batch 89500/97092,  Train loss 0.565381
INFO:root:Epoch 2/2, Batch 90000/97092,  Train loss 0.565345
INFO:root:Epoch 2/2, Batch 90500/97092,  Train loss 0.565244
INFO:root:Epoch 2/2, Batch 91000/97092,  Train loss 0.565171
INFO:root:Epoch 2/2, Batch 91500/97092,  Train loss 0.56508
INFO:root:Epoch 2/2, Batch 92000/97092,  Train loss 0.565069
INFO:root:Epoch 2/2, Batch 92500/97092,  Train loss 0.565044
INFO:root:Epoch 2/2, Batch 93000/97092,  Train loss 0.565041
INFO:root:Epoch 2/2, Batch 93500/97092,  Train loss 0.564979
INFO:root:Epoch 2/2, Batch 94000/97092,  Train loss 0.565096
INFO:root:Epoch 2/2, Batch 94500/97092,  Train loss 0.565098
INFO:root:Epoch 2/2, Batch 95000/97092,  Train loss 0.565029
INFO:root:Epoch 2/2, Batch 95500/97092,  Train loss 0.565022
INFO:root:Epoch 2/2, Batch 96000/97092,  Train loss 0.565014
INFO:root:Epoch 2/2, Batch 96500/97092,  Train loss 0.565035
INFO:root:Epoch 2/2, Batch 97000/97092,  Train loss 0.564994
INFO:root:Epoch 2/2, Batch 97092/97092,  Train loss 0.565013
INFO:root:vaild_loss@ 0.8121276144792328
INFO:root:Save the latest model into data/param_exp_tuning//model-epoch2-0930-0628.bin
